[1.378s] DEBUG:colcon:Command line arguments: ['/usr/bin/colcon', 'build']
[1.378s] DEBUG:colcon:Parsed command line arguments: Namespace(allow_overriding=[], ament_cmake_args=None, base_paths=['.'], build_base='build', catkin_cmake_args=None, catkin_skip_building_tests=False, cmake_args=None, cmake_clean_cache=False, cmake_clean_first=False, cmake_force_configure=False, cmake_target=None, cmake_target_skip_unavailable=False, continue_on_error=False, event_handlers=None, executor='parallel', ignore_user_meta=False, install_base='install', log_base=None, log_level=None, main=<bound method BuildVerb.main of <colcon_core.verb.build.BuildVerb object at 0x7fd9a8d745e0>>, merge_install=False, metas=['./colcon.meta'], packages_above=None, packages_above_and_dependencies=None, packages_above_depth=None, packages_end=None, packages_ignore=None, packages_ignore_regex=None, packages_select=None, packages_select_build_failed=False, packages_select_by_dep=None, packages_select_regex=None, packages_select_test_failures=False, packages_skip=None, packages_skip_build_finished=False, packages_skip_by_dep=None, packages_skip_regex=None, packages_skip_test_passed=False, packages_skip_up_to=None, packages_start=None, packages_up_to=None, packages_up_to_regex=None, parallel_workers=12, paths=None, symlink_install=False, test_result_base=None, verb_extension=<colcon_core.verb.build.BuildVerb object at 0x7fd9a8d745e0>, verb_name='build', verb_parser=<colcon_defaults.argument_parser.defaults.DefaultArgumentsDecorator object at 0x7fd9a89648e0>)
[1.441s] Level 1:colcon.colcon_core.package_discovery:discover_packages(colcon_meta) check parameters
[1.441s] Level 1:colcon.colcon_core.package_discovery:discover_packages(recursive) check parameters
[1.441s] Level 1:colcon.colcon_core.package_discovery:discover_packages(ignore) check parameters
[1.441s] Level 1:colcon.colcon_core.package_discovery:discover_packages(path) check parameters
[1.441s] Level 1:colcon.colcon_core.package_discovery:discover_packages(colcon_meta) discover
[1.441s] Level 1:colcon.colcon_core.package_discovery:discover_packages(recursive) discover
[1.441s] INFO:colcon.colcon_core.package_discovery:Crawling recursively for packages in '/home/qianlab/Turtle_workspace/lassie-turtle/highlevel'
[1.441s] Level 1:colcon.colcon_core.package_identification:_identify(.) by extensions ['ignore', 'ignore_ament_install']
[1.441s] Level 1:colcon.colcon_core.package_identification:_identify(.) by extension 'ignore'
[1.441s] Level 1:colcon.colcon_core.package_identification:_identify(.) by extension 'ignore_ament_install'
[1.441s] Level 1:colcon.colcon_core.package_identification:_identify(.) by extensions ['colcon_pkg']
[1.441s] Level 1:colcon.colcon_core.package_identification:_identify(.) by extension 'colcon_pkg'
[1.441s] Level 1:colcon.colcon_core.package_identification:_identify(.) by extensions ['colcon_meta']
[1.441s] Level 1:colcon.colcon_core.package_identification:_identify(.) by extension 'colcon_meta'
[1.441s] Level 1:colcon.colcon_core.package_identification:_identify(.) by extensions ['ros']
[1.441s] Level 1:colcon.colcon_core.package_identification:_identify(.) by extension 'ros'
[1.448s] Level 1:colcon.colcon_core.package_identification:_identify(.) by extensions ['cmake', 'python']
[1.448s] Level 1:colcon.colcon_core.package_identification:_identify(.) by extension 'cmake'
[1.448s] Level 1:colcon.colcon_core.package_identification:_identify(.) by extension 'python'
[1.448s] Level 1:colcon.colcon_core.package_identification:_identify(.) by extensions ['python_setup_py']
[1.448s] Level 1:colcon.colcon_core.package_identification:_identify(.) by extension 'python_setup_py'
[1.448s] Level 1:colcon.colcon_core.package_identification:_identify(LASSIE_GUI) by extensions ['ignore', 'ignore_ament_install']
[1.448s] Level 1:colcon.colcon_core.package_identification:_identify(LASSIE_GUI) by extension 'ignore'
[1.448s] Level 1:colcon.colcon_core.package_identification:_identify(LASSIE_GUI) by extension 'ignore_ament_install'
[1.448s] Level 1:colcon.colcon_core.package_identification:_identify(LASSIE_GUI) by extensions ['colcon_pkg']
[1.448s] Level 1:colcon.colcon_core.package_identification:_identify(LASSIE_GUI) by extension 'colcon_pkg'
[1.448s] Level 1:colcon.colcon_core.package_identification:_identify(LASSIE_GUI) by extensions ['colcon_meta']
[1.448s] Level 1:colcon.colcon_core.package_identification:_identify(LASSIE_GUI) by extension 'colcon_meta'
[1.448s] Level 1:colcon.colcon_core.package_identification:_identify(LASSIE_GUI) by extensions ['ros']
[1.448s] Level 1:colcon.colcon_core.package_identification:_identify(LASSIE_GUI) by extension 'ros'
[1.448s] Level 1:colcon.colcon_core.package_identification:_identify(LASSIE_GUI) by extensions ['cmake', 'python']
[1.448s] Level 1:colcon.colcon_core.package_identification:_identify(LASSIE_GUI) by extension 'cmake'
[1.448s] Level 1:colcon.colcon_core.package_identification:_identify(LASSIE_GUI) by extension 'python'
[1.448s] Level 1:colcon.colcon_core.package_identification:_identify(LASSIE_GUI) by extensions ['python_setup_py']
[1.448s] Level 1:colcon.colcon_core.package_identification:_identify(LASSIE_GUI) by extension 'python_setup_py'
[1.448s] Level 1:colcon.colcon_core.package_identification:_identify(LASSIE_GUI/__pycache__) by extensions ['ignore', 'ignore_ament_install']
[1.448s] Level 1:colcon.colcon_core.package_identification:_identify(LASSIE_GUI/__pycache__) by extension 'ignore'
[1.448s] Level 1:colcon.colcon_core.package_identification:_identify(LASSIE_GUI/__pycache__) by extension 'ignore_ament_install'
[1.448s] Level 1:colcon.colcon_core.package_identification:_identify(LASSIE_GUI/__pycache__) by extensions ['colcon_pkg']
[1.448s] Level 1:colcon.colcon_core.package_identification:_identify(LASSIE_GUI/__pycache__) by extension 'colcon_pkg'
[1.448s] Level 1:colcon.colcon_core.package_identification:_identify(LASSIE_GUI/__pycache__) by extensions ['colcon_meta']
[1.448s] Level 1:colcon.colcon_core.package_identification:_identify(LASSIE_GUI/__pycache__) by extension 'colcon_meta'
[1.448s] Level 1:colcon.colcon_core.package_identification:_identify(LASSIE_GUI/__pycache__) by extensions ['ros']
[1.448s] Level 1:colcon.colcon_core.package_identification:_identify(LASSIE_GUI/__pycache__) by extension 'ros'
[1.448s] Level 1:colcon.colcon_core.package_identification:_identify(LASSIE_GUI/__pycache__) by extensions ['cmake', 'python']
[1.448s] Level 1:colcon.colcon_core.package_identification:_identify(LASSIE_GUI/__pycache__) by extension 'cmake'
[1.448s] Level 1:colcon.colcon_core.package_identification:_identify(LASSIE_GUI/__pycache__) by extension 'python'
[1.448s] Level 1:colcon.colcon_core.package_identification:_identify(LASSIE_GUI/__pycache__) by extensions ['python_setup_py']
[1.449s] Level 1:colcon.colcon_core.package_identification:_identify(LASSIE_GUI/__pycache__) by extension 'python_setup_py'
[1.449s] Level 1:colcon.colcon_core.package_identification:_identify(LASSIE_GUI/config) by extensions ['ignore', 'ignore_ament_install']
[1.449s] Level 1:colcon.colcon_core.package_identification:_identify(LASSIE_GUI/config) by extension 'ignore'
[1.449s] Level 1:colcon.colcon_core.package_identification:_identify(LASSIE_GUI/config) by extension 'ignore_ament_install'
[1.449s] Level 1:colcon.colcon_core.package_identification:_identify(LASSIE_GUI/config) by extensions ['colcon_pkg']
[1.449s] Level 1:colcon.colcon_core.package_identification:_identify(LASSIE_GUI/config) by extension 'colcon_pkg'
[1.449s] Level 1:colcon.colcon_core.package_identification:_identify(LASSIE_GUI/config) by extensions ['colcon_meta']
[1.449s] Level 1:colcon.colcon_core.package_identification:_identify(LASSIE_GUI/config) by extension 'colcon_meta'
[1.449s] Level 1:colcon.colcon_core.package_identification:_identify(LASSIE_GUI/config) by extensions ['ros']
[1.449s] Level 1:colcon.colcon_core.package_identification:_identify(LASSIE_GUI/config) by extension 'ros'
[1.449s] Level 1:colcon.colcon_core.package_identification:_identify(LASSIE_GUI/config) by extensions ['cmake', 'python']
[1.449s] Level 1:colcon.colcon_core.package_identification:_identify(LASSIE_GUI/config) by extension 'cmake'
[1.449s] Level 1:colcon.colcon_core.package_identification:_identify(LASSIE_GUI/config) by extension 'python'
[1.449s] Level 1:colcon.colcon_core.package_identification:_identify(LASSIE_GUI/config) by extensions ['python_setup_py']
[1.449s] Level 1:colcon.colcon_core.package_identification:_identify(LASSIE_GUI/config) by extension 'python_setup_py'
[1.449s] Level 1:colcon.colcon_core.package_identification:_identify(LASSIE_GUI/experiment_video) by extensions ['ignore', 'ignore_ament_install']
[1.449s] Level 1:colcon.colcon_core.package_identification:_identify(LASSIE_GUI/experiment_video) by extension 'ignore'
[1.449s] Level 1:colcon.colcon_core.package_identification:_identify(LASSIE_GUI/experiment_video) by extension 'ignore_ament_install'
[1.449s] Level 1:colcon.colcon_core.package_identification:_identify(LASSIE_GUI/experiment_video) by extensions ['colcon_pkg']
[1.449s] Level 1:colcon.colcon_core.package_identification:_identify(LASSIE_GUI/experiment_video) by extension 'colcon_pkg'
[1.449s] Level 1:colcon.colcon_core.package_identification:_identify(LASSIE_GUI/experiment_video) by extensions ['colcon_meta']
[1.449s] Level 1:colcon.colcon_core.package_identification:_identify(LASSIE_GUI/experiment_video) by extension 'colcon_meta'
[1.449s] Level 1:colcon.colcon_core.package_identification:_identify(LASSIE_GUI/experiment_video) by extensions ['ros']
[1.449s] Level 1:colcon.colcon_core.package_identification:_identify(LASSIE_GUI/experiment_video) by extension 'ros'
[1.449s] Level 1:colcon.colcon_core.package_identification:_identify(LASSIE_GUI/experiment_video) by extensions ['cmake', 'python']
[1.449s] Level 1:colcon.colcon_core.package_identification:_identify(LASSIE_GUI/experiment_video) by extension 'cmake'
[1.449s] Level 1:colcon.colcon_core.package_identification:_identify(LASSIE_GUI/experiment_video) by extension 'python'
[1.449s] Level 1:colcon.colcon_core.package_identification:_identify(LASSIE_GUI/experiment_video) by extensions ['python_setup_py']
[1.449s] Level 1:colcon.colcon_core.package_identification:_identify(LASSIE_GUI/experiment_video) by extension 'python_setup_py'
[1.449s] Level 1:colcon.colcon_core.package_identification:_identify(build) by extensions ['ignore', 'ignore_ament_install']
[1.449s] Level 1:colcon.colcon_core.package_identification:_identify(build) by extension 'ignore'
[1.449s] Level 1:colcon.colcon_core.package_identification:_identify(build) ignored
[1.449s] Level 1:colcon.colcon_core.package_identification:_identify(config) by extensions ['ignore', 'ignore_ament_install']
[1.449s] Level 1:colcon.colcon_core.package_identification:_identify(config) by extension 'ignore'
[1.449s] Level 1:colcon.colcon_core.package_identification:_identify(config) by extension 'ignore_ament_install'
[1.449s] Level 1:colcon.colcon_core.package_identification:_identify(config) by extensions ['colcon_pkg']
[1.449s] Level 1:colcon.colcon_core.package_identification:_identify(config) by extension 'colcon_pkg'
[1.449s] Level 1:colcon.colcon_core.package_identification:_identify(config) by extensions ['colcon_meta']
[1.449s] Level 1:colcon.colcon_core.package_identification:_identify(config) by extension 'colcon_meta'
[1.449s] Level 1:colcon.colcon_core.package_identification:_identify(config) by extensions ['ros']
[1.449s] Level 1:colcon.colcon_core.package_identification:_identify(config) by extension 'ros'
[1.449s] Level 1:colcon.colcon_core.package_identification:_identify(config) by extensions ['cmake', 'python']
[1.449s] Level 1:colcon.colcon_core.package_identification:_identify(config) by extension 'cmake'
[1.450s] Level 1:colcon.colcon_core.package_identification:_identify(config) by extension 'python'
[1.450s] Level 1:colcon.colcon_core.package_identification:_identify(config) by extensions ['python_setup_py']
[1.450s] Level 1:colcon.colcon_core.package_identification:_identify(config) by extension 'python_setup_py'
[1.450s] Level 1:colcon.colcon_core.package_identification:_identify(experiment_data) by extensions ['ignore', 'ignore_ament_install']
[1.450s] Level 1:colcon.colcon_core.package_identification:_identify(experiment_data) by extension 'ignore'
[1.450s] Level 1:colcon.colcon_core.package_identification:_identify(experiment_data) by extension 'ignore_ament_install'
[1.450s] Level 1:colcon.colcon_core.package_identification:_identify(experiment_data) by extensions ['colcon_pkg']
[1.450s] Level 1:colcon.colcon_core.package_identification:_identify(experiment_data) by extension 'colcon_pkg'
[1.450s] Level 1:colcon.colcon_core.package_identification:_identify(experiment_data) by extensions ['colcon_meta']
[1.450s] Level 1:colcon.colcon_core.package_identification:_identify(experiment_data) by extension 'colcon_meta'
[1.450s] Level 1:colcon.colcon_core.package_identification:_identify(experiment_data) by extensions ['ros']
[1.450s] Level 1:colcon.colcon_core.package_identification:_identify(experiment_data) by extension 'ros'
[1.450s] Level 1:colcon.colcon_core.package_identification:_identify(experiment_data) by extensions ['cmake', 'python']
[1.450s] Level 1:colcon.colcon_core.package_identification:_identify(experiment_data) by extension 'cmake'
[1.450s] Level 1:colcon.colcon_core.package_identification:_identify(experiment_data) by extension 'python'
[1.450s] Level 1:colcon.colcon_core.package_identification:_identify(experiment_data) by extensions ['python_setup_py']
[1.450s] Level 1:colcon.colcon_core.package_identification:_identify(experiment_data) by extension 'python_setup_py'
[1.450s] Level 1:colcon.colcon_core.package_identification:_identify(experiment_data/turtle) by extensions ['ignore', 'ignore_ament_install']
[1.450s] Level 1:colcon.colcon_core.package_identification:_identify(experiment_data/turtle) by extension 'ignore'
[1.450s] Level 1:colcon.colcon_core.package_identification:_identify(experiment_data/turtle) by extension 'ignore_ament_install'
[1.450s] Level 1:colcon.colcon_core.package_identification:_identify(experiment_data/turtle) by extensions ['colcon_pkg']
[1.450s] Level 1:colcon.colcon_core.package_identification:_identify(experiment_data/turtle) by extension 'colcon_pkg'
[1.450s] Level 1:colcon.colcon_core.package_identification:_identify(experiment_data/turtle) by extensions ['colcon_meta']
[1.450s] Level 1:colcon.colcon_core.package_identification:_identify(experiment_data/turtle) by extension 'colcon_meta'
[1.450s] Level 1:colcon.colcon_core.package_identification:_identify(experiment_data/turtle) by extensions ['ros']
[1.450s] Level 1:colcon.colcon_core.package_identification:_identify(experiment_data/turtle) by extension 'ros'
[1.450s] Level 1:colcon.colcon_core.package_identification:_identify(experiment_data/turtle) by extensions ['cmake', 'python']
[1.450s] Level 1:colcon.colcon_core.package_identification:_identify(experiment_data/turtle) by extension 'cmake'
[1.450s] Level 1:colcon.colcon_core.package_identification:_identify(experiment_data/turtle) by extension 'python'
[1.450s] Level 1:colcon.colcon_core.package_identification:_identify(experiment_data/turtle) by extensions ['python_setup_py']
[1.450s] Level 1:colcon.colcon_core.package_identification:_identify(experiment_data/turtle) by extension 'python_setup_py'
[1.450s] Level 1:colcon.colcon_core.package_identification:_identify(install) by extensions ['ignore', 'ignore_ament_install']
[1.450s] Level 1:colcon.colcon_core.package_identification:_identify(install) by extension 'ignore'
[1.450s] Level 1:colcon.colcon_core.package_identification:_identify(install) ignored
[1.450s] Level 1:colcon.colcon_core.package_identification:_identify(log) by extensions ['ignore', 'ignore_ament_install']
[1.450s] Level 1:colcon.colcon_core.package_identification:_identify(log) by extension 'ignore'
[1.450s] Level 1:colcon.colcon_core.package_identification:_identify(log) ignored
[1.450s] Level 1:colcon.colcon_core.package_identification:_identify(resource) by extensions ['ignore', 'ignore_ament_install']
[1.450s] Level 1:colcon.colcon_core.package_identification:_identify(resource) by extension 'ignore'
[1.450s] Level 1:colcon.colcon_core.package_identification:_identify(resource) by extension 'ignore_ament_install'
[1.450s] Level 1:colcon.colcon_core.package_identification:_identify(resource) by extensions ['colcon_pkg']
[1.450s] Level 1:colcon.colcon_core.package_identification:_identify(resource) by extension 'colcon_pkg'
[1.451s] Level 1:colcon.colcon_core.package_identification:_identify(resource) by extensions ['colcon_meta']
[1.451s] Level 1:colcon.colcon_core.package_identification:_identify(resource) by extension 'colcon_meta'
[1.451s] Level 1:colcon.colcon_core.package_identification:_identify(resource) by extensions ['ros']
[1.451s] Level 1:colcon.colcon_core.package_identification:_identify(resource) by extension 'ros'
[1.451s] Level 1:colcon.colcon_core.package_identification:_identify(resource) by extensions ['cmake', 'python']
[1.451s] Level 1:colcon.colcon_core.package_identification:_identify(resource) by extension 'cmake'
[1.451s] Level 1:colcon.colcon_core.package_identification:_identify(resource) by extension 'python'
[1.451s] Level 1:colcon.colcon_core.package_identification:_identify(resource) by extensions ['python_setup_py']
[1.451s] Level 1:colcon.colcon_core.package_identification:_identify(resource) by extension 'python_setup_py'
[1.451s] Level 1:colcon.colcon_core.package_identification:_identify(traveler_optitrack) by extensions ['ignore', 'ignore_ament_install']
[1.451s] Level 1:colcon.colcon_core.package_identification:_identify(traveler_optitrack) by extension 'ignore'
[1.451s] Level 1:colcon.colcon_core.package_identification:_identify(traveler_optitrack) by extension 'ignore_ament_install'
[1.451s] Level 1:colcon.colcon_core.package_identification:_identify(traveler_optitrack) by extensions ['colcon_pkg']
[1.451s] Level 1:colcon.colcon_core.package_identification:_identify(traveler_optitrack) by extension 'colcon_pkg'
[1.451s] Level 1:colcon.colcon_core.package_identification:_identify(traveler_optitrack) by extensions ['colcon_meta']
[1.451s] Level 1:colcon.colcon_core.package_identification:_identify(traveler_optitrack) by extension 'colcon_meta'
[1.451s] Level 1:colcon.colcon_core.package_identification:_identify(traveler_optitrack) by extensions ['ros']
[1.451s] Level 1:colcon.colcon_core.package_identification:_identify(traveler_optitrack) by extension 'ros'
[1.453s] DEBUG:colcon.colcon_core.package_identification:Package 'traveler_optitrack' with type 'ros.ament_python' and name 'traveler_optitrack'
[1.453s] Level 1:colcon.colcon_core.package_discovery:discover_packages(recursive) using defaults
[1.453s] Level 1:colcon.colcon_core.package_discovery:discover_packages(ignore) discover
[1.453s] Level 1:colcon.colcon_core.package_discovery:discover_packages(ignore) using defaults
[1.453s] Level 1:colcon.colcon_core.package_discovery:discover_packages(path) discover
[1.453s] Level 1:colcon.colcon_core.package_discovery:discover_packages(path) using defaults
[1.584s] Level 1:colcon.colcon_core.package_discovery:discover_packages(prefix_path) check parameters
[1.584s] Level 1:colcon.colcon_core.package_discovery:discover_packages(prefix_path) discover
[1.641s] DEBUG:colcon.colcon_installed_package_information.package_discovery:Found 295 installed packages in /opt/ros/foxy
[1.642s] Level 1:colcon.colcon_core.package_discovery:discover_packages(prefix_path) using defaults
[1.751s] Level 5:colcon.colcon_core.verb:set package 'traveler_optitrack' build argument 'cmake_args' from command line to 'None'
[1.751s] Level 5:colcon.colcon_core.verb:set package 'traveler_optitrack' build argument 'cmake_target' from command line to 'None'
[1.751s] Level 5:colcon.colcon_core.verb:set package 'traveler_optitrack' build argument 'cmake_target_skip_unavailable' from command line to 'False'
[1.751s] Level 5:colcon.colcon_core.verb:set package 'traveler_optitrack' build argument 'cmake_clean_cache' from command line to 'False'
[1.751s] Level 5:colcon.colcon_core.verb:set package 'traveler_optitrack' build argument 'cmake_clean_first' from command line to 'False'
[1.751s] Level 5:colcon.colcon_core.verb:set package 'traveler_optitrack' build argument 'cmake_force_configure' from command line to 'False'
[1.751s] Level 5:colcon.colcon_core.verb:set package 'traveler_optitrack' build argument 'ament_cmake_args' from command line to 'None'
[1.751s] Level 5:colcon.colcon_core.verb:set package 'traveler_optitrack' build argument 'catkin_cmake_args' from command line to 'None'
[1.751s] Level 5:colcon.colcon_core.verb:set package 'traveler_optitrack' build argument 'catkin_skip_building_tests' from command line to 'False'
[1.751s] DEBUG:colcon.colcon_core.verb:Building package 'traveler_optitrack' with the following arguments: {'ament_cmake_args': None, 'build_base': '/home/qianlab/Turtle_workspace/lassie-turtle/highlevel/build/traveler_optitrack', 'catkin_cmake_args': None, 'catkin_skip_building_tests': False, 'cmake_args': None, 'cmake_clean_cache': False, 'cmake_clean_first': False, 'cmake_force_configure': False, 'cmake_target': None, 'cmake_target_skip_unavailable': False, 'install_base': '/home/qianlab/Turtle_workspace/lassie-turtle/highlevel/install/traveler_optitrack', 'merge_install': False, 'path': '/home/qianlab/Turtle_workspace/lassie-turtle/highlevel/traveler_optitrack', 'symlink_install': False, 'test_result_base': None}
[1.774s] INFO:colcon.colcon_core.executor:Executing jobs using 'parallel' executor
[1.798s] DEBUG:colcon.colcon_parallel_executor.executor.parallel:run_until_complete
[1.798s] INFO:colcon.colcon_ros.task.ament_python.build:Building ROS package in '/home/qianlab/Turtle_workspace/lassie-turtle/highlevel/traveler_optitrack' with build type 'ament_python'
[1.799s] Level 1:colcon.colcon_core.shell:create_environment_hook('traveler_optitrack', 'ament_prefix_path')
[1.826s] INFO:colcon.colcon_core.plugin_system:Skipping extension 'colcon_core.shell.bat': Not used on non-Windows systems
[1.826s] INFO:colcon.colcon_core.shell:Creating environment hook '/home/qianlab/Turtle_workspace/lassie-turtle/highlevel/install/traveler_optitrack/share/traveler_optitrack/hook/ament_prefix_path.ps1'
[1.827s] INFO:colcon.colcon_core.shell:Creating environment descriptor '/home/qianlab/Turtle_workspace/lassie-turtle/highlevel/install/traveler_optitrack/share/traveler_optitrack/hook/ament_prefix_path.dsv'
[1.827s] INFO:colcon.colcon_core.shell:Creating environment hook '/home/qianlab/Turtle_workspace/lassie-turtle/highlevel/install/traveler_optitrack/share/traveler_optitrack/hook/ament_prefix_path.sh'
[1.861s] INFO:colcon.colcon_core.shell:Skip shell extension 'powershell' for command environment: Not usable outside of PowerShell
[1.862s] DEBUG:colcon.colcon_core.shell:Skip shell extension 'dsv' for command environment
[2.055s] INFO:colcon.colcon_core.task.python.build:Building Python package in '/home/qianlab/Turtle_workspace/lassie-turtle/highlevel/traveler_optitrack'
[2.082s] INFO:colcon.colcon_core.shell:Skip shell extension 'powershell' for command environment: Not usable outside of PowerShell
[2.082s] DEBUG:colcon.colcon_core.shell:Skip shell extension 'dsv' for command environment
[2.411s] DEBUG:colcon.colcon_core.event_handler.log_command:Invoking command in '/home/qianlab/Turtle_workspace/lassie-turtle/highlevel/traveler_optitrack': PYTHONPATH=/home/qianlab/Turtle_workspace/lassie-turtle/highlevel/build/traveler_optitrack/prefix_override:/home/qianlab/Turtle_workspace/lassie-turtle/highlevel/install/traveler_optitrack/lib/python3.8/site-packages:${PYTHONPATH} /usr/bin/python3 setup.py egg_info --egg-base ../build/traveler_optitrack build --build-base /home/qianlab/Turtle_workspace/lassie-turtle/highlevel/build/traveler_optitrack/build install --record /home/qianlab/Turtle_workspace/lassie-turtle/highlevel/build/traveler_optitrack/install.log --install-scripts $base/lib/traveler_optitrack --single-version-externally-managed
[2.595s] DEBUG:colcon.colcon_core.event_handler.log_command:Invoked command in '/home/qianlab/Turtle_workspace/lassie-turtle/highlevel/traveler_optitrack' returned '0': PYTHONPATH=/home/qianlab/Turtle_workspace/lassie-turtle/highlevel/build/traveler_optitrack/prefix_override:/home/qianlab/Turtle_workspace/lassie-turtle/highlevel/install/traveler_optitrack/lib/python3.8/site-packages:${PYTHONPATH} /usr/bin/python3 setup.py egg_info --egg-base ../build/traveler_optitrack build --build-base /home/qianlab/Turtle_workspace/lassie-turtle/highlevel/build/traveler_optitrack/build install --record /home/qianlab/Turtle_workspace/lassie-turtle/highlevel/build/traveler_optitrack/install.log --install-scripts $base/lib/traveler_optitrack --single-version-externally-managed
[2.624s] Level 1:colcon.colcon_core.environment:checking '/home/qianlab/Turtle_workspace/lassie-turtle/highlevel/install/traveler_optitrack' for CMake module files
[2.624s] Level 1:colcon.colcon_core.environment:checking '/home/qianlab/Turtle_workspace/lassie-turtle/highlevel/install/traveler_optitrack' for CMake config files
[2.624s] Level 1:colcon.colcon_core.environment:checking '/home/qianlab/Turtle_workspace/lassie-turtle/highlevel/install/traveler_optitrack/lib'
[2.625s] Level 1:colcon.colcon_core.environment:checking '/home/qianlab/Turtle_workspace/lassie-turtle/highlevel/install/traveler_optitrack/bin'
[2.625s] Level 1:colcon.colcon_core.environment:checking '/home/qianlab/Turtle_workspace/lassie-turtle/highlevel/install/traveler_optitrack/lib/pkgconfig/traveler_optitrack.pc'
[2.625s] Level 1:colcon.colcon_core.environment:checking '/home/qianlab/Turtle_workspace/lassie-turtle/highlevel/install/traveler_optitrack/lib/python3.8/site-packages'
[2.625s] Level 1:colcon.colcon_core.shell:create_environment_hook('traveler_optitrack', 'pythonpath')
[2.650s] INFO:colcon.colcon_core.shell:Creating environment hook '/home/qianlab/Turtle_workspace/lassie-turtle/highlevel/install/traveler_optitrack/share/traveler_optitrack/hook/pythonpath.ps1'
[2.650s] INFO:colcon.colcon_core.shell:Creating environment descriptor '/home/qianlab/Turtle_workspace/lassie-turtle/highlevel/install/traveler_optitrack/share/traveler_optitrack/hook/pythonpath.dsv'
[2.650s] INFO:colcon.colcon_core.shell:Creating environment hook '/home/qianlab/Turtle_workspace/lassie-turtle/highlevel/install/traveler_optitrack/share/traveler_optitrack/hook/pythonpath.sh'
[2.650s] Level 1:colcon.colcon_core.environment:checking '/home/qianlab/Turtle_workspace/lassie-turtle/highlevel/install/traveler_optitrack/bin'
[2.650s] Level 1:colcon.colcon_core.environment:create_environment_scripts_only(traveler_optitrack)
[2.675s] INFO:colcon.colcon_core.shell:Creating package script '/home/qianlab/Turtle_workspace/lassie-turtle/highlevel/install/traveler_optitrack/share/traveler_optitrack/package.ps1'
[2.676s] INFO:colcon.colcon_core.shell:Creating package descriptor '/home/qianlab/Turtle_workspace/lassie-turtle/highlevel/install/traveler_optitrack/share/traveler_optitrack/package.dsv'
[2.677s] INFO:colcon.colcon_core.shell:Creating package script '/home/qianlab/Turtle_workspace/lassie-turtle/highlevel/install/traveler_optitrack/share/traveler_optitrack/package.sh'
[2.677s] INFO:colcon.colcon_core.shell:Creating package script '/home/qianlab/Turtle_workspace/lassie-turtle/highlevel/install/traveler_optitrack/share/traveler_optitrack/package.bash'
[2.678s] INFO:colcon.colcon_core.shell:Creating package script '/home/qianlab/Turtle_workspace/lassie-turtle/highlevel/install/traveler_optitrack/share/traveler_optitrack/package.zsh'
[2.678s] Level 1:colcon.colcon_core.environment:create_file_with_runtime_dependencies(/home/qianlab/Turtle_workspace/lassie-turtle/highlevel/install/traveler_optitrack/share/colcon-core/packages/traveler_optitrack)
[2.679s] DEBUG:colcon.colcon_parallel_executor.executor.parallel:closing loop
[2.679s] DEBUG:colcon.colcon_parallel_executor.executor.parallel:loop closed
[2.679s] DEBUG:colcon.colcon_parallel_executor.executor.parallel:run_until_complete finished with '0'
[2.679s] DEBUG:colcon.colcon_core.event_reactor:joining thread
[2.709s] INFO:colcon.colcon_core.plugin_system:Skipping extension 'colcon_notification.desktop_notification.terminal_notifier': Not used on non-Darwin systems
[2.709s] INFO:colcon.colcon_core.plugin_system:Skipping extension 'colcon_notification.desktop_notification.win32': Not used on non-Windows systems
[2.709s] INFO:colcon.colcon_notification.desktop_notification:Sending desktop notification using 'notify2'
[2.732s] DEBUG:colcon.colcon_core.event_reactor:joined thread
[2.757s] INFO:colcon.colcon_core.shell:Creating prefix script '/home/qianlab/Turtle_workspace/lassie-turtle/highlevel/install/local_setup.ps1'
[2.758s] INFO:colcon.colcon_core.shell:Creating prefix util module '/home/qianlab/Turtle_workspace/lassie-turtle/highlevel/install/_local_setup_util_ps1.py'
[2.759s] INFO:colcon.colcon_core.shell:Creating prefix chain script '/home/qianlab/Turtle_workspace/lassie-turtle/highlevel/install/setup.ps1'
[2.784s] INFO:colcon.colcon_core.shell:Creating prefix script '/home/qianlab/Turtle_workspace/lassie-turtle/highlevel/install/local_setup.sh'
[2.784s] INFO:colcon.colcon_core.shell:Creating prefix util module '/home/qianlab/Turtle_workspace/lassie-turtle/highlevel/install/_local_setup_util_sh.py'
[2.785s] INFO:colcon.colcon_core.shell:Creating prefix chain script '/home/qianlab/Turtle_workspace/lassie-turtle/highlevel/install/setup.sh'
[2.810s] INFO:colcon.colcon_core.shell:Creating prefix script '/home/qianlab/Turtle_workspace/lassie-turtle/highlevel/install/local_setup.bash'
[2.810s] INFO:colcon.colcon_core.shell:Creating prefix chain script '/home/qianlab/Turtle_workspace/lassie-turtle/highlevel/install/setup.bash'
[2.836s] INFO:colcon.colcon_core.shell:Creating prefix script '/home/qianlab/Turtle_workspace/lassie-turtle/highlevel/install/local_setup.zsh'
[2.836s] INFO:colcon.colcon_core.shell:Creating prefix chain script '/home/qianlab/Turtle_workspace/lassie-turtle/highlevel/install/setup.zsh'
