[0.013s] Invoking command in '/home/qianlab/lassie-turtle/dependencies/build/turtle_high_controller': AMENT_PREFIX_PATH=/home/qianlab/lassie-turtle/dependencies/install/traveler_msgs:${AMENT_PREFIX_PATH} CMAKE_PREFIX_PATH=/home/qianlab/lassie-turtle/dependencies/install/traveler_msgs:/opt/ros/traveler/traveler_msgs:/home/qianlab/traveler_workspace/install/traveler_high_controller:/home/qianlab/traveler_workspace/install/odrive_pro_srvs_msgs:/home/qianlab/lassie-spirit/lassie-spirit/dependencies/spirit_msgs/install/spirit_msgs:/opt/ros/foxy LD_LIBRARY_PATH=/home/qianlab/lassie-turtle/dependencies/install/traveler_msgs/lib:${LD_LIBRARY_PATH} PYTHONPATH=/home/qianlab/lassie-turtle/dependencies/install/traveler_msgs/lib/python3.8/site-packages:${PYTHONPATH} /usr/local/bin/cmake /home/qianlab/lassie-turtle/dependencies/traveler_controller -DCMAKE_INSTALL_PREFIX=/home/qianlab/lassie-turtle/dependencies/install/turtle_high_controller
[0.021s] -- Found ament_cmake: 0.9.12 (/opt/ros/foxy/share/ament_cmake/cmake)
[0.037s] -- Using PYTHON_EXECUTABLE: /usr/bin/python3
[0.156s] -- Found rclcpp: 2.4.3 (/opt/ros/foxy/share/rclcpp/cmake)
[0.177s] -- Using all available rosidl_typesupport_c: rosidl_typesupport_fastrtps_c;rosidl_typesupport_introspection_c
[0.179s] -- Found rosidl_adapter: 1.3.1 (/opt/ros/foxy/share/rosidl_adapter/cmake)
[0.247s] -- Using all available rosidl_typesupport_cpp: rosidl_typesupport_fastrtps_cpp;rosidl_typesupport_introspection_cpp
[0.273s] -- Found rmw_implementation_cmake: 1.0.4 (/opt/ros/foxy/share/rmw_implementation_cmake/cmake)
[0.274s] -- Using RMW implementation 'rmw_fastrtps_cpp' as default
[0.344s] -- Found control_msgs: 2.5.1 (/opt/ros/foxy/share/control_msgs/cmake)
[0.536s] -- Found traveler_msgs: 0.0.0 (/home/qianlab/lassie-turtle/dependencies/install/traveler_msgs/share/traveler_msgs/cmake)
[0.578s] -- Configuring done (0.6s)
[0.586s] -- Generating done (0.0s)
[0.587s] -- Build files have been written to: /home/qianlab/lassie-turtle/dependencies/build/turtle_high_controller
[0.592s] Invoked command in '/home/qianlab/lassie-turtle/dependencies/build/turtle_high_controller' returned '0': AMENT_PREFIX_PATH=/home/qianlab/lassie-turtle/dependencies/install/traveler_msgs:${AMENT_PREFIX_PATH} CMAKE_PREFIX_PATH=/home/qianlab/lassie-turtle/dependencies/install/traveler_msgs:/opt/ros/traveler/traveler_msgs:/home/qianlab/traveler_workspace/install/traveler_high_controller:/home/qianlab/traveler_workspace/install/odrive_pro_srvs_msgs:/home/qianlab/lassie-spirit/lassie-spirit/dependencies/spirit_msgs/install/spirit_msgs:/opt/ros/foxy LD_LIBRARY_PATH=/home/qianlab/lassie-turtle/dependencies/install/traveler_msgs/lib:${LD_LIBRARY_PATH} PYTHONPATH=/home/qianlab/lassie-turtle/dependencies/install/traveler_msgs/lib/python3.8/site-packages:${PYTHONPATH} /usr/local/bin/cmake /home/qianlab/lassie-turtle/dependencies/traveler_controller -DCMAKE_INSTALL_PREFIX=/home/qianlab/lassie-turtle/dependencies/install/turtle_high_controller
[0.594s] Invoking command in '/home/qianlab/lassie-turtle/dependencies/build/turtle_high_controller': AMENT_PREFIX_PATH=/home/qianlab/lassie-turtle/dependencies/install/traveler_msgs:${AMENT_PREFIX_PATH} CMAKE_PREFIX_PATH=/home/qianlab/lassie-turtle/dependencies/install/traveler_msgs:/opt/ros/traveler/traveler_msgs:/home/qianlab/traveler_workspace/install/traveler_high_controller:/home/qianlab/traveler_workspace/install/odrive_pro_srvs_msgs:/home/qianlab/lassie-spirit/lassie-spirit/dependencies/spirit_msgs/install/spirit_msgs:/opt/ros/foxy LD_LIBRARY_PATH=/home/qianlab/lassie-turtle/dependencies/install/traveler_msgs/lib:${LD_LIBRARY_PATH} PYTHONPATH=/home/qianlab/lassie-turtle/dependencies/install/traveler_msgs/lib/python3.8/site-packages:${PYTHONPATH} /usr/local/bin/cmake --build /home/qianlab/lassie-turtle/dependencies/build/turtle_high_controller -- -j12 -l12
[0.609s] [ 14%] [32mBuilding CXX object CMakeFiles/odrive_can_interface.dir/src/can_driver/odrive_can.cpp.o[0m
[0.610s] [ 14%] [32mBuilding CXX object CMakeFiles/turtle_high_controller.dir/src/main.cpp.o[0m
[0.610s] [ 35%] [32mBuilding CXX object CMakeFiles/odrive_can_interface.dir/src/can_driver/socketcan_interface.cpp.o[0m
[0.610s] [ 35%] [32mBuilding CXX object CMakeFiles/turtle_high_controller.dir/src/controller/controller_monitor.cpp.o[0m
[0.610s] [ 35%] [32mBuilding CXX object CMakeFiles/odrive_can_interface.dir/src/can_driver/can_publisher.cpp.o[0m
[0.610s] [ 50%] [32mBuilding CXX object CMakeFiles/turtle_high_controller.dir/src/proxy/lowerproxy.cpp.o[0m
[0.610s] [ 57%] [32mBuilding CXX object CMakeFiles/turtle_high_controller.dir/src/proxy/upperproxy.cpp.o[0m
[0.610s] [ 57%] [32mBuilding CXX object CMakeFiles/odrive_can_interface.dir/src/can_driver/can_suber.cpp.o[0m
[0.610s] [ 64%] [32mBuilding CXX object CMakeFiles/turtle_high_controller.dir/src/controller/pid_speed_controller.cpp.o[0m
[0.610s] [ 71%] [32mBuilding CXX object CMakeFiles/turtle_high_controller.dir/src/controller/Inverse_kinematics.cpp.o[0m
[0.610s] [ 78%] [32mBuilding CXX object CMakeFiles/turtle_high_controller.dir/src/can_driver/can_driver.cpp.o[0m
[0.613s] [ 85%] [32mBuilding CXX object CMakeFiles/turtle_high_controller.dir/src/can_driver/socketcan_interface.cpp.o[0m
[0.888s] [01m[K/home/qianlab/lassie-turtle/dependencies/traveler_controller/src/controller/Inverse_kinematics.cpp:[m[K In function ‘[01m[Kvoid checkleft(float&, float&, float&)[m[K’:
[0.889s] [01m[K/home/qianlab/lassie-turtle/dependencies/traveler_controller/src/controller/Inverse_kinematics.cpp:51:11:[m[K [01;35m[Kwarning: [m[Kunused variable ‘[01m[KL[m[K’ [[01;35m[K-Wunused-variable[m[K]
[0.889s]    51 |     float [01;35m[KL[m[K = 0.14;
[0.889s]       |           [01;35m[K^[m[K
[0.889s] [01m[K/home/qianlab/lassie-turtle/dependencies/traveler_controller/src/controller/Inverse_kinematics.cpp:49:38:[m[K [01;35m[Kwarning: [m[Kunused parameter ‘[01m[Kbeta1[m[K’ [[01;35m[K-Wunused-parameter[m[K]
[0.889s]    49 | void checkleft(float &gamma1, [01;35m[Kfloat &beta1[m[K, float &theta1)
[0.889s]       |                               [01;35m[K~~~~~~~^~~~~[m[K
[0.889s] [01m[K/home/qianlab/lassie-turtle/dependencies/traveler_controller/src/controller/Inverse_kinematics.cpp:[m[K In function ‘[01m[Kvoid checkright(float&, float&, float&)[m[K’:
[0.889s] [01m[K/home/qianlab/lassie-turtle/dependencies/traveler_controller/src/controller/Inverse_kinematics.cpp:96:11:[m[K [01;35m[Kwarning: [m[Kunused variable ‘[01m[KL[m[K’ [[01;35m[K-Wunused-variable[m[K]
[0.889s]    96 |     float [01;35m[KL[m[K = 0.14;
[0.889s]       |           [01;35m[K^[m[K
[0.889s] [01m[K/home/qianlab/lassie-turtle/dependencies/traveler_controller/src/controller/Inverse_kinematics.cpp:94:39:[m[K [01;35m[Kwarning: [m[Kunused parameter ‘[01m[Kbeta2[m[K’ [[01;35m[K-Wunused-parameter[m[K]
[0.889s]    94 | void checkright(float &gamma2, [01;35m[Kfloat &beta2[m[K, float &theta2)
[0.889s]       |                                [01;35m[K~~~~~~~^~~~~[m[K
[0.921s] [01m[K/home/qianlab/lassie-turtle/dependencies/traveler_controller/src/controller/Inverse_kinematics.cpp:[m[K In function ‘[01m[Kvoid rhex_walking(float, float&, float&, float, float)[m[K’:
[0.921s] [01m[K/home/qianlab/lassie-turtle/dependencies/traveler_controller/src/controller/Inverse_kinematics.cpp:883:25:[m[K [01;35m[Kwarning: [m[Kunused parameter ‘[01m[Kt[m[K’ [[01;35m[K-Wunused-parameter[m[K]
[0.921s]   883 | void rhex_walking([01;35m[Kfloat t[m[K, float &theta1, float &theta2, float curr_theta1, float curr_theta2)
[0.921s]       |                   [01;35m[K~~~~~~^[m[K
[0.921s] [01m[K/home/qianlab/lassie-turtle/dependencies/traveler_controller/src/controller/Inverse_kinematics.cpp:883:83:[m[K [01;35m[Kwarning: [m[Kunused parameter ‘[01m[Kcurr_theta2[m[K’ [[01;35m[K-Wunused-parameter[m[K]
[0.921s]   883 | void rhex_walking(float t, float &theta1, float &theta2, float curr_theta1, [01;35m[Kfloat curr_theta2[m[K)
[0.921s]       |                                                                             [01;35m[K~~~~~~^~~~~~~~~~~[m[K
[1.838s] In file included from [01m[K/home/qianlab/lassie-turtle/dependencies/traveler_controller/src/can_driver/can_driver.cpp:1[m[K:
[1.838s] [01m[K/home/qianlab/lassie-turtle/dependencies/traveler_controller/include/can_driver/can_driver.hpp:17:21:[m[K [01;31m[Kerror: [m[K‘[01m[KTraveler[m[K’ has not been declared
[1.838s]    17 |     void setControl([01;31m[KTraveler[m[K& traveler_leg_);
[1.839s]       |                     [01;31m[K^~~~~~~~[m[K
[1.839s] [01m[K/home/qianlab/lassie-turtle/dependencies/traveler_controller/include/can_driver/can_driver.hpp:18:27:[m[K [01;31m[Kerror: [m[K‘[01m[KTraveler[m[K’ has not been declared
[1.839s]    18 |     void get_motor_status([01;31m[KTraveler[m[K& traveler_leg_);
[1.839s]       |                           [01;31m[K^~~~~~~~[m[K
[1.847s] [01m[K/home/qianlab/lassie-turtle/dependencies/traveler_controller/src/can_driver/can_driver.cpp:[m[K In constructor ‘[01m[Kcan_driver::can_driver()[m[K’:
[1.847s] [01m[K/home/qianlab/lassie-turtle/dependencies/traveler_controller/src/can_driver/can_driver.cpp:11:80:[m[K [01;31m[Kerror: [m[K‘[01m[KMG_GET_ENCODER_ESTIMATES[m[K’ is not a member of ‘[01m[Kodrive_can::Msg[m[K’
[1.847s]    11 |                                socket_get_encoder_estimates_1(odrive_can::Msg::[01;31m[KMG_GET_ENCODER_ESTIMATES[m[K | odrive_can::AXIS::AXIS_0_ID,1, 0x7FF, 500),
[1.847s]       |                                                                                [01;31m[K^~~~~~~~~~~~~~~~~~~~~~~~[m[K
[1.862s] [01m[K/home/qianlab/lassie-turtle/dependencies/traveler_controller/src/can_driver/can_driver.cpp:[m[K At global scope:
[1.862s] [01m[K/home/qianlab/lassie-turtle/dependencies/traveler_controller/src/can_driver/can_driver.cpp:92:35:[m[K [01;31m[Kerror: [m[Kvariable or field ‘[01m[Kget_motor_status[m[K’ declared void
[1.863s]    92 | void can_driver::get_motor_status([01;31m[KTraveler[m[K& traveler_leg_){
[1.863s]       |                                   [01;31m[K^~~~~~~~[m[K
[1.865s] [01m[K/home/qianlab/lassie-turtle/dependencies/traveler_controller/src/can_driver/can_driver.cpp:92:35:[m[K [01;31m[Kerror: [m[K‘[01m[KTraveler[m[K’ was not declared in this scope
[1.867s] [01m[K/home/qianlab/lassie-turtle/dependencies/traveler_controller/src/can_driver/can_driver.cpp:92:45:[m[K [01;31m[Kerror: [m[K‘[01m[Ktraveler_leg_[m[K’ was not declared in this scope; did you mean ‘[01m[Ktraveler_msgs[m[K’?
[1.867s]    92 | void can_driver::get_motor_status(Traveler& [01;31m[Ktraveler_leg_[m[K){
[1.867s]       |                                             [01;31m[K^~~~~~~~~~~~~[m[K
[1.867s]       |                                             [32m[Ktraveler_msgs[m[K
[1.868s] [01m[K/home/qianlab/lassie-turtle/dependencies/traveler_controller/src/can_driver/can_driver.cpp:99:29:[m[K [01;31m[Kerror: [m[Kvariable or field ‘[01m[KsetControl[m[K’ declared void
[1.868s]    99 | void can_driver::setControl([01;31m[KTraveler[m[K& traveler_leg_){
[1.868s]       |                             [01;31m[K^~~~~~~~[m[K
[1.870s] [01m[K/home/qianlab/lassie-turtle/dependencies/traveler_controller/src/can_driver/can_driver.cpp:99:29:[m[K [01;31m[Kerror: [m[K‘[01m[KTraveler[m[K’ was not declared in this scope
[1.872s] [01m[K/home/qianlab/lassie-turtle/dependencies/traveler_controller/src/can_driver/can_driver.cpp:99:39:[m[K [01;31m[Kerror: [m[K‘[01m[Ktraveler_leg_[m[K’ was not declared in this scope; did you mean ‘[01m[Ktraveler_msgs[m[K’?
[1.872s]    99 | void can_driver::setControl(Traveler& [01;31m[Ktraveler_leg_[m[K){
[1.872s]       |                                       [01;31m[K^~~~~~~~~~~~~[m[K
[1.872s]       |                                       [32m[Ktraveler_msgs[m[K
[2.555s] make[2]: *** [CMakeFiles/turtle_high_controller.dir/build.make:160: CMakeFiles/turtle_high_controller.dir/src/can_driver/can_driver.cpp.o] Error 1
[2.556s] make[2]: *** Waiting for unfinished jobs....
[3.035s] In file included from [01m[K/home/qianlab/lassie-turtle/dependencies/traveler_controller/src/main.cpp:8[m[K:
[3.036s] [01m[K/home/qianlab/lassie-turtle/dependencies/traveler_controller/include/main.h:43:14:[m[K [01;35m[Kwarning: [m[K‘[01m[Ktimer[m[K’ defined but not used [[01;35m[K-Wunused-variable[m[K]
[3.036s]    43 | static float [01;35m[Ktimer[m[K[10] = { 0 };
[3.036s]       |              [01;35m[K^~~~~[m[K
[3.036s] [01m[K/home/qianlab/lassie-turtle/dependencies/traveler_controller/include/main.h:41:12:[m[K [01;35m[Kwarning: [m[K‘[01m[Kinit_done[m[K’ defined but not used [[01;35m[K-Wunused-variable[m[K]
[3.036s]    41 | static int [01;35m[Kinit_done[m[K = 0;
[3.036s]       |            [01;35m[K^~~~~~~~~[m[K
[3.036s] [01m[K/home/qianlab/lassie-turtle/dependencies/traveler_controller/include/main.h:40:14:[m[K [01;35m[Kwarning: [m[K‘[01m[Kinit_cnt[m[K’ defined but not used [[01;35m[K-Wunused-variable[m[K]
[3.036s]    40 | static float [01;35m[Kinit_cnt[m[K = 0;
[3.036s]       |              [01;35m[K^~~~~~~~[m[K
[6.081s] make[1]: *** [CMakeFiles/Makefile2:139: CMakeFiles/turtle_high_controller.dir/all] Error 2
[6.081s] make[1]: *** Waiting for unfinished jobs....
[6.112s] [ 92%] [32m[1mLinking CXX executable odrive_can_interface[0m
[6.298s] [ 92%] Built target odrive_can_interface
[6.299s] make: *** [Makefile:146: all] Error 2
[6.302s] Invoked command in '/home/qianlab/lassie-turtle/dependencies/build/turtle_high_controller' returned '2': AMENT_PREFIX_PATH=/home/qianlab/lassie-turtle/dependencies/install/traveler_msgs:${AMENT_PREFIX_PATH} CMAKE_PREFIX_PATH=/home/qianlab/lassie-turtle/dependencies/install/traveler_msgs:/opt/ros/traveler/traveler_msgs:/home/qianlab/traveler_workspace/install/traveler_high_controller:/home/qianlab/traveler_workspace/install/odrive_pro_srvs_msgs:/home/qianlab/lassie-spirit/lassie-spirit/dependencies/spirit_msgs/install/spirit_msgs:/opt/ros/foxy LD_LIBRARY_PATH=/home/qianlab/lassie-turtle/dependencies/install/traveler_msgs/lib:${LD_LIBRARY_PATH} PYTHONPATH=/home/qianlab/lassie-turtle/dependencies/install/traveler_msgs/lib/python3.8/site-packages:${PYTHONPATH} /usr/local/bin/cmake --build /home/qianlab/lassie-turtle/dependencies/build/turtle_high_controller -- -j12 -l12
