[0.014s] Invoking command in '/home/qianlab/lassie-turtle/dependencies/build/traveler_msgs': CMAKE_PREFIX_PATH=${CMAKE_PREFIX_PATH}:/opt/ros/foxy /usr/local/bin/cmake --build /home/qianlab/lassie-turtle/dependencies/build/traveler_msgs -- -j12 -l12
[0.032s] [  1%] Built target traveler_msgs__cpp
[0.032s] [ 12%] Built target traveler_msgs__rosidl_generator_c
[0.040s] [ 23%] Built target traveler_msgs__rosidl_typesupport_cpp
[0.041s] [ 39%] Built target traveler_msgs__rosidl_typesupport_c
[0.042s] [ 46%] Built target traveler_msgs__rosidl_typesupport_fastrtps_cpp
[0.042s] [ 57%] Built target traveler_msgs__rosidl_typesupport_introspection_c
[0.043s] [ 68%] Built target traveler_msgs__rosidl_typesupport_introspection_cpp
[0.051s] [ 79%] Built target traveler_msgs__rosidl_typesupport_fastrtps_c
[0.058s] [ 79%] Built target traveler_msgs
[0.065s] [ 80%] Built target traveler_msgs__py
[0.073s] [ 90%] Built target traveler_msgs__python
[0.080s] [ 96%] Built target traveler_msgs__rosidl_typesupport_introspection_c__pyext
[0.080s] [ 96%] Built target traveler_msgs__rosidl_typesupport_fastrtps_c__pyext
[0.082s] [100%] Built target traveler_msgs__rosidl_typesupport_c__pyext
[0.087s] Invoked command in '/home/qianlab/lassie-turtle/dependencies/build/traveler_msgs' returned '0': CMAKE_PREFIX_PATH=${CMAKE_PREFIX_PATH}:/opt/ros/foxy /usr/local/bin/cmake --build /home/qianlab/lassie-turtle/dependencies/build/traveler_msgs -- -j12 -l12
[0.146s] Invoking command in '/home/qianlab/lassie-turtle/dependencies/build/traveler_msgs': CMAKE_PREFIX_PATH=${CMAKE_PREFIX_PATH}:/opt/ros/foxy /usr/local/bin/cmake --install /home/qianlab/lassie-turtle/dependencies/build/traveler_msgs
[0.149s] -- Install configuration: ""
[0.149s] -- Up-to-date: /home/qianlab/lassie-turtle/dependencies/install/traveler_msgs/share/ament_index/resource_index/rosidl_interfaces/traveler_msgs
[0.149s] -- Up-to-date: /home/qianlab/lassie-turtle/dependencies/install/traveler_msgs/include/traveler_msgs
[0.149s] -- Up-to-date: /home/qianlab/lassie-turtle/dependencies/install/traveler_msgs/include/traveler_msgs/msg
[0.149s] -- Up-to-date: /home/qianlab/lassie-turtle/dependencies/install/traveler_msgs/include/traveler_msgs/msg/odrive_status.h
[0.149s] -- Up-to-date: /home/qianlab/lassie-turtle/dependencies/install/traveler_msgs/include/traveler_msgs/msg/traveler_config.h
[0.149s] -- Up-to-date: /home/qianlab/lassie-turtle/dependencies/install/traveler_msgs/include/traveler_msgs/msg/detail
[0.149s] -- Up-to-date: /home/qianlab/lassie-turtle/dependencies/install/traveler_msgs/include/traveler_msgs/msg/detail/set_input_position__functions.c
[0.149s] -- Up-to-date: /home/qianlab/lassie-turtle/dependencies/install/traveler_msgs/include/traveler_msgs/msg/detail/set_input_position__struct.h
[0.149s] -- Up-to-date: /home/qianlab/lassie-turtle/dependencies/install/traveler_msgs/include/traveler_msgs/msg/detail/traveler_mode__type_support.h
[0.149s] -- Up-to-date: /home/qianlab/lassie-turtle/dependencies/install/traveler_msgs/include/traveler_msgs/msg/detail/traveler_status__struct.h
[0.149s] -- Up-to-date: /home/qianlab/lassie-turtle/dependencies/install/traveler_msgs/include/traveler_msgs/msg/detail/set_input_position__functions.h
[0.149s] -- Up-to-date: /home/qianlab/lassie-turtle/dependencies/install/traveler_msgs/include/traveler_msgs/msg/detail/traveler_config__functions.h
[0.149s] -- Up-to-date: /home/qianlab/lassie-turtle/dependencies/install/traveler_msgs/include/traveler_msgs/msg/detail/odrive_status__struct.h
[0.149s] -- Up-to-date: /home/qianlab/lassie-turtle/dependencies/install/traveler_msgs/include/traveler_msgs/msg/detail/traveler_status__type_support.h
[0.149s] -- Up-to-date: /home/qianlab/lassie-turtle/dependencies/install/traveler_msgs/include/traveler_msgs/msg/detail/traveler_config__functions.c
[0.149s] -- Up-to-date: /home/qianlab/lassie-turtle/dependencies/install/traveler_msgs/include/traveler_msgs/msg/detail/traveler_mode__functions.h
[0.149s] -- Up-to-date: /home/qianlab/lassie-turtle/dependencies/install/traveler_msgs/include/traveler_msgs/msg/detail/odrive_status__type_support.h
[0.149s] -- Up-to-date: /home/qianlab/lassie-turtle/dependencies/install/traveler_msgs/include/traveler_msgs/msg/detail/traveler_config__type_support.h
[0.149s] -- Up-to-date: /home/qianlab/lassie-turtle/dependencies/install/traveler_msgs/include/traveler_msgs/msg/detail/set_input_position__type_support.h
[0.149s] -- Up-to-date: /home/qianlab/lassie-turtle/dependencies/install/traveler_msgs/include/traveler_msgs/msg/detail/traveler_status__functions.c
[0.149s] -- Up-to-date: /home/qianlab/lassie-turtle/dependencies/install/traveler_msgs/include/traveler_msgs/msg/detail/traveler_status__functions.h
[0.149s] -- Up-to-date: /home/qianlab/lassie-turtle/dependencies/install/traveler_msgs/include/traveler_msgs/msg/detail/odrive_status__functions.h
[0.149s] -- Up-to-date: /home/qianlab/lassie-turtle/dependencies/install/traveler_msgs/include/traveler_msgs/msg/detail/odrive_status__functions.c
[0.150s] -- Up-to-date: /home/qianlab/lassie-turtle/dependencies/install/traveler_msgs/include/traveler_msgs/msg/detail/traveler_mode__struct.h
[0.150s] -- Up-to-date: /home/qianlab/lassie-turtle/dependencies/install/traveler_msgs/include/traveler_msgs/msg/detail/traveler_config__struct.h
[0.150s] -- Up-to-date: /home/qianlab/lassie-turtle/dependencies/install/traveler_msgs/include/traveler_msgs/msg/detail/traveler_mode__functions.c
[0.150s] -- Up-to-date: /home/qianlab/lassie-turtle/dependencies/install/traveler_msgs/include/traveler_msgs/msg/set_input_position.h
[0.150s] -- Up-to-date: /home/qianlab/lassie-turtle/dependencies/install/traveler_msgs/include/traveler_msgs/msg/traveler_mode.h
[0.150s] -- Up-to-date: /home/qianlab/lassie-turtle/dependencies/install/traveler_msgs/include/traveler_msgs/msg/traveler_status.h
[0.150s] -- Up-to-date: /home/qianlab/lassie-turtle/dependencies/install/traveler_msgs/include/traveler_msgs/msg/rosidl_generator_c__visibility_control.h
[0.150s] -- Up-to-date: /home/qianlab/lassie-turtle/dependencies/install/traveler_msgs/share/traveler_msgs/environment/library_path.sh
[0.150s] -- Up-to-date: /home/qianlab/lassie-turtle/dependencies/install/traveler_msgs/share/traveler_msgs/environment/library_path.dsv
[0.150s] -- Up-to-date: /home/qianlab/lassie-turtle/dependencies/install/traveler_msgs/lib/libtraveler_msgs__rosidl_generator_c.so
[0.150s] -- Up-to-date: /home/qianlab/lassie-turtle/dependencies/install/traveler_msgs/include/traveler_msgs
[0.150s] -- Up-to-date: /home/qianlab/lassie-turtle/dependencies/install/traveler_msgs/include/traveler_msgs/msg
[0.150s] -- Up-to-date: /home/qianlab/lassie-turtle/dependencies/install/traveler_msgs/include/traveler_msgs/msg/detail
[0.150s] -- Up-to-date: /home/qianlab/lassie-turtle/dependencies/install/traveler_msgs/include/traveler_msgs/msg/detail/traveler_status__rosidl_typesupport_fastrtps_c.h
[0.150s] -- Up-to-date: /home/qianlab/lassie-turtle/dependencies/install/traveler_msgs/include/traveler_msgs/msg/detail/traveler_config__rosidl_typesupport_fastrtps_c.h
[0.150s] -- Up-to-date: /home/qianlab/lassie-turtle/dependencies/install/traveler_msgs/include/traveler_msgs/msg/detail/odrive_status__rosidl_typesupport_fastrtps_c.h
[0.150s] -- Up-to-date: /home/qianlab/lassie-turtle/dependencies/install/traveler_msgs/include/traveler_msgs/msg/detail/set_input_position__rosidl_typesupport_fastrtps_c.h
[0.150s] -- Up-to-date: /home/qianlab/lassie-turtle/dependencies/install/traveler_msgs/include/traveler_msgs/msg/detail/traveler_mode__rosidl_typesupport_fastrtps_c.h
[0.150s] -- Up-to-date: /home/qianlab/lassie-turtle/dependencies/install/traveler_msgs/include/traveler_msgs/msg/rosidl_typesupport_fastrtps_c__visibility_control.h
[0.150s] -- Up-to-date: /home/qianlab/lassie-turtle/dependencies/install/traveler_msgs/lib/libtraveler_msgs__rosidl_typesupport_fastrtps_c.so
[0.150s] -- Up-to-date: /home/qianlab/lassie-turtle/dependencies/install/traveler_msgs/include/traveler_msgs
[0.150s] -- Up-to-date: /home/qianlab/lassie-turtle/dependencies/install/traveler_msgs/include/traveler_msgs/msg
[0.150s] -- Up-to-date: /home/qianlab/lassie-turtle/dependencies/install/traveler_msgs/include/traveler_msgs/msg/detail
[0.150s] -- Up-to-date: /home/qianlab/lassie-turtle/dependencies/install/traveler_msgs/include/traveler_msgs/msg/detail/traveler_mode__rosidl_typesupport_fastrtps_cpp.hpp
[0.150s] -- Up-to-date: /home/qianlab/lassie-turtle/dependencies/install/traveler_msgs/include/traveler_msgs/msg/detail/traveler_config__rosidl_typesupport_fastrtps_cpp.hpp
[0.150s] -- Up-to-date: /home/qianlab/lassie-turtle/dependencies/install/traveler_msgs/include/traveler_msgs/msg/detail/set_input_position__rosidl_typesupport_fastrtps_cpp.hpp
[0.151s] -- Up-to-date: /home/qianlab/lassie-turtle/dependencies/install/traveler_msgs/include/traveler_msgs/msg/detail/odrive_status__rosidl_typesupport_fastrtps_cpp.hpp
[0.151s] -- Up-to-date: /home/qianlab/lassie-turtle/dependencies/install/traveler_msgs/include/traveler_msgs/msg/detail/traveler_status__rosidl_typesupport_fastrtps_cpp.hpp
[0.151s] -- Up-to-date: /home/qianlab/lassie-turtle/dependencies/install/traveler_msgs/include/traveler_msgs/msg/detail/dds_fastrtps
[0.151s] -- Up-to-date: /home/qianlab/lassie-turtle/dependencies/install/traveler_msgs/include/traveler_msgs/msg/rosidl_typesupport_fastrtps_cpp__visibility_control.h
[0.151s] -- Up-to-date: /home/qianlab/lassie-turtle/dependencies/install/traveler_msgs/lib/libtraveler_msgs__rosidl_typesupport_fastrtps_cpp.so
[0.151s] -- Up-to-date: /home/qianlab/lassie-turtle/dependencies/install/traveler_msgs/include/traveler_msgs
[0.151s] -- Up-to-date: /home/qianlab/lassie-turtle/dependencies/install/traveler_msgs/include/traveler_msgs/msg
[0.151s] -- Up-to-date: /home/qianlab/lassie-turtle/dependencies/install/traveler_msgs/include/traveler_msgs/msg/rosidl_typesupport_introspection_c__visibility_control.h
[0.151s] -- Up-to-date: /home/qianlab/lassie-turtle/dependencies/install/traveler_msgs/include/traveler_msgs/msg/detail
[0.151s] -- Up-to-date: /home/qianlab/lassie-turtle/dependencies/install/traveler_msgs/include/traveler_msgs/msg/detail/odrive_status__rosidl_typesupport_introspection_c.h
[0.151s] -- Up-to-date: /home/qianlab/lassie-turtle/dependencies/install/traveler_msgs/include/traveler_msgs/msg/detail/traveler_config__rosidl_typesupport_introspection_c.h
[0.151s] -- Up-to-date: /home/qianlab/lassie-turtle/dependencies/install/traveler_msgs/include/traveler_msgs/msg/detail/traveler_mode__rosidl_typesupport_introspection_c.h
[0.151s] -- Up-to-date: /home/qianlab/lassie-turtle/dependencies/install/traveler_msgs/include/traveler_msgs/msg/detail/traveler_status__rosidl_typesupport_introspection_c.h
[0.151s] -- Up-to-date: /home/qianlab/lassie-turtle/dependencies/install/traveler_msgs/include/traveler_msgs/msg/detail/traveler_config__type_support.c
[0.151s] -- Up-to-date: /home/qianlab/lassie-turtle/dependencies/install/traveler_msgs/include/traveler_msgs/msg/detail/set_input_position__rosidl_typesupport_introspection_c.h
[0.151s] -- Up-to-date: /home/qianlab/lassie-turtle/dependencies/install/traveler_msgs/include/traveler_msgs/msg/detail/traveler_mode__type_support.c
[0.151s] -- Up-to-date: /home/qianlab/lassie-turtle/dependencies/install/traveler_msgs/include/traveler_msgs/msg/detail/odrive_status__type_support.c
[0.151s] -- Up-to-date: /home/qianlab/lassie-turtle/dependencies/install/traveler_msgs/include/traveler_msgs/msg/detail/traveler_status__type_support.c
[0.151s] -- Up-to-date: /home/qianlab/lassie-turtle/dependencies/install/traveler_msgs/include/traveler_msgs/msg/detail/set_input_position__type_support.c
[0.151s] -- Up-to-date: /home/qianlab/lassie-turtle/dependencies/install/traveler_msgs/lib/libtraveler_msgs__rosidl_typesupport_introspection_c.so
[0.151s] -- Up-to-date: /home/qianlab/lassie-turtle/dependencies/install/traveler_msgs/lib/libtraveler_msgs__rosidl_typesupport_c.so
[0.151s] -- Up-to-date: /home/qianlab/lassie-turtle/dependencies/install/traveler_msgs/include/traveler_msgs
[0.151s] -- Up-to-date: /home/qianlab/lassie-turtle/dependencies/install/traveler_msgs/include/traveler_msgs/msg
[0.151s] -- Up-to-date: /home/qianlab/lassie-turtle/dependencies/install/traveler_msgs/include/traveler_msgs/msg/set_input_position.hpp
[0.151s] -- Up-to-date: /home/qianlab/lassie-turtle/dependencies/install/traveler_msgs/include/traveler_msgs/msg/traveler_mode.hpp
[0.151s] -- Up-to-date: /home/qianlab/lassie-turtle/dependencies/install/traveler_msgs/include/traveler_msgs/msg/detail
[0.151s] -- Up-to-date: /home/qianlab/lassie-turtle/dependencies/install/traveler_msgs/include/traveler_msgs/msg/detail/odrive_status__traits.hpp
[0.151s] -- Up-to-date: /home/qianlab/lassie-turtle/dependencies/install/traveler_msgs/include/traveler_msgs/msg/detail/odrive_status__builder.hpp
[0.151s] -- Up-to-date: /home/qianlab/lassie-turtle/dependencies/install/traveler_msgs/include/traveler_msgs/msg/detail/traveler_mode__traits.hpp
[0.151s] -- Up-to-date: /home/qianlab/lassie-turtle/dependencies/install/traveler_msgs/include/traveler_msgs/msg/detail/traveler_mode__struct.hpp
[0.151s] -- Up-to-date: /home/qianlab/lassie-turtle/dependencies/install/traveler_msgs/include/traveler_msgs/msg/detail/traveler_config__builder.hpp
[0.152s] -- Up-to-date: /home/qianlab/lassie-turtle/dependencies/install/traveler_msgs/include/traveler_msgs/msg/detail/traveler_mode__builder.hpp
[0.152s] -- Up-to-date: /home/qianlab/lassie-turtle/dependencies/install/traveler_msgs/include/traveler_msgs/msg/detail/set_input_position__struct.hpp
[0.152s] -- Up-to-date: /home/qianlab/lassie-turtle/dependencies/install/traveler_msgs/include/traveler_msgs/msg/detail/set_input_position__traits.hpp
[0.152s] -- Up-to-date: /home/qianlab/lassie-turtle/dependencies/install/traveler_msgs/include/traveler_msgs/msg/detail/traveler_config__traits.hpp
[0.152s] -- Up-to-date: /home/qianlab/lassie-turtle/dependencies/install/traveler_msgs/include/traveler_msgs/msg/detail/traveler_config__type_support.hpp
[0.152s] -- Up-to-date: /home/qianlab/lassie-turtle/dependencies/install/traveler_msgs/include/traveler_msgs/msg/detail/odrive_status__struct.hpp
[0.152s] -- Up-to-date: /home/qianlab/lassie-turtle/dependencies/install/traveler_msgs/include/traveler_msgs/msg/detail/set_input_position__builder.hpp
[0.152s] -- Up-to-date: /home/qianlab/lassie-turtle/dependencies/install/traveler_msgs/include/traveler_msgs/msg/detail/traveler_status__type_support.hpp
[0.152s] -- Up-to-date: /home/qianlab/lassie-turtle/dependencies/install/traveler_msgs/include/traveler_msgs/msg/detail/set_input_position__type_support.hpp
[0.152s] -- Up-to-date: /home/qianlab/lassie-turtle/dependencies/install/traveler_msgs/include/traveler_msgs/msg/detail/traveler_status__builder.hpp
[0.152s] -- Up-to-date: /home/qianlab/lassie-turtle/dependencies/install/traveler_msgs/include/traveler_msgs/msg/detail/traveler_mode__type_support.hpp
[0.152s] -- Up-to-date: /home/qianlab/lassie-turtle/dependencies/install/traveler_msgs/include/traveler_msgs/msg/detail/traveler_status__struct.hpp
[0.152s] -- Up-to-date: /home/qianlab/lassie-turtle/dependencies/install/traveler_msgs/include/traveler_msgs/msg/detail/traveler_config__struct.hpp
[0.152s] -- Up-to-date: /home/qianlab/lassie-turtle/dependencies/install/traveler_msgs/include/traveler_msgs/msg/detail/traveler_status__traits.hpp
[0.152s] -- Up-to-date: /home/qianlab/lassie-turtle/dependencies/install/traveler_msgs/include/traveler_msgs/msg/detail/odrive_status__type_support.hpp
[0.152s] -- Up-to-date: /home/qianlab/lassie-turtle/dependencies/install/traveler_msgs/include/traveler_msgs/msg/traveler_config.hpp
[0.152s] -- Up-to-date: /home/qianlab/lassie-turtle/dependencies/install/traveler_msgs/include/traveler_msgs/msg/odrive_status.hpp
[0.152s] -- Up-to-date: /home/qianlab/lassie-turtle/dependencies/install/traveler_msgs/include/traveler_msgs/msg/traveler_status.hpp
[0.152s] -- Up-to-date: /home/qianlab/lassie-turtle/dependencies/install/traveler_msgs/include/traveler_msgs/msg/rosidl_generator_cpp__visibility_control.hpp
[0.152s] -- Up-to-date: /home/qianlab/lassie-turtle/dependencies/install/traveler_msgs/include/traveler_msgs
[0.152s] -- Up-to-date: /home/qianlab/lassie-turtle/dependencies/install/traveler_msgs/include/traveler_msgs/msg
[0.152s] -- Up-to-date: /home/qianlab/lassie-turtle/dependencies/install/traveler_msgs/include/traveler_msgs/msg/detail
[0.152s] -- Up-to-date: /home/qianlab/lassie-turtle/dependencies/install/traveler_msgs/include/traveler_msgs/msg/detail/traveler_mode__type_support.cpp
[0.152s] -- Up-to-date: /home/qianlab/lassie-turtle/dependencies/install/traveler_msgs/include/traveler_msgs/msg/detail/odrive_status__type_support.cpp
[0.152s] -- Up-to-date: /home/qianlab/lassie-turtle/dependencies/install/traveler_msgs/include/traveler_msgs/msg/detail/traveler_config__type_support.cpp
[0.153s] -- Up-to-date: /home/qianlab/lassie-turtle/dependencies/install/traveler_msgs/include/traveler_msgs/msg/detail/set_input_position__rosidl_typesupport_introspection_cpp.hpp
[0.153s] -- Up-to-date: /home/qianlab/lassie-turtle/dependencies/install/traveler_msgs/include/traveler_msgs/msg/detail/traveler_mode__rosidl_typesupport_introspection_cpp.hpp
[0.153s] -- Up-to-date: /home/qianlab/lassie-turtle/dependencies/install/traveler_msgs/include/traveler_msgs/msg/detail/traveler_config__rosidl_typesupport_introspection_cpp.hpp
[0.153s] -- Up-to-date: /home/qianlab/lassie-turtle/dependencies/install/traveler_msgs/include/traveler_msgs/msg/detail/traveler_status__type_support.cpp
[0.153s] -- Up-to-date: /home/qianlab/lassie-turtle/dependencies/install/traveler_msgs/include/traveler_msgs/msg/detail/odrive_status__rosidl_typesupport_introspection_cpp.hpp
[0.153s] -- Up-to-date: /home/qianlab/lassie-turtle/dependencies/install/traveler_msgs/include/traveler_msgs/msg/detail/set_input_position__type_support.cpp
[0.153s] -- Up-to-date: /home/qianlab/lassie-turtle/dependencies/install/traveler_msgs/include/traveler_msgs/msg/detail/traveler_status__rosidl_typesupport_introspection_cpp.hpp
[0.153s] -- Up-to-date: /home/qianlab/lassie-turtle/dependencies/install/traveler_msgs/lib/libtraveler_msgs__rosidl_typesupport_introspection_cpp.so
[0.153s] -- Up-to-date: /home/qianlab/lassie-turtle/dependencies/install/traveler_msgs/lib/libtraveler_msgs__rosidl_typesupport_cpp.so
[0.153s] -- Up-to-date: /home/qianlab/lassie-turtle/dependencies/install/traveler_msgs/share/traveler_msgs/environment/pythonpath.sh
[0.153s] -- Up-to-date: /home/qianlab/lassie-turtle/dependencies/install/traveler_msgs/share/traveler_msgs/environment/pythonpath.dsv
[0.153s] -- Up-to-date: /home/qianlab/lassie-turtle/dependencies/install/traveler_msgs/lib/python3.8/site-packages/traveler_msgs/__init__.py
[0.174s] -- Up-to-date: /home/qianlab/lassie-turtle/dependencies/install/traveler_msgs/lib/python3.8/site-packages/traveler_msgs/msg
[0.174s] -- Up-to-date: /home/qianlab/lassie-turtle/dependencies/install/traveler_msgs/lib/python3.8/site-packages/traveler_msgs/msg/_traveler_config.py
[0.175s] -- Up-to-date: /home/qianlab/lassie-turtle/dependencies/install/traveler_msgs/lib/python3.8/site-packages/traveler_msgs/msg/_traveler_config_s.c
[0.175s] -- Up-to-date: /home/qianlab/lassie-turtle/dependencies/install/traveler_msgs/lib/python3.8/site-packages/traveler_msgs/msg/_odrive_status_s.c
[0.175s] -- Up-to-date: /home/qianlab/lassie-turtle/dependencies/install/traveler_msgs/lib/python3.8/site-packages/traveler_msgs/msg/_set_input_position.py
[0.175s] -- Up-to-date: /home/qianlab/lassie-turtle/dependencies/install/traveler_msgs/lib/python3.8/site-packages/traveler_msgs/msg/_traveler_mode_s.c
[0.175s] -- Up-to-date: /home/qianlab/lassie-turtle/dependencies/install/traveler_msgs/lib/python3.8/site-packages/traveler_msgs/msg/_traveler_mode.py
[0.175s] -- Up-to-date: /home/qianlab/lassie-turtle/dependencies/install/traveler_msgs/lib/python3.8/site-packages/traveler_msgs/msg/__init__.py
[0.175s] -- Up-to-date: /home/qianlab/lassie-turtle/dependencies/install/traveler_msgs/lib/python3.8/site-packages/traveler_msgs/msg/_odrive_status.py
[0.175s] -- Up-to-date: /home/qianlab/lassie-turtle/dependencies/install/traveler_msgs/lib/python3.8/site-packages/traveler_msgs/msg/_set_input_position_s.c
[0.175s] -- Up-to-date: /home/qianlab/lassie-turtle/dependencies/install/traveler_msgs/lib/python3.8/site-packages/traveler_msgs/msg/_traveler_status_s.c
[0.175s] -- Up-to-date: /home/qianlab/lassie-turtle/dependencies/install/traveler_msgs/lib/python3.8/site-packages/traveler_msgs/msg/_traveler_status.py
[0.176s] -- Up-to-date: /home/qianlab/lassie-turtle/dependencies/install/traveler_msgs/lib/python3.8/site-packages/traveler_msgs/traveler_msgs_s__rosidl_typesupport_fastrtps_c.cpython-38-x86_64-linux-gnu.so
[0.176s] -- Up-to-date: /home/qianlab/lassie-turtle/dependencies/install/traveler_msgs/lib/python3.8/site-packages/traveler_msgs/traveler_msgs_s__rosidl_typesupport_introspection_c.cpython-38-x86_64-linux-gnu.so
[0.176s] -- Up-to-date: /home/qianlab/lassie-turtle/dependencies/install/traveler_msgs/lib/python3.8/site-packages/traveler_msgs/traveler_msgs_s__rosidl_typesupport_c.cpython-38-x86_64-linux-gnu.so
[0.176s] -- Up-to-date: /home/qianlab/lassie-turtle/dependencies/install/traveler_msgs/lib/libtraveler_msgs__python.so
[0.176s] -- Up-to-date: /home/qianlab/lassie-turtle/dependencies/install/traveler_msgs/share/traveler_msgs/msg/TravelerConfig.idl
[0.176s] -- Up-to-date: /home/qianlab/lassie-turtle/dependencies/install/traveler_msgs/share/traveler_msgs/msg/TravelerMode.idl
[0.176s] -- Up-to-date: /home/qianlab/lassie-turtle/dependencies/install/traveler_msgs/share/traveler_msgs/msg/TravelerStatus.idl
[0.176s] -- Up-to-date: /home/qianlab/lassie-turtle/dependencies/install/traveler_msgs/share/traveler_msgs/msg/OdriveStatus.idl
[0.176s] -- Up-to-date: /home/qianlab/lassie-turtle/dependencies/install/traveler_msgs/share/traveler_msgs/msg/SetInputPosition.idl
[0.176s] -- Up-to-date: /home/qianlab/lassie-turtle/dependencies/install/traveler_msgs/share/traveler_msgs/msg/TravelerConfig.msg
[0.176s] -- Up-to-date: /home/qianlab/lassie-turtle/dependencies/install/traveler_msgs/share/traveler_msgs/msg/TravelerMode.msg
[0.176s] -- Up-to-date: /home/qianlab/lassie-turtle/dependencies/install/traveler_msgs/share/traveler_msgs/msg/TravelerStatus.msg
[0.176s] -- Up-to-date: /home/qianlab/lassie-turtle/dependencies/install/traveler_msgs/share/traveler_msgs/odrivemsg/OdriveStatus.msg
[0.176s] -- Up-to-date: /home/qianlab/lassie-turtle/dependencies/install/traveler_msgs/share/traveler_msgs/odrivemsg/SetInputPosition.msg
[0.177s] -- Up-to-date: /home/qianlab/lassie-turtle/dependencies/install/traveler_msgs/share/ament_index/resource_index/package_run_dependencies/traveler_msgs
[0.177s] -- Up-to-date: /home/qianlab/lassie-turtle/dependencies/install/traveler_msgs/share/ament_index/resource_index/parent_prefix_path/traveler_msgs
[0.177s] -- Up-to-date: /home/qianlab/lassie-turtle/dependencies/install/traveler_msgs/share/traveler_msgs/environment/ament_prefix_path.sh
[0.177s] -- Up-to-date: /home/qianlab/lassie-turtle/dependencies/install/traveler_msgs/share/traveler_msgs/environment/ament_prefix_path.dsv
[0.177s] -- Up-to-date: /home/qianlab/lassie-turtle/dependencies/install/traveler_msgs/share/traveler_msgs/environment/path.sh
[0.177s] -- Up-to-date: /home/qianlab/lassie-turtle/dependencies/install/traveler_msgs/share/traveler_msgs/environment/path.dsv
[0.177s] -- Up-to-date: /home/qianlab/lassie-turtle/dependencies/install/traveler_msgs/share/traveler_msgs/local_setup.bash
[0.177s] -- Up-to-date: /home/qianlab/lassie-turtle/dependencies/install/traveler_msgs/share/traveler_msgs/local_setup.sh
[0.177s] -- Up-to-date: /home/qianlab/lassie-turtle/dependencies/install/traveler_msgs/share/traveler_msgs/local_setup.zsh
[0.177s] -- Up-to-date: /home/qianlab/lassie-turtle/dependencies/install/traveler_msgs/share/traveler_msgs/local_setup.dsv
[0.177s] -- Installing: /home/qianlab/lassie-turtle/dependencies/install/traveler_msgs/share/traveler_msgs/package.dsv
[0.177s] -- Up-to-date: /home/qianlab/lassie-turtle/dependencies/install/traveler_msgs/share/ament_index/resource_index/packages/traveler_msgs
[0.177s] -- Up-to-date: /home/qianlab/lassie-turtle/dependencies/install/traveler_msgs/share/traveler_msgs/cmake/traveler_msgs__rosidl_generator_cExport.cmake
[0.177s] -- Up-to-date: /home/qianlab/lassie-turtle/dependencies/install/traveler_msgs/share/traveler_msgs/cmake/traveler_msgs__rosidl_generator_cExport-noconfig.cmake
[0.177s] -- Up-to-date: /home/qianlab/lassie-turtle/dependencies/install/traveler_msgs/share/traveler_msgs/cmake/traveler_msgs__rosidl_typesupport_introspection_cExport.cmake
[0.177s] -- Up-to-date: /home/qianlab/lassie-turtle/dependencies/install/traveler_msgs/share/traveler_msgs/cmake/traveler_msgs__rosidl_typesupport_introspection_cExport-noconfig.cmake
[0.177s] -- Up-to-date: /home/qianlab/lassie-turtle/dependencies/install/traveler_msgs/share/traveler_msgs/cmake/traveler_msgs__rosidl_typesupport_cExport.cmake
[0.177s] -- Up-to-date: /home/qianlab/lassie-turtle/dependencies/install/traveler_msgs/share/traveler_msgs/cmake/traveler_msgs__rosidl_typesupport_cExport-noconfig.cmake
[0.177s] -- Up-to-date: /home/qianlab/lassie-turtle/dependencies/install/traveler_msgs/share/traveler_msgs/cmake/traveler_msgs__rosidl_generator_cppExport.cmake
[0.177s] -- Up-to-date: /home/qianlab/lassie-turtle/dependencies/install/traveler_msgs/share/traveler_msgs/cmake/traveler_msgs__rosidl_typesupport_introspection_cppExport.cmake
[0.177s] -- Up-to-date: /home/qianlab/lassie-turtle/dependencies/install/traveler_msgs/share/traveler_msgs/cmake/traveler_msgs__rosidl_typesupport_introspection_cppExport-noconfig.cmake
[0.177s] -- Up-to-date: /home/qianlab/lassie-turtle/dependencies/install/traveler_msgs/share/traveler_msgs/cmake/traveler_msgs__rosidl_typesupport_cppExport.cmake
[0.177s] -- Up-to-date: /home/qianlab/lassie-turtle/dependencies/install/traveler_msgs/share/traveler_msgs/cmake/traveler_msgs__rosidl_typesupport_cppExport-noconfig.cmake
[0.177s] -- Up-to-date: /home/qianlab/lassie-turtle/dependencies/install/traveler_msgs/share/traveler_msgs/cmake/rosidl_cmake-extras.cmake
[0.177s] -- Up-to-date: /home/qianlab/lassie-turtle/dependencies/install/traveler_msgs/share/traveler_msgs/cmake/ament_cmake_export_dependencies-extras.cmake
[0.177s] -- Up-to-date: /home/qianlab/lassie-turtle/dependencies/install/traveler_msgs/share/traveler_msgs/cmake/ament_cmake_export_libraries-extras.cmake
[0.177s] -- Up-to-date: /home/qianlab/lassie-turtle/dependencies/install/traveler_msgs/share/traveler_msgs/cmake/ament_cmake_export_targets-extras.cmake
[0.177s] -- Up-to-date: /home/qianlab/lassie-turtle/dependencies/install/traveler_msgs/share/traveler_msgs/cmake/ament_cmake_export_include_directories-extras.cmake
[0.177s] -- Up-to-date: /home/qianlab/lassie-turtle/dependencies/install/traveler_msgs/share/traveler_msgs/cmake/rosidl_cmake_export_typesupport_libraries-extras.cmake
[0.177s] -- Up-to-date: /home/qianlab/lassie-turtle/dependencies/install/traveler_msgs/share/traveler_msgs/cmake/rosidl_cmake_export_typesupport_targets-extras.cmake
[0.177s] -- Up-to-date: /home/qianlab/lassie-turtle/dependencies/install/traveler_msgs/share/traveler_msgs/cmake/traveler_msgsConfig.cmake
[0.177s] -- Up-to-date: /home/qianlab/lassie-turtle/dependencies/install/traveler_msgs/share/traveler_msgs/cmake/traveler_msgsConfig-version.cmake
[0.177s] -- Up-to-date: /home/qianlab/lassie-turtle/dependencies/install/traveler_msgs/share/traveler_msgs/package.xml
[0.179s] Invoked command in '/home/qianlab/lassie-turtle/dependencies/build/traveler_msgs' returned '0': CMAKE_PREFIX_PATH=${CMAKE_PREFIX_PATH}:/opt/ros/foxy /usr/local/bin/cmake --install /home/qianlab/lassie-turtle/dependencies/build/traveler_msgs
