[0.012s] Invoking command in '/home/qianlab/Desktop/lassie-turtle/dependencies/build/turtle_high_controller': AMENT_PREFIX_PATH=/home/qianlab/Desktop/lassie-turtle/dependencies/install/traveler_msgs:${AMENT_PREFIX_PATH} CMAKE_PREFIX_PATH=/home/qianlab/Desktop/lassie-turtle/dependencies/install/traveler_msgs:/home/qianlab/Turtle_workspace/lassie-turtle/install/turtle_high_controller:/home/qianlab/Turtle_workspace/lassie-turtle/install/traveler_msgs:/home/qianlab/Turtle_workspace/install/turtle_high_controller:/home/qianlab/Turtle_workspace/install/traveler_msgs:/home/qianlab/Turtle_workspace/lassie-turtle/install/traveler_optitrack:/home/qianlab/Turtle_workspace/install/traveler_optitrack:/opt/ros/foxy LD_LIBRARY_PATH=/home/qianlab/Desktop/lassie-turtle/dependencies/install/traveler_msgs/lib:${LD_LIBRARY_PATH} PYTHONPATH=/home/qianlab/Desktop/lassie-turtle/dependencies/install/traveler_msgs/lib/python3.8/site-packages:${PYTHONPATH} /usr/bin/cmake --build /home/qianlab/Desktop/lassie-turtle/dependencies/build/turtle_high_controller -- -j12 -l12
[0.042s] [35m[1mScanning dependencies of target turtle_high_controller[0m
[0.054s] [ 38%] Built target odrive_can_interface
[0.071s] [ 46%] [32mBuilding CXX object CMakeFiles/turtle_high_controller.dir/src/proxy/upperproxy.cpp.o[0m
[3.992s] [ 53%] [32m[1mLinking CXX executable turtle_high_controller[0m
[4.319s] [100%] Built target turtle_high_controller
[4.326s] Invoked command in '/home/qianlab/Desktop/lassie-turtle/dependencies/build/turtle_high_controller' returned '0': AMENT_PREFIX_PATH=/home/qianlab/Desktop/lassie-turtle/dependencies/install/traveler_msgs:${AMENT_PREFIX_PATH} CMAKE_PREFIX_PATH=/home/qianlab/Desktop/lassie-turtle/dependencies/install/traveler_msgs:/home/qianlab/Turtle_workspace/lassie-turtle/install/turtle_high_controller:/home/qianlab/Turtle_workspace/lassie-turtle/install/traveler_msgs:/home/qianlab/Turtle_workspace/install/turtle_high_controller:/home/qianlab/Turtle_workspace/install/traveler_msgs:/home/qianlab/Turtle_workspace/lassie-turtle/install/traveler_optitrack:/home/qianlab/Turtle_workspace/install/traveler_optitrack:/opt/ros/foxy LD_LIBRARY_PATH=/home/qianlab/Desktop/lassie-turtle/dependencies/install/traveler_msgs/lib:${LD_LIBRARY_PATH} PYTHONPATH=/home/qianlab/Desktop/lassie-turtle/dependencies/install/traveler_msgs/lib/python3.8/site-packages:${PYTHONPATH} /usr/bin/cmake --build /home/qianlab/Desktop/lassie-turtle/dependencies/build/turtle_high_controller -- -j12 -l12
[4.353s] Invoking command in '/home/qianlab/Desktop/lassie-turtle/dependencies/build/turtle_high_controller': AMENT_PREFIX_PATH=/home/qianlab/Desktop/lassie-turtle/dependencies/install/traveler_msgs:${AMENT_PREFIX_PATH} CMAKE_PREFIX_PATH=/home/qianlab/Desktop/lassie-turtle/dependencies/install/traveler_msgs:/home/qianlab/Turtle_workspace/lassie-turtle/install/turtle_high_controller:/home/qianlab/Turtle_workspace/lassie-turtle/install/traveler_msgs:/home/qianlab/Turtle_workspace/install/turtle_high_controller:/home/qianlab/Turtle_workspace/install/traveler_msgs:/home/qianlab/Turtle_workspace/lassie-turtle/install/traveler_optitrack:/home/qianlab/Turtle_workspace/install/traveler_optitrack:/opt/ros/foxy LD_LIBRARY_PATH=/home/qianlab/Desktop/lassie-turtle/dependencies/install/traveler_msgs/lib:${LD_LIBRARY_PATH} PYTHONPATH=/home/qianlab/Desktop/lassie-turtle/dependencies/install/traveler_msgs/lib/python3.8/site-packages:${PYTHONPATH} /usr/bin/cmake --install /home/qianlab/Desktop/lassie-turtle/dependencies/build/turtle_high_controller
[4.358s] -- Install configuration: "Debug"
[4.358s] -- Installing: /home/qianlab/Desktop/lassie-turtle/dependencies/install/turtle_high_controller/lib/turtle_high_controller/turtle_high_controller
[4.365s] -- Set runtime path of "/home/qianlab/Desktop/lassie-turtle/dependencies/install/turtle_high_controller/lib/turtle_high_controller/turtle_high_controller" to ""
[4.366s] -- Up-to-date: /home/qianlab/Desktop/lassie-turtle/dependencies/install/turtle_high_controller/lib/turtle_high_controller/odrive_can_interface
[4.366s] -- Up-to-date: /home/qianlab/Desktop/lassie-turtle/dependencies/install/turtle_high_controller/share/ament_index/resource_index/package_run_dependencies/turtle_high_controller
[4.366s] -- Up-to-date: /home/qianlab/Desktop/lassie-turtle/dependencies/install/turtle_high_controller/share/ament_index/resource_index/parent_prefix_path/turtle_high_controller
[4.366s] -- Up-to-date: /home/qianlab/Desktop/lassie-turtle/dependencies/install/turtle_high_controller/share/turtle_high_controller/environment/ament_prefix_path.sh
[4.366s] -- Up-to-date: /home/qianlab/Desktop/lassie-turtle/dependencies/install/turtle_high_controller/share/turtle_high_controller/environment/ament_prefix_path.dsv
[4.366s] -- Up-to-date: /home/qianlab/Desktop/lassie-turtle/dependencies/install/turtle_high_controller/share/turtle_high_controller/environment/path.sh
[4.366s] -- Up-to-date: /home/qianlab/Desktop/lassie-turtle/dependencies/install/turtle_high_controller/share/turtle_high_controller/environment/path.dsv
[4.366s] -- Up-to-date: /home/qianlab/Desktop/lassie-turtle/dependencies/install/turtle_high_controller/share/turtle_high_controller/local_setup.bash
[4.366s] -- Up-to-date: /home/qianlab/Desktop/lassie-turtle/dependencies/install/turtle_high_controller/share/turtle_high_controller/local_setup.sh
[4.366s] -- Up-to-date: /home/qianlab/Desktop/lassie-turtle/dependencies/install/turtle_high_controller/share/turtle_high_controller/local_setup.zsh
[4.366s] -- Up-to-date: /home/qianlab/Desktop/lassie-turtle/dependencies/install/turtle_high_controller/share/turtle_high_controller/local_setup.dsv
[4.366s] -- Installing: /home/qianlab/Desktop/lassie-turtle/dependencies/install/turtle_high_controller/share/turtle_high_controller/package.dsv
[4.366s] -- Up-to-date: /home/qianlab/Desktop/lassie-turtle/dependencies/install/turtle_high_controller/share/ament_index/resource_index/packages/turtle_high_controller
[4.366s] -- Up-to-date: /home/qianlab/Desktop/lassie-turtle/dependencies/install/turtle_high_controller/share/turtle_high_controller/cmake/turtle_high_controllerConfig.cmake
[4.367s] -- Up-to-date: /home/qianlab/Desktop/lassie-turtle/dependencies/install/turtle_high_controller/share/turtle_high_controller/cmake/turtle_high_controllerConfig-version.cmake
[4.367s] -- Up-to-date: /home/qianlab/Desktop/lassie-turtle/dependencies/install/turtle_high_controller/share/turtle_high_controller/package.xml
[4.368s] Invoked command in '/home/qianlab/Desktop/lassie-turtle/dependencies/build/turtle_high_controller' returned '0': AMENT_PREFIX_PATH=/home/qianlab/Desktop/lassie-turtle/dependencies/install/traveler_msgs:${AMENT_PREFIX_PATH} CMAKE_PREFIX_PATH=/home/qianlab/Desktop/lassie-turtle/dependencies/install/traveler_msgs:/home/qianlab/Turtle_workspace/lassie-turtle/install/turtle_high_controller:/home/qianlab/Turtle_workspace/lassie-turtle/install/traveler_msgs:/home/qianlab/Turtle_workspace/install/turtle_high_controller:/home/qianlab/Turtle_workspace/install/traveler_msgs:/home/qianlab/Turtle_workspace/lassie-turtle/install/traveler_optitrack:/home/qianlab/Turtle_workspace/install/traveler_optitrack:/opt/ros/foxy LD_LIBRARY_PATH=/home/qianlab/Desktop/lassie-turtle/dependencies/install/traveler_msgs/lib:${LD_LIBRARY_PATH} PYTHONPATH=/home/qianlab/Desktop/lassie-turtle/dependencies/install/traveler_msgs/lib/python3.8/site-packages:${PYTHONPATH} /usr/bin/cmake --install /home/qianlab/Desktop/lassie-turtle/dependencies/build/turtle_high_controller
