[0.131s] DEBUG:colcon:Command line arguments: ['/usr/bin/colcon', 'build']
[0.131s] DEBUG:colcon:Parsed command line arguments: Namespace(allow_overriding=[], ament_cmake_args=None, base_paths=['.'], build_base='build', catkin_cmake_args=None, catkin_skip_building_tests=False, cmake_args=None, cmake_clean_cache=False, cmake_clean_first=False, cmake_force_configure=False, cmake_target=None, cmake_target_skip_unavailable=False, continue_on_error=False, event_handlers=None, executor='parallel', ignore_user_meta=False, install_base='install', log_base=None, log_level=None, main=<bound method BuildVerb.main of <colcon_core.verb.build.BuildVerb object at 0x7f3debc80dc0>>, merge_install=False, metas=['./colcon.meta'], mixin=None, mixin_files=None, mixin_verb=('build',), packages_above=None, packages_above_and_dependencies=None, packages_above_depth=None, packages_end=None, packages_ignore=None, packages_ignore_regex=None, packages_select=None, packages_select_build_failed=False, packages_select_by_dep=None, packages_select_regex=None, packages_select_test_failures=False, packages_skip=None, packages_skip_build_finished=False, packages_skip_by_dep=None, packages_skip_regex=None, packages_skip_test_passed=False, packages_skip_up_to=None, packages_start=None, packages_up_to=None, packages_up_to_regex=None, parallel_workers=12, paths=None, symlink_install=False, test_result_base=None, verb_extension=<colcon_core.verb.build.BuildVerb object at 0x7f3debc80dc0>, verb_name='build', verb_parser=<colcon_mixin.mixin.mixin_argument.MixinArgumentDecorator object at 0x7f3debc902e0>)
[0.222s] Level 1:colcon.colcon_core.package_discovery:discover_packages(colcon_meta) check parameters
[0.222s] Level 1:colcon.colcon_core.package_discovery:discover_packages(recursive) check parameters
[0.222s] Level 1:colcon.colcon_core.package_discovery:discover_packages(ignore) check parameters
[0.222s] Level 1:colcon.colcon_core.package_discovery:discover_packages(path) check parameters
[0.223s] Level 1:colcon.colcon_core.package_discovery:discover_packages(colcon_meta) discover
[0.223s] Level 1:colcon.colcon_core.package_discovery:discover_packages(recursive) discover
[0.223s] INFO:colcon.colcon_core.package_discovery:Crawling recursively for packages in '/home/qianlab/Turtle_workspace/lassie-turtle'
[0.223s] Level 1:colcon.colcon_core.package_identification:_identify(.) by extensions ['ignore', 'ignore_ament_install']
[0.223s] Level 1:colcon.colcon_core.package_identification:_identify(.) by extension 'ignore'
[0.223s] Level 1:colcon.colcon_core.package_identification:_identify(.) by extension 'ignore_ament_install'
[0.223s] Level 1:colcon.colcon_core.package_identification:_identify(.) by extensions ['colcon_pkg']
[0.223s] Level 1:colcon.colcon_core.package_identification:_identify(.) by extension 'colcon_pkg'
[0.223s] Level 1:colcon.colcon_core.package_identification:_identify(.) by extensions ['colcon_meta']
[0.223s] Level 1:colcon.colcon_core.package_identification:_identify(.) by extension 'colcon_meta'
[0.223s] Level 1:colcon.colcon_core.package_identification:_identify(.) by extensions ['ros']
[0.223s] Level 1:colcon.colcon_core.package_identification:_identify(.) by extension 'ros'
[0.230s] Level 1:colcon.colcon_core.package_identification:_identify(.) by extensions ['cmake', 'python']
[0.230s] Level 1:colcon.colcon_core.package_identification:_identify(.) by extension 'cmake'
[0.230s] Level 1:colcon.colcon_core.package_identification:_identify(.) by extension 'python'
[0.230s] Level 1:colcon.colcon_core.package_identification:_identify(.) by extensions ['python_setup_py']
[0.230s] Level 1:colcon.colcon_core.package_identification:_identify(.) by extension 'python_setup_py'
[0.230s] Level 1:colcon.colcon_core.package_identification:_identify(build) by extensions ['ignore', 'ignore_ament_install']
[0.230s] Level 1:colcon.colcon_core.package_identification:_identify(build) by extension 'ignore'
[0.230s] Level 1:colcon.colcon_core.package_identification:_identify(build) ignored
[0.230s] Level 1:colcon.colcon_core.package_identification:_identify(dataanalysis) by extensions ['ignore', 'ignore_ament_install']
[0.230s] Level 1:colcon.colcon_core.package_identification:_identify(dataanalysis) by extension 'ignore'
[0.230s] Level 1:colcon.colcon_core.package_identification:_identify(dataanalysis) by extension 'ignore_ament_install'
[0.230s] Level 1:colcon.colcon_core.package_identification:_identify(dataanalysis) by extensions ['colcon_pkg']
[0.230s] Level 1:colcon.colcon_core.package_identification:_identify(dataanalysis) by extension 'colcon_pkg'
[0.230s] Level 1:colcon.colcon_core.package_identification:_identify(dataanalysis) by extensions ['colcon_meta']
[0.230s] Level 1:colcon.colcon_core.package_identification:_identify(dataanalysis) by extension 'colcon_meta'
[0.230s] Level 1:colcon.colcon_core.package_identification:_identify(dataanalysis) by extensions ['ros']
[0.230s] Level 1:colcon.colcon_core.package_identification:_identify(dataanalysis) by extension 'ros'
[0.230s] Level 1:colcon.colcon_core.package_identification:_identify(dataanalysis) by extensions ['cmake', 'python']
[0.230s] Level 1:colcon.colcon_core.package_identification:_identify(dataanalysis) by extension 'cmake'
[0.230s] Level 1:colcon.colcon_core.package_identification:_identify(dataanalysis) by extension 'python'
[0.230s] Level 1:colcon.colcon_core.package_identification:_identify(dataanalysis) by extensions ['python_setup_py']
[0.230s] Level 1:colcon.colcon_core.package_identification:_identify(dataanalysis) by extension 'python_setup_py'
[0.230s] Level 1:colcon.colcon_core.package_identification:_identify(dependencies) by extensions ['ignore', 'ignore_ament_install']
[0.230s] Level 1:colcon.colcon_core.package_identification:_identify(dependencies) by extension 'ignore'
[0.230s] Level 1:colcon.colcon_core.package_identification:_identify(dependencies) by extension 'ignore_ament_install'
[0.230s] Level 1:colcon.colcon_core.package_identification:_identify(dependencies) by extensions ['colcon_pkg']
[0.230s] Level 1:colcon.colcon_core.package_identification:_identify(dependencies) by extension 'colcon_pkg'
[0.230s] Level 1:colcon.colcon_core.package_identification:_identify(dependencies) by extensions ['colcon_meta']
[0.230s] Level 1:colcon.colcon_core.package_identification:_identify(dependencies) by extension 'colcon_meta'
[0.230s] Level 1:colcon.colcon_core.package_identification:_identify(dependencies) by extensions ['ros']
[0.230s] Level 1:colcon.colcon_core.package_identification:_identify(dependencies) by extension 'ros'
[0.231s] Level 1:colcon.colcon_core.package_identification:_identify(dependencies) by extensions ['cmake', 'python']
[0.231s] Level 1:colcon.colcon_core.package_identification:_identify(dependencies) by extension 'cmake'
[0.231s] Level 1:colcon.colcon_core.package_identification:_identify(dependencies) by extension 'python'
[0.231s] Level 1:colcon.colcon_core.package_identification:_identify(dependencies) by extensions ['python_setup_py']
[0.231s] Level 1:colcon.colcon_core.package_identification:_identify(dependencies) by extension 'python_setup_py'
[0.231s] Level 1:colcon.colcon_core.package_identification:_identify(dependencies/traveler_controller) by extensions ['ignore', 'ignore_ament_install']
[0.231s] Level 1:colcon.colcon_core.package_identification:_identify(dependencies/traveler_controller) by extension 'ignore'
[0.231s] Level 1:colcon.colcon_core.package_identification:_identify(dependencies/traveler_controller) by extension 'ignore_ament_install'
[0.231s] Level 1:colcon.colcon_core.package_identification:_identify(dependencies/traveler_controller) by extensions ['colcon_pkg']
[0.231s] Level 1:colcon.colcon_core.package_identification:_identify(dependencies/traveler_controller) by extension 'colcon_pkg'
[0.231s] Level 1:colcon.colcon_core.package_identification:_identify(dependencies/traveler_controller) by extensions ['colcon_meta']
[0.231s] Level 1:colcon.colcon_core.package_identification:_identify(dependencies/traveler_controller) by extension 'colcon_meta'
[0.231s] Level 1:colcon.colcon_core.package_identification:_identify(dependencies/traveler_controller) by extensions ['ros']
[0.231s] Level 1:colcon.colcon_core.package_identification:_identify(dependencies/traveler_controller) by extension 'ros'
[0.232s] DEBUG:colcon.colcon_core.package_identification:Package 'dependencies/traveler_controller' with type 'ros.ament_cmake' and name 'turtle_high_controller'
[0.232s] Level 1:colcon.colcon_core.package_identification:_identify(dependencies/traveler_msgs) by extensions ['ignore', 'ignore_ament_install']
[0.233s] Level 1:colcon.colcon_core.package_identification:_identify(dependencies/traveler_msgs) by extension 'ignore'
[0.233s] Level 1:colcon.colcon_core.package_identification:_identify(dependencies/traveler_msgs) by extension 'ignore_ament_install'
[0.233s] Level 1:colcon.colcon_core.package_identification:_identify(dependencies/traveler_msgs) by extensions ['colcon_pkg']
[0.233s] Level 1:colcon.colcon_core.package_identification:_identify(dependencies/traveler_msgs) by extension 'colcon_pkg'
[0.233s] Level 1:colcon.colcon_core.package_identification:_identify(dependencies/traveler_msgs) by extensions ['colcon_meta']
[0.233s] Level 1:colcon.colcon_core.package_identification:_identify(dependencies/traveler_msgs) by extension 'colcon_meta'
[0.233s] Level 1:colcon.colcon_core.package_identification:_identify(dependencies/traveler_msgs) by extensions ['ros']
[0.233s] Level 1:colcon.colcon_core.package_identification:_identify(dependencies/traveler_msgs) by extension 'ros'
[0.233s] DEBUG:colcon.colcon_core.package_identification:Package 'dependencies/traveler_msgs' with type 'ros.ament_cmake' and name 'traveler_msgs'
[0.233s] Level 1:colcon.colcon_core.package_identification:_identify(highlevel) by extensions ['ignore', 'ignore_ament_install']
[0.233s] Level 1:colcon.colcon_core.package_identification:_identify(highlevel) by extension 'ignore'
[0.233s] Level 1:colcon.colcon_core.package_identification:_identify(highlevel) by extension 'ignore_ament_install'
[0.233s] Level 1:colcon.colcon_core.package_identification:_identify(highlevel) by extensions ['colcon_pkg']
[0.233s] Level 1:colcon.colcon_core.package_identification:_identify(highlevel) by extension 'colcon_pkg'
[0.233s] Level 1:colcon.colcon_core.package_identification:_identify(highlevel) by extensions ['colcon_meta']
[0.233s] Level 1:colcon.colcon_core.package_identification:_identify(highlevel) by extension 'colcon_meta'
[0.233s] Level 1:colcon.colcon_core.package_identification:_identify(highlevel) by extensions ['ros']
[0.233s] Level 1:colcon.colcon_core.package_identification:_identify(highlevel) by extension 'ros'
[0.233s] Level 1:colcon.colcon_core.package_identification:_identify(highlevel) by extensions ['cmake', 'python']
[0.233s] Level 1:colcon.colcon_core.package_identification:_identify(highlevel) by extension 'cmake'
[0.233s] Level 1:colcon.colcon_core.package_identification:_identify(highlevel) by extension 'python'
[0.233s] Level 1:colcon.colcon_core.package_identification:_identify(highlevel) by extensions ['python_setup_py']
[0.233s] Level 1:colcon.colcon_core.package_identification:_identify(highlevel) by extension 'python_setup_py'
[0.233s] Level 1:colcon.colcon_core.package_identification:_identify(highlevel/LASSIE_GUI) by extensions ['ignore', 'ignore_ament_install']
[0.233s] Level 1:colcon.colcon_core.package_identification:_identify(highlevel/LASSIE_GUI) by extension 'ignore'
[0.234s] Level 1:colcon.colcon_core.package_identification:_identify(highlevel/LASSIE_GUI) by extension 'ignore_ament_install'
[0.234s] Level 1:colcon.colcon_core.package_identification:_identify(highlevel/LASSIE_GUI) by extensions ['colcon_pkg']
[0.234s] Level 1:colcon.colcon_core.package_identification:_identify(highlevel/LASSIE_GUI) by extension 'colcon_pkg'
[0.234s] Level 1:colcon.colcon_core.package_identification:_identify(highlevel/LASSIE_GUI) by extensions ['colcon_meta']
[0.234s] Level 1:colcon.colcon_core.package_identification:_identify(highlevel/LASSIE_GUI) by extension 'colcon_meta'
[0.234s] Level 1:colcon.colcon_core.package_identification:_identify(highlevel/LASSIE_GUI) by extensions ['ros']
[0.234s] Level 1:colcon.colcon_core.package_identification:_identify(highlevel/LASSIE_GUI) by extension 'ros'
[0.234s] Level 1:colcon.colcon_core.package_identification:_identify(highlevel/LASSIE_GUI) by extensions ['cmake', 'python']
[0.234s] Level 1:colcon.colcon_core.package_identification:_identify(highlevel/LASSIE_GUI) by extension 'cmake'
[0.234s] Level 1:colcon.colcon_core.package_identification:_identify(highlevel/LASSIE_GUI) by extension 'python'
[0.234s] Level 1:colcon.colcon_core.package_identification:_identify(highlevel/LASSIE_GUI) by extensions ['python_setup_py']
[0.234s] Level 1:colcon.colcon_core.package_identification:_identify(highlevel/LASSIE_GUI) by extension 'python_setup_py'
[0.234s] Level 1:colcon.colcon_core.package_identification:_identify(highlevel/LASSIE_GUI/__pycache__) by extensions ['ignore', 'ignore_ament_install']
[0.234s] Level 1:colcon.colcon_core.package_identification:_identify(highlevel/LASSIE_GUI/__pycache__) by extension 'ignore'
[0.234s] Level 1:colcon.colcon_core.package_identification:_identify(highlevel/LASSIE_GUI/__pycache__) by extension 'ignore_ament_install'
[0.234s] Level 1:colcon.colcon_core.package_identification:_identify(highlevel/LASSIE_GUI/__pycache__) by extensions ['colcon_pkg']
[0.234s] Level 1:colcon.colcon_core.package_identification:_identify(highlevel/LASSIE_GUI/__pycache__) by extension 'colcon_pkg'
[0.234s] Level 1:colcon.colcon_core.package_identification:_identify(highlevel/LASSIE_GUI/__pycache__) by extensions ['colcon_meta']
[0.234s] Level 1:colcon.colcon_core.package_identification:_identify(highlevel/LASSIE_GUI/__pycache__) by extension 'colcon_meta'
[0.234s] Level 1:colcon.colcon_core.package_identification:_identify(highlevel/LASSIE_GUI/__pycache__) by extensions ['ros']
[0.234s] Level 1:colcon.colcon_core.package_identification:_identify(highlevel/LASSIE_GUI/__pycache__) by extension 'ros'
[0.234s] Level 1:colcon.colcon_core.package_identification:_identify(highlevel/LASSIE_GUI/__pycache__) by extensions ['cmake', 'python']
[0.234s] Level 1:colcon.colcon_core.package_identification:_identify(highlevel/LASSIE_GUI/__pycache__) by extension 'cmake'
[0.234s] Level 1:colcon.colcon_core.package_identification:_identify(highlevel/LASSIE_GUI/__pycache__) by extension 'python'
[0.234s] Level 1:colcon.colcon_core.package_identification:_identify(highlevel/LASSIE_GUI/__pycache__) by extensions ['python_setup_py']
[0.234s] Level 1:colcon.colcon_core.package_identification:_identify(highlevel/LASSIE_GUI/__pycache__) by extension 'python_setup_py'
[0.234s] Level 1:colcon.colcon_core.package_identification:_identify(highlevel/LASSIE_GUI/config) by extensions ['ignore', 'ignore_ament_install']
[0.234s] Level 1:colcon.colcon_core.package_identification:_identify(highlevel/LASSIE_GUI/config) by extension 'ignore'
[0.234s] Level 1:colcon.colcon_core.package_identification:_identify(highlevel/LASSIE_GUI/config) by extension 'ignore_ament_install'
[0.234s] Level 1:colcon.colcon_core.package_identification:_identify(highlevel/LASSIE_GUI/config) by extensions ['colcon_pkg']
[0.234s] Level 1:colcon.colcon_core.package_identification:_identify(highlevel/LASSIE_GUI/config) by extension 'colcon_pkg'
[0.234s] Level 1:colcon.colcon_core.package_identification:_identify(highlevel/LASSIE_GUI/config) by extensions ['colcon_meta']
[0.234s] Level 1:colcon.colcon_core.package_identification:_identify(highlevel/LASSIE_GUI/config) by extension 'colcon_meta'
[0.234s] Level 1:colcon.colcon_core.package_identification:_identify(highlevel/LASSIE_GUI/config) by extensions ['ros']
[0.234s] Level 1:colcon.colcon_core.package_identification:_identify(highlevel/LASSIE_GUI/config) by extension 'ros'
[0.234s] Level 1:colcon.colcon_core.package_identification:_identify(highlevel/LASSIE_GUI/config) by extensions ['cmake', 'python']
[0.234s] Level 1:colcon.colcon_core.package_identification:_identify(highlevel/LASSIE_GUI/config) by extension 'cmake'
[0.234s] Level 1:colcon.colcon_core.package_identification:_identify(highlevel/LASSIE_GUI/config) by extension 'python'
[0.234s] Level 1:colcon.colcon_core.package_identification:_identify(highlevel/LASSIE_GUI/config) by extensions ['python_setup_py']
[0.234s] Level 1:colcon.colcon_core.package_identification:_identify(highlevel/LASSIE_GUI/config) by extension 'python_setup_py'
[0.234s] Level 1:colcon.colcon_core.package_identification:_identify(highlevel/LASSIE_GUI/experiment_data) by extensions ['ignore', 'ignore_ament_install']
[0.235s] Level 1:colcon.colcon_core.package_identification:_identify(highlevel/LASSIE_GUI/experiment_data) by extension 'ignore'
[0.235s] Level 1:colcon.colcon_core.package_identification:_identify(highlevel/LASSIE_GUI/experiment_data) by extension 'ignore_ament_install'
[0.235s] Level 1:colcon.colcon_core.package_identification:_identify(highlevel/LASSIE_GUI/experiment_data) by extensions ['colcon_pkg']
[0.235s] Level 1:colcon.colcon_core.package_identification:_identify(highlevel/LASSIE_GUI/experiment_data) by extension 'colcon_pkg'
[0.235s] Level 1:colcon.colcon_core.package_identification:_identify(highlevel/LASSIE_GUI/experiment_data) by extensions ['colcon_meta']
[0.235s] Level 1:colcon.colcon_core.package_identification:_identify(highlevel/LASSIE_GUI/experiment_data) by extension 'colcon_meta'
[0.235s] Level 1:colcon.colcon_core.package_identification:_identify(highlevel/LASSIE_GUI/experiment_data) by extensions ['ros']
[0.235s] Level 1:colcon.colcon_core.package_identification:_identify(highlevel/LASSIE_GUI/experiment_data) by extension 'ros'
[0.235s] Level 1:colcon.colcon_core.package_identification:_identify(highlevel/LASSIE_GUI/experiment_data) by extensions ['cmake', 'python']
[0.235s] Level 1:colcon.colcon_core.package_identification:_identify(highlevel/LASSIE_GUI/experiment_data) by extension 'cmake'
[0.235s] Level 1:colcon.colcon_core.package_identification:_identify(highlevel/LASSIE_GUI/experiment_data) by extension 'python'
[0.235s] Level 1:colcon.colcon_core.package_identification:_identify(highlevel/LASSIE_GUI/experiment_data) by extensions ['python_setup_py']
[0.235s] Level 1:colcon.colcon_core.package_identification:_identify(highlevel/LASSIE_GUI/experiment_data) by extension 'python_setup_py'
[0.235s] Level 1:colcon.colcon_core.package_identification:_identify(highlevel/LASSIE_GUI/experiment_data/turtle) by extensions ['ignore', 'ignore_ament_install']
[0.235s] Level 1:colcon.colcon_core.package_identification:_identify(highlevel/LASSIE_GUI/experiment_data/turtle) by extension 'ignore'
[0.235s] Level 1:colcon.colcon_core.package_identification:_identify(highlevel/LASSIE_GUI/experiment_data/turtle) by extension 'ignore_ament_install'
[0.235s] Level 1:colcon.colcon_core.package_identification:_identify(highlevel/LASSIE_GUI/experiment_data/turtle) by extensions ['colcon_pkg']
[0.235s] Level 1:colcon.colcon_core.package_identification:_identify(highlevel/LASSIE_GUI/experiment_data/turtle) by extension 'colcon_pkg'
[0.235s] Level 1:colcon.colcon_core.package_identification:_identify(highlevel/LASSIE_GUI/experiment_data/turtle) by extensions ['colcon_meta']
[0.235s] Level 1:colcon.colcon_core.package_identification:_identify(highlevel/LASSIE_GUI/experiment_data/turtle) by extension 'colcon_meta'
[0.235s] Level 1:colcon.colcon_core.package_identification:_identify(highlevel/LASSIE_GUI/experiment_data/turtle) by extensions ['ros']
[0.235s] Level 1:colcon.colcon_core.package_identification:_identify(highlevel/LASSIE_GUI/experiment_data/turtle) by extension 'ros'
[0.235s] Level 1:colcon.colcon_core.package_identification:_identify(highlevel/LASSIE_GUI/experiment_data/turtle) by extensions ['cmake', 'python']
[0.235s] Level 1:colcon.colcon_core.package_identification:_identify(highlevel/LASSIE_GUI/experiment_data/turtle) by extension 'cmake'
[0.235s] Level 1:colcon.colcon_core.package_identification:_identify(highlevel/LASSIE_GUI/experiment_data/turtle) by extension 'python'
[0.235s] Level 1:colcon.colcon_core.package_identification:_identify(highlevel/LASSIE_GUI/experiment_data/turtle) by extensions ['python_setup_py']
[0.235s] Level 1:colcon.colcon_core.package_identification:_identify(highlevel/LASSIE_GUI/experiment_data/turtle) by extension 'python_setup_py'
[0.235s] Level 1:colcon.colcon_core.package_identification:_identify(highlevel/LASSIE_GUI/experiment_video) by extensions ['ignore', 'ignore_ament_install']
[0.235s] Level 1:colcon.colcon_core.package_identification:_identify(highlevel/LASSIE_GUI/experiment_video) by extension 'ignore'
[0.235s] Level 1:colcon.colcon_core.package_identification:_identify(highlevel/LASSIE_GUI/experiment_video) by extension 'ignore_ament_install'
[0.235s] Level 1:colcon.colcon_core.package_identification:_identify(highlevel/LASSIE_GUI/experiment_video) by extensions ['colcon_pkg']
[0.235s] Level 1:colcon.colcon_core.package_identification:_identify(highlevel/LASSIE_GUI/experiment_video) by extension 'colcon_pkg'
[0.235s] Level 1:colcon.colcon_core.package_identification:_identify(highlevel/LASSIE_GUI/experiment_video) by extensions ['colcon_meta']
[0.235s] Level 1:colcon.colcon_core.package_identification:_identify(highlevel/LASSIE_GUI/experiment_video) by extension 'colcon_meta'
[0.235s] Level 1:colcon.colcon_core.package_identification:_identify(highlevel/LASSIE_GUI/experiment_video) by extensions ['ros']
[0.235s] Level 1:colcon.colcon_core.package_identification:_identify(highlevel/LASSIE_GUI/experiment_video) by extension 'ros'
[0.235s] Level 1:colcon.colcon_core.package_identification:_identify(highlevel/LASSIE_GUI/experiment_video) by extensions ['cmake', 'python']
[0.235s] Level 1:colcon.colcon_core.package_identification:_identify(highlevel/LASSIE_GUI/experiment_video) by extension 'cmake'
[0.235s] Level 1:colcon.colcon_core.package_identification:_identify(highlevel/LASSIE_GUI/experiment_video) by extension 'python'
[0.236s] Level 1:colcon.colcon_core.package_identification:_identify(highlevel/LASSIE_GUI/experiment_video) by extensions ['python_setup_py']
[0.236s] Level 1:colcon.colcon_core.package_identification:_identify(highlevel/LASSIE_GUI/experiment_video) by extension 'python_setup_py'
[0.236s] Level 1:colcon.colcon_core.package_identification:_identify(highlevel/config) by extensions ['ignore', 'ignore_ament_install']
[0.236s] Level 1:colcon.colcon_core.package_identification:_identify(highlevel/config) by extension 'ignore'
[0.236s] Level 1:colcon.colcon_core.package_identification:_identify(highlevel/config) by extension 'ignore_ament_install'
[0.236s] Level 1:colcon.colcon_core.package_identification:_identify(highlevel/config) by extensions ['colcon_pkg']
[0.236s] Level 1:colcon.colcon_core.package_identification:_identify(highlevel/config) by extension 'colcon_pkg'
[0.236s] Level 1:colcon.colcon_core.package_identification:_identify(highlevel/config) by extensions ['colcon_meta']
[0.236s] Level 1:colcon.colcon_core.package_identification:_identify(highlevel/config) by extension 'colcon_meta'
[0.236s] Level 1:colcon.colcon_core.package_identification:_identify(highlevel/config) by extensions ['ros']
[0.236s] Level 1:colcon.colcon_core.package_identification:_identify(highlevel/config) by extension 'ros'
[0.236s] Level 1:colcon.colcon_core.package_identification:_identify(highlevel/config) by extensions ['cmake', 'python']
[0.236s] Level 1:colcon.colcon_core.package_identification:_identify(highlevel/config) by extension 'cmake'
[0.236s] Level 1:colcon.colcon_core.package_identification:_identify(highlevel/config) by extension 'python'
[0.236s] Level 1:colcon.colcon_core.package_identification:_identify(highlevel/config) by extensions ['python_setup_py']
[0.236s] Level 1:colcon.colcon_core.package_identification:_identify(highlevel/config) by extension 'python_setup_py'
[0.236s] Level 1:colcon.colcon_core.package_identification:_identify(highlevel/experiment_data) by extensions ['ignore', 'ignore_ament_install']
[0.236s] Level 1:colcon.colcon_core.package_identification:_identify(highlevel/experiment_data) by extension 'ignore'
[0.236s] Level 1:colcon.colcon_core.package_identification:_identify(highlevel/experiment_data) by extension 'ignore_ament_install'
[0.236s] Level 1:colcon.colcon_core.package_identification:_identify(highlevel/experiment_data) by extensions ['colcon_pkg']
[0.236s] Level 1:colcon.colcon_core.package_identification:_identify(highlevel/experiment_data) by extension 'colcon_pkg'
[0.236s] Level 1:colcon.colcon_core.package_identification:_identify(highlevel/experiment_data) by extensions ['colcon_meta']
[0.236s] Level 1:colcon.colcon_core.package_identification:_identify(highlevel/experiment_data) by extension 'colcon_meta'
[0.236s] Level 1:colcon.colcon_core.package_identification:_identify(highlevel/experiment_data) by extensions ['ros']
[0.236s] Level 1:colcon.colcon_core.package_identification:_identify(highlevel/experiment_data) by extension 'ros'
[0.236s] Level 1:colcon.colcon_core.package_identification:_identify(highlevel/experiment_data) by extensions ['cmake', 'python']
[0.236s] Level 1:colcon.colcon_core.package_identification:_identify(highlevel/experiment_data) by extension 'cmake'
[0.236s] Level 1:colcon.colcon_core.package_identification:_identify(highlevel/experiment_data) by extension 'python'
[0.236s] Level 1:colcon.colcon_core.package_identification:_identify(highlevel/experiment_data) by extensions ['python_setup_py']
[0.236s] Level 1:colcon.colcon_core.package_identification:_identify(highlevel/experiment_data) by extension 'python_setup_py'
[0.237s] Level 1:colcon.colcon_core.package_identification:_identify(highlevel/experiment_data/turtle) by extensions ['ignore', 'ignore_ament_install']
[0.237s] Level 1:colcon.colcon_core.package_identification:_identify(highlevel/experiment_data/turtle) by extension 'ignore'
[0.237s] Level 1:colcon.colcon_core.package_identification:_identify(highlevel/experiment_data/turtle) by extension 'ignore_ament_install'
[0.237s] Level 1:colcon.colcon_core.package_identification:_identify(highlevel/experiment_data/turtle) by extensions ['colcon_pkg']
[0.237s] Level 1:colcon.colcon_core.package_identification:_identify(highlevel/experiment_data/turtle) by extension 'colcon_pkg'
[0.237s] Level 1:colcon.colcon_core.package_identification:_identify(highlevel/experiment_data/turtle) by extensions ['colcon_meta']
[0.237s] Level 1:colcon.colcon_core.package_identification:_identify(highlevel/experiment_data/turtle) by extension 'colcon_meta'
[0.237s] Level 1:colcon.colcon_core.package_identification:_identify(highlevel/experiment_data/turtle) by extensions ['ros']
[0.237s] Level 1:colcon.colcon_core.package_identification:_identify(highlevel/experiment_data/turtle) by extension 'ros'
[0.237s] Level 1:colcon.colcon_core.package_identification:_identify(highlevel/experiment_data/turtle) by extensions ['cmake', 'python']
[0.237s] Level 1:colcon.colcon_core.package_identification:_identify(highlevel/experiment_data/turtle) by extension 'cmake'
[0.237s] Level 1:colcon.colcon_core.package_identification:_identify(highlevel/experiment_data/turtle) by extension 'python'
[0.237s] Level 1:colcon.colcon_core.package_identification:_identify(highlevel/experiment_data/turtle) by extensions ['python_setup_py']
[0.237s] Level 1:colcon.colcon_core.package_identification:_identify(highlevel/experiment_data/turtle) by extension 'python_setup_py'
[0.237s] Level 1:colcon.colcon_core.package_identification:_identify(highlevel/resource) by extensions ['ignore', 'ignore_ament_install']
[0.237s] Level 1:colcon.colcon_core.package_identification:_identify(highlevel/resource) by extension 'ignore'
[0.237s] Level 1:colcon.colcon_core.package_identification:_identify(highlevel/resource) by extension 'ignore_ament_install'
[0.237s] Level 1:colcon.colcon_core.package_identification:_identify(highlevel/resource) by extensions ['colcon_pkg']
[0.237s] Level 1:colcon.colcon_core.package_identification:_identify(highlevel/resource) by extension 'colcon_pkg'
[0.237s] Level 1:colcon.colcon_core.package_identification:_identify(highlevel/resource) by extensions ['colcon_meta']
[0.237s] Level 1:colcon.colcon_core.package_identification:_identify(highlevel/resource) by extension 'colcon_meta'
[0.237s] Level 1:colcon.colcon_core.package_identification:_identify(highlevel/resource) by extensions ['ros']
[0.237s] Level 1:colcon.colcon_core.package_identification:_identify(highlevel/resource) by extension 'ros'
[0.237s] Level 1:colcon.colcon_core.package_identification:_identify(highlevel/resource) by extensions ['cmake', 'python']
[0.237s] Level 1:colcon.colcon_core.package_identification:_identify(highlevel/resource) by extension 'cmake'
[0.237s] Level 1:colcon.colcon_core.package_identification:_identify(highlevel/resource) by extension 'python'
[0.237s] Level 1:colcon.colcon_core.package_identification:_identify(highlevel/resource) by extensions ['python_setup_py']
[0.237s] Level 1:colcon.colcon_core.package_identification:_identify(highlevel/resource) by extension 'python_setup_py'
[0.237s] Level 1:colcon.colcon_core.package_identification:_identify(highlevel/traveler_optitrack) by extensions ['ignore', 'ignore_ament_install']
[0.237s] Level 1:colcon.colcon_core.package_identification:_identify(highlevel/traveler_optitrack) by extension 'ignore'
[0.237s] Level 1:colcon.colcon_core.package_identification:_identify(highlevel/traveler_optitrack) by extension 'ignore_ament_install'
[0.237s] Level 1:colcon.colcon_core.package_identification:_identify(highlevel/traveler_optitrack) by extensions ['colcon_pkg']
[0.237s] Level 1:colcon.colcon_core.package_identification:_identify(highlevel/traveler_optitrack) by extension 'colcon_pkg'
[0.237s] Level 1:colcon.colcon_core.package_identification:_identify(highlevel/traveler_optitrack) by extensions ['colcon_meta']
[0.237s] Level 1:colcon.colcon_core.package_identification:_identify(highlevel/traveler_optitrack) by extension 'colcon_meta'
[0.237s] Level 1:colcon.colcon_core.package_identification:_identify(highlevel/traveler_optitrack) by extensions ['ros']
[0.237s] Level 1:colcon.colcon_core.package_identification:_identify(highlevel/traveler_optitrack) by extension 'ros'
[0.238s] DEBUG:colcon.colcon_core.package_identification:Package 'highlevel/traveler_optitrack' with type 'ros.ament_python' and name 'traveler_optitrack'
[0.238s] Level 1:colcon.colcon_core.package_identification:_identify(install) by extensions ['ignore', 'ignore_ament_install']
[0.238s] Level 1:colcon.colcon_core.package_identification:_identify(install) by extension 'ignore'
[0.238s] Level 1:colcon.colcon_core.package_identification:_identify(install) ignored
[0.238s] Level 1:colcon.colcon_core.package_identification:_identify(log) by extensions ['ignore', 'ignore_ament_install']
[0.238s] Level 1:colcon.colcon_core.package_identification:_identify(log) by extension 'ignore'
[0.238s] Level 1:colcon.colcon_core.package_identification:_identify(log) ignored
[0.238s] Level 1:colcon.colcon_core.package_discovery:discover_packages(recursive) using defaults
[0.238s] Level 1:colcon.colcon_core.package_discovery:discover_packages(ignore) discover
[0.238s] Level 1:colcon.colcon_core.package_discovery:discover_packages(ignore) using defaults
[0.238s] Level 1:colcon.colcon_core.package_discovery:discover_packages(path) discover
[0.238s] Level 1:colcon.colcon_core.package_discovery:discover_packages(path) using defaults
[0.255s] Level 1:colcon.colcon_core.package_discovery:discover_packages(prefix_path) check parameters
[0.255s] Level 1:colcon.colcon_core.package_discovery:discover_packages(prefix_path) discover
[0.257s] DEBUG:colcon.colcon_installed_package_information.package_discovery:Found 295 installed packages in /opt/ros/foxy
[0.257s] Level 1:colcon.colcon_core.package_discovery:discover_packages(prefix_path) using defaults
[0.289s] Level 5:colcon.colcon_core.verb:set package 'traveler_msgs' build argument 'cmake_args' from command line to 'None'
[0.289s] Level 5:colcon.colcon_core.verb:set package 'traveler_msgs' build argument 'cmake_target' from command line to 'None'
[0.289s] Level 5:colcon.colcon_core.verb:set package 'traveler_msgs' build argument 'cmake_target_skip_unavailable' from command line to 'False'
[0.289s] Level 5:colcon.colcon_core.verb:set package 'traveler_msgs' build argument 'cmake_clean_cache' from command line to 'False'
[0.289s] Level 5:colcon.colcon_core.verb:set package 'traveler_msgs' build argument 'cmake_clean_first' from command line to 'False'
[0.289s] Level 5:colcon.colcon_core.verb:set package 'traveler_msgs' build argument 'cmake_force_configure' from command line to 'False'
[0.289s] Level 5:colcon.colcon_core.verb:set package 'traveler_msgs' build argument 'ament_cmake_args' from command line to 'None'
[0.289s] Level 5:colcon.colcon_core.verb:set package 'traveler_msgs' build argument 'catkin_cmake_args' from command line to 'None'
[0.289s] Level 5:colcon.colcon_core.verb:set package 'traveler_msgs' build argument 'catkin_skip_building_tests' from command line to 'False'
[0.289s] DEBUG:colcon.colcon_core.verb:Building package 'traveler_msgs' with the following arguments: {'ament_cmake_args': None, 'build_base': '/home/qianlab/Turtle_workspace/lassie-turtle/build/traveler_msgs', 'catkin_cmake_args': None, 'catkin_skip_building_tests': False, 'cmake_args': None, 'cmake_clean_cache': False, 'cmake_clean_first': False, 'cmake_force_configure': False, 'cmake_target': None, 'cmake_target_skip_unavailable': False, 'install_base': '/home/qianlab/Turtle_workspace/lassie-turtle/install/traveler_msgs', 'merge_install': False, 'path': '/home/qianlab/Turtle_workspace/lassie-turtle/dependencies/traveler_msgs', 'symlink_install': False, 'test_result_base': None}
[0.290s] Level 5:colcon.colcon_core.verb:set package 'traveler_optitrack' build argument 'cmake_args' from command line to 'None'
[0.290s] Level 5:colcon.colcon_core.verb:set package 'traveler_optitrack' build argument 'cmake_target' from command line to 'None'
[0.290s] Level 5:colcon.colcon_core.verb:set package 'traveler_optitrack' build argument 'cmake_target_skip_unavailable' from command line to 'False'
[0.290s] Level 5:colcon.colcon_core.verb:set package 'traveler_optitrack' build argument 'cmake_clean_cache' from command line to 'False'
[0.290s] Level 5:colcon.colcon_core.verb:set package 'traveler_optitrack' build argument 'cmake_clean_first' from command line to 'False'
[0.290s] Level 5:colcon.colcon_core.verb:set package 'traveler_optitrack' build argument 'cmake_force_configure' from command line to 'False'
[0.290s] Level 5:colcon.colcon_core.verb:set package 'traveler_optitrack' build argument 'ament_cmake_args' from command line to 'None'
[0.290s] Level 5:colcon.colcon_core.verb:set package 'traveler_optitrack' build argument 'catkin_cmake_args' from command line to 'None'
[0.290s] Level 5:colcon.colcon_core.verb:set package 'traveler_optitrack' build argument 'catkin_skip_building_tests' from command line to 'False'
[0.290s] DEBUG:colcon.colcon_core.verb:Building package 'traveler_optitrack' with the following arguments: {'ament_cmake_args': None, 'build_base': '/home/qianlab/Turtle_workspace/lassie-turtle/build/traveler_optitrack', 'catkin_cmake_args': None, 'catkin_skip_building_tests': False, 'cmake_args': None, 'cmake_clean_cache': False, 'cmake_clean_first': False, 'cmake_force_configure': False, 'cmake_target': None, 'cmake_target_skip_unavailable': False, 'install_base': '/home/qianlab/Turtle_workspace/lassie-turtle/install/traveler_optitrack', 'merge_install': False, 'path': '/home/qianlab/Turtle_workspace/lassie-turtle/highlevel/traveler_optitrack', 'symlink_install': False, 'test_result_base': None}
[0.290s] Level 5:colcon.colcon_core.verb:set package 'turtle_high_controller' build argument 'cmake_args' from command line to 'None'
[0.290s] Level 5:colcon.colcon_core.verb:set package 'turtle_high_controller' build argument 'cmake_target' from command line to 'None'
[0.290s] Level 5:colcon.colcon_core.verb:set package 'turtle_high_controller' build argument 'cmake_target_skip_unavailable' from command line to 'False'
[0.290s] Level 5:colcon.colcon_core.verb:set package 'turtle_high_controller' build argument 'cmake_clean_cache' from command line to 'False'
[0.290s] Level 5:colcon.colcon_core.verb:set package 'turtle_high_controller' build argument 'cmake_clean_first' from command line to 'False'
[0.290s] Level 5:colcon.colcon_core.verb:set package 'turtle_high_controller' build argument 'cmake_force_configure' from command line to 'False'
[0.290s] Level 5:colcon.colcon_core.verb:set package 'turtle_high_controller' build argument 'ament_cmake_args' from command line to 'None'
[0.290s] Level 5:colcon.colcon_core.verb:set package 'turtle_high_controller' build argument 'catkin_cmake_args' from command line to 'None'
[0.290s] Level 5:colcon.colcon_core.verb:set package 'turtle_high_controller' build argument 'catkin_skip_building_tests' from command line to 'False'
[0.290s] DEBUG:colcon.colcon_core.verb:Building package 'turtle_high_controller' with the following arguments: {'ament_cmake_args': None, 'build_base': '/home/qianlab/Turtle_workspace/lassie-turtle/build/turtle_high_controller', 'catkin_cmake_args': None, 'catkin_skip_building_tests': False, 'cmake_args': None, 'cmake_clean_cache': False, 'cmake_clean_first': False, 'cmake_force_configure': False, 'cmake_target': None, 'cmake_target_skip_unavailable': False, 'install_base': '/home/qianlab/Turtle_workspace/lassie-turtle/install/turtle_high_controller', 'merge_install': False, 'path': '/home/qianlab/Turtle_workspace/lassie-turtle/dependencies/traveler_controller', 'symlink_install': False, 'test_result_base': None}
[0.290s] INFO:colcon.colcon_core.executor:Executing jobs using 'parallel' executor
[0.291s] DEBUG:colcon.colcon_parallel_executor.executor.parallel:run_until_complete
[0.291s] INFO:colcon.colcon_ros.task.ament_cmake.build:Building ROS package in '/home/qianlab/Turtle_workspace/lassie-turtle/dependencies/traveler_msgs' with build type 'ament_cmake'
[0.291s] INFO:colcon.colcon_cmake.task.cmake.build:Building CMake package in '/home/qianlab/Turtle_workspace/lassie-turtle/dependencies/traveler_msgs'
[0.292s] INFO:colcon.colcon_core.plugin_system:Skipping extension 'colcon_core.shell.bat': Not used on non-Windows systems
[0.293s] INFO:colcon.colcon_core.shell:Skip shell extension 'powershell' for command environment: Not usable outside of PowerShell
[0.293s] DEBUG:colcon.colcon_core.shell:Skip shell extension 'dsv' for command environment
[0.295s] INFO:colcon.colcon_ros.task.ament_python.build:Building ROS package in '/home/qianlab/Turtle_workspace/lassie-turtle/highlevel/traveler_optitrack' with build type 'ament_python'
[0.295s] Level 1:colcon.colcon_core.shell:create_environment_hook('traveler_optitrack', 'ament_prefix_path')
[0.296s] INFO:colcon.colcon_core.shell:Creating environment hook '/home/qianlab/Turtle_workspace/lassie-turtle/install/traveler_optitrack/share/traveler_optitrack/hook/ament_prefix_path.ps1'
[0.296s] INFO:colcon.colcon_core.shell:Creating environment descriptor '/home/qianlab/Turtle_workspace/lassie-turtle/install/traveler_optitrack/share/traveler_optitrack/hook/ament_prefix_path.dsv'
[0.296s] INFO:colcon.colcon_core.shell:Creating environment hook '/home/qianlab/Turtle_workspace/lassie-turtle/install/traveler_optitrack/share/traveler_optitrack/hook/ament_prefix_path.sh'
[0.297s] INFO:colcon.colcon_core.shell:Skip shell extension 'powershell' for command environment: Not usable outside of PowerShell
[0.297s] DEBUG:colcon.colcon_core.shell:Skip shell extension 'dsv' for command environment
[0.304s] DEBUG:colcon.colcon_core.event_handler.log_command:Invoking command in '/home/qianlab/Turtle_workspace/lassie-turtle/build/traveler_msgs': CMAKE_PREFIX_PATH=/opt/ros/foxy CONDA_PROMPT_MODIFIER=(base) /usr/bin/cmake --build /home/qianlab/Turtle_workspace/lassie-turtle/build/traveler_msgs -- -j12 -l12
[0.461s] INFO:colcon.colcon_core.task.python.build:Building Python package in '/home/qianlab/Turtle_workspace/lassie-turtle/highlevel/traveler_optitrack'
[0.461s] INFO:colcon.colcon_core.shell:Skip shell extension 'powershell' for command environment: Not usable outside of PowerShell
[0.462s] DEBUG:colcon.colcon_core.shell:Skip shell extension 'dsv' for command environment
[0.474s] DEBUG:colcon.colcon_core.event_handler.log_command:Invoked command in '/home/qianlab/Turtle_workspace/lassie-turtle/build/traveler_msgs' returned '0': CMAKE_PREFIX_PATH=/opt/ros/foxy CONDA_PROMPT_MODIFIER=(base) /usr/bin/cmake --build /home/qianlab/Turtle_workspace/lassie-turtle/build/traveler_msgs -- -j12 -l12
[0.540s] DEBUG:colcon.colcon_core.event_handler.log_command:Invoking command in '/home/qianlab/Turtle_workspace/lassie-turtle/build/traveler_msgs': CMAKE_PREFIX_PATH=/opt/ros/foxy CONDA_PROMPT_MODIFIER=(base) /usr/bin/cmake --install /home/qianlab/Turtle_workspace/lassie-turtle/build/traveler_msgs
[0.578s] Level 1:colcon.colcon_core.environment:create_environment_scripts_only(traveler_msgs)
[0.580s] DEBUG:colcon.colcon_core.event_handler.log_command:Invoked command in '/home/qianlab/Turtle_workspace/lassie-turtle/build/traveler_msgs' returned '0': CMAKE_PREFIX_PATH=/opt/ros/foxy CONDA_PROMPT_MODIFIER=(base) /usr/bin/cmake --install /home/qianlab/Turtle_workspace/lassie-turtle/build/traveler_msgs
[0.581s] Level 1:colcon.colcon_core.environment:checking '/home/qianlab/Turtle_workspace/lassie-turtle/install/traveler_msgs' for CMake module files
[0.582s] Level 1:colcon.colcon_core.environment:checking '/home/qianlab/Turtle_workspace/lassie-turtle/install/traveler_msgs' for CMake config files
[0.582s] Level 1:colcon.colcon_core.shell:create_environment_hook('traveler_msgs', 'cmake_prefix_path')
[0.582s] INFO:colcon.colcon_core.shell:Creating environment hook '/home/qianlab/Turtle_workspace/lassie-turtle/install/traveler_msgs/share/traveler_msgs/hook/cmake_prefix_path.ps1'
[0.583s] INFO:colcon.colcon_core.shell:Creating environment descriptor '/home/qianlab/Turtle_workspace/lassie-turtle/install/traveler_msgs/share/traveler_msgs/hook/cmake_prefix_path.dsv'
[0.583s] INFO:colcon.colcon_core.shell:Creating environment hook '/home/qianlab/Turtle_workspace/lassie-turtle/install/traveler_msgs/share/traveler_msgs/hook/cmake_prefix_path.sh'
[0.584s] Level 1:colcon.colcon_core.environment:checking '/home/qianlab/Turtle_workspace/lassie-turtle/install/traveler_msgs/lib'
[0.584s] Level 1:colcon.colcon_core.shell:create_environment_hook('traveler_msgs', 'ld_library_path_lib')
[0.584s] INFO:colcon.colcon_core.shell:Creating environment hook '/home/qianlab/Turtle_workspace/lassie-turtle/install/traveler_msgs/share/traveler_msgs/hook/ld_library_path_lib.ps1'
[0.584s] INFO:colcon.colcon_core.shell:Creating environment descriptor '/home/qianlab/Turtle_workspace/lassie-turtle/install/traveler_msgs/share/traveler_msgs/hook/ld_library_path_lib.dsv'
[0.585s] INFO:colcon.colcon_core.shell:Creating environment hook '/home/qianlab/Turtle_workspace/lassie-turtle/install/traveler_msgs/share/traveler_msgs/hook/ld_library_path_lib.sh'
[0.585s] Level 1:colcon.colcon_core.environment:checking '/home/qianlab/Turtle_workspace/lassie-turtle/install/traveler_msgs/bin'
[0.585s] Level 1:colcon.colcon_core.environment:checking '/home/qianlab/Turtle_workspace/lassie-turtle/install/traveler_msgs/lib/pkgconfig/traveler_msgs.pc'
[0.585s] Level 1:colcon.colcon_core.environment:checking '/home/qianlab/Turtle_workspace/lassie-turtle/install/traveler_msgs/lib/python3.8/site-packages'
[0.585s] Level 1:colcon.colcon_core.shell:create_environment_hook('traveler_msgs', 'pythonpath')
[0.585s] INFO:colcon.colcon_core.shell:Creating environment hook '/home/qianlab/Turtle_workspace/lassie-turtle/install/traveler_msgs/share/traveler_msgs/hook/pythonpath.ps1'
[0.586s] INFO:colcon.colcon_core.shell:Creating environment descriptor '/home/qianlab/Turtle_workspace/lassie-turtle/install/traveler_msgs/share/traveler_msgs/hook/pythonpath.dsv'
[0.586s] INFO:colcon.colcon_core.shell:Creating environment hook '/home/qianlab/Turtle_workspace/lassie-turtle/install/traveler_msgs/share/traveler_msgs/hook/pythonpath.sh'
[0.586s] Level 1:colcon.colcon_core.environment:checking '/home/qianlab/Turtle_workspace/lassie-turtle/install/traveler_msgs/bin'
[0.587s] INFO:colcon.colcon_core.shell:Creating package script '/home/qianlab/Turtle_workspace/lassie-turtle/install/traveler_msgs/share/traveler_msgs/package.ps1'
[0.588s] INFO:colcon.colcon_core.shell:Creating package descriptor '/home/qianlab/Turtle_workspace/lassie-turtle/install/traveler_msgs/share/traveler_msgs/package.dsv'
[0.588s] INFO:colcon.colcon_core.shell:Creating package script '/home/qianlab/Turtle_workspace/lassie-turtle/install/traveler_msgs/share/traveler_msgs/package.sh'
[0.589s] INFO:colcon.colcon_core.shell:Creating package script '/home/qianlab/Turtle_workspace/lassie-turtle/install/traveler_msgs/share/traveler_msgs/package.bash'
[0.590s] INFO:colcon.colcon_core.shell:Creating package script '/home/qianlab/Turtle_workspace/lassie-turtle/install/traveler_msgs/share/traveler_msgs/package.zsh'
[0.590s] Level 1:colcon.colcon_core.environment:create_file_with_runtime_dependencies(/home/qianlab/Turtle_workspace/lassie-turtle/install/traveler_msgs/share/colcon-core/packages/traveler_msgs)
[0.650s] Level 1:colcon.colcon_core.environment:create_environment_scripts_only(traveler_msgs)
[0.650s] Level 1:colcon.colcon_core.environment:checking '/home/qianlab/Turtle_workspace/lassie-turtle/install/traveler_msgs' for CMake module files
[0.651s] Level 1:colcon.colcon_core.environment:checking '/home/qianlab/Turtle_workspace/lassie-turtle/install/traveler_msgs' for CMake config files
[0.651s] Level 1:colcon.colcon_core.shell:create_environment_hook('traveler_msgs', 'cmake_prefix_path')
[0.651s] INFO:colcon.colcon_core.shell:Creating environment hook '/home/qianlab/Turtle_workspace/lassie-turtle/install/traveler_msgs/share/traveler_msgs/hook/cmake_prefix_path.ps1'
[0.652s] INFO:colcon.colcon_core.shell:Creating environment descriptor '/home/qianlab/Turtle_workspace/lassie-turtle/install/traveler_msgs/share/traveler_msgs/hook/cmake_prefix_path.dsv'
[0.652s] INFO:colcon.colcon_core.shell:Creating environment hook '/home/qianlab/Turtle_workspace/lassie-turtle/install/traveler_msgs/share/traveler_msgs/hook/cmake_prefix_path.sh'
[0.653s] Level 1:colcon.colcon_core.environment:checking '/home/qianlab/Turtle_workspace/lassie-turtle/install/traveler_msgs/lib'
[0.653s] Level 1:colcon.colcon_core.shell:create_environment_hook('traveler_msgs', 'ld_library_path_lib')
[0.653s] INFO:colcon.colcon_core.shell:Creating environment hook '/home/qianlab/Turtle_workspace/lassie-turtle/install/traveler_msgs/share/traveler_msgs/hook/ld_library_path_lib.ps1'
[0.653s] INFO:colcon.colcon_core.shell:Creating environment descriptor '/home/qianlab/Turtle_workspace/lassie-turtle/install/traveler_msgs/share/traveler_msgs/hook/ld_library_path_lib.dsv'
[0.654s] INFO:colcon.colcon_core.shell:Creating environment hook '/home/qianlab/Turtle_workspace/lassie-turtle/install/traveler_msgs/share/traveler_msgs/hook/ld_library_path_lib.sh'
[0.654s] Level 1:colcon.colcon_core.environment:checking '/home/qianlab/Turtle_workspace/lassie-turtle/install/traveler_msgs/bin'
[0.654s] Level 1:colcon.colcon_core.environment:checking '/home/qianlab/Turtle_workspace/lassie-turtle/install/traveler_msgs/lib/pkgconfig/traveler_msgs.pc'
[0.654s] Level 1:colcon.colcon_core.environment:checking '/home/qianlab/Turtle_workspace/lassie-turtle/install/traveler_msgs/lib/python3.8/site-packages'
[0.654s] Level 1:colcon.colcon_core.shell:create_environment_hook('traveler_msgs', 'pythonpath')
[0.655s] INFO:colcon.colcon_core.shell:Creating environment hook '/home/qianlab/Turtle_workspace/lassie-turtle/install/traveler_msgs/share/traveler_msgs/hook/pythonpath.ps1'
[0.655s] INFO:colcon.colcon_core.shell:Creating environment descriptor '/home/qianlab/Turtle_workspace/lassie-turtle/install/traveler_msgs/share/traveler_msgs/hook/pythonpath.dsv'
[0.655s] INFO:colcon.colcon_core.shell:Creating environment hook '/home/qianlab/Turtle_workspace/lassie-turtle/install/traveler_msgs/share/traveler_msgs/hook/pythonpath.sh'
[0.656s] Level 1:colcon.colcon_core.environment:checking '/home/qianlab/Turtle_workspace/lassie-turtle/install/traveler_msgs/bin'
[0.656s] INFO:colcon.colcon_core.shell:Creating package script '/home/qianlab/Turtle_workspace/lassie-turtle/install/traveler_msgs/share/traveler_msgs/package.ps1'
[0.657s] INFO:colcon.colcon_core.shell:Creating package descriptor '/home/qianlab/Turtle_workspace/lassie-turtle/install/traveler_msgs/share/traveler_msgs/package.dsv'
[0.657s] INFO:colcon.colcon_core.shell:Creating package script '/home/qianlab/Turtle_workspace/lassie-turtle/install/traveler_msgs/share/traveler_msgs/package.sh'
[0.657s] INFO:colcon.colcon_core.shell:Creating package script '/home/qianlab/Turtle_workspace/lassie-turtle/install/traveler_msgs/share/traveler_msgs/package.bash'
[0.658s] INFO:colcon.colcon_core.shell:Creating package script '/home/qianlab/Turtle_workspace/lassie-turtle/install/traveler_msgs/share/traveler_msgs/package.zsh'
[0.658s] Level 1:colcon.colcon_core.environment:create_file_with_runtime_dependencies(/home/qianlab/Turtle_workspace/lassie-turtle/install/traveler_msgs/share/colcon-core/packages/traveler_msgs)
[0.658s] INFO:colcon.colcon_ros.task.ament_cmake.build:Building ROS package in '/home/qianlab/Turtle_workspace/lassie-turtle/dependencies/traveler_controller' with build type 'ament_cmake'
[0.659s] INFO:colcon.colcon_cmake.task.cmake.build:Building CMake package in '/home/qianlab/Turtle_workspace/lassie-turtle/dependencies/traveler_controller'
[0.659s] INFO:colcon.colcon_core.shell:Skip shell extension 'powershell' for command environment: Not usable outside of PowerShell
[0.659s] DEBUG:colcon.colcon_core.shell:Skip shell extension 'dsv' for command environment
[0.669s] DEBUG:colcon.colcon_core.event_handler.log_command:Invoking command in '/home/qianlab/Turtle_workspace/lassie-turtle/build/turtle_high_controller': AMENT_PREFIX_PATH=/home/qianlab/Turtle_workspace/lassie-turtle/install/traveler_msgs:${AMENT_PREFIX_PATH} CMAKE_PREFIX_PATH=/home/qianlab/Turtle_workspace/lassie-turtle/install/traveler_msgs:/opt/ros/foxy CONDA_PROMPT_MODIFIER=(base) LD_LIBRARY_PATH=/home/qianlab/Turtle_workspace/lassie-turtle/install/traveler_msgs/lib:${LD_LIBRARY_PATH} PYTHONPATH=/home/qianlab/Turtle_workspace/lassie-turtle/install/traveler_msgs/lib/python3.8/site-packages:${PYTHONPATH} /usr/bin/cmake --build /home/qianlab/Turtle_workspace/lassie-turtle/build/turtle_high_controller -- -j12 -l12
[0.732s] DEBUG:colcon.colcon_core.event_handler.log_command:Invoking command in '/home/qianlab/Turtle_workspace/lassie-turtle/highlevel/traveler_optitrack': CONDA_PROMPT_MODIFIER=(base) PYTHONPATH=/home/qianlab/Turtle_workspace/lassie-turtle/build/traveler_optitrack/prefix_override:/home/qianlab/Turtle_workspace/lassie-turtle/install/traveler_optitrack/lib/python3.8/site-packages:${PYTHONPATH} /usr/bin/python3 -W ignore:setup.py install is deprecated setup.py egg_info --egg-base ../../build/traveler_optitrack build --build-base /home/qianlab/Turtle_workspace/lassie-turtle/build/traveler_optitrack/build install --record /home/qianlab/Turtle_workspace/lassie-turtle/build/traveler_optitrack/install.log --install-scripts $base/lib/traveler_optitrack --single-version-externally-managed install_data
[1.005s] Level 1:colcon.colcon_core.environment:checking '/home/qianlab/Turtle_workspace/lassie-turtle/install/traveler_optitrack' for CMake module files
[1.006s] DEBUG:colcon.colcon_core.event_handler.log_command:Invoked command in '/home/qianlab/Turtle_workspace/lassie-turtle/highlevel/traveler_optitrack' returned '0': CONDA_PROMPT_MODIFIER=(base) PYTHONPATH=/home/qianlab/Turtle_workspace/lassie-turtle/build/traveler_optitrack/prefix_override:/home/qianlab/Turtle_workspace/lassie-turtle/install/traveler_optitrack/lib/python3.8/site-packages:${PYTHONPATH} /usr/bin/python3 -W ignore:setup.py install is deprecated setup.py egg_info --egg-base ../../build/traveler_optitrack build --build-base /home/qianlab/Turtle_workspace/lassie-turtle/build/traveler_optitrack/build install --record /home/qianlab/Turtle_workspace/lassie-turtle/build/traveler_optitrack/install.log --install-scripts $base/lib/traveler_optitrack --single-version-externally-managed install_data
[1.006s] Level 1:colcon.colcon_core.environment:checking '/home/qianlab/Turtle_workspace/lassie-turtle/install/traveler_optitrack' for CMake config files
[1.007s] Level 1:colcon.colcon_core.environment:checking '/home/qianlab/Turtle_workspace/lassie-turtle/install/traveler_optitrack/lib'
[1.007s] Level 1:colcon.colcon_core.environment:checking '/home/qianlab/Turtle_workspace/lassie-turtle/install/traveler_optitrack/bin'
[1.007s] Level 1:colcon.colcon_core.environment:checking '/home/qianlab/Turtle_workspace/lassie-turtle/install/traveler_optitrack/lib/pkgconfig/traveler_optitrack.pc'
[1.007s] Level 1:colcon.colcon_core.environment:checking '/home/qianlab/Turtle_workspace/lassie-turtle/install/traveler_optitrack/lib/python3.8/site-packages'
[1.007s] Level 1:colcon.colcon_core.shell:create_environment_hook('traveler_optitrack', 'pythonpath')
[1.007s] INFO:colcon.colcon_core.shell:Creating environment hook '/home/qianlab/Turtle_workspace/lassie-turtle/install/traveler_optitrack/share/traveler_optitrack/hook/pythonpath.ps1'
[1.008s] INFO:colcon.colcon_core.shell:Creating environment descriptor '/home/qianlab/Turtle_workspace/lassie-turtle/install/traveler_optitrack/share/traveler_optitrack/hook/pythonpath.dsv'
[1.008s] INFO:colcon.colcon_core.shell:Creating environment hook '/home/qianlab/Turtle_workspace/lassie-turtle/install/traveler_optitrack/share/traveler_optitrack/hook/pythonpath.sh'
[1.008s] Level 1:colcon.colcon_core.environment:checking '/home/qianlab/Turtle_workspace/lassie-turtle/install/traveler_optitrack/bin'
[1.008s] Level 1:colcon.colcon_core.environment:create_environment_scripts_only(traveler_optitrack)
[1.009s] INFO:colcon.colcon_core.shell:Creating package script '/home/qianlab/Turtle_workspace/lassie-turtle/install/traveler_optitrack/share/traveler_optitrack/package.ps1'
[1.009s] INFO:colcon.colcon_core.shell:Creating package descriptor '/home/qianlab/Turtle_workspace/lassie-turtle/install/traveler_optitrack/share/traveler_optitrack/package.dsv'
[1.009s] INFO:colcon.colcon_core.shell:Creating package script '/home/qianlab/Turtle_workspace/lassie-turtle/install/traveler_optitrack/share/traveler_optitrack/package.sh'
[1.009s] INFO:colcon.colcon_core.shell:Creating package script '/home/qianlab/Turtle_workspace/lassie-turtle/install/traveler_optitrack/share/traveler_optitrack/package.bash'
[1.010s] INFO:colcon.colcon_core.shell:Creating package script '/home/qianlab/Turtle_workspace/lassie-turtle/install/traveler_optitrack/share/traveler_optitrack/package.zsh'
[1.010s] Level 1:colcon.colcon_core.environment:create_file_with_runtime_dependencies(/home/qianlab/Turtle_workspace/lassie-turtle/install/traveler_optitrack/share/colcon-core/packages/traveler_optitrack)
[1.304s] DEBUG:colcon.colcon_core.event_handler.log_command:Invoked command in '/home/qianlab/Turtle_workspace/lassie-turtle/build/turtle_high_controller' returned '0': AMENT_PREFIX_PATH=/home/qianlab/Turtle_workspace/lassie-turtle/install/traveler_msgs:${AMENT_PREFIX_PATH} CMAKE_PREFIX_PATH=/home/qianlab/Turtle_workspace/lassie-turtle/install/traveler_msgs:/opt/ros/foxy CONDA_PROMPT_MODIFIER=(base) LD_LIBRARY_PATH=/home/qianlab/Turtle_workspace/lassie-turtle/install/traveler_msgs/lib:${LD_LIBRARY_PATH} PYTHONPATH=/home/qianlab/Turtle_workspace/lassie-turtle/install/traveler_msgs/lib/python3.8/site-packages:${PYTHONPATH} /usr/bin/cmake --build /home/qianlab/Turtle_workspace/lassie-turtle/build/turtle_high_controller -- -j12 -l12
[1.326s] DEBUG:colcon.colcon_core.event_handler.log_command:Invoking command in '/home/qianlab/Turtle_workspace/lassie-turtle/build/turtle_high_controller': AMENT_PREFIX_PATH=/home/qianlab/Turtle_workspace/lassie-turtle/install/traveler_msgs:${AMENT_PREFIX_PATH} CMAKE_PREFIX_PATH=/home/qianlab/Turtle_workspace/lassie-turtle/install/traveler_msgs:/opt/ros/foxy CONDA_PROMPT_MODIFIER=(base) LD_LIBRARY_PATH=/home/qianlab/Turtle_workspace/lassie-turtle/install/traveler_msgs/lib:${LD_LIBRARY_PATH} PYTHONPATH=/home/qianlab/Turtle_workspace/lassie-turtle/install/traveler_msgs/lib/python3.8/site-packages:${PYTHONPATH} /usr/bin/cmake --install /home/qianlab/Turtle_workspace/lassie-turtle/build/turtle_high_controller
[1.342s] Level 1:colcon.colcon_core.environment:create_environment_scripts_only(turtle_high_controller)
[1.342s] Level 1:colcon.colcon_core.environment:checking '/home/qianlab/Turtle_workspace/lassie-turtle/install/turtle_high_controller' for CMake module files
[1.343s] DEBUG:colcon.colcon_core.event_handler.log_command:Invoked command in '/home/qianlab/Turtle_workspace/lassie-turtle/build/turtle_high_controller' returned '0': AMENT_PREFIX_PATH=/home/qianlab/Turtle_workspace/lassie-turtle/install/traveler_msgs:${AMENT_PREFIX_PATH} CMAKE_PREFIX_PATH=/home/qianlab/Turtle_workspace/lassie-turtle/install/traveler_msgs:/opt/ros/foxy CONDA_PROMPT_MODIFIER=(base) LD_LIBRARY_PATH=/home/qianlab/Turtle_workspace/lassie-turtle/install/traveler_msgs/lib:${LD_LIBRARY_PATH} PYTHONPATH=/home/qianlab/Turtle_workspace/lassie-turtle/install/traveler_msgs/lib/python3.8/site-packages:${PYTHONPATH} /usr/bin/cmake --install /home/qianlab/Turtle_workspace/lassie-turtle/build/turtle_high_controller
[1.343s] Level 1:colcon.colcon_core.environment:checking '/home/qianlab/Turtle_workspace/lassie-turtle/install/turtle_high_controller' for CMake config files
[1.344s] Level 1:colcon.colcon_core.shell:create_environment_hook('turtle_high_controller', 'cmake_prefix_path')
[1.344s] INFO:colcon.colcon_core.shell:Creating environment hook '/home/qianlab/Turtle_workspace/lassie-turtle/install/turtle_high_controller/share/turtle_high_controller/hook/cmake_prefix_path.ps1'
[1.344s] INFO:colcon.colcon_core.shell:Creating environment descriptor '/home/qianlab/Turtle_workspace/lassie-turtle/install/turtle_high_controller/share/turtle_high_controller/hook/cmake_prefix_path.dsv'
[1.345s] INFO:colcon.colcon_core.shell:Creating environment hook '/home/qianlab/Turtle_workspace/lassie-turtle/install/turtle_high_controller/share/turtle_high_controller/hook/cmake_prefix_path.sh'
[1.345s] Level 1:colcon.colcon_core.environment:checking '/home/qianlab/Turtle_workspace/lassie-turtle/install/turtle_high_controller/lib'
[1.345s] Level 1:colcon.colcon_core.environment:checking '/home/qianlab/Turtle_workspace/lassie-turtle/install/turtle_high_controller/bin'
[1.345s] Level 1:colcon.colcon_core.environment:checking '/home/qianlab/Turtle_workspace/lassie-turtle/install/turtle_high_controller/lib/pkgconfig/turtle_high_controller.pc'
[1.346s] Level 1:colcon.colcon_core.environment:checking '/home/qianlab/Turtle_workspace/lassie-turtle/install/turtle_high_controller/lib/python3.8/site-packages'
[1.346s] Level 1:colcon.colcon_core.environment:checking '/home/qianlab/Turtle_workspace/lassie-turtle/install/turtle_high_controller/bin'
[1.346s] INFO:colcon.colcon_core.shell:Creating package script '/home/qianlab/Turtle_workspace/lassie-turtle/install/turtle_high_controller/share/turtle_high_controller/package.ps1'
[1.346s] INFO:colcon.colcon_core.shell:Creating package descriptor '/home/qianlab/Turtle_workspace/lassie-turtle/install/turtle_high_controller/share/turtle_high_controller/package.dsv'
[1.347s] INFO:colcon.colcon_core.shell:Creating package script '/home/qianlab/Turtle_workspace/lassie-turtle/install/turtle_high_controller/share/turtle_high_controller/package.sh'
[1.347s] INFO:colcon.colcon_core.shell:Creating package script '/home/qianlab/Turtle_workspace/lassie-turtle/install/turtle_high_controller/share/turtle_high_controller/package.bash'
[1.347s] INFO:colcon.colcon_core.shell:Creating package script '/home/qianlab/Turtle_workspace/lassie-turtle/install/turtle_high_controller/share/turtle_high_controller/package.zsh'
[1.348s] Level 1:colcon.colcon_core.environment:create_file_with_runtime_dependencies(/home/qianlab/Turtle_workspace/lassie-turtle/install/turtle_high_controller/share/colcon-core/packages/turtle_high_controller)
[1.368s] Level 1:colcon.colcon_core.environment:create_environment_scripts_only(turtle_high_controller)
[1.369s] Level 1:colcon.colcon_core.environment:checking '/home/qianlab/Turtle_workspace/lassie-turtle/install/turtle_high_controller' for CMake module files
[1.369s] Level 1:colcon.colcon_core.environment:checking '/home/qianlab/Turtle_workspace/lassie-turtle/install/turtle_high_controller' for CMake config files
[1.369s] Level 1:colcon.colcon_core.shell:create_environment_hook('turtle_high_controller', 'cmake_prefix_path')
[1.369s] INFO:colcon.colcon_core.shell:Creating environment hook '/home/qianlab/Turtle_workspace/lassie-turtle/install/turtle_high_controller/share/turtle_high_controller/hook/cmake_prefix_path.ps1'
[1.370s] INFO:colcon.colcon_core.shell:Creating environment descriptor '/home/qianlab/Turtle_workspace/lassie-turtle/install/turtle_high_controller/share/turtle_high_controller/hook/cmake_prefix_path.dsv'
[1.370s] INFO:colcon.colcon_core.shell:Creating environment hook '/home/qianlab/Turtle_workspace/lassie-turtle/install/turtle_high_controller/share/turtle_high_controller/hook/cmake_prefix_path.sh'
[1.370s] Level 1:colcon.colcon_core.environment:checking '/home/qianlab/Turtle_workspace/lassie-turtle/install/turtle_high_controller/lib'
[1.370s] Level 1:colcon.colcon_core.environment:checking '/home/qianlab/Turtle_workspace/lassie-turtle/install/turtle_high_controller/bin'
[1.370s] Level 1:colcon.colcon_core.environment:checking '/home/qianlab/Turtle_workspace/lassie-turtle/install/turtle_high_controller/lib/pkgconfig/turtle_high_controller.pc'
[1.370s] Level 1:colcon.colcon_core.environment:checking '/home/qianlab/Turtle_workspace/lassie-turtle/install/turtle_high_controller/lib/python3.8/site-packages'
[1.371s] Level 1:colcon.colcon_core.environment:checking '/home/qianlab/Turtle_workspace/lassie-turtle/install/turtle_high_controller/bin'
[1.371s] INFO:colcon.colcon_core.shell:Creating package script '/home/qianlab/Turtle_workspace/lassie-turtle/install/turtle_high_controller/share/turtle_high_controller/package.ps1'
[1.371s] INFO:colcon.colcon_core.shell:Creating package descriptor '/home/qianlab/Turtle_workspace/lassie-turtle/install/turtle_high_controller/share/turtle_high_controller/package.dsv'
[1.371s] INFO:colcon.colcon_core.shell:Creating package script '/home/qianlab/Turtle_workspace/lassie-turtle/install/turtle_high_controller/share/turtle_high_controller/package.sh'
[1.371s] INFO:colcon.colcon_core.shell:Creating package script '/home/qianlab/Turtle_workspace/lassie-turtle/install/turtle_high_controller/share/turtle_high_controller/package.bash'
[1.372s] INFO:colcon.colcon_core.shell:Creating package script '/home/qianlab/Turtle_workspace/lassie-turtle/install/turtle_high_controller/share/turtle_high_controller/package.zsh'
[1.372s] Level 1:colcon.colcon_core.environment:create_file_with_runtime_dependencies(/home/qianlab/Turtle_workspace/lassie-turtle/install/turtle_high_controller/share/colcon-core/packages/turtle_high_controller)
[1.372s] DEBUG:colcon.colcon_parallel_executor.executor.parallel:closing loop
[1.372s] DEBUG:colcon.colcon_parallel_executor.executor.parallel:loop closed
[1.372s] DEBUG:colcon.colcon_parallel_executor.executor.parallel:run_until_complete finished with '0'
[1.372s] DEBUG:colcon.colcon_core.event_reactor:joining thread
[1.376s] INFO:colcon.colcon_core.plugin_system:Skipping extension 'colcon_notification.desktop_notification.terminal_notifier': Not used on non-Darwin systems
[1.376s] INFO:colcon.colcon_core.plugin_system:Skipping extension 'colcon_notification.desktop_notification.win32': Not used on non-Windows systems
[1.376s] INFO:colcon.colcon_notification.desktop_notification:Sending desktop notification using 'notify2'
[1.386s] DEBUG:colcon.colcon_core.event_reactor:joined thread
[1.386s] INFO:colcon.colcon_core.shell:Creating prefix script '/home/qianlab/Turtle_workspace/lassie-turtle/install/local_setup.ps1'
[1.387s] INFO:colcon.colcon_core.shell:Creating prefix util module '/home/qianlab/Turtle_workspace/lassie-turtle/install/_local_setup_util_ps1.py'
[1.388s] INFO:colcon.colcon_core.shell:Creating prefix chain script '/home/qianlab/Turtle_workspace/lassie-turtle/install/setup.ps1'
[1.389s] INFO:colcon.colcon_core.shell:Creating prefix script '/home/qianlab/Turtle_workspace/lassie-turtle/install/local_setup.sh'
[1.390s] INFO:colcon.colcon_core.shell:Creating prefix util module '/home/qianlab/Turtle_workspace/lassie-turtle/install/_local_setup_util_sh.py'
[1.390s] INFO:colcon.colcon_core.shell:Creating prefix chain script '/home/qianlab/Turtle_workspace/lassie-turtle/install/setup.sh'
[1.391s] INFO:colcon.colcon_core.shell:Creating prefix script '/home/qianlab/Turtle_workspace/lassie-turtle/install/local_setup.bash'
[1.392s] INFO:colcon.colcon_core.shell:Creating prefix chain script '/home/qianlab/Turtle_workspace/lassie-turtle/install/setup.bash'
[1.392s] INFO:colcon.colcon_core.shell:Creating prefix script '/home/qianlab/Turtle_workspace/lassie-turtle/install/local_setup.zsh'
[1.393s] INFO:colcon.colcon_core.shell:Creating prefix chain script '/home/qianlab/Turtle_workspace/lassie-turtle/install/setup.zsh'
