[  1%] Built target traveler_msgs__cpp
[ 12%] Built target traveler_msgs__rosidl_generator_c
[ 23%] Built target traveler_msgs__rosidl_typesupport_cpp
[ 35%] Built target traveler_msgs__rosidl_typesupport_fastrtps_cpp
[ 46%] Built target traveler_msgs__rosidl_typesupport_c
[ 57%] Built target traveler_msgs__rosidl_typesupport_introspection_cpp
[ 69%] Built target traveler_msgs__rosidl_typesupport_introspection_c
[ 80%] Built target traveler_msgs__rosidl_typesupport_fastrtps_c
[ 80%] Built target traveler_msgs
[ 81%] Built target traveler_msgs__py
[ 91%] Built target traveler_msgs__python
[ 94%] Built target traveler_msgs__rosidl_typesupport_introspection_c__pyext
[ 98%] Built target traveler_msgs__rosidl_typesupport_c__pyext
[100%] Built target traveler_msgs__rosidl_typesupport_fastrtps_c__pyext
-- Install configuration: ""
-- Up-to-date: /home/qianlab/Desktop/lassie-turtle/dependencies/install/traveler_msgs/share/ament_index/resource_index/rosidl_interfaces/traveler_msgs
-- Up-to-date: /home/qianlab/Desktop/lassie-turtle/dependencies/install/traveler_msgs/include/traveler_msgs
-- Up-to-date: /home/qianlab/Desktop/lassie-turtle/dependencies/install/traveler_msgs/include/traveler_msgs/msg
-- Up-to-date: /home/qianlab/Desktop/lassie-turtle/dependencies/install/traveler_msgs/include/traveler_msgs/msg/rosidl_generator_c__visibility_control.h
-- Up-to-date: /home/qianlab/Desktop/lassie-turtle/dependencies/install/traveler_msgs/include/traveler_msgs/msg/set_state.h
-- Up-to-date: /home/qianlab/Desktop/lassie-turtle/dependencies/install/traveler_msgs/include/traveler_msgs/msg/traveler_mode.h
-- Up-to-date: /home/qianlab/Desktop/lassie-turtle/dependencies/install/traveler_msgs/include/traveler_msgs/msg/odrive_status.h
-- Up-to-date: /home/qianlab/Desktop/lassie-turtle/dependencies/install/traveler_msgs/include/traveler_msgs/msg/traveler_config.h
-- Up-to-date: /home/qianlab/Desktop/lassie-turtle/dependencies/install/traveler_msgs/include/traveler_msgs/msg/traveler_status.h
-- Up-to-date: /home/qianlab/Desktop/lassie-turtle/dependencies/install/traveler_msgs/include/traveler_msgs/msg/set_input_position.h
-- Up-to-date: /home/qianlab/Desktop/lassie-turtle/dependencies/install/traveler_msgs/include/traveler_msgs/msg/detail
-- Up-to-date: /home/qianlab/Desktop/lassie-turtle/dependencies/install/traveler_msgs/include/traveler_msgs/msg/detail/set_state__struct.h
-- Up-to-date: /home/qianlab/Desktop/lassie-turtle/dependencies/install/traveler_msgs/include/traveler_msgs/msg/detail/traveler_config__struct.h
-- Up-to-date: /home/qianlab/Desktop/lassie-turtle/dependencies/install/traveler_msgs/include/traveler_msgs/msg/detail/odrive_status__struct.h
-- Up-to-date: /home/qianlab/Desktop/lassie-turtle/dependencies/install/traveler_msgs/include/traveler_msgs/msg/detail/odrive_status__functions.c
-- Up-to-date: /home/qianlab/Desktop/lassie-turtle/dependencies/install/traveler_msgs/include/traveler_msgs/msg/detail/traveler_config__functions.h
-- Up-to-date: /home/qianlab/Desktop/lassie-turtle/dependencies/install/traveler_msgs/include/traveler_msgs/msg/detail/traveler_config__functions.c
-- Up-to-date: /home/qianlab/Desktop/lassie-turtle/dependencies/install/traveler_msgs/include/traveler_msgs/msg/detail/traveler_status__functions.h
-- Up-to-date: /home/qianlab/Desktop/lassie-turtle/dependencies/install/traveler_msgs/include/traveler_msgs/msg/detail/odrive_status__type_support.h
-- Up-to-date: /home/qianlab/Desktop/lassie-turtle/dependencies/install/traveler_msgs/include/traveler_msgs/msg/detail/traveler_mode__functions.h
-- Up-to-date: /home/qianlab/Desktop/lassie-turtle/dependencies/install/traveler_msgs/include/traveler_msgs/msg/detail/set_input_position__functions.c
-- Up-to-date: /home/qianlab/Desktop/lassie-turtle/dependencies/install/traveler_msgs/include/traveler_msgs/msg/detail/traveler_status__struct.h
-- Up-to-date: /home/qianlab/Desktop/lassie-turtle/dependencies/install/traveler_msgs/include/traveler_msgs/msg/detail/traveler_status__functions.c
-- Up-to-date: /home/qianlab/Desktop/lassie-turtle/dependencies/install/traveler_msgs/include/traveler_msgs/msg/detail/traveler_mode__struct.h
-- Up-to-date: /home/qianlab/Desktop/lassie-turtle/dependencies/install/traveler_msgs/include/traveler_msgs/msg/detail/set_state__functions.h
-- Up-to-date: /home/qianlab/Desktop/lassie-turtle/dependencies/install/traveler_msgs/include/traveler_msgs/msg/detail/set_input_position__functions.h
-- Up-to-date: /home/qianlab/Desktop/lassie-turtle/dependencies/install/traveler_msgs/include/traveler_msgs/msg/detail/set_input_position__type_support.h
-- Up-to-date: /home/qianlab/Desktop/lassie-turtle/dependencies/install/traveler_msgs/include/traveler_msgs/msg/detail/odrive_status__functions.h
-- Up-to-date: /home/qianlab/Desktop/lassie-turtle/dependencies/install/traveler_msgs/include/traveler_msgs/msg/detail/traveler_mode__type_support.h
-- Up-to-date: /home/qianlab/Desktop/lassie-turtle/dependencies/install/traveler_msgs/include/traveler_msgs/msg/detail/traveler_mode__functions.c
-- Up-to-date: /home/qianlab/Desktop/lassie-turtle/dependencies/install/traveler_msgs/include/traveler_msgs/msg/detail/set_state__functions.c
-- Up-to-date: /home/qianlab/Desktop/lassie-turtle/dependencies/install/traveler_msgs/include/traveler_msgs/msg/detail/set_input_position__struct.h
-- Up-to-date: /home/qianlab/Desktop/lassie-turtle/dependencies/install/traveler_msgs/include/traveler_msgs/msg/detail/set_state__type_support.h
-- Up-to-date: /home/qianlab/Desktop/lassie-turtle/dependencies/install/traveler_msgs/include/traveler_msgs/msg/detail/traveler_status__type_support.h
-- Up-to-date: /home/qianlab/Desktop/lassie-turtle/dependencies/install/traveler_msgs/include/traveler_msgs/msg/detail/traveler_config__type_support.h
-- Up-to-date: /home/qianlab/Desktop/lassie-turtle/dependencies/install/traveler_msgs/share/traveler_msgs/environment/library_path.sh
-- Up-to-date: /home/qianlab/Desktop/lassie-turtle/dependencies/install/traveler_msgs/share/traveler_msgs/environment/library_path.dsv
-- Up-to-date: /home/qianlab/Desktop/lassie-turtle/dependencies/install/traveler_msgs/lib/libtraveler_msgs__rosidl_generator_c.so
-- Up-to-date: /home/qianlab/Desktop/lassie-turtle/dependencies/install/traveler_msgs/include/traveler_msgs
-- Up-to-date: /home/qianlab/Desktop/lassie-turtle/dependencies/install/traveler_msgs/include/traveler_msgs/msg
-- Up-to-date: /home/qianlab/Desktop/lassie-turtle/dependencies/install/traveler_msgs/include/traveler_msgs/msg/rosidl_typesupport_fastrtps_c__visibility_control.h
-- Up-to-date: /home/qianlab/Desktop/lassie-turtle/dependencies/install/traveler_msgs/include/traveler_msgs/msg/detail
-- Up-to-date: /home/qianlab/Desktop/lassie-turtle/dependencies/install/traveler_msgs/include/traveler_msgs/msg/detail/traveler_config__rosidl_typesupport_fastrtps_c.h
-- Up-to-date: /home/qianlab/Desktop/lassie-turtle/dependencies/install/traveler_msgs/include/traveler_msgs/msg/detail/traveler_mode__rosidl_typesupport_fastrtps_c.h
-- Up-to-date: /home/qianlab/Desktop/lassie-turtle/dependencies/install/traveler_msgs/include/traveler_msgs/msg/detail/traveler_status__rosidl_typesupport_fastrtps_c.h
-- Up-to-date: /home/qianlab/Desktop/lassie-turtle/dependencies/install/traveler_msgs/include/traveler_msgs/msg/detail/set_input_position__rosidl_typesupport_fastrtps_c.h
-- Up-to-date: /home/qianlab/Desktop/lassie-turtle/dependencies/install/traveler_msgs/include/traveler_msgs/msg/detail/set_state__rosidl_typesupport_fastrtps_c.h
-- Up-to-date: /home/qianlab/Desktop/lassie-turtle/dependencies/install/traveler_msgs/include/traveler_msgs/msg/detail/odrive_status__rosidl_typesupport_fastrtps_c.h
-- Up-to-date: /home/qianlab/Desktop/lassie-turtle/dependencies/install/traveler_msgs/lib/libtraveler_msgs__rosidl_typesupport_fastrtps_c.so
-- Up-to-date: /home/qianlab/Desktop/lassie-turtle/dependencies/install/traveler_msgs/include/traveler_msgs
-- Up-to-date: /home/qianlab/Desktop/lassie-turtle/dependencies/install/traveler_msgs/include/traveler_msgs/msg
-- Up-to-date: /home/qianlab/Desktop/lassie-turtle/dependencies/install/traveler_msgs/include/traveler_msgs/msg/detail
-- Up-to-date: /home/qianlab/Desktop/lassie-turtle/dependencies/install/traveler_msgs/include/traveler_msgs/msg/detail/traveler_config__rosidl_typesupport_fastrtps_cpp.hpp
-- Up-to-date: /home/qianlab/Desktop/lassie-turtle/dependencies/install/traveler_msgs/include/traveler_msgs/msg/detail/traveler_mode__rosidl_typesupport_fastrtps_cpp.hpp
-- Up-to-date: /home/qianlab/Desktop/lassie-turtle/dependencies/install/traveler_msgs/include/traveler_msgs/msg/detail/set_input_position__rosidl_typesupport_fastrtps_cpp.hpp
-- Up-to-date: /home/qianlab/Desktop/lassie-turtle/dependencies/install/traveler_msgs/include/traveler_msgs/msg/detail/dds_fastrtps
-- Up-to-date: /home/qianlab/Desktop/lassie-turtle/dependencies/install/traveler_msgs/include/traveler_msgs/msg/detail/traveler_status__rosidl_typesupport_fastrtps_cpp.hpp
-- Up-to-date: /home/qianlab/Desktop/lassie-turtle/dependencies/install/traveler_msgs/include/traveler_msgs/msg/detail/odrive_status__rosidl_typesupport_fastrtps_cpp.hpp
-- Up-to-date: /home/qianlab/Desktop/lassie-turtle/dependencies/install/traveler_msgs/include/traveler_msgs/msg/detail/set_state__rosidl_typesupport_fastrtps_cpp.hpp
-- Up-to-date: /home/qianlab/Desktop/lassie-turtle/dependencies/install/traveler_msgs/include/traveler_msgs/msg/rosidl_typesupport_fastrtps_cpp__visibility_control.h
-- Up-to-date: /home/qianlab/Desktop/lassie-turtle/dependencies/install/traveler_msgs/lib/libtraveler_msgs__rosidl_typesupport_fastrtps_cpp.so
-- Up-to-date: /home/qianlab/Desktop/lassie-turtle/dependencies/install/traveler_msgs/include/traveler_msgs
-- Up-to-date: /home/qianlab/Desktop/lassie-turtle/dependencies/install/traveler_msgs/include/traveler_msgs/msg
-- Up-to-date: /home/qianlab/Desktop/lassie-turtle/dependencies/install/traveler_msgs/include/traveler_msgs/msg/rosidl_typesupport_introspection_c__visibility_control.h
-- Up-to-date: /home/qianlab/Desktop/lassie-turtle/dependencies/install/traveler_msgs/include/traveler_msgs/msg/detail
-- Up-to-date: /home/qianlab/Desktop/lassie-turtle/dependencies/install/traveler_msgs/include/traveler_msgs/msg/detail/traveler_status__rosidl_typesupport_introspection_c.h
-- Up-to-date: /home/qianlab/Desktop/lassie-turtle/dependencies/install/traveler_msgs/include/traveler_msgs/msg/detail/traveler_config__rosidl_typesupport_introspection_c.h
-- Up-to-date: /home/qianlab/Desktop/lassie-turtle/dependencies/install/traveler_msgs/include/traveler_msgs/msg/detail/set_state__type_support.c
-- Up-to-date: /home/qianlab/Desktop/lassie-turtle/dependencies/install/traveler_msgs/include/traveler_msgs/msg/detail/traveler_mode__rosidl_typesupport_introspection_c.h
-- Up-to-date: /home/qianlab/Desktop/lassie-turtle/dependencies/install/traveler_msgs/include/traveler_msgs/msg/detail/set_input_position__rosidl_typesupport_introspection_c.h
-- Up-to-date: /home/qianlab/Desktop/lassie-turtle/dependencies/install/traveler_msgs/include/traveler_msgs/msg/detail/odrive_status__rosidl_typesupport_introspection_c.h
-- Up-to-date: /home/qianlab/Desktop/lassie-turtle/dependencies/install/traveler_msgs/include/traveler_msgs/msg/detail/traveler_mode__type_support.c
-- Up-to-date: /home/qianlab/Desktop/lassie-turtle/dependencies/install/traveler_msgs/include/traveler_msgs/msg/detail/set_input_position__type_support.c
-- Up-to-date: /home/qianlab/Desktop/lassie-turtle/dependencies/install/traveler_msgs/include/traveler_msgs/msg/detail/set_state__rosidl_typesupport_introspection_c.h
-- Up-to-date: /home/qianlab/Desktop/lassie-turtle/dependencies/install/traveler_msgs/include/traveler_msgs/msg/detail/traveler_status__type_support.c
-- Up-to-date: /home/qianlab/Desktop/lassie-turtle/dependencies/install/traveler_msgs/include/traveler_msgs/msg/detail/traveler_config__type_support.c
-- Up-to-date: /home/qianlab/Desktop/lassie-turtle/dependencies/install/traveler_msgs/include/traveler_msgs/msg/detail/odrive_status__type_support.c
-- Up-to-date: /home/qianlab/Desktop/lassie-turtle/dependencies/install/traveler_msgs/lib/libtraveler_msgs__rosidl_typesupport_introspection_c.so
-- Up-to-date: /home/qianlab/Desktop/lassie-turtle/dependencies/install/traveler_msgs/lib/libtraveler_msgs__rosidl_typesupport_c.so
-- Up-to-date: /home/qianlab/Desktop/lassie-turtle/dependencies/install/traveler_msgs/include/traveler_msgs
-- Up-to-date: /home/qianlab/Desktop/lassie-turtle/dependencies/install/traveler_msgs/include/traveler_msgs/msg
-- Up-to-date: /home/qianlab/Desktop/lassie-turtle/dependencies/install/traveler_msgs/include/traveler_msgs/msg/set_state.hpp
-- Up-to-date: /home/qianlab/Desktop/lassie-turtle/dependencies/install/traveler_msgs/include/traveler_msgs/msg/rosidl_generator_cpp__visibility_control.hpp
-- Up-to-date: /home/qianlab/Desktop/lassie-turtle/dependencies/install/traveler_msgs/include/traveler_msgs/msg/traveler_status.hpp
-- Up-to-date: /home/qianlab/Desktop/lassie-turtle/dependencies/install/traveler_msgs/include/traveler_msgs/msg/traveler_mode.hpp
-- Up-to-date: /home/qianlab/Desktop/lassie-turtle/dependencies/install/traveler_msgs/include/traveler_msgs/msg/traveler_config.hpp
-- Up-to-date: /home/qianlab/Desktop/lassie-turtle/dependencies/install/traveler_msgs/include/traveler_msgs/msg/set_input_position.hpp
-- Up-to-date: /home/qianlab/Desktop/lassie-turtle/dependencies/install/traveler_msgs/include/traveler_msgs/msg/odrive_status.hpp
-- Up-to-date: /home/qianlab/Desktop/lassie-turtle/dependencies/install/traveler_msgs/include/traveler_msgs/msg/detail
-- Up-to-date: /home/qianlab/Desktop/lassie-turtle/dependencies/install/traveler_msgs/include/traveler_msgs/msg/detail/traveler_config__builder.hpp
-- Up-to-date: /home/qianlab/Desktop/lassie-turtle/dependencies/install/traveler_msgs/include/traveler_msgs/msg/detail/traveler_status__builder.hpp
-- Up-to-date: /home/qianlab/Desktop/lassie-turtle/dependencies/install/traveler_msgs/include/traveler_msgs/msg/detail/traveler_config__type_support.hpp
-- Up-to-date: /home/qianlab/Desktop/lassie-turtle/dependencies/install/traveler_msgs/include/traveler_msgs/msg/detail/traveler_config__traits.hpp
-- Up-to-date: /home/qianlab/Desktop/lassie-turtle/dependencies/install/traveler_msgs/include/traveler_msgs/msg/detail/traveler_mode__builder.hpp
-- Up-to-date: /home/qianlab/Desktop/lassie-turtle/dependencies/install/traveler_msgs/include/traveler_msgs/msg/detail/odrive_status__traits.hpp
-- Up-to-date: /home/qianlab/Desktop/lassie-turtle/dependencies/install/traveler_msgs/include/traveler_msgs/msg/detail/set_input_position__struct.hpp
-- Up-to-date: /home/qianlab/Desktop/lassie-turtle/dependencies/install/traveler_msgs/include/traveler_msgs/msg/detail/set_state__traits.hpp
-- Up-to-date: /home/qianlab/Desktop/lassie-turtle/dependencies/install/traveler_msgs/include/traveler_msgs/msg/detail/odrive_status__builder.hpp
-- Up-to-date: /home/qianlab/Desktop/lassie-turtle/dependencies/install/traveler_msgs/include/traveler_msgs/msg/detail/traveler_mode__struct.hpp
-- Up-to-date: /home/qianlab/Desktop/lassie-turtle/dependencies/install/traveler_msgs/include/traveler_msgs/msg/detail/set_state__builder.hpp
-- Up-to-date: /home/qianlab/Desktop/lassie-turtle/dependencies/install/traveler_msgs/include/traveler_msgs/msg/detail/set_input_position__type_support.hpp
-- Up-to-date: /home/qianlab/Desktop/lassie-turtle/dependencies/install/traveler_msgs/include/traveler_msgs/msg/detail/traveler_status__traits.hpp
-- Up-to-date: /home/qianlab/Desktop/lassie-turtle/dependencies/install/traveler_msgs/include/traveler_msgs/msg/detail/traveler_mode__type_support.hpp
-- Up-to-date: /home/qianlab/Desktop/lassie-turtle/dependencies/install/traveler_msgs/include/traveler_msgs/msg/detail/set_state__type_support.hpp
-- Up-to-date: /home/qianlab/Desktop/lassie-turtle/dependencies/install/traveler_msgs/include/traveler_msgs/msg/detail/traveler_config__struct.hpp
-- Up-to-date: /home/qianlab/Desktop/lassie-turtle/dependencies/install/traveler_msgs/include/traveler_msgs/msg/detail/odrive_status__type_support.hpp
-- Up-to-date: /home/qianlab/Desktop/lassie-turtle/dependencies/install/traveler_msgs/include/traveler_msgs/msg/detail/odrive_status__struct.hpp
-- Up-to-date: /home/qianlab/Desktop/lassie-turtle/dependencies/install/traveler_msgs/include/traveler_msgs/msg/detail/traveler_status__type_support.hpp
-- Up-to-date: /home/qianlab/Desktop/lassie-turtle/dependencies/install/traveler_msgs/include/traveler_msgs/msg/detail/set_input_position__builder.hpp
-- Up-to-date: /home/qianlab/Desktop/lassie-turtle/dependencies/install/traveler_msgs/include/traveler_msgs/msg/detail/traveler_status__struct.hpp
-- Up-to-date: /home/qianlab/Desktop/lassie-turtle/dependencies/install/traveler_msgs/include/traveler_msgs/msg/detail/traveler_mode__traits.hpp
-- Up-to-date: /home/qianlab/Desktop/lassie-turtle/dependencies/install/traveler_msgs/include/traveler_msgs/msg/detail/set_state__struct.hpp
-- Up-to-date: /home/qianlab/Desktop/lassie-turtle/dependencies/install/traveler_msgs/include/traveler_msgs/msg/detail/set_input_position__traits.hpp
-- Up-to-date: /home/qianlab/Desktop/lassie-turtle/dependencies/install/traveler_msgs/include/traveler_msgs
-- Up-to-date: /home/qianlab/Desktop/lassie-turtle/dependencies/install/traveler_msgs/include/traveler_msgs/msg
-- Up-to-date: /home/qianlab/Desktop/lassie-turtle/dependencies/install/traveler_msgs/include/traveler_msgs/msg/detail
-- Up-to-date: /home/qianlab/Desktop/lassie-turtle/dependencies/install/traveler_msgs/include/traveler_msgs/msg/detail/traveler_mode__type_support.cpp
-- Up-to-date: /home/qianlab/Desktop/lassie-turtle/dependencies/install/traveler_msgs/include/traveler_msgs/msg/detail/odrive_status__rosidl_typesupport_introspection_cpp.hpp
-- Up-to-date: /home/qianlab/Desktop/lassie-turtle/dependencies/install/traveler_msgs/include/traveler_msgs/msg/detail/set_state__rosidl_typesupport_introspection_cpp.hpp
-- Up-to-date: /home/qianlab/Desktop/lassie-turtle/dependencies/install/traveler_msgs/include/traveler_msgs/msg/detail/traveler_status__type_support.cpp
-- Up-to-date: /home/qianlab/Desktop/lassie-turtle/dependencies/install/traveler_msgs/include/traveler_msgs/msg/detail/traveler_status__rosidl_typesupport_introspection_cpp.hpp
-- Up-to-date: /home/qianlab/Desktop/lassie-turtle/dependencies/install/traveler_msgs/include/traveler_msgs/msg/detail/set_input_position__rosidl_typesupport_introspection_cpp.hpp
-- Up-to-date: /home/qianlab/Desktop/lassie-turtle/dependencies/install/traveler_msgs/include/traveler_msgs/msg/detail/odrive_status__type_support.cpp
-- Up-to-date: /home/qianlab/Desktop/lassie-turtle/dependencies/install/traveler_msgs/include/traveler_msgs/msg/detail/traveler_mode__rosidl_typesupport_introspection_cpp.hpp
-- Up-to-date: /home/qianlab/Desktop/lassie-turtle/dependencies/install/traveler_msgs/include/traveler_msgs/msg/detail/set_state__type_support.cpp
-- Up-to-date: /home/qianlab/Desktop/lassie-turtle/dependencies/install/traveler_msgs/include/traveler_msgs/msg/detail/traveler_config__type_support.cpp
-- Up-to-date: /home/qianlab/Desktop/lassie-turtle/dependencies/install/traveler_msgs/include/traveler_msgs/msg/detail/set_input_position__type_support.cpp
-- Up-to-date: /home/qianlab/Desktop/lassie-turtle/dependencies/install/traveler_msgs/include/traveler_msgs/msg/detail/traveler_config__rosidl_typesupport_introspection_cpp.hpp
-- Up-to-date: /home/qianlab/Desktop/lassie-turtle/dependencies/install/traveler_msgs/lib/libtraveler_msgs__rosidl_typesupport_introspection_cpp.so
-- Up-to-date: /home/qianlab/Desktop/lassie-turtle/dependencies/install/traveler_msgs/lib/libtraveler_msgs__rosidl_typesupport_cpp.so
-- Up-to-date: /home/qianlab/Desktop/lassie-turtle/dependencies/install/traveler_msgs/share/traveler_msgs/environment/pythonpath.sh
-- Up-to-date: /home/qianlab/Desktop/lassie-turtle/dependencies/install/traveler_msgs/share/traveler_msgs/environment/pythonpath.dsv
-- Up-to-date: /home/qianlab/Desktop/lassie-turtle/dependencies/install/traveler_msgs/lib/python3.8/site-packages/traveler_msgs/__init__.py
-- Up-to-date: /home/qianlab/Desktop/lassie-turtle/dependencies/install/traveler_msgs/lib/python3.8/site-packages/traveler_msgs/msg
-- Up-to-date: /home/qianlab/Desktop/lassie-turtle/dependencies/install/traveler_msgs/lib/python3.8/site-packages/traveler_msgs/msg/_set_input_position_s.c
-- Up-to-date: /home/qianlab/Desktop/lassie-turtle/dependencies/install/traveler_msgs/lib/python3.8/site-packages/traveler_msgs/msg/_traveler_mode.py
-- Up-to-date: /home/qianlab/Desktop/lassie-turtle/dependencies/install/traveler_msgs/lib/python3.8/site-packages/traveler_msgs/msg/_odrive_status_s.c
-- Up-to-date: /home/qianlab/Desktop/lassie-turtle/dependencies/install/traveler_msgs/lib/python3.8/site-packages/traveler_msgs/msg/_traveler_mode_s.c
-- Up-to-date: /home/qianlab/Desktop/lassie-turtle/dependencies/install/traveler_msgs/lib/python3.8/site-packages/traveler_msgs/msg/_traveler_status.py
-- Up-to-date: /home/qianlab/Desktop/lassie-turtle/dependencies/install/traveler_msgs/lib/python3.8/site-packages/traveler_msgs/msg/_set_input_position.py
-- Up-to-date: /home/qianlab/Desktop/lassie-turtle/dependencies/install/traveler_msgs/lib/python3.8/site-packages/traveler_msgs/msg/_odrive_status.py
-- Up-to-date: /home/qianlab/Desktop/lassie-turtle/dependencies/install/traveler_msgs/lib/python3.8/site-packages/traveler_msgs/msg/_traveler_config_s.c
-- Up-to-date: /home/qianlab/Desktop/lassie-turtle/dependencies/install/traveler_msgs/lib/python3.8/site-packages/traveler_msgs/msg/_set_state_s.c
-- Up-to-date: /home/qianlab/Desktop/lassie-turtle/dependencies/install/traveler_msgs/lib/python3.8/site-packages/traveler_msgs/msg/_traveler_status_s.c
-- Up-to-date: /home/qianlab/Desktop/lassie-turtle/dependencies/install/traveler_msgs/lib/python3.8/site-packages/traveler_msgs/msg/_traveler_config.py
-- Up-to-date: /home/qianlab/Desktop/lassie-turtle/dependencies/install/traveler_msgs/lib/python3.8/site-packages/traveler_msgs/msg/_set_state.py
-- Up-to-date: /home/qianlab/Desktop/lassie-turtle/dependencies/install/traveler_msgs/lib/python3.8/site-packages/traveler_msgs/msg/__init__.py
-- Up-to-date: /home/qianlab/Desktop/lassie-turtle/dependencies/install/traveler_msgs/lib/python3.8/site-packages/traveler_msgs/traveler_msgs_s__rosidl_typesupport_fastrtps_c.cpython-38-x86_64-linux-gnu.so
-- Up-to-date: /home/qianlab/Desktop/lassie-turtle/dependencies/install/traveler_msgs/lib/python3.8/site-packages/traveler_msgs/traveler_msgs_s__rosidl_typesupport_introspection_c.cpython-38-x86_64-linux-gnu.so
-- Up-to-date: /home/qianlab/Desktop/lassie-turtle/dependencies/install/traveler_msgs/lib/python3.8/site-packages/traveler_msgs/traveler_msgs_s__rosidl_typesupport_c.cpython-38-x86_64-linux-gnu.so
-- Up-to-date: /home/qianlab/Desktop/lassie-turtle/dependencies/install/traveler_msgs/lib/libtraveler_msgs__python.so
-- Up-to-date: /home/qianlab/Desktop/lassie-turtle/dependencies/install/traveler_msgs/share/traveler_msgs/msg/OdriveStatus.idl
-- Up-to-date: /home/qianlab/Desktop/lassie-turtle/dependencies/install/traveler_msgs/share/traveler_msgs/msg/TravelerConfig.idl
-- Up-to-date: /home/qianlab/Desktop/lassie-turtle/dependencies/install/traveler_msgs/share/traveler_msgs/msg/TravelerMode.idl
-- Up-to-date: /home/qianlab/Desktop/lassie-turtle/dependencies/install/traveler_msgs/share/traveler_msgs/msg/TravelerStatus.idl
-- Up-to-date: /home/qianlab/Desktop/lassie-turtle/dependencies/install/traveler_msgs/share/traveler_msgs/msg/SetState.idl
-- Up-to-date: /home/qianlab/Desktop/lassie-turtle/dependencies/install/traveler_msgs/share/traveler_msgs/msg/SetInputPosition.idl
-- Up-to-date: /home/qianlab/Desktop/lassie-turtle/dependencies/install/traveler_msgs/share/traveler_msgs/msg/OdriveStatus.msg
-- Up-to-date: /home/qianlab/Desktop/lassie-turtle/dependencies/install/traveler_msgs/share/traveler_msgs/msg/TravelerConfig.msg
-- Up-to-date: /home/qianlab/Desktop/lassie-turtle/dependencies/install/traveler_msgs/share/traveler_msgs/msg/TravelerMode.msg
-- Up-to-date: /home/qianlab/Desktop/lassie-turtle/dependencies/install/traveler_msgs/share/traveler_msgs/msg/TravelerStatus.msg
-- Up-to-date: /home/qianlab/Desktop/lassie-turtle/dependencies/install/traveler_msgs/share/traveler_msgs/odrivemsg/SetState.msg
-- Up-to-date: /home/qianlab/Desktop/lassie-turtle/dependencies/install/traveler_msgs/share/traveler_msgs/odrivemsg/SetInputPosition.msg
-- Up-to-date: /home/qianlab/Desktop/lassie-turtle/dependencies/install/traveler_msgs/share/ament_index/resource_index/package_run_dependencies/traveler_msgs
-- Up-to-date: /home/qianlab/Desktop/lassie-turtle/dependencies/install/traveler_msgs/share/ament_index/resource_index/parent_prefix_path/traveler_msgs
-- Up-to-date: /home/qianlab/Desktop/lassie-turtle/dependencies/install/traveler_msgs/share/traveler_msgs/environment/ament_prefix_path.sh
-- Up-to-date: /home/qianlab/Desktop/lassie-turtle/dependencies/install/traveler_msgs/share/traveler_msgs/environment/ament_prefix_path.dsv
-- Up-to-date: /home/qianlab/Desktop/lassie-turtle/dependencies/install/traveler_msgs/share/traveler_msgs/environment/path.sh
-- Up-to-date: /home/qianlab/Desktop/lassie-turtle/dependencies/install/traveler_msgs/share/traveler_msgs/environment/path.dsv
-- Up-to-date: /home/qianlab/Desktop/lassie-turtle/dependencies/install/traveler_msgs/share/traveler_msgs/local_setup.bash
-- Up-to-date: /home/qianlab/Desktop/lassie-turtle/dependencies/install/traveler_msgs/share/traveler_msgs/local_setup.sh
-- Up-to-date: /home/qianlab/Desktop/lassie-turtle/dependencies/install/traveler_msgs/share/traveler_msgs/local_setup.zsh
-- Up-to-date: /home/qianlab/Desktop/lassie-turtle/dependencies/install/traveler_msgs/share/traveler_msgs/local_setup.dsv
-- Installing: /home/qianlab/Desktop/lassie-turtle/dependencies/install/traveler_msgs/share/traveler_msgs/package.dsv
-- Up-to-date: /home/qianlab/Desktop/lassie-turtle/dependencies/install/traveler_msgs/share/ament_index/resource_index/packages/traveler_msgs
-- Up-to-date: /home/qianlab/Desktop/lassie-turtle/dependencies/install/traveler_msgs/share/traveler_msgs/cmake/traveler_msgs__rosidl_generator_cExport.cmake
-- Up-to-date: /home/qianlab/Desktop/lassie-turtle/dependencies/install/traveler_msgs/share/traveler_msgs/cmake/traveler_msgs__rosidl_generator_cExport-noconfig.cmake
-- Up-to-date: /home/qianlab/Desktop/lassie-turtle/dependencies/install/traveler_msgs/share/traveler_msgs/cmake/traveler_msgs__rosidl_typesupport_introspection_cExport.cmake
-- Up-to-date: /home/qianlab/Desktop/lassie-turtle/dependencies/install/traveler_msgs/share/traveler_msgs/cmake/traveler_msgs__rosidl_typesupport_introspection_cExport-noconfig.cmake
-- Up-to-date: /home/qianlab/Desktop/lassie-turtle/dependencies/install/traveler_msgs/share/traveler_msgs/cmake/traveler_msgs__rosidl_typesupport_cExport.cmake
-- Up-to-date: /home/qianlab/Desktop/lassie-turtle/dependencies/install/traveler_msgs/share/traveler_msgs/cmake/traveler_msgs__rosidl_typesupport_cExport-noconfig.cmake
-- Up-to-date: /home/qianlab/Desktop/lassie-turtle/dependencies/install/traveler_msgs/share/traveler_msgs/cmake/traveler_msgs__rosidl_generator_cppExport.cmake
-- Up-to-date: /home/qianlab/Desktop/lassie-turtle/dependencies/install/traveler_msgs/share/traveler_msgs/cmake/traveler_msgs__rosidl_typesupport_introspection_cppExport.cmake
-- Up-to-date: /home/qianlab/Desktop/lassie-turtle/dependencies/install/traveler_msgs/share/traveler_msgs/cmake/traveler_msgs__rosidl_typesupport_introspection_cppExport-noconfig.cmake
-- Up-to-date: /home/qianlab/Desktop/lassie-turtle/dependencies/install/traveler_msgs/share/traveler_msgs/cmake/traveler_msgs__rosidl_typesupport_cppExport.cmake
-- Up-to-date: /home/qianlab/Desktop/lassie-turtle/dependencies/install/traveler_msgs/share/traveler_msgs/cmake/traveler_msgs__rosidl_typesupport_cppExport-noconfig.cmake
-- Up-to-date: /home/qianlab/Desktop/lassie-turtle/dependencies/install/traveler_msgs/share/traveler_msgs/cmake/rosidl_cmake-extras.cmake
-- Up-to-date: /home/qianlab/Desktop/lassie-turtle/dependencies/install/traveler_msgs/share/traveler_msgs/cmake/ament_cmake_export_dependencies-extras.cmake
-- Up-to-date: /home/qianlab/Desktop/lassie-turtle/dependencies/install/traveler_msgs/share/traveler_msgs/cmake/ament_cmake_export_libraries-extras.cmake
-- Up-to-date: /home/qianlab/Desktop/lassie-turtle/dependencies/install/traveler_msgs/share/traveler_msgs/cmake/ament_cmake_export_targets-extras.cmake
-- Up-to-date: /home/qianlab/Desktop/lassie-turtle/dependencies/install/traveler_msgs/share/traveler_msgs/cmake/ament_cmake_export_include_directories-extras.cmake
-- Up-to-date: /home/qianlab/Desktop/lassie-turtle/dependencies/install/traveler_msgs/share/traveler_msgs/cmake/rosidl_cmake_export_typesupport_libraries-extras.cmake
-- Up-to-date: /home/qianlab/Desktop/lassie-turtle/dependencies/install/traveler_msgs/share/traveler_msgs/cmake/rosidl_cmake_export_typesupport_targets-extras.cmake
-- Up-to-date: /home/qianlab/Desktop/lassie-turtle/dependencies/install/traveler_msgs/share/traveler_msgs/cmake/traveler_msgsConfig.cmake
-- Up-to-date: /home/qianlab/Desktop/lassie-turtle/dependencies/install/traveler_msgs/share/traveler_msgs/cmake/traveler_msgsConfig-version.cmake
-- Up-to-date: /home/qianlab/Desktop/lassie-turtle/dependencies/install/traveler_msgs/share/traveler_msgs/package.xml
