[0.172s] DEBUG:colcon:Command line arguments: ['/usr/bin/colcon', 'build']
[0.172s] DEBUG:colcon:Parsed command line arguments: Namespace(allow_overriding=[], ament_cmake_args=None, base_paths=['.'], build_base='build', catkin_cmake_args=None, catkin_skip_building_tests=False, cmake_args=None, cmake_clean_cache=False, cmake_clean_first=False, cmake_force_configure=False, cmake_target=None, cmake_target_skip_unavailable=False, continue_on_error=False, event_handlers=None, executor='parallel', ignore_user_meta=False, install_base='install', log_base=None, log_level=None, main=<bound method BuildVerb.main of <colcon_core.verb.build.BuildVerb object at 0x7f653190f070>>, merge_install=False, metas=['./colcon.meta'], packages_above=None, packages_above_and_dependencies=None, packages_above_depth=None, packages_end=None, packages_ignore=None, packages_ignore_regex=None, packages_select=None, packages_select_build_failed=False, packages_select_by_dep=None, packages_select_regex=None, packages_select_test_failures=False, packages_skip=None, packages_skip_build_finished=False, packages_skip_by_dep=None, packages_skip_regex=None, packages_skip_test_passed=False, packages_skip_up_to=None, packages_start=None, packages_up_to=None, packages_up_to_regex=None, parallel_workers=12, paths=None, symlink_install=False, test_result_base=None, verb_extension=<colcon_core.verb.build.BuildVerb object at 0x7f653190f070>, verb_name='build', verb_parser=<colcon_defaults.argument_parser.defaults.DefaultArgumentsDecorator object at 0x7f653190f5b0>)
[0.198s] Level 1:colcon.colcon_core.package_discovery:discover_packages(colcon_meta) check parameters
[0.198s] Level 1:colcon.colcon_core.package_discovery:discover_packages(recursive) check parameters
[0.198s] Level 1:colcon.colcon_core.package_discovery:discover_packages(ignore) check parameters
[0.198s] Level 1:colcon.colcon_core.package_discovery:discover_packages(path) check parameters
[0.198s] Level 1:colcon.colcon_core.package_discovery:discover_packages(colcon_meta) discover
[0.198s] Level 1:colcon.colcon_core.package_discovery:discover_packages(recursive) discover
[0.198s] INFO:colcon.colcon_core.package_discovery:Crawling recursively for packages in '/home/qianlab/dependencies'
[0.198s] Level 1:colcon.colcon_core.package_identification:_identify(.) by extensions ['ignore', 'ignore_ament_install']
[0.198s] Level 1:colcon.colcon_core.package_identification:_identify(.) by extension 'ignore'
[0.198s] Level 1:colcon.colcon_core.package_identification:_identify(.) by extension 'ignore_ament_install'
[0.198s] Level 1:colcon.colcon_core.package_identification:_identify(.) by extensions ['colcon_pkg']
[0.198s] Level 1:colcon.colcon_core.package_identification:_identify(.) by extension 'colcon_pkg'
[0.198s] Level 1:colcon.colcon_core.package_identification:_identify(.) by extensions ['colcon_meta']
[0.198s] Level 1:colcon.colcon_core.package_identification:_identify(.) by extension 'colcon_meta'
[0.198s] Level 1:colcon.colcon_core.package_identification:_identify(.) by extensions ['ros']
[0.198s] Level 1:colcon.colcon_core.package_identification:_identify(.) by extension 'ros'
[0.211s] Level 1:colcon.colcon_core.package_identification:_identify(.) by extensions ['cmake', 'python']
[0.211s] Level 1:colcon.colcon_core.package_identification:_identify(.) by extension 'cmake'
[0.211s] Level 1:colcon.colcon_core.package_identification:_identify(.) by extension 'python'
[0.211s] Level 1:colcon.colcon_core.package_identification:_identify(.) by extensions ['python_setup_py']
[0.211s] Level 1:colcon.colcon_core.package_identification:_identify(.) by extension 'python_setup_py'
[0.211s] Level 1:colcon.colcon_core.package_identification:_identify(build) by extensions ['ignore', 'ignore_ament_install']
[0.211s] Level 1:colcon.colcon_core.package_identification:_identify(build) by extension 'ignore'
[0.211s] Level 1:colcon.colcon_core.package_identification:_identify(build) ignored
[0.211s] Level 1:colcon.colcon_core.package_identification:_identify(install) by extensions ['ignore', 'ignore_ament_install']
[0.211s] Level 1:colcon.colcon_core.package_identification:_identify(install) by extension 'ignore'
[0.211s] Level 1:colcon.colcon_core.package_identification:_identify(install) ignored
[0.211s] Level 1:colcon.colcon_core.package_identification:_identify(log) by extensions ['ignore', 'ignore_ament_install']
[0.211s] Level 1:colcon.colcon_core.package_identification:_identify(log) by extension 'ignore'
[0.211s] Level 1:colcon.colcon_core.package_identification:_identify(log) ignored
[0.211s] Level 1:colcon.colcon_core.package_identification:_identify(traveler_controller) by extensions ['ignore', 'ignore_ament_install']
[0.212s] Level 1:colcon.colcon_core.package_identification:_identify(traveler_controller) by extension 'ignore'
[0.212s] Level 1:colcon.colcon_core.package_identification:_identify(traveler_controller) by extension 'ignore_ament_install'
[0.212s] Level 1:colcon.colcon_core.package_identification:_identify(traveler_controller) by extensions ['colcon_pkg']
[0.212s] Level 1:colcon.colcon_core.package_identification:_identify(traveler_controller) by extension 'colcon_pkg'
[0.212s] Level 1:colcon.colcon_core.package_identification:_identify(traveler_controller) by extensions ['colcon_meta']
[0.212s] Level 1:colcon.colcon_core.package_identification:_identify(traveler_controller) by extension 'colcon_meta'
[0.212s] Level 1:colcon.colcon_core.package_identification:_identify(traveler_controller) by extensions ['ros']
[0.212s] Level 1:colcon.colcon_core.package_identification:_identify(traveler_controller) by extension 'ros'
[0.213s] DEBUG:colcon.colcon_core.package_identification:Package 'traveler_controller' with type 'ros.ament_cmake' and name 'turtle_high_controller'
[0.213s] Level 1:colcon.colcon_core.package_identification:_identify(traveler_msgs) by extensions ['ignore', 'ignore_ament_install']
[0.213s] Level 1:colcon.colcon_core.package_identification:_identify(traveler_msgs) by extension 'ignore'
[0.213s] Level 1:colcon.colcon_core.package_identification:_identify(traveler_msgs) by extension 'ignore_ament_install'
[0.213s] Level 1:colcon.colcon_core.package_identification:_identify(traveler_msgs) by extensions ['colcon_pkg']
[0.213s] Level 1:colcon.colcon_core.package_identification:_identify(traveler_msgs) by extension 'colcon_pkg'
[0.213s] Level 1:colcon.colcon_core.package_identification:_identify(traveler_msgs) by extensions ['colcon_meta']
[0.213s] Level 1:colcon.colcon_core.package_identification:_identify(traveler_msgs) by extension 'colcon_meta'
[0.213s] Level 1:colcon.colcon_core.package_identification:_identify(traveler_msgs) by extensions ['ros']
[0.213s] Level 1:colcon.colcon_core.package_identification:_identify(traveler_msgs) by extension 'ros'
[0.214s] DEBUG:colcon.colcon_core.package_identification:Package 'traveler_msgs' with type 'ros.ament_cmake' and name 'traveler_msgs'
[0.214s] Level 1:colcon.colcon_core.package_discovery:discover_packages(recursive) using defaults
[0.214s] Level 1:colcon.colcon_core.package_discovery:discover_packages(ignore) discover
[0.214s] Level 1:colcon.colcon_core.package_discovery:discover_packages(ignore) using defaults
[0.214s] Level 1:colcon.colcon_core.package_discovery:discover_packages(path) discover
[0.214s] Level 1:colcon.colcon_core.package_discovery:discover_packages(path) using defaults
[0.225s] Level 1:colcon.colcon_core.package_discovery:discover_packages(prefix_path) check parameters
[0.225s] Level 1:colcon.colcon_core.package_discovery:discover_packages(prefix_path) discover
[0.227s] DEBUG:colcon.colcon_installed_package_information.package_discovery:Found 295 installed packages in /opt/ros/foxy
[0.228s] Level 1:colcon.colcon_core.package_discovery:discover_packages(prefix_path) using defaults
[0.266s] Level 5:colcon.colcon_core.verb:set package 'traveler_msgs' build argument 'cmake_args' from command line to 'None'
[0.266s] Level 5:colcon.colcon_core.verb:set package 'traveler_msgs' build argument 'cmake_target' from command line to 'None'
[0.266s] Level 5:colcon.colcon_core.verb:set package 'traveler_msgs' build argument 'cmake_target_skip_unavailable' from command line to 'False'
[0.266s] Level 5:colcon.colcon_core.verb:set package 'traveler_msgs' build argument 'cmake_clean_cache' from command line to 'False'
[0.266s] Level 5:colcon.colcon_core.verb:set package 'traveler_msgs' build argument 'cmake_clean_first' from command line to 'False'
[0.266s] Level 5:colcon.colcon_core.verb:set package 'traveler_msgs' build argument 'cmake_force_configure' from command line to 'False'
[0.266s] Level 5:colcon.colcon_core.verb:set package 'traveler_msgs' build argument 'ament_cmake_args' from command line to 'None'
[0.266s] Level 5:colcon.colcon_core.verb:set package 'traveler_msgs' build argument 'catkin_cmake_args' from command line to 'None'
[0.266s] Level 5:colcon.colcon_core.verb:set package 'traveler_msgs' build argument 'catkin_skip_building_tests' from command line to 'False'
[0.266s] DEBUG:colcon.colcon_core.verb:Building package 'traveler_msgs' with the following arguments: {'ament_cmake_args': None, 'build_base': '/home/qianlab/dependencies/build/traveler_msgs', 'catkin_cmake_args': None, 'catkin_skip_building_tests': False, 'cmake_args': None, 'cmake_clean_cache': False, 'cmake_clean_first': False, 'cmake_force_configure': False, 'cmake_target': None, 'cmake_target_skip_unavailable': False, 'install_base': '/home/qianlab/dependencies/install/traveler_msgs', 'merge_install': False, 'path': '/home/qianlab/dependencies/traveler_msgs', 'symlink_install': False, 'test_result_base': None}
[0.267s] Level 5:colcon.colcon_core.verb:set package 'turtle_high_controller' build argument 'cmake_args' from command line to 'None'
[0.267s] Level 5:colcon.colcon_core.verb:set package 'turtle_high_controller' build argument 'cmake_target' from command line to 'None'
[0.267s] Level 5:colcon.colcon_core.verb:set package 'turtle_high_controller' build argument 'cmake_target_skip_unavailable' from command line to 'False'
[0.267s] Level 5:colcon.colcon_core.verb:set package 'turtle_high_controller' build argument 'cmake_clean_cache' from command line to 'False'
[0.267s] Level 5:colcon.colcon_core.verb:set package 'turtle_high_controller' build argument 'cmake_clean_first' from command line to 'False'
[0.267s] Level 5:colcon.colcon_core.verb:set package 'turtle_high_controller' build argument 'cmake_force_configure' from command line to 'False'
[0.267s] Level 5:colcon.colcon_core.verb:set package 'turtle_high_controller' build argument 'ament_cmake_args' from command line to 'None'
[0.267s] Level 5:colcon.colcon_core.verb:set package 'turtle_high_controller' build argument 'catkin_cmake_args' from command line to 'None'
[0.267s] Level 5:colcon.colcon_core.verb:set package 'turtle_high_controller' build argument 'catkin_skip_building_tests' from command line to 'False'
[0.267s] DEBUG:colcon.colcon_core.verb:Building package 'turtle_high_controller' with the following arguments: {'ament_cmake_args': None, 'build_base': '/home/qianlab/dependencies/build/turtle_high_controller', 'catkin_cmake_args': None, 'catkin_skip_building_tests': False, 'cmake_args': None, 'cmake_clean_cache': False, 'cmake_clean_first': False, 'cmake_force_configure': False, 'cmake_target': None, 'cmake_target_skip_unavailable': False, 'install_base': '/home/qianlab/dependencies/install/turtle_high_controller', 'merge_install': False, 'path': '/home/qianlab/dependencies/traveler_controller', 'symlink_install': False, 'test_result_base': None}
[0.267s] INFO:colcon.colcon_core.executor:Executing jobs using 'parallel' executor
[0.269s] DEBUG:colcon.colcon_parallel_executor.executor.parallel:run_until_complete
[0.270s] INFO:colcon.colcon_ros.task.ament_cmake.build:Building ROS package in '/home/qianlab/dependencies/traveler_msgs' with build type 'ament_cmake'
[0.270s] INFO:colcon.colcon_cmake.task.cmake.build:Building CMake package in '/home/qianlab/dependencies/traveler_msgs'
[0.273s] INFO:colcon.colcon_core.plugin_system:Skipping extension 'colcon_core.shell.bat': Not used on non-Windows systems
[0.273s] INFO:colcon.colcon_core.shell:Skip shell extension 'powershell' for command environment: Not usable outside of PowerShell
[0.273s] DEBUG:colcon.colcon_core.shell:Skip shell extension 'dsv' for command environment
[0.282s] DEBUG:colcon.colcon_core.event_handler.log_command:Invoking command in '/home/qianlab/dependencies/build/traveler_msgs': CMAKE_PREFIX_PATH=/opt/ros/foxy /usr/bin/cmake /home/qianlab/dependencies/traveler_msgs -DCMAKE_INSTALL_PREFIX=/home/qianlab/dependencies/install/traveler_msgs
[1.593s] DEBUG:colcon.colcon_core.event_handler.log_command:Invoked command in '/home/qianlab/dependencies/build/traveler_msgs' returned '0': CMAKE_PREFIX_PATH=/opt/ros/foxy /usr/bin/cmake /home/qianlab/dependencies/traveler_msgs -DCMAKE_INSTALL_PREFIX=/home/qianlab/dependencies/install/traveler_msgs
[1.595s] DEBUG:colcon.colcon_core.event_handler.log_command:Invoking command in '/home/qianlab/dependencies/build/traveler_msgs': CMAKE_PREFIX_PATH=/opt/ros/foxy /usr/bin/cmake --build /home/qianlab/dependencies/build/traveler_msgs -- -j12 -l12
[4.351s] DEBUG:colcon.colcon_core.event_handler.log_command:Invoked command in '/home/qianlab/dependencies/build/traveler_msgs' returned '0': CMAKE_PREFIX_PATH=/opt/ros/foxy /usr/bin/cmake --build /home/qianlab/dependencies/build/traveler_msgs -- -j12 -l12
[4.413s] DEBUG:colcon.colcon_core.event_handler.log_command:Invoking command in '/home/qianlab/dependencies/build/traveler_msgs': CMAKE_PREFIX_PATH=/opt/ros/foxy /usr/bin/cmake --install /home/qianlab/dependencies/build/traveler_msgs
[4.458s] Level 1:colcon.colcon_core.environment:create_environment_scripts_only(traveler_msgs)
[4.459s] DEBUG:colcon.colcon_core.event_handler.log_command:Invoked command in '/home/qianlab/dependencies/build/traveler_msgs' returned '0': CMAKE_PREFIX_PATH=/opt/ros/foxy /usr/bin/cmake --install /home/qianlab/dependencies/build/traveler_msgs
[4.463s] Level 1:colcon.colcon_core.environment:checking '/home/qianlab/dependencies/install/traveler_msgs' for CMake module files
[4.464s] Level 1:colcon.colcon_core.environment:checking '/home/qianlab/dependencies/install/traveler_msgs' for CMake config files
[4.464s] Level 1:colcon.colcon_core.shell:create_environment_hook('traveler_msgs', 'cmake_prefix_path')
[4.465s] INFO:colcon.colcon_core.shell:Creating environment hook '/home/qianlab/dependencies/install/traveler_msgs/share/traveler_msgs/hook/cmake_prefix_path.ps1'
[4.466s] INFO:colcon.colcon_core.shell:Creating environment descriptor '/home/qianlab/dependencies/install/traveler_msgs/share/traveler_msgs/hook/cmake_prefix_path.dsv'
[4.466s] INFO:colcon.colcon_core.shell:Creating environment hook '/home/qianlab/dependencies/install/traveler_msgs/share/traveler_msgs/hook/cmake_prefix_path.sh'
[4.466s] Level 1:colcon.colcon_core.environment:checking '/home/qianlab/dependencies/install/traveler_msgs/lib'
[4.467s] Level 1:colcon.colcon_core.shell:create_environment_hook('traveler_msgs', 'ld_library_path_lib')
[4.467s] INFO:colcon.colcon_core.shell:Creating environment hook '/home/qianlab/dependencies/install/traveler_msgs/share/traveler_msgs/hook/ld_library_path_lib.ps1'
[4.468s] INFO:colcon.colcon_core.shell:Creating environment descriptor '/home/qianlab/dependencies/install/traveler_msgs/share/traveler_msgs/hook/ld_library_path_lib.dsv'
[4.468s] INFO:colcon.colcon_core.shell:Creating environment hook '/home/qianlab/dependencies/install/traveler_msgs/share/traveler_msgs/hook/ld_library_path_lib.sh'
[4.468s] Level 1:colcon.colcon_core.environment:checking '/home/qianlab/dependencies/install/traveler_msgs/bin'
[4.468s] Level 1:colcon.colcon_core.environment:checking '/home/qianlab/dependencies/install/traveler_msgs/lib/pkgconfig/traveler_msgs.pc'
[4.468s] Level 1:colcon.colcon_core.environment:checking '/home/qianlab/dependencies/install/traveler_msgs/lib/python3.8/site-packages'
[4.468s] Level 1:colcon.colcon_core.shell:create_environment_hook('traveler_msgs', 'pythonpath')
[4.469s] INFO:colcon.colcon_core.shell:Creating environment hook '/home/qianlab/dependencies/install/traveler_msgs/share/traveler_msgs/hook/pythonpath.ps1'
[4.469s] INFO:colcon.colcon_core.shell:Creating environment descriptor '/home/qianlab/dependencies/install/traveler_msgs/share/traveler_msgs/hook/pythonpath.dsv'
[4.469s] INFO:colcon.colcon_core.shell:Creating environment hook '/home/qianlab/dependencies/install/traveler_msgs/share/traveler_msgs/hook/pythonpath.sh'
[4.469s] Level 1:colcon.colcon_core.environment:checking '/home/qianlab/dependencies/install/traveler_msgs/bin'
[4.470s] INFO:colcon.colcon_core.shell:Creating package script '/home/qianlab/dependencies/install/traveler_msgs/share/traveler_msgs/package.ps1'
[4.470s] INFO:colcon.colcon_core.shell:Creating package descriptor '/home/qianlab/dependencies/install/traveler_msgs/share/traveler_msgs/package.dsv'
[4.471s] INFO:colcon.colcon_core.shell:Creating package script '/home/qianlab/dependencies/install/traveler_msgs/share/traveler_msgs/package.sh'
[4.471s] INFO:colcon.colcon_core.shell:Creating package script '/home/qianlab/dependencies/install/traveler_msgs/share/traveler_msgs/package.bash'
[4.471s] INFO:colcon.colcon_core.shell:Creating package script '/home/qianlab/dependencies/install/traveler_msgs/share/traveler_msgs/package.zsh'
[4.472s] Level 1:colcon.colcon_core.environment:create_file_with_runtime_dependencies(/home/qianlab/dependencies/install/traveler_msgs/share/colcon-core/packages/traveler_msgs)
[4.524s] Level 1:colcon.colcon_core.environment:create_environment_scripts_only(traveler_msgs)
[4.526s] Level 1:colcon.colcon_core.environment:checking '/home/qianlab/dependencies/install/traveler_msgs' for CMake module files
[4.526s] Level 1:colcon.colcon_core.environment:checking '/home/qianlab/dependencies/install/traveler_msgs' for CMake config files
[4.526s] Level 1:colcon.colcon_core.shell:create_environment_hook('traveler_msgs', 'cmake_prefix_path')
[4.527s] INFO:colcon.colcon_core.shell:Creating environment hook '/home/qianlab/dependencies/install/traveler_msgs/share/traveler_msgs/hook/cmake_prefix_path.ps1'
[4.527s] INFO:colcon.colcon_core.shell:Creating environment descriptor '/home/qianlab/dependencies/install/traveler_msgs/share/traveler_msgs/hook/cmake_prefix_path.dsv'
[4.528s] INFO:colcon.colcon_core.shell:Creating environment hook '/home/qianlab/dependencies/install/traveler_msgs/share/traveler_msgs/hook/cmake_prefix_path.sh'
[4.528s] Level 1:colcon.colcon_core.environment:checking '/home/qianlab/dependencies/install/traveler_msgs/lib'
[4.528s] Level 1:colcon.colcon_core.shell:create_environment_hook('traveler_msgs', 'ld_library_path_lib')
[4.529s] INFO:colcon.colcon_core.shell:Creating environment hook '/home/qianlab/dependencies/install/traveler_msgs/share/traveler_msgs/hook/ld_library_path_lib.ps1'
[4.529s] INFO:colcon.colcon_core.shell:Creating environment descriptor '/home/qianlab/dependencies/install/traveler_msgs/share/traveler_msgs/hook/ld_library_path_lib.dsv'
[4.529s] INFO:colcon.colcon_core.shell:Creating environment hook '/home/qianlab/dependencies/install/traveler_msgs/share/traveler_msgs/hook/ld_library_path_lib.sh'
[4.529s] Level 1:colcon.colcon_core.environment:checking '/home/qianlab/dependencies/install/traveler_msgs/bin'
[4.529s] Level 1:colcon.colcon_core.environment:checking '/home/qianlab/dependencies/install/traveler_msgs/lib/pkgconfig/traveler_msgs.pc'
[4.529s] Level 1:colcon.colcon_core.environment:checking '/home/qianlab/dependencies/install/traveler_msgs/lib/python3.8/site-packages'
[4.529s] Level 1:colcon.colcon_core.shell:create_environment_hook('traveler_msgs', 'pythonpath')
[4.530s] INFO:colcon.colcon_core.shell:Creating environment hook '/home/qianlab/dependencies/install/traveler_msgs/share/traveler_msgs/hook/pythonpath.ps1'
[4.530s] INFO:colcon.colcon_core.shell:Creating environment descriptor '/home/qianlab/dependencies/install/traveler_msgs/share/traveler_msgs/hook/pythonpath.dsv'
[4.530s] INFO:colcon.colcon_core.shell:Creating environment hook '/home/qianlab/dependencies/install/traveler_msgs/share/traveler_msgs/hook/pythonpath.sh'
[4.531s] Level 1:colcon.colcon_core.environment:checking '/home/qianlab/dependencies/install/traveler_msgs/bin'
[4.531s] INFO:colcon.colcon_core.shell:Creating package script '/home/qianlab/dependencies/install/traveler_msgs/share/traveler_msgs/package.ps1'
[4.532s] INFO:colcon.colcon_core.shell:Creating package descriptor '/home/qianlab/dependencies/install/traveler_msgs/share/traveler_msgs/package.dsv'
[4.532s] INFO:colcon.colcon_core.shell:Creating package script '/home/qianlab/dependencies/install/traveler_msgs/share/traveler_msgs/package.sh'
[4.533s] INFO:colcon.colcon_core.shell:Creating package script '/home/qianlab/dependencies/install/traveler_msgs/share/traveler_msgs/package.bash'
[4.533s] INFO:colcon.colcon_core.shell:Creating package script '/home/qianlab/dependencies/install/traveler_msgs/share/traveler_msgs/package.zsh'
[4.533s] Level 1:colcon.colcon_core.environment:create_file_with_runtime_dependencies(/home/qianlab/dependencies/install/traveler_msgs/share/colcon-core/packages/traveler_msgs)
[4.533s] INFO:colcon.colcon_ros.task.ament_cmake.build:Building ROS package in '/home/qianlab/dependencies/traveler_controller' with build type 'ament_cmake'
[4.533s] INFO:colcon.colcon_cmake.task.cmake.build:Building CMake package in '/home/qianlab/dependencies/traveler_controller'
[4.534s] INFO:colcon.colcon_core.shell:Skip shell extension 'powershell' for command environment: Not usable outside of PowerShell
[4.534s] DEBUG:colcon.colcon_core.shell:Skip shell extension 'dsv' for command environment
[4.544s] DEBUG:colcon.colcon_core.event_handler.log_command:Invoking command in '/home/qianlab/dependencies/build/turtle_high_controller': AMENT_PREFIX_PATH=/home/qianlab/dependencies/install/traveler_msgs:${AMENT_PREFIX_PATH} CMAKE_PREFIX_PATH=/home/qianlab/dependencies/install/traveler_msgs:/opt/ros/foxy LD_LIBRARY_PATH=/home/qianlab/dependencies/install/traveler_msgs/lib:${LD_LIBRARY_PATH} PYTHONPATH=/home/qianlab/dependencies/install/traveler_msgs/lib/python3.8/site-packages:${PYTHONPATH} /usr/bin/cmake /home/qianlab/dependencies/traveler_controller -DCMAKE_INSTALL_PREFIX=/home/qianlab/dependencies/install/turtle_high_controller
[5.844s] DEBUG:colcon.colcon_core.event_handler.log_command:Invoked command in '/home/qianlab/dependencies/build/turtle_high_controller' returned '0': AMENT_PREFIX_PATH=/home/qianlab/dependencies/install/traveler_msgs:${AMENT_PREFIX_PATH} CMAKE_PREFIX_PATH=/home/qianlab/dependencies/install/traveler_msgs:/opt/ros/foxy LD_LIBRARY_PATH=/home/qianlab/dependencies/install/traveler_msgs/lib:${LD_LIBRARY_PATH} PYTHONPATH=/home/qianlab/dependencies/install/traveler_msgs/lib/python3.8/site-packages:${PYTHONPATH} /usr/bin/cmake /home/qianlab/dependencies/traveler_controller -DCMAKE_INSTALL_PREFIX=/home/qianlab/dependencies/install/turtle_high_controller
[5.845s] DEBUG:colcon.colcon_core.event_handler.log_command:Invoking command in '/home/qianlab/dependencies/build/turtle_high_controller': AMENT_PREFIX_PATH=/home/qianlab/dependencies/install/traveler_msgs:${AMENT_PREFIX_PATH} CMAKE_PREFIX_PATH=/home/qianlab/dependencies/install/traveler_msgs:/opt/ros/foxy LD_LIBRARY_PATH=/home/qianlab/dependencies/install/traveler_msgs/lib:${LD_LIBRARY_PATH} PYTHONPATH=/home/qianlab/dependencies/install/traveler_msgs/lib/python3.8/site-packages:${PYTHONPATH} /usr/bin/cmake --build /home/qianlab/dependencies/build/turtle_high_controller -- -j12 -l12
[12.093s] DEBUG:colcon.colcon_core.event_handler.log_command:Invoked command in '/home/qianlab/dependencies/build/turtle_high_controller' returned '0': AMENT_PREFIX_PATH=/home/qianlab/dependencies/install/traveler_msgs:${AMENT_PREFIX_PATH} CMAKE_PREFIX_PATH=/home/qianlab/dependencies/install/traveler_msgs:/opt/ros/foxy LD_LIBRARY_PATH=/home/qianlab/dependencies/install/traveler_msgs/lib:${LD_LIBRARY_PATH} PYTHONPATH=/home/qianlab/dependencies/install/traveler_msgs/lib/python3.8/site-packages:${PYTHONPATH} /usr/bin/cmake --build /home/qianlab/dependencies/build/turtle_high_controller -- -j12 -l12
[12.117s] DEBUG:colcon.colcon_core.event_handler.log_command:Invoking command in '/home/qianlab/dependencies/build/turtle_high_controller': AMENT_PREFIX_PATH=/home/qianlab/dependencies/install/traveler_msgs:${AMENT_PREFIX_PATH} CMAKE_PREFIX_PATH=/home/qianlab/dependencies/install/traveler_msgs:/opt/ros/foxy LD_LIBRARY_PATH=/home/qianlab/dependencies/install/traveler_msgs/lib:${LD_LIBRARY_PATH} PYTHONPATH=/home/qianlab/dependencies/install/traveler_msgs/lib/python3.8/site-packages:${PYTHONPATH} /usr/bin/cmake --install /home/qianlab/dependencies/build/turtle_high_controller
[12.134s] Level 1:colcon.colcon_core.environment:create_environment_scripts_only(turtle_high_controller)
[12.134s] DEBUG:colcon.colcon_core.event_handler.log_command:Invoked command in '/home/qianlab/dependencies/build/turtle_high_controller' returned '0': AMENT_PREFIX_PATH=/home/qianlab/dependencies/install/traveler_msgs:${AMENT_PREFIX_PATH} CMAKE_PREFIX_PATH=/home/qianlab/dependencies/install/traveler_msgs:/opt/ros/foxy LD_LIBRARY_PATH=/home/qianlab/dependencies/install/traveler_msgs/lib:${LD_LIBRARY_PATH} PYTHONPATH=/home/qianlab/dependencies/install/traveler_msgs/lib/python3.8/site-packages:${PYTHONPATH} /usr/bin/cmake --install /home/qianlab/dependencies/build/turtle_high_controller
[12.137s] Level 1:colcon.colcon_core.environment:checking '/home/qianlab/dependencies/install/turtle_high_controller' for CMake module files
[12.137s] Level 1:colcon.colcon_core.environment:checking '/home/qianlab/dependencies/install/turtle_high_controller' for CMake config files
[12.137s] Level 1:colcon.colcon_core.shell:create_environment_hook('turtle_high_controller', 'cmake_prefix_path')
[12.138s] INFO:colcon.colcon_core.shell:Creating environment hook '/home/qianlab/dependencies/install/turtle_high_controller/share/turtle_high_controller/hook/cmake_prefix_path.ps1'
[12.138s] INFO:colcon.colcon_core.shell:Creating environment descriptor '/home/qianlab/dependencies/install/turtle_high_controller/share/turtle_high_controller/hook/cmake_prefix_path.dsv'
[12.139s] INFO:colcon.colcon_core.shell:Creating environment hook '/home/qianlab/dependencies/install/turtle_high_controller/share/turtle_high_controller/hook/cmake_prefix_path.sh'
[12.139s] Level 1:colcon.colcon_core.environment:checking '/home/qianlab/dependencies/install/turtle_high_controller/lib'
[12.139s] Level 1:colcon.colcon_core.environment:checking '/home/qianlab/dependencies/install/turtle_high_controller/bin'
[12.139s] Level 1:colcon.colcon_core.environment:checking '/home/qianlab/dependencies/install/turtle_high_controller/lib/pkgconfig/turtle_high_controller.pc'
[12.139s] Level 1:colcon.colcon_core.environment:checking '/home/qianlab/dependencies/install/turtle_high_controller/lib/python3.8/site-packages'
[12.139s] Level 1:colcon.colcon_core.environment:checking '/home/qianlab/dependencies/install/turtle_high_controller/bin'
[12.140s] INFO:colcon.colcon_core.shell:Creating package script '/home/qianlab/dependencies/install/turtle_high_controller/share/turtle_high_controller/package.ps1'
[12.140s] INFO:colcon.colcon_core.shell:Creating package descriptor '/home/qianlab/dependencies/install/turtle_high_controller/share/turtle_high_controller/package.dsv'
[12.141s] INFO:colcon.colcon_core.shell:Creating package script '/home/qianlab/dependencies/install/turtle_high_controller/share/turtle_high_controller/package.sh'
[12.141s] INFO:colcon.colcon_core.shell:Creating package script '/home/qianlab/dependencies/install/turtle_high_controller/share/turtle_high_controller/package.bash'
[12.141s] INFO:colcon.colcon_core.shell:Creating package script '/home/qianlab/dependencies/install/turtle_high_controller/share/turtle_high_controller/package.zsh'
[12.141s] Level 1:colcon.colcon_core.environment:create_file_with_runtime_dependencies(/home/qianlab/dependencies/install/turtle_high_controller/share/colcon-core/packages/turtle_high_controller)
[12.164s] Level 1:colcon.colcon_core.environment:create_environment_scripts_only(turtle_high_controller)
[12.166s] Level 1:colcon.colcon_core.environment:checking '/home/qianlab/dependencies/install/turtle_high_controller' for CMake module files
[12.166s] Level 1:colcon.colcon_core.environment:checking '/home/qianlab/dependencies/install/turtle_high_controller' for CMake config files
[12.166s] Level 1:colcon.colcon_core.shell:create_environment_hook('turtle_high_controller', 'cmake_prefix_path')
[12.167s] INFO:colcon.colcon_core.shell:Creating environment hook '/home/qianlab/dependencies/install/turtle_high_controller/share/turtle_high_controller/hook/cmake_prefix_path.ps1'
[12.167s] INFO:colcon.colcon_core.shell:Creating environment descriptor '/home/qianlab/dependencies/install/turtle_high_controller/share/turtle_high_controller/hook/cmake_prefix_path.dsv'
[12.167s] INFO:colcon.colcon_core.shell:Creating environment hook '/home/qianlab/dependencies/install/turtle_high_controller/share/turtle_high_controller/hook/cmake_prefix_path.sh'
[12.168s] Level 1:colcon.colcon_core.environment:checking '/home/qianlab/dependencies/install/turtle_high_controller/lib'
[12.168s] Level 1:colcon.colcon_core.environment:checking '/home/qianlab/dependencies/install/turtle_high_controller/bin'
[12.168s] Level 1:colcon.colcon_core.environment:checking '/home/qianlab/dependencies/install/turtle_high_controller/lib/pkgconfig/turtle_high_controller.pc'
[12.168s] Level 1:colcon.colcon_core.environment:checking '/home/qianlab/dependencies/install/turtle_high_controller/lib/python3.8/site-packages'
[12.168s] Level 1:colcon.colcon_core.environment:checking '/home/qianlab/dependencies/install/turtle_high_controller/bin'
[12.169s] INFO:colcon.colcon_core.shell:Creating package script '/home/qianlab/dependencies/install/turtle_high_controller/share/turtle_high_controller/package.ps1'
[12.169s] INFO:colcon.colcon_core.shell:Creating package descriptor '/home/qianlab/dependencies/install/turtle_high_controller/share/turtle_high_controller/package.dsv'
[12.169s] INFO:colcon.colcon_core.shell:Creating package script '/home/qianlab/dependencies/install/turtle_high_controller/share/turtle_high_controller/package.sh'
[12.170s] INFO:colcon.colcon_core.shell:Creating package script '/home/qianlab/dependencies/install/turtle_high_controller/share/turtle_high_controller/package.bash'
[12.170s] INFO:colcon.colcon_core.shell:Creating package script '/home/qianlab/dependencies/install/turtle_high_controller/share/turtle_high_controller/package.zsh'
[12.170s] Level 1:colcon.colcon_core.environment:create_file_with_runtime_dependencies(/home/qianlab/dependencies/install/turtle_high_controller/share/colcon-core/packages/turtle_high_controller)
[12.170s] DEBUG:colcon.colcon_parallel_executor.executor.parallel:closing loop
[12.170s] DEBUG:colcon.colcon_parallel_executor.executor.parallel:loop closed
[12.170s] DEBUG:colcon.colcon_parallel_executor.executor.parallel:run_until_complete finished with '0'
[12.170s] DEBUG:colcon.colcon_core.event_reactor:joining thread
[12.177s] INFO:colcon.colcon_core.plugin_system:Skipping extension 'colcon_notification.desktop_notification.terminal_notifier': Not used on non-Darwin systems
[12.177s] INFO:colcon.colcon_core.plugin_system:Skipping extension 'colcon_notification.desktop_notification.win32': Not used on non-Windows systems
[12.177s] INFO:colcon.colcon_notification.desktop_notification:Sending desktop notification using 'notify2'
[12.193s] DEBUG:colcon.colcon_core.event_reactor:joined thread
[12.195s] INFO:colcon.colcon_core.shell:Creating prefix script '/home/qianlab/dependencies/install/local_setup.ps1'
[12.196s] INFO:colcon.colcon_core.shell:Creating prefix util module '/home/qianlab/dependencies/install/_local_setup_util_ps1.py'
[12.198s] INFO:colcon.colcon_core.shell:Creating prefix chain script '/home/qianlab/dependencies/install/setup.ps1'
[12.199s] INFO:colcon.colcon_core.shell:Creating prefix script '/home/qianlab/dependencies/install/local_setup.sh'
[12.200s] INFO:colcon.colcon_core.shell:Creating prefix util module '/home/qianlab/dependencies/install/_local_setup_util_sh.py'
[12.201s] INFO:colcon.colcon_core.shell:Creating prefix chain script '/home/qianlab/dependencies/install/setup.sh'
[12.203s] INFO:colcon.colcon_core.shell:Creating prefix script '/home/qianlab/dependencies/install/local_setup.bash'
[12.204s] INFO:colcon.colcon_core.shell:Creating prefix chain script '/home/qianlab/dependencies/install/setup.bash'
[12.206s] INFO:colcon.colcon_core.shell:Creating prefix script '/home/qianlab/dependencies/install/local_setup.zsh'
[12.206s] INFO:colcon.colcon_core.shell:Creating prefix chain script '/home/qianlab/dependencies/install/setup.zsh'
