[0.502s] Invoking command in '/home/qianlab/Desktop/lassie-turtle/highlevel/traveler_optitrack': PYTHONPATH=/home/qianlab/Desktop/lassie-turtle/build/traveler_optitrack/prefix_override:/home/qianlab/Desktop/lassie-turtle/install/traveler_optitrack/lib/python3.8/site-packages:${PYTHONPATH} /usr/bin/python3 -W ignore:setup.py install is deprecated setup.py egg_info --egg-base ../../build/traveler_optitrack build --build-base /home/qianlab/Desktop/lassie-turtle/build/traveler_optitrack/build install --record /home/qianlab/Desktop/lassie-turtle/build/traveler_optitrack/install.log --install-scripts $base/lib/traveler_optitrack --single-version-externally-managed install_data
[0.753s] running egg_info
[0.753s] writing ../../build/traveler_optitrack/traveler_optitrack.egg-info/PKG-INFO
[0.753s] writing dependency_links to ../../build/traveler_optitrack/traveler_optitrack.egg-info/dependency_links.txt
[0.754s] writing entry points to ../../build/traveler_optitrack/traveler_optitrack.egg-info/entry_points.txt
[0.754s] writing requirements to ../../build/traveler_optitrack/traveler_optitrack.egg-info/requires.txt
[0.754s] writing top-level names to ../../build/traveler_optitrack/traveler_optitrack.egg-info/top_level.txt
[0.789s] reading manifest file '../../build/traveler_optitrack/traveler_optitrack.egg-info/SOURCES.txt'
[0.789s] writing manifest file '../../build/traveler_optitrack/traveler_optitrack.egg-info/SOURCES.txt'
[0.790s] running build
[0.790s] running build_py
[0.790s] running install
[0.791s] running install_lib
[0.792s] running install_data
[0.792s] running install_egg_info
[0.794s] removing '/home/qianlab/Desktop/lassie-turtle/install/traveler_optitrack/lib/python3.8/site-packages/traveler_optitrack-0.0.0-py3.8.egg-info' (and everything under it)
[0.794s] Copying ../../build/traveler_optitrack/traveler_optitrack.egg-info to /home/qianlab/Desktop/lassie-turtle/install/traveler_optitrack/lib/python3.8/site-packages/traveler_optitrack-0.0.0-py3.8.egg-info
[0.795s] running install_scripts
[0.813s] Installing traveler_optitrack script to /home/qianlab/Desktop/lassie-turtle/install/traveler_optitrack/lib/traveler_optitrack
[0.813s] writing list of installed files to '/home/qianlab/Desktop/lassie-turtle/build/traveler_optitrack/install.log'
[0.836s] Invoked command in '/home/qianlab/Desktop/lassie-turtle/highlevel/traveler_optitrack' returned '0': PYTHONPATH=/home/qianlab/Desktop/lassie-turtle/build/traveler_optitrack/prefix_override:/home/qianlab/Desktop/lassie-turtle/install/traveler_optitrack/lib/python3.8/site-packages:${PYTHONPATH} /usr/bin/python3 -W ignore:setup.py install is deprecated setup.py egg_info --egg-base ../../build/traveler_optitrack build --build-base /home/qianlab/Desktop/lassie-turtle/build/traveler_optitrack/build install --record /home/qianlab/Desktop/lassie-turtle/build/traveler_optitrack/install.log --install-scripts $base/lib/traveler_optitrack --single-version-externally-managed install_data
