[0.165s] DEBUG:colcon:Command line arguments: ['/usr/bin/colcon', 'build']
[0.165s] DEBUG:colcon:Parsed command line arguments: Namespace(allow_overriding=[], ament_cmake_args=None, base_paths=['.'], build_base='build', catkin_cmake_args=None, catkin_skip_building_tests=False, cmake_args=None, cmake_clean_cache=False, cmake_clean_first=False, cmake_force_configure=False, cmake_target=None, cmake_target_skip_unavailable=False, continue_on_error=False, event_handlers=None, executor='parallel', ignore_user_meta=False, install_base='install', log_base=None, log_level=None, main=<bound method BuildVerb.main of <colcon_core.verb.build.BuildVerb object at 0x7f6c576797c0>>, merge_install=False, metas=['./colcon.meta'], packages_above=None, packages_above_and_dependencies=None, packages_above_depth=None, packages_end=None, packages_ignore=None, packages_ignore_regex=None, packages_select=None, packages_select_build_failed=False, packages_select_by_dep=None, packages_select_regex=None, packages_select_test_failures=False, packages_skip=None, packages_skip_build_finished=False, packages_skip_by_dep=None, packages_skip_regex=None, packages_skip_test_passed=False, packages_skip_up_to=None, packages_start=None, packages_up_to=None, packages_up_to_regex=None, parallel_workers=12, paths=None, symlink_install=False, test_result_base=None, verb_extension=<colcon_core.verb.build.BuildVerb object at 0x7f6c576797c0>, verb_name='build', verb_parser=<colcon_defaults.argument_parser.defaults.DefaultArgumentsDecorator object at 0x7f6c576834c0>)
[0.180s] Level 1:colcon.colcon_core.package_discovery:discover_packages(colcon_meta) check parameters
[0.180s] Level 1:colcon.colcon_core.package_discovery:discover_packages(recursive) check parameters
[0.180s] Level 1:colcon.colcon_core.package_discovery:discover_packages(ignore) check parameters
[0.180s] Level 1:colcon.colcon_core.package_discovery:discover_packages(path) check parameters
[0.180s] Level 1:colcon.colcon_core.package_discovery:discover_packages(colcon_meta) discover
[0.180s] Level 1:colcon.colcon_core.package_discovery:discover_packages(recursive) discover
[0.180s] INFO:colcon.colcon_core.package_discovery:Crawling recursively for packages in '/home/qianlab/dependencies'
[0.180s] Level 1:colcon.colcon_core.package_identification:_identify(.) by extensions ['ignore', 'ignore_ament_install']
[0.180s] Level 1:colcon.colcon_core.package_identification:_identify(.) by extension 'ignore'
[0.181s] Level 1:colcon.colcon_core.package_identification:_identify(.) by extension 'ignore_ament_install'
[0.181s] Level 1:colcon.colcon_core.package_identification:_identify(.) by extensions ['colcon_pkg']
[0.181s] Level 1:colcon.colcon_core.package_identification:_identify(.) by extension 'colcon_pkg'
[0.181s] Level 1:colcon.colcon_core.package_identification:_identify(.) by extensions ['colcon_meta']
[0.181s] Level 1:colcon.colcon_core.package_identification:_identify(.) by extension 'colcon_meta'
[0.181s] Level 1:colcon.colcon_core.package_identification:_identify(.) by extensions ['ros']
[0.181s] Level 1:colcon.colcon_core.package_identification:_identify(.) by extension 'ros'
[0.192s] Level 1:colcon.colcon_core.package_identification:_identify(.) by extensions ['cmake', 'python']
[0.192s] Level 1:colcon.colcon_core.package_identification:_identify(.) by extension 'cmake'
[0.192s] Level 1:colcon.colcon_core.package_identification:_identify(.) by extension 'python'
[0.192s] Level 1:colcon.colcon_core.package_identification:_identify(.) by extensions ['python_setup_py']
[0.192s] Level 1:colcon.colcon_core.package_identification:_identify(.) by extension 'python_setup_py'
[0.192s] Level 1:colcon.colcon_core.package_identification:_identify(build) by extensions ['ignore', 'ignore_ament_install']
[0.192s] Level 1:colcon.colcon_core.package_identification:_identify(build) by extension 'ignore'
[0.192s] Level 1:colcon.colcon_core.package_identification:_identify(build) ignored
[0.192s] Level 1:colcon.colcon_core.package_identification:_identify(install) by extensions ['ignore', 'ignore_ament_install']
[0.192s] Level 1:colcon.colcon_core.package_identification:_identify(install) by extension 'ignore'
[0.192s] Level 1:colcon.colcon_core.package_identification:_identify(install) ignored
[0.192s] Level 1:colcon.colcon_core.package_identification:_identify(log) by extensions ['ignore', 'ignore_ament_install']
[0.192s] Level 1:colcon.colcon_core.package_identification:_identify(log) by extension 'ignore'
[0.192s] Level 1:colcon.colcon_core.package_identification:_identify(log) ignored
[0.192s] Level 1:colcon.colcon_core.package_identification:_identify(traveler_controller) by extensions ['ignore', 'ignore_ament_install']
[0.193s] Level 1:colcon.colcon_core.package_identification:_identify(traveler_controller) by extension 'ignore'
[0.193s] Level 1:colcon.colcon_core.package_identification:_identify(traveler_controller) by extension 'ignore_ament_install'
[0.193s] Level 1:colcon.colcon_core.package_identification:_identify(traveler_controller) by extensions ['colcon_pkg']
[0.193s] Level 1:colcon.colcon_core.package_identification:_identify(traveler_controller) by extension 'colcon_pkg'
[0.193s] Level 1:colcon.colcon_core.package_identification:_identify(traveler_controller) by extensions ['colcon_meta']
[0.193s] Level 1:colcon.colcon_core.package_identification:_identify(traveler_controller) by extension 'colcon_meta'
[0.193s] Level 1:colcon.colcon_core.package_identification:_identify(traveler_controller) by extensions ['ros']
[0.193s] Level 1:colcon.colcon_core.package_identification:_identify(traveler_controller) by extension 'ros'
[0.194s] DEBUG:colcon.colcon_core.package_identification:Package 'traveler_controller' with type 'ros.ament_cmake' and name 'turtle_high_controller'
[0.194s] Level 1:colcon.colcon_core.package_identification:_identify(traveler_msgs) by extensions ['ignore', 'ignore_ament_install']
[0.194s] Level 1:colcon.colcon_core.package_identification:_identify(traveler_msgs) by extension 'ignore'
[0.194s] Level 1:colcon.colcon_core.package_identification:_identify(traveler_msgs) by extension 'ignore_ament_install'
[0.194s] Level 1:colcon.colcon_core.package_identification:_identify(traveler_msgs) by extensions ['colcon_pkg']
[0.194s] Level 1:colcon.colcon_core.package_identification:_identify(traveler_msgs) by extension 'colcon_pkg'
[0.194s] Level 1:colcon.colcon_core.package_identification:_identify(traveler_msgs) by extensions ['colcon_meta']
[0.194s] Level 1:colcon.colcon_core.package_identification:_identify(traveler_msgs) by extension 'colcon_meta'
[0.194s] Level 1:colcon.colcon_core.package_identification:_identify(traveler_msgs) by extensions ['ros']
[0.194s] Level 1:colcon.colcon_core.package_identification:_identify(traveler_msgs) by extension 'ros'
[0.195s] DEBUG:colcon.colcon_core.package_identification:Package 'traveler_msgs' with type 'ros.ament_cmake' and name 'traveler_msgs'
[0.195s] Level 1:colcon.colcon_core.package_discovery:discover_packages(recursive) using defaults
[0.195s] Level 1:colcon.colcon_core.package_discovery:discover_packages(ignore) discover
[0.195s] Level 1:colcon.colcon_core.package_discovery:discover_packages(ignore) using defaults
[0.195s] Level 1:colcon.colcon_core.package_discovery:discover_packages(path) discover
[0.195s] Level 1:colcon.colcon_core.package_discovery:discover_packages(path) using defaults
[0.206s] Level 1:colcon.colcon_core.package_discovery:discover_packages(prefix_path) check parameters
[0.206s] Level 1:colcon.colcon_core.package_discovery:discover_packages(prefix_path) discover
[0.208s] DEBUG:colcon.colcon_installed_package_information.package_discovery:Found 295 installed packages in /opt/ros/foxy
[0.208s] Level 1:colcon.colcon_core.package_discovery:discover_packages(prefix_path) using defaults
[0.246s] Level 5:colcon.colcon_core.verb:set package 'traveler_msgs' build argument 'cmake_args' from command line to 'None'
[0.246s] Level 5:colcon.colcon_core.verb:set package 'traveler_msgs' build argument 'cmake_target' from command line to 'None'
[0.246s] Level 5:colcon.colcon_core.verb:set package 'traveler_msgs' build argument 'cmake_target_skip_unavailable' from command line to 'False'
[0.246s] Level 5:colcon.colcon_core.verb:set package 'traveler_msgs' build argument 'cmake_clean_cache' from command line to 'False'
[0.246s] Level 5:colcon.colcon_core.verb:set package 'traveler_msgs' build argument 'cmake_clean_first' from command line to 'False'
[0.246s] Level 5:colcon.colcon_core.verb:set package 'traveler_msgs' build argument 'cmake_force_configure' from command line to 'False'
[0.246s] Level 5:colcon.colcon_core.verb:set package 'traveler_msgs' build argument 'ament_cmake_args' from command line to 'None'
[0.246s] Level 5:colcon.colcon_core.verb:set package 'traveler_msgs' build argument 'catkin_cmake_args' from command line to 'None'
[0.246s] Level 5:colcon.colcon_core.verb:set package 'traveler_msgs' build argument 'catkin_skip_building_tests' from command line to 'False'
[0.246s] DEBUG:colcon.colcon_core.verb:Building package 'traveler_msgs' with the following arguments: {'ament_cmake_args': None, 'build_base': '/home/qianlab/dependencies/build/traveler_msgs', 'catkin_cmake_args': None, 'catkin_skip_building_tests': False, 'cmake_args': None, 'cmake_clean_cache': False, 'cmake_clean_first': False, 'cmake_force_configure': False, 'cmake_target': None, 'cmake_target_skip_unavailable': False, 'install_base': '/home/qianlab/dependencies/install/traveler_msgs', 'merge_install': False, 'path': '/home/qianlab/dependencies/traveler_msgs', 'symlink_install': False, 'test_result_base': None}
[0.247s] Level 5:colcon.colcon_core.verb:set package 'turtle_high_controller' build argument 'cmake_args' from command line to 'None'
[0.247s] Level 5:colcon.colcon_core.verb:set package 'turtle_high_controller' build argument 'cmake_target' from command line to 'None'
[0.247s] Level 5:colcon.colcon_core.verb:set package 'turtle_high_controller' build argument 'cmake_target_skip_unavailable' from command line to 'False'
[0.247s] Level 5:colcon.colcon_core.verb:set package 'turtle_high_controller' build argument 'cmake_clean_cache' from command line to 'False'
[0.247s] Level 5:colcon.colcon_core.verb:set package 'turtle_high_controller' build argument 'cmake_clean_first' from command line to 'False'
[0.247s] Level 5:colcon.colcon_core.verb:set package 'turtle_high_controller' build argument 'cmake_force_configure' from command line to 'False'
[0.247s] Level 5:colcon.colcon_core.verb:set package 'turtle_high_controller' build argument 'ament_cmake_args' from command line to 'None'
[0.247s] Level 5:colcon.colcon_core.verb:set package 'turtle_high_controller' build argument 'catkin_cmake_args' from command line to 'None'
[0.247s] Level 5:colcon.colcon_core.verb:set package 'turtle_high_controller' build argument 'catkin_skip_building_tests' from command line to 'False'
[0.247s] DEBUG:colcon.colcon_core.verb:Building package 'turtle_high_controller' with the following arguments: {'ament_cmake_args': None, 'build_base': '/home/qianlab/dependencies/build/turtle_high_controller', 'catkin_cmake_args': None, 'catkin_skip_building_tests': False, 'cmake_args': None, 'cmake_clean_cache': False, 'cmake_clean_first': False, 'cmake_force_configure': False, 'cmake_target': None, 'cmake_target_skip_unavailable': False, 'install_base': '/home/qianlab/dependencies/install/turtle_high_controller', 'merge_install': False, 'path': '/home/qianlab/dependencies/traveler_controller', 'symlink_install': False, 'test_result_base': None}
[0.247s] INFO:colcon.colcon_core.executor:Executing jobs using 'parallel' executor
[0.249s] DEBUG:colcon.colcon_parallel_executor.executor.parallel:run_until_complete
[0.249s] INFO:colcon.colcon_ros.task.ament_cmake.build:Building ROS package in '/home/qianlab/dependencies/traveler_msgs' with build type 'ament_cmake'
[0.249s] INFO:colcon.colcon_cmake.task.cmake.build:Building CMake package in '/home/qianlab/dependencies/traveler_msgs'
[0.252s] INFO:colcon.colcon_core.plugin_system:Skipping extension 'colcon_core.shell.bat': Not used on non-Windows systems
[0.252s] INFO:colcon.colcon_core.shell:Skip shell extension 'powershell' for command environment: Not usable outside of PowerShell
[0.252s] DEBUG:colcon.colcon_core.shell:Skip shell extension 'dsv' for command environment
[0.261s] DEBUG:colcon.colcon_core.event_handler.log_command:Invoking command in '/home/qianlab/dependencies/build/traveler_msgs': CMAKE_PREFIX_PATH=/opt/ros/foxy /usr/bin/cmake --build /home/qianlab/dependencies/build/traveler_msgs -- -j12 -l12
[0.398s] DEBUG:colcon.colcon_core.event_handler.log_command:Invoked command in '/home/qianlab/dependencies/build/traveler_msgs' returned '0': CMAKE_PREFIX_PATH=/opt/ros/foxy /usr/bin/cmake --build /home/qianlab/dependencies/build/traveler_msgs -- -j12 -l12
[0.457s] DEBUG:colcon.colcon_core.event_handler.log_command:Invoking command in '/home/qianlab/dependencies/build/traveler_msgs': CMAKE_PREFIX_PATH=/opt/ros/foxy /usr/bin/cmake --install /home/qianlab/dependencies/build/traveler_msgs
[0.490s] Level 1:colcon.colcon_core.environment:create_environment_scripts_only(traveler_msgs)
[0.492s] DEBUG:colcon.colcon_core.event_handler.log_command:Invoked command in '/home/qianlab/dependencies/build/traveler_msgs' returned '0': CMAKE_PREFIX_PATH=/opt/ros/foxy /usr/bin/cmake --install /home/qianlab/dependencies/build/traveler_msgs
[0.494s] Level 1:colcon.colcon_core.environment:checking '/home/qianlab/dependencies/install/traveler_msgs' for CMake module files
[0.494s] Level 1:colcon.colcon_core.environment:checking '/home/qianlab/dependencies/install/traveler_msgs' for CMake config files
[0.494s] Level 1:colcon.colcon_core.shell:create_environment_hook('traveler_msgs', 'cmake_prefix_path')
[0.495s] INFO:colcon.colcon_core.shell:Creating environment hook '/home/qianlab/dependencies/install/traveler_msgs/share/traveler_msgs/hook/cmake_prefix_path.ps1'
[0.496s] INFO:colcon.colcon_core.shell:Creating environment descriptor '/home/qianlab/dependencies/install/traveler_msgs/share/traveler_msgs/hook/cmake_prefix_path.dsv'
[0.496s] INFO:colcon.colcon_core.shell:Creating environment hook '/home/qianlab/dependencies/install/traveler_msgs/share/traveler_msgs/hook/cmake_prefix_path.sh'
[0.497s] Level 1:colcon.colcon_core.environment:checking '/home/qianlab/dependencies/install/traveler_msgs/lib'
[0.497s] Level 1:colcon.colcon_core.shell:create_environment_hook('traveler_msgs', 'ld_library_path_lib')
[0.497s] INFO:colcon.colcon_core.shell:Creating environment hook '/home/qianlab/dependencies/install/traveler_msgs/share/traveler_msgs/hook/ld_library_path_lib.ps1'
[0.498s] INFO:colcon.colcon_core.shell:Creating environment descriptor '/home/qianlab/dependencies/install/traveler_msgs/share/traveler_msgs/hook/ld_library_path_lib.dsv'
[0.498s] INFO:colcon.colcon_core.shell:Creating environment hook '/home/qianlab/dependencies/install/traveler_msgs/share/traveler_msgs/hook/ld_library_path_lib.sh'
[0.498s] Level 1:colcon.colcon_core.environment:checking '/home/qianlab/dependencies/install/traveler_msgs/bin'
[0.498s] Level 1:colcon.colcon_core.environment:checking '/home/qianlab/dependencies/install/traveler_msgs/lib/pkgconfig/traveler_msgs.pc'
[0.498s] Level 1:colcon.colcon_core.environment:checking '/home/qianlab/dependencies/install/traveler_msgs/lib/python3.8/site-packages'
[0.498s] Level 1:colcon.colcon_core.shell:create_environment_hook('traveler_msgs', 'pythonpath')
[0.499s] INFO:colcon.colcon_core.shell:Creating environment hook '/home/qianlab/dependencies/install/traveler_msgs/share/traveler_msgs/hook/pythonpath.ps1'
[0.499s] INFO:colcon.colcon_core.shell:Creating environment descriptor '/home/qianlab/dependencies/install/traveler_msgs/share/traveler_msgs/hook/pythonpath.dsv'
[0.499s] INFO:colcon.colcon_core.shell:Creating environment hook '/home/qianlab/dependencies/install/traveler_msgs/share/traveler_msgs/hook/pythonpath.sh'
[0.500s] Level 1:colcon.colcon_core.environment:checking '/home/qianlab/dependencies/install/traveler_msgs/bin'
[0.500s] INFO:colcon.colcon_core.shell:Creating package script '/home/qianlab/dependencies/install/traveler_msgs/share/traveler_msgs/package.ps1'
[0.501s] INFO:colcon.colcon_core.shell:Creating package descriptor '/home/qianlab/dependencies/install/traveler_msgs/share/traveler_msgs/package.dsv'
[0.501s] INFO:colcon.colcon_core.shell:Creating package script '/home/qianlab/dependencies/install/traveler_msgs/share/traveler_msgs/package.sh'
[0.502s] INFO:colcon.colcon_core.shell:Creating package script '/home/qianlab/dependencies/install/traveler_msgs/share/traveler_msgs/package.bash'
[0.502s] INFO:colcon.colcon_core.shell:Creating package script '/home/qianlab/dependencies/install/traveler_msgs/share/traveler_msgs/package.zsh'
[0.502s] Level 1:colcon.colcon_core.environment:create_file_with_runtime_dependencies(/home/qianlab/dependencies/install/traveler_msgs/share/colcon-core/packages/traveler_msgs)
[0.558s] Level 1:colcon.colcon_core.environment:create_environment_scripts_only(traveler_msgs)
[0.560s] Level 1:colcon.colcon_core.environment:checking '/home/qianlab/dependencies/install/traveler_msgs' for CMake module files
[0.560s] Level 1:colcon.colcon_core.environment:checking '/home/qianlab/dependencies/install/traveler_msgs' for CMake config files
[0.561s] Level 1:colcon.colcon_core.shell:create_environment_hook('traveler_msgs', 'cmake_prefix_path')
[0.562s] INFO:colcon.colcon_core.shell:Creating environment hook '/home/qianlab/dependencies/install/traveler_msgs/share/traveler_msgs/hook/cmake_prefix_path.ps1'
[0.563s] INFO:colcon.colcon_core.shell:Creating environment descriptor '/home/qianlab/dependencies/install/traveler_msgs/share/traveler_msgs/hook/cmake_prefix_path.dsv'
[0.563s] INFO:colcon.colcon_core.shell:Creating environment hook '/home/qianlab/dependencies/install/traveler_msgs/share/traveler_msgs/hook/cmake_prefix_path.sh'
[0.563s] Level 1:colcon.colcon_core.environment:checking '/home/qianlab/dependencies/install/traveler_msgs/lib'
[0.564s] Level 1:colcon.colcon_core.shell:create_environment_hook('traveler_msgs', 'ld_library_path_lib')
[0.565s] INFO:colcon.colcon_core.shell:Creating environment hook '/home/qianlab/dependencies/install/traveler_msgs/share/traveler_msgs/hook/ld_library_path_lib.ps1'
[0.565s] INFO:colcon.colcon_core.shell:Creating environment descriptor '/home/qianlab/dependencies/install/traveler_msgs/share/traveler_msgs/hook/ld_library_path_lib.dsv'
[0.565s] INFO:colcon.colcon_core.shell:Creating environment hook '/home/qianlab/dependencies/install/traveler_msgs/share/traveler_msgs/hook/ld_library_path_lib.sh'
[0.566s] Level 1:colcon.colcon_core.environment:checking '/home/qianlab/dependencies/install/traveler_msgs/bin'
[0.566s] Level 1:colcon.colcon_core.environment:checking '/home/qianlab/dependencies/install/traveler_msgs/lib/pkgconfig/traveler_msgs.pc'
[0.566s] Level 1:colcon.colcon_core.environment:checking '/home/qianlab/dependencies/install/traveler_msgs/lib/python3.8/site-packages'
[0.566s] Level 1:colcon.colcon_core.shell:create_environment_hook('traveler_msgs', 'pythonpath')
[0.567s] INFO:colcon.colcon_core.shell:Creating environment hook '/home/qianlab/dependencies/install/traveler_msgs/share/traveler_msgs/hook/pythonpath.ps1'
[0.568s] INFO:colcon.colcon_core.shell:Creating environment descriptor '/home/qianlab/dependencies/install/traveler_msgs/share/traveler_msgs/hook/pythonpath.dsv'
[0.568s] INFO:colcon.colcon_core.shell:Creating environment hook '/home/qianlab/dependencies/install/traveler_msgs/share/traveler_msgs/hook/pythonpath.sh'
[0.568s] Level 1:colcon.colcon_core.environment:checking '/home/qianlab/dependencies/install/traveler_msgs/bin'
[0.570s] INFO:colcon.colcon_core.shell:Creating package script '/home/qianlab/dependencies/install/traveler_msgs/share/traveler_msgs/package.ps1'
[0.572s] INFO:colcon.colcon_core.shell:Creating package descriptor '/home/qianlab/dependencies/install/traveler_msgs/share/traveler_msgs/package.dsv'
[0.572s] INFO:colcon.colcon_core.shell:Creating package script '/home/qianlab/dependencies/install/traveler_msgs/share/traveler_msgs/package.sh'
[0.573s] INFO:colcon.colcon_core.shell:Creating package script '/home/qianlab/dependencies/install/traveler_msgs/share/traveler_msgs/package.bash'
[0.573s] INFO:colcon.colcon_core.shell:Creating package script '/home/qianlab/dependencies/install/traveler_msgs/share/traveler_msgs/package.zsh'
[0.573s] Level 1:colcon.colcon_core.environment:create_file_with_runtime_dependencies(/home/qianlab/dependencies/install/traveler_msgs/share/colcon-core/packages/traveler_msgs)
[0.574s] INFO:colcon.colcon_ros.task.ament_cmake.build:Building ROS package in '/home/qianlab/dependencies/traveler_controller' with build type 'ament_cmake'
[0.574s] INFO:colcon.colcon_cmake.task.cmake.build:Building CMake package in '/home/qianlab/dependencies/traveler_controller'
[0.575s] INFO:colcon.colcon_core.shell:Skip shell extension 'powershell' for command environment: Not usable outside of PowerShell
[0.575s] DEBUG:colcon.colcon_core.shell:Skip shell extension 'dsv' for command environment
[0.585s] DEBUG:colcon.colcon_core.event_handler.log_command:Invoking command in '/home/qianlab/dependencies/build/turtle_high_controller': AMENT_PREFIX_PATH=/home/qianlab/dependencies/install/traveler_msgs:${AMENT_PREFIX_PATH} CMAKE_PREFIX_PATH=/home/qianlab/dependencies/install/traveler_msgs:/opt/ros/foxy LD_LIBRARY_PATH=/home/qianlab/dependencies/install/traveler_msgs/lib:${LD_LIBRARY_PATH} PYTHONPATH=/home/qianlab/dependencies/install/traveler_msgs/lib/python3.8/site-packages:${PYTHONPATH} /usr/bin/cmake --build /home/qianlab/dependencies/build/turtle_high_controller -- -j12 -l12
[1.196s] DEBUG:colcon.colcon_core.event_handler.log_command:Invoked command in '/home/qianlab/dependencies/build/turtle_high_controller' returned '0': AMENT_PREFIX_PATH=/home/qianlab/dependencies/install/traveler_msgs:${AMENT_PREFIX_PATH} CMAKE_PREFIX_PATH=/home/qianlab/dependencies/install/traveler_msgs:/opt/ros/foxy LD_LIBRARY_PATH=/home/qianlab/dependencies/install/traveler_msgs/lib:${LD_LIBRARY_PATH} PYTHONPATH=/home/qianlab/dependencies/install/traveler_msgs/lib/python3.8/site-packages:${PYTHONPATH} /usr/bin/cmake --build /home/qianlab/dependencies/build/turtle_high_controller -- -j12 -l12
[1.217s] DEBUG:colcon.colcon_core.event_handler.log_command:Invoking command in '/home/qianlab/dependencies/build/turtle_high_controller': AMENT_PREFIX_PATH=/home/qianlab/dependencies/install/traveler_msgs:${AMENT_PREFIX_PATH} CMAKE_PREFIX_PATH=/home/qianlab/dependencies/install/traveler_msgs:/opt/ros/foxy LD_LIBRARY_PATH=/home/qianlab/dependencies/install/traveler_msgs/lib:${LD_LIBRARY_PATH} PYTHONPATH=/home/qianlab/dependencies/install/traveler_msgs/lib/python3.8/site-packages:${PYTHONPATH} /usr/bin/cmake --install /home/qianlab/dependencies/build/turtle_high_controller
[1.229s] Level 1:colcon.colcon_core.environment:create_environment_scripts_only(turtle_high_controller)
[1.231s] Level 1:colcon.colcon_core.environment:checking '/home/qianlab/dependencies/install/turtle_high_controller' for CMake module files
[1.232s] DEBUG:colcon.colcon_core.event_handler.log_command:Invoked command in '/home/qianlab/dependencies/build/turtle_high_controller' returned '0': AMENT_PREFIX_PATH=/home/qianlab/dependencies/install/traveler_msgs:${AMENT_PREFIX_PATH} CMAKE_PREFIX_PATH=/home/qianlab/dependencies/install/traveler_msgs:/opt/ros/foxy LD_LIBRARY_PATH=/home/qianlab/dependencies/install/traveler_msgs/lib:${LD_LIBRARY_PATH} PYTHONPATH=/home/qianlab/dependencies/install/traveler_msgs/lib/python3.8/site-packages:${PYTHONPATH} /usr/bin/cmake --install /home/qianlab/dependencies/build/turtle_high_controller
[1.232s] Level 1:colcon.colcon_core.environment:checking '/home/qianlab/dependencies/install/turtle_high_controller' for CMake config files
[1.232s] Level 1:colcon.colcon_core.shell:create_environment_hook('turtle_high_controller', 'cmake_prefix_path')
[1.233s] INFO:colcon.colcon_core.shell:Creating environment hook '/home/qianlab/dependencies/install/turtle_high_controller/share/turtle_high_controller/hook/cmake_prefix_path.ps1'
[1.233s] INFO:colcon.colcon_core.shell:Creating environment descriptor '/home/qianlab/dependencies/install/turtle_high_controller/share/turtle_high_controller/hook/cmake_prefix_path.dsv'
[1.233s] INFO:colcon.colcon_core.shell:Creating environment hook '/home/qianlab/dependencies/install/turtle_high_controller/share/turtle_high_controller/hook/cmake_prefix_path.sh'
[1.233s] Level 1:colcon.colcon_core.environment:checking '/home/qianlab/dependencies/install/turtle_high_controller/lib'
[1.233s] Level 1:colcon.colcon_core.environment:checking '/home/qianlab/dependencies/install/turtle_high_controller/bin'
[1.233s] Level 1:colcon.colcon_core.environment:checking '/home/qianlab/dependencies/install/turtle_high_controller/lib/pkgconfig/turtle_high_controller.pc'
[1.234s] Level 1:colcon.colcon_core.environment:checking '/home/qianlab/dependencies/install/turtle_high_controller/lib/python3.8/site-packages'
[1.234s] Level 1:colcon.colcon_core.environment:checking '/home/qianlab/dependencies/install/turtle_high_controller/bin'
[1.234s] INFO:colcon.colcon_core.shell:Creating package script '/home/qianlab/dependencies/install/turtle_high_controller/share/turtle_high_controller/package.ps1'
[1.235s] INFO:colcon.colcon_core.shell:Creating package descriptor '/home/qianlab/dependencies/install/turtle_high_controller/share/turtle_high_controller/package.dsv'
[1.235s] INFO:colcon.colcon_core.shell:Creating package script '/home/qianlab/dependencies/install/turtle_high_controller/share/turtle_high_controller/package.sh'
[1.235s] INFO:colcon.colcon_core.shell:Creating package script '/home/qianlab/dependencies/install/turtle_high_controller/share/turtle_high_controller/package.bash'
[1.235s] INFO:colcon.colcon_core.shell:Creating package script '/home/qianlab/dependencies/install/turtle_high_controller/share/turtle_high_controller/package.zsh'
[1.235s] Level 1:colcon.colcon_core.environment:create_file_with_runtime_dependencies(/home/qianlab/dependencies/install/turtle_high_controller/share/colcon-core/packages/turtle_high_controller)
[1.257s] Level 1:colcon.colcon_core.environment:create_environment_scripts_only(turtle_high_controller)
[1.259s] Level 1:colcon.colcon_core.environment:checking '/home/qianlab/dependencies/install/turtle_high_controller' for CMake module files
[1.259s] Level 1:colcon.colcon_core.environment:checking '/home/qianlab/dependencies/install/turtle_high_controller' for CMake config files
[1.259s] Level 1:colcon.colcon_core.shell:create_environment_hook('turtle_high_controller', 'cmake_prefix_path')
[1.260s] INFO:colcon.colcon_core.shell:Creating environment hook '/home/qianlab/dependencies/install/turtle_high_controller/share/turtle_high_controller/hook/cmake_prefix_path.ps1'
[1.260s] INFO:colcon.colcon_core.shell:Creating environment descriptor '/home/qianlab/dependencies/install/turtle_high_controller/share/turtle_high_controller/hook/cmake_prefix_path.dsv'
[1.260s] INFO:colcon.colcon_core.shell:Creating environment hook '/home/qianlab/dependencies/install/turtle_high_controller/share/turtle_high_controller/hook/cmake_prefix_path.sh'
[1.261s] Level 1:colcon.colcon_core.environment:checking '/home/qianlab/dependencies/install/turtle_high_controller/lib'
[1.261s] Level 1:colcon.colcon_core.environment:checking '/home/qianlab/dependencies/install/turtle_high_controller/bin'
[1.261s] Level 1:colcon.colcon_core.environment:checking '/home/qianlab/dependencies/install/turtle_high_controller/lib/pkgconfig/turtle_high_controller.pc'
[1.261s] Level 1:colcon.colcon_core.environment:checking '/home/qianlab/dependencies/install/turtle_high_controller/lib/python3.8/site-packages'
[1.261s] Level 1:colcon.colcon_core.environment:checking '/home/qianlab/dependencies/install/turtle_high_controller/bin'
[1.262s] INFO:colcon.colcon_core.shell:Creating package script '/home/qianlab/dependencies/install/turtle_high_controller/share/turtle_high_controller/package.ps1'
[1.262s] INFO:colcon.colcon_core.shell:Creating package descriptor '/home/qianlab/dependencies/install/turtle_high_controller/share/turtle_high_controller/package.dsv'
[1.262s] INFO:colcon.colcon_core.shell:Creating package script '/home/qianlab/dependencies/install/turtle_high_controller/share/turtle_high_controller/package.sh'
[1.263s] INFO:colcon.colcon_core.shell:Creating package script '/home/qianlab/dependencies/install/turtle_high_controller/share/turtle_high_controller/package.bash'
[1.263s] INFO:colcon.colcon_core.shell:Creating package script '/home/qianlab/dependencies/install/turtle_high_controller/share/turtle_high_controller/package.zsh'
[1.263s] Level 1:colcon.colcon_core.environment:create_file_with_runtime_dependencies(/home/qianlab/dependencies/install/turtle_high_controller/share/colcon-core/packages/turtle_high_controller)
[1.263s] DEBUG:colcon.colcon_parallel_executor.executor.parallel:closing loop
[1.263s] DEBUG:colcon.colcon_parallel_executor.executor.parallel:loop closed
[1.263s] DEBUG:colcon.colcon_parallel_executor.executor.parallel:run_until_complete finished with '0'
[1.263s] DEBUG:colcon.colcon_core.event_reactor:joining thread
[1.268s] INFO:colcon.colcon_core.plugin_system:Skipping extension 'colcon_notification.desktop_notification.terminal_notifier': Not used on non-Darwin systems
[1.268s] INFO:colcon.colcon_core.plugin_system:Skipping extension 'colcon_notification.desktop_notification.win32': Not used on non-Windows systems
[1.268s] INFO:colcon.colcon_notification.desktop_notification:Sending desktop notification using 'notify2'
[1.279s] DEBUG:colcon.colcon_core.event_reactor:joined thread
[1.281s] INFO:colcon.colcon_core.shell:Creating prefix script '/home/qianlab/dependencies/install/local_setup.ps1'
[1.282s] INFO:colcon.colcon_core.shell:Creating prefix util module '/home/qianlab/dependencies/install/_local_setup_util_ps1.py'
[1.282s] INFO:colcon.colcon_core.shell:Creating prefix chain script '/home/qianlab/dependencies/install/setup.ps1'
[1.283s] INFO:colcon.colcon_core.shell:Creating prefix script '/home/qianlab/dependencies/install/local_setup.sh'
[1.283s] INFO:colcon.colcon_core.shell:Creating prefix util module '/home/qianlab/dependencies/install/_local_setup_util_sh.py'
[1.283s] INFO:colcon.colcon_core.shell:Creating prefix chain script '/home/qianlab/dependencies/install/setup.sh'
[1.284s] INFO:colcon.colcon_core.shell:Creating prefix script '/home/qianlab/dependencies/install/local_setup.bash'
[1.284s] INFO:colcon.colcon_core.shell:Creating prefix chain script '/home/qianlab/dependencies/install/setup.bash'
[1.285s] INFO:colcon.colcon_core.shell:Creating prefix script '/home/qianlab/dependencies/install/local_setup.zsh'
[1.285s] INFO:colcon.colcon_core.shell:Creating prefix chain script '/home/qianlab/dependencies/install/setup.zsh'
