[0.014s] Invoking command in '/home/qianlab/Desktop/lassie-turtle/build/traveler_msgs': CMAKE_PREFIX_PATH=${CMAKE_PREFIX_PATH}:/home/qianlab/Turtle_workspace/lassie-turtle/install/traveler_optitrack:/home/qianlab/Turtle_workspace/install/traveler_optitrack:/opt/ros/foxy /usr/bin/cmake /home/qianlab/Desktop/lassie-turtle/dependencies/traveler_msgs -DCMAKE_INSTALL_PREFIX=/home/qianlab/Desktop/lassie-turtle/install/traveler_msgs
[0.079s] -- The C compiler identification is GNU 9.4.0
[0.117s] -- The CXX compiler identification is GNU 9.4.0
[0.120s] -- Check for working C compiler: /usr/bin/cc
[0.167s] -- Check for working C compiler: /usr/bin/cc -- works
[0.168s] -- Detecting C compiler ABI info
[0.218s] -- Detecting C compiler ABI info - done
[0.227s] -- Detecting C compile features
[0.227s] -- Detecting C compile features - done
[0.229s] -- Check for working CXX compiler: /usr/bin/c++
[0.281s] -- Check for working CXX compiler: /usr/bin/c++ -- works
[0.282s] -- Detecting CXX compiler ABI info
[0.340s] -- Detecting CXX compiler ABI info - done
[0.352s] -- Detecting CXX compile features
[0.352s] -- Detecting CXX compile features - done
[0.355s] -- Found ament_cmake: 0.9.12 (/opt/ros/foxy/share/ament_cmake/cmake)
[0.374s] -- Found PythonInterp: /usr/bin/python3 (found suitable version "3.8.10", minimum required is "3") 
[0.374s] -- Using PYTHON_EXECUTABLE: /usr/bin/python3
[0.521s] -- Found rclcpp: 2.4.3 (/opt/ros/foxy/share/rclcpp/cmake)
[0.553s] -- Using all available rosidl_typesupport_c: rosidl_typesupport_fastrtps_c;rosidl_typesupport_introspection_c
[0.557s] -- Found rosidl_adapter: 1.3.1 (/opt/ros/foxy/share/rosidl_adapter/cmake)
[0.616s] -- Found OpenSSL: /usr/lib/x86_64-linux-gnu/libcrypto.so (found version "1.1.1f")  
[0.645s] -- Found FastRTPS: /opt/ros/foxy/include  
[0.700s] -- Using all available rosidl_typesupport_cpp: rosidl_typesupport_fastrtps_cpp;rosidl_typesupport_introspection_cpp
[0.737s] -- Found rmw_implementation_cmake: 1.0.4 (/opt/ros/foxy/share/rmw_implementation_cmake/cmake)
[0.738s] -- Using RMW implementation 'rmw_fastrtps_cpp' as default
[0.739s] -- Looking for pthread.h
[0.787s] -- Looking for pthread.h - found
[0.788s] -- Performing Test CMAKE_HAVE_LIBC_PTHREAD
[0.839s] -- Performing Test CMAKE_HAVE_LIBC_PTHREAD - Failed
[0.839s] -- Looking for pthread_create in pthreads
[0.878s] -- Looking for pthread_create in pthreads - not found
[0.878s] -- Looking for pthread_create in pthread
[0.923s] -- Looking for pthread_create in pthread - found
[0.924s] -- Found Threads: TRUE  
[1.021s] -- Found rosidl_default_generators: 1.0.1 (/opt/ros/foxy/share/rosidl_default_generators/cmake)
[1.045s] -- Found PythonInterp: /usr/bin/python3 (found version "3.8.10") 
[1.142s] -- Found ament_cmake_ros: 0.9.2 (/opt/ros/foxy/share/ament_cmake_ros/cmake)
[1.218s] -- Using all available rosidl_typesupport_c: rosidl_typesupport_fastrtps_c;rosidl_typesupport_introspection_c
[1.225s] -- Using all available rosidl_typesupport_cpp: rosidl_typesupport_fastrtps_cpp;rosidl_typesupport_introspection_cpp
[1.243s] -- Found PythonInterp: /usr/bin/python3 (found suitable version "3.8.10", minimum required is "3.5") 
[1.244s] -- Found python_cmake_module: 0.8.1 (/opt/ros/foxy/share/python_cmake_module/cmake)
[1.266s] -- Found PythonLibs: /usr/lib/x86_64-linux-gnu/libpython3.8.so (found suitable version "3.8.10", minimum required is "3.5") 
[1.266s] -- Using PYTHON_EXECUTABLE: /usr/bin/python3
[1.266s] -- Using PYTHON_INCLUDE_DIRS: /usr/include/python3.8
[1.266s] -- Using PYTHON_LIBRARIES: /usr/lib/x86_64-linux-gnu/libpython3.8.so
[1.281s] -- Found PythonExtra: .so  
[1.311s] -- Found ament_lint_auto: 0.9.8 (/opt/ros/foxy/share/ament_lint_auto/cmake)
[1.330s] -- Added test 'lint_cmake' to check CMake code style
[1.332s] -- Added test 'xmllint' to check XML markup files
[1.336s] -- Configuring done
[1.359s] -- Generating done
[1.361s] -- Build files have been written to: /home/qianlab/Desktop/lassie-turtle/build/traveler_msgs
[1.371s] Invoked command in '/home/qianlab/Desktop/lassie-turtle/build/traveler_msgs' returned '0': CMAKE_PREFIX_PATH=${CMAKE_PREFIX_PATH}:/home/qianlab/Turtle_workspace/lassie-turtle/install/traveler_optitrack:/home/qianlab/Turtle_workspace/install/traveler_optitrack:/opt/ros/foxy /usr/bin/cmake /home/qianlab/Desktop/lassie-turtle/dependencies/traveler_msgs -DCMAKE_INSTALL_PREFIX=/home/qianlab/Desktop/lassie-turtle/install/traveler_msgs
[1.372s] Invoking command in '/home/qianlab/Desktop/lassie-turtle/build/traveler_msgs': CMAKE_PREFIX_PATH=${CMAKE_PREFIX_PATH}:/home/qianlab/Turtle_workspace/lassie-turtle/install/traveler_optitrack:/home/qianlab/Turtle_workspace/install/traveler_optitrack:/opt/ros/foxy /usr/bin/cmake --build /home/qianlab/Desktop/lassie-turtle/build/traveler_msgs -- -j12 -l12
[1.400s] [  1%] [34m[1mGenerating C code for ROS interfaces[0m
[1.401s] [35m[1mScanning dependencies of target traveler_msgs__cpp[0m
[1.409s] [  2%] [34m[1mGenerating C++ code for ROS interfaces[0m
[1.707s] [35m[1mScanning dependencies of target traveler_msgs__rosidl_generator_c[0m
[1.725s] [  4%] [32mBuilding C object CMakeFiles/traveler_msgs__rosidl_generator_c.dir/rosidl_generator_c/traveler_msgs/msg/detail/odrive_status__functions.c.o[0m
[1.725s] [  5%] [32mBuilding C object CMakeFiles/traveler_msgs__rosidl_generator_c.dir/rosidl_generator_c/traveler_msgs/msg/detail/traveler_status__functions.c.o[0m
[1.727s] [  8%] [32mBuilding C object CMakeFiles/traveler_msgs__rosidl_generator_c.dir/rosidl_generator_c/traveler_msgs/msg/detail/traveler_config__functions.c.o[0m
[1.727s] [  8%] [32mBuilding C object CMakeFiles/traveler_msgs__rosidl_generator_c.dir/rosidl_generator_c/traveler_msgs/msg/detail/traveler_mode__functions.c.o[0m
[1.727s] [  9%] [32mBuilding C object CMakeFiles/traveler_msgs__rosidl_generator_c.dir/rosidl_generator_c/traveler_msgs/msg/detail/set_state__functions.c.o[0m
[1.741s] [ 11%] [32mBuilding C object CMakeFiles/traveler_msgs__rosidl_generator_c.dir/rosidl_generator_c/traveler_msgs/msg/detail/set_input_position__functions.c.o[0m
[1.744s] [ 11%] Built target traveler_msgs__cpp
[1.754s] [ 12%] [34m[1mGenerating C++ introspection for ROS interfaces[0m
[1.756s] [ 15%] [34m[1mGenerating C++ type support for eProsima Fast-RTPS[0m
[1.756s] [ 15%] [34m[1mGenerating C++ type support dispatch for ROS interfaces[0m
[1.776s] [ 16%] [32m[1mLinking C shared library libtraveler_msgs__rosidl_generator_c.so[0m
[1.802s] [ 16%] Built target traveler_msgs__rosidl_generator_c
[1.810s] [ 18%] [34m[1mGenerating C introspection for ROS interfaces[0m
[1.813s] [ 19%] [34m[1mGenerating C type support dispatch for ROS interfaces[0m
[1.996s] [35m[1mScanning dependencies of target traveler_msgs__rosidl_typesupport_introspection_cpp[0m
[2.006s] [ 21%] [32mBuilding CXX object CMakeFiles/traveler_msgs__rosidl_typesupport_introspection_cpp.dir/rosidl_typesupport_introspection_cpp/traveler_msgs/msg/detail/traveler_status__type_support.cpp.o[0m
[2.008s] [ 26%] [32mBuilding CXX object CMakeFiles/traveler_msgs__rosidl_typesupport_introspection_cpp.dir/rosidl_typesupport_introspection_cpp/traveler_msgs/msg/detail/traveler_config__type_support.cpp.o[0m
[2.008s] [ 26%] [32mBuilding CXX object CMakeFiles/traveler_msgs__rosidl_typesupport_introspection_cpp.dir/rosidl_typesupport_introspection_cpp/traveler_msgs/msg/detail/set_state__type_support.cpp.o[0m
[2.008s] [ 26%] [32mBuilding CXX object CMakeFiles/traveler_msgs__rosidl_typesupport_introspection_cpp.dir/rosidl_typesupport_introspection_cpp/traveler_msgs/msg/detail/odrive_status__type_support.cpp.o[0m
[2.008s] [ 26%] [32mBuilding CXX object CMakeFiles/traveler_msgs__rosidl_typesupport_introspection_cpp.dir/rosidl_typesupport_introspection_cpp/traveler_msgs/msg/detail/traveler_mode__type_support.cpp.o[0m
[2.028s] [ 28%] [32mBuilding CXX object CMakeFiles/traveler_msgs__rosidl_typesupport_introspection_cpp.dir/rosidl_typesupport_introspection_cpp/traveler_msgs/msg/detail/set_input_position__type_support.cpp.o[0m
[2.108s] [35m[1mScanning dependencies of target traveler_msgs__rosidl_typesupport_cpp[0m
[2.125s] [ 30%] [32mBuilding CXX object CMakeFiles/traveler_msgs__rosidl_typesupport_cpp.dir/rosidl_typesupport_cpp/traveler_msgs/msg/odrive_status__type_support.cpp.o[0m
[2.125s] [ 30%] [32mBuilding CXX object CMakeFiles/traveler_msgs__rosidl_typesupport_cpp.dir/rosidl_typesupport_cpp/traveler_msgs/msg/traveler_mode__type_support.cpp.o[0m
[2.125s] [ 32%] [32mBuilding CXX object CMakeFiles/traveler_msgs__rosidl_typesupport_cpp.dir/rosidl_typesupport_cpp/traveler_msgs/msg/traveler_config__type_support.cpp.o[0m
[2.132s] [35m[1mScanning dependencies of target traveler_msgs__rosidl_typesupport_introspection_c[0m
[2.149s] [ 33%] [32mBuilding C object CMakeFiles/traveler_msgs__rosidl_typesupport_introspection_c.dir/rosidl_typesupport_introspection_c/traveler_msgs/msg/detail/odrive_status__type_support.c.o[0m
[2.190s] [35m[1mScanning dependencies of target traveler_msgs__rosidl_typesupport_c[0m
[2.196s] [ 35%] [32mBuilding C object CMakeFiles/traveler_msgs__rosidl_typesupport_introspection_c.dir/rosidl_typesupport_introspection_c/traveler_msgs/msg/detail/traveler_config__type_support.c.o[0m
[2.205s] [ 36%] [32mBuilding CXX object CMakeFiles/traveler_msgs__rosidl_typesupport_c.dir/rosidl_typesupport_c/traveler_msgs/msg/odrive_status__type_support.cpp.o[0m
[2.234s] [ 38%] [32mBuilding C object CMakeFiles/traveler_msgs__rosidl_typesupport_introspection_c.dir/rosidl_typesupport_introspection_c/traveler_msgs/msg/detail/traveler_mode__type_support.c.o[0m
[2.242s] [ 39%] [32mBuilding CXX object CMakeFiles/traveler_msgs__rosidl_typesupport_c.dir/rosidl_typesupport_c/traveler_msgs/msg/traveler_config__type_support.cpp.o[0m
[2.271s] [ 40%] [32mBuilding C object CMakeFiles/traveler_msgs__rosidl_typesupport_introspection_c.dir/rosidl_typesupport_introspection_c/traveler_msgs/msg/detail/traveler_status__type_support.c.o[0m
[2.282s] [ 42%] [32mBuilding CXX object CMakeFiles/traveler_msgs__rosidl_typesupport_c.dir/rosidl_typesupport_c/traveler_msgs/msg/traveler_mode__type_support.cpp.o[0m
[2.294s] [ 43%] [32mBuilding CXX object CMakeFiles/traveler_msgs__rosidl_typesupport_c.dir/rosidl_typesupport_c/traveler_msgs/msg/traveler_status__type_support.cpp.o[0m
[2.306s] [ 45%] [32mBuilding C object CMakeFiles/traveler_msgs__rosidl_typesupport_introspection_c.dir/rosidl_typesupport_introspection_c/traveler_msgs/msg/detail/set_state__type_support.c.o[0m
[2.318s] [35m[1mScanning dependencies of target traveler_msgs__rosidl_typesupport_fastrtps_cpp[0m
[2.322s] [ 46%] [32mBuilding C object CMakeFiles/traveler_msgs__rosidl_typesupport_introspection_c.dir/rosidl_typesupport_introspection_c/traveler_msgs/msg/detail/set_input_position__type_support.c.o[0m
[2.328s] [ 47%] [32mBuilding CXX object CMakeFiles/traveler_msgs__rosidl_typesupport_c.dir/rosidl_typesupport_c/traveler_msgs/msg/set_input_position__type_support.cpp.o[0m
[2.332s] [ 49%] [32mBuilding CXX object CMakeFiles/traveler_msgs__rosidl_typesupport_cpp.dir/rosidl_typesupport_cpp/traveler_msgs/msg/traveler_status__type_support.cpp.o[0m
[2.332s] [ 50%] [32mBuilding CXX object CMakeFiles/traveler_msgs__rosidl_typesupport_c.dir/rosidl_typesupport_c/traveler_msgs/msg/set_state__type_support.cpp.o[0m
[2.336s] [ 52%] [32mBuilding CXX object CMakeFiles/traveler_msgs__rosidl_typesupport_fastrtps_cpp.dir/rosidl_typesupport_fastrtps_cpp/traveler_msgs/msg/detail/dds_fastrtps/odrive_status__type_support.cpp.o[0m
[2.340s] [ 53%] [32mBuilding CXX object CMakeFiles/traveler_msgs__rosidl_typesupport_fastrtps_cpp.dir/rosidl_typesupport_fastrtps_cpp/traveler_msgs/msg/detail/dds_fastrtps/traveler_config__type_support.cpp.o[0m
[2.350s] [ 54%] [32mBuilding CXX object CMakeFiles/traveler_msgs__rosidl_typesupport_fastrtps_cpp.dir/rosidl_typesupport_fastrtps_cpp/traveler_msgs/msg/detail/dds_fastrtps/traveler_mode__type_support.cpp.o[0m
[2.374s] [ 56%] [32m[1mLinking C shared library libtraveler_msgs__rosidl_typesupport_introspection_c.so[0m
[2.385s] [ 59%] [32mBuilding CXX object CMakeFiles/traveler_msgs__rosidl_typesupport_cpp.dir/rosidl_typesupport_cpp/traveler_msgs/msg/set_state__type_support.cpp.o[0m
[2.385s] [ 59%] [32m[1mLinking CXX shared library libtraveler_msgs__rosidl_typesupport_introspection_cpp.so[0m
[2.398s] [ 60%] [32mBuilding CXX object CMakeFiles/traveler_msgs__rosidl_typesupport_fastrtps_cpp.dir/rosidl_typesupport_fastrtps_cpp/traveler_msgs/msg/detail/dds_fastrtps/traveler_status__type_support.cpp.o[0m
[2.408s] [ 60%] Built target traveler_msgs__rosidl_typesupport_introspection_c
[2.414s] [ 61%] [32m[1mLinking CXX shared library libtraveler_msgs__rosidl_typesupport_c.so[0m
[2.420s] [ 63%] [32mBuilding CXX object CMakeFiles/traveler_msgs__rosidl_typesupport_fastrtps_cpp.dir/rosidl_typesupport_fastrtps_cpp/traveler_msgs/msg/detail/dds_fastrtps/set_state__type_support.cpp.o[0m
[2.432s] [ 64%] [32mBuilding CXX object CMakeFiles/traveler_msgs__rosidl_typesupport_cpp.dir/rosidl_typesupport_cpp/traveler_msgs/msg/set_input_position__type_support.cpp.o[0m
[2.472s] [ 66%] [32mBuilding CXX object CMakeFiles/traveler_msgs__rosidl_typesupport_fastrtps_cpp.dir/rosidl_typesupport_fastrtps_cpp/traveler_msgs/msg/detail/dds_fastrtps/set_input_position__type_support.cpp.o[0m
[2.490s] [ 66%] Built target traveler_msgs__rosidl_typesupport_c
[2.502s] [ 66%] Built target traveler_msgs__rosidl_typesupport_introspection_cpp
[2.740s] [ 67%] [32m[1mLinking CXX shared library libtraveler_msgs__rosidl_typesupport_cpp.so[0m
[2.769s] [ 67%] Built target traveler_msgs__rosidl_typesupport_cpp
[2.840s] [ 69%] [32m[1mLinking CXX shared library libtraveler_msgs__rosidl_typesupport_fastrtps_cpp.so[0m
[2.892s] [ 69%] Built target traveler_msgs__rosidl_typesupport_fastrtps_cpp
[2.898s] [ 70%] [34m[1mGenerating C type support for eProsima Fast-RTPS[0m
[3.137s] [35m[1mScanning dependencies of target traveler_msgs__rosidl_typesupport_fastrtps_c[0m
[3.148s] [ 73%] [32mBuilding CXX object CMakeFiles/traveler_msgs__rosidl_typesupport_fastrtps_c.dir/rosidl_typesupport_fastrtps_c/traveler_msgs/msg/detail/traveler_config__type_support_c.cpp.o[0m
[3.148s] [ 73%] [32mBuilding CXX object CMakeFiles/traveler_msgs__rosidl_typesupport_fastrtps_c.dir/rosidl_typesupport_fastrtps_c/traveler_msgs/msg/detail/odrive_status__type_support_c.cpp.o[0m
[3.151s] [ 77%] [32mBuilding CXX object CMakeFiles/traveler_msgs__rosidl_typesupport_fastrtps_c.dir/rosidl_typesupport_fastrtps_c/traveler_msgs/msg/detail/traveler_status__type_support_c.cpp.o[0m
[3.151s] [ 77%] [32mBuilding CXX object CMakeFiles/traveler_msgs__rosidl_typesupport_fastrtps_c.dir/rosidl_typesupport_fastrtps_c/traveler_msgs/msg/detail/set_state__type_support_c.cpp.o[0m
[3.151s] [ 77%] [32mBuilding CXX object CMakeFiles/traveler_msgs__rosidl_typesupport_fastrtps_c.dir/rosidl_typesupport_fastrtps_c/traveler_msgs/msg/detail/traveler_mode__type_support_c.cpp.o[0m
[3.152s] [ 78%] [32mBuilding CXX object CMakeFiles/traveler_msgs__rosidl_typesupport_fastrtps_c.dir/rosidl_typesupport_fastrtps_c/traveler_msgs/msg/detail/set_input_position__type_support_c.cpp.o[0m
[3.501s] [ 80%] [32m[1mLinking CXX shared library libtraveler_msgs__rosidl_typesupport_fastrtps_c.so[0m
[3.555s] [ 80%] Built target traveler_msgs__rosidl_typesupport_fastrtps_c
[3.561s] [35m[1mScanning dependencies of target traveler_msgs[0m
[3.568s] [ 80%] Built target traveler_msgs
[3.574s] [35m[1mScanning dependencies of target traveler_msgs__py[0m
[3.581s] [ 81%] [34m[1mGenerating Python code for ROS interfaces[0m
[4.126s] [ 81%] Built target traveler_msgs__py
[4.134s] [35m[1mScanning dependencies of target traveler_msgs__python[0m
[4.170s] [ 84%] [32mBuilding C object CMakeFiles/traveler_msgs__python.dir/rosidl_generator_py/traveler_msgs/msg/_traveler_config_s.c.o[0m
[4.170s] [ 84%] [32mBuilding C object CMakeFiles/traveler_msgs__python.dir/rosidl_generator_py/traveler_msgs/msg/_odrive_status_s.c.o[0m
[4.175s] [ 87%] [32mBuilding C object CMakeFiles/traveler_msgs__python.dir/rosidl_generator_py/traveler_msgs/msg/_traveler_status_s.c.o[0m
[4.175s] [ 87%] [32mBuilding C object CMakeFiles/traveler_msgs__python.dir/rosidl_generator_py/traveler_msgs/msg/_traveler_mode_s.c.o[0m
[4.175s] [ 88%] [32mBuilding C object CMakeFiles/traveler_msgs__python.dir/rosidl_generator_py/traveler_msgs/msg/_set_state_s.c.o[0m
[4.175s] [ 90%] [32mBuilding C object CMakeFiles/traveler_msgs__python.dir/rosidl_generator_py/traveler_msgs/msg/_set_input_position_s.c.o[0m
[4.269s] [ 91%] [32m[1mLinking C shared library rosidl_generator_py/traveler_msgs/libtraveler_msgs__python.so[0m
[4.296s] [ 91%] Built target traveler_msgs__python
[4.304s] [35m[1mScanning dependencies of target traveler_msgs__rosidl_typesupport_fastrtps_c__pyext[0m
[4.304s] [35m[1mScanning dependencies of target traveler_msgs__rosidl_typesupport_introspection_c__pyext[0m
[4.305s] [35m[1mScanning dependencies of target traveler_msgs__rosidl_typesupport_c__pyext[0m
[4.318s] [ 94%] [32mBuilding C object CMakeFiles/traveler_msgs__rosidl_typesupport_fastrtps_c__pyext.dir/rosidl_generator_py/traveler_msgs/_traveler_msgs_s.ep.rosidl_typesupport_fastrtps_c.c.o[0m
[4.318s] [ 94%] [32mBuilding C object CMakeFiles/traveler_msgs__rosidl_typesupport_introspection_c__pyext.dir/rosidl_generator_py/traveler_msgs/_traveler_msgs_s.ep.rosidl_typesupport_introspection_c.c.o[0m
[4.319s] [ 95%] [32mBuilding C object CMakeFiles/traveler_msgs__rosidl_typesupport_c__pyext.dir/rosidl_generator_py/traveler_msgs/_traveler_msgs_s.ep.rosidl_typesupport_c.c.o[0m
[4.378s] [ 98%] [32m[1mLinking CXX shared library rosidl_generator_py/traveler_msgs/traveler_msgs_s__rosidl_typesupport_fastrtps_c.cpython-38-x86_64-linux-gnu.so[0m
[4.378s] [ 98%] [32m[1mLinking C shared library rosidl_generator_py/traveler_msgs/traveler_msgs_s__rosidl_typesupport_introspection_c.cpython-38-x86_64-linux-gnu.so[0m
[4.403s] [100%] [32m[1mLinking C shared library rosidl_generator_py/traveler_msgs/traveler_msgs_s__rosidl_typesupport_c.cpython-38-x86_64-linux-gnu.so[0m
[4.404s] [100%] Built target traveler_msgs__rosidl_typesupport_introspection_c__pyext
[4.419s] [100%] Built target traveler_msgs__rosidl_typesupport_fastrtps_c__pyext
[4.425s] [100%] Built target traveler_msgs__rosidl_typesupport_c__pyext
[4.435s] Invoked command in '/home/qianlab/Desktop/lassie-turtle/build/traveler_msgs' returned '0': CMAKE_PREFIX_PATH=${CMAKE_PREFIX_PATH}:/home/qianlab/Turtle_workspace/lassie-turtle/install/traveler_optitrack:/home/qianlab/Turtle_workspace/install/traveler_optitrack:/opt/ros/foxy /usr/bin/cmake --build /home/qianlab/Desktop/lassie-turtle/build/traveler_msgs -- -j12 -l12
[4.506s] Invoking command in '/home/qianlab/Desktop/lassie-turtle/build/traveler_msgs': CMAKE_PREFIX_PATH=${CMAKE_PREFIX_PATH}:/home/qianlab/Turtle_workspace/lassie-turtle/install/traveler_optitrack:/home/qianlab/Turtle_workspace/install/traveler_optitrack:/opt/ros/foxy /usr/bin/cmake --install /home/qianlab/Desktop/lassie-turtle/build/traveler_msgs
[4.512s] -- Install configuration: ""
[4.512s] -- Installing: /home/qianlab/Desktop/lassie-turtle/install/traveler_msgs/share/ament_index/resource_index/rosidl_interfaces/traveler_msgs
[4.512s] -- Installing: /home/qianlab/Desktop/lassie-turtle/install/traveler_msgs/include/traveler_msgs
[4.512s] -- Installing: /home/qianlab/Desktop/lassie-turtle/install/traveler_msgs/include/traveler_msgs/msg
[4.512s] -- Installing: /home/qianlab/Desktop/lassie-turtle/install/traveler_msgs/include/traveler_msgs/msg/rosidl_generator_c__visibility_control.h
[4.513s] -- Installing: /home/qianlab/Desktop/lassie-turtle/install/traveler_msgs/include/traveler_msgs/msg/set_state.h
[4.513s] -- Installing: /home/qianlab/Desktop/lassie-turtle/install/traveler_msgs/include/traveler_msgs/msg/traveler_mode.h
[4.513s] -- Installing: /home/qianlab/Desktop/lassie-turtle/install/traveler_msgs/include/traveler_msgs/msg/odrive_status.h
[4.513s] -- Installing: /home/qianlab/Desktop/lassie-turtle/install/traveler_msgs/include/traveler_msgs/msg/traveler_config.h
[4.513s] -- Installing: /home/qianlab/Desktop/lassie-turtle/install/traveler_msgs/include/traveler_msgs/msg/traveler_status.h
[4.513s] -- Installing: /home/qianlab/Desktop/lassie-turtle/install/traveler_msgs/include/traveler_msgs/msg/set_input_position.h
[4.513s] -- Installing: /home/qianlab/Desktop/lassie-turtle/install/traveler_msgs/include/traveler_msgs/msg/detail
[4.513s] -- Installing: /home/qianlab/Desktop/lassie-turtle/install/traveler_msgs/include/traveler_msgs/msg/detail/set_state__struct.h
[4.513s] -- Installing: /home/qianlab/Desktop/lassie-turtle/install/traveler_msgs/include/traveler_msgs/msg/detail/traveler_config__struct.h
[4.513s] -- Installing: /home/qianlab/Desktop/lassie-turtle/install/traveler_msgs/include/traveler_msgs/msg/detail/odrive_status__struct.h
[4.514s] -- Installing: /home/qianlab/Desktop/lassie-turtle/install/traveler_msgs/include/traveler_msgs/msg/detail/odrive_status__functions.c
[4.514s] -- Installing: /home/qianlab/Desktop/lassie-turtle/install/traveler_msgs/include/traveler_msgs/msg/detail/traveler_config__functions.h
[4.514s] -- Installing: /home/qianlab/Desktop/lassie-turtle/install/traveler_msgs/include/traveler_msgs/msg/detail/traveler_config__functions.c
[4.514s] -- Installing: /home/qianlab/Desktop/lassie-turtle/install/traveler_msgs/include/traveler_msgs/msg/detail/traveler_status__functions.h
[4.514s] -- Installing: /home/qianlab/Desktop/lassie-turtle/install/traveler_msgs/include/traveler_msgs/msg/detail/odrive_status__type_support.h
[4.514s] -- Installing: /home/qianlab/Desktop/lassie-turtle/install/traveler_msgs/include/traveler_msgs/msg/detail/traveler_mode__functions.h
[4.514s] -- Installing: /home/qianlab/Desktop/lassie-turtle/install/traveler_msgs/include/traveler_msgs/msg/detail/set_input_position__functions.c
[4.514s] -- Installing: /home/qianlab/Desktop/lassie-turtle/install/traveler_msgs/include/traveler_msgs/msg/detail/traveler_status__struct.h
[4.514s] -- Installing: /home/qianlab/Desktop/lassie-turtle/install/traveler_msgs/include/traveler_msgs/msg/detail/traveler_status__functions.c
[4.514s] -- Installing: /home/qianlab/Desktop/lassie-turtle/install/traveler_msgs/include/traveler_msgs/msg/detail/traveler_mode__struct.h
[4.514s] -- Installing: /home/qianlab/Desktop/lassie-turtle/install/traveler_msgs/include/traveler_msgs/msg/detail/set_state__functions.h
[4.514s] -- Installing: /home/qianlab/Desktop/lassie-turtle/install/traveler_msgs/include/traveler_msgs/msg/detail/set_input_position__functions.h
[4.515s] -- Installing: /home/qianlab/Desktop/lassie-turtle/install/traveler_msgs/include/traveler_msgs/msg/detail/set_input_position__type_support.h
[4.515s] -- Installing: /home/qianlab/Desktop/lassie-turtle/install/traveler_msgs/include/traveler_msgs/msg/detail/odrive_status__functions.h
[4.515s] -- Installing: /home/qianlab/Desktop/lassie-turtle/install/traveler_msgs/include/traveler_msgs/msg/detail/traveler_mode__type_support.h
[4.515s] -- Installing: /home/qianlab/Desktop/lassie-turtle/install/traveler_msgs/include/traveler_msgs/msg/detail/traveler_mode__functions.c
[4.515s] -- Installing: /home/qianlab/Desktop/lassie-turtle/install/traveler_msgs/include/traveler_msgs/msg/detail/set_state__functions.c
[4.515s] -- Installing: /home/qianlab/Desktop/lassie-turtle/install/traveler_msgs/include/traveler_msgs/msg/detail/set_input_position__struct.h
[4.515s] -- Installing: /home/qianlab/Desktop/lassie-turtle/install/traveler_msgs/include/traveler_msgs/msg/detail/set_state__type_support.h
[4.515s] -- Installing: /home/qianlab/Desktop/lassie-turtle/install/traveler_msgs/include/traveler_msgs/msg/detail/traveler_status__type_support.h
[4.515s] -- Installing: /home/qianlab/Desktop/lassie-turtle/install/traveler_msgs/include/traveler_msgs/msg/detail/traveler_config__type_support.h
[4.515s] -- Installing: /home/qianlab/Desktop/lassie-turtle/install/traveler_msgs/share/traveler_msgs/environment/library_path.sh
[4.516s] -- Installing: /home/qianlab/Desktop/lassie-turtle/install/traveler_msgs/share/traveler_msgs/environment/library_path.dsv
[4.516s] -- Installing: /home/qianlab/Desktop/lassie-turtle/install/traveler_msgs/lib/libtraveler_msgs__rosidl_generator_c.so
[4.516s] -- Set runtime path of "/home/qianlab/Desktop/lassie-turtle/install/traveler_msgs/lib/libtraveler_msgs__rosidl_generator_c.so" to ""
[4.516s] -- Up-to-date: /home/qianlab/Desktop/lassie-turtle/install/traveler_msgs/include/traveler_msgs
[4.516s] -- Up-to-date: /home/qianlab/Desktop/lassie-turtle/install/traveler_msgs/include/traveler_msgs/msg
[4.516s] -- Installing: /home/qianlab/Desktop/lassie-turtle/install/traveler_msgs/include/traveler_msgs/msg/rosidl_typesupport_fastrtps_c__visibility_control.h
[4.516s] -- Up-to-date: /home/qianlab/Desktop/lassie-turtle/install/traveler_msgs/include/traveler_msgs/msg/detail
[4.516s] -- Installing: /home/qianlab/Desktop/lassie-turtle/install/traveler_msgs/include/traveler_msgs/msg/detail/traveler_config__rosidl_typesupport_fastrtps_c.h
[4.516s] -- Installing: /home/qianlab/Desktop/lassie-turtle/install/traveler_msgs/include/traveler_msgs/msg/detail/traveler_mode__rosidl_typesupport_fastrtps_c.h
[4.516s] -- Installing: /home/qianlab/Desktop/lassie-turtle/install/traveler_msgs/include/traveler_msgs/msg/detail/traveler_status__rosidl_typesupport_fastrtps_c.h
[4.517s] -- Installing: /home/qianlab/Desktop/lassie-turtle/install/traveler_msgs/include/traveler_msgs/msg/detail/set_input_position__rosidl_typesupport_fastrtps_c.h
[4.517s] -- Installing: /home/qianlab/Desktop/lassie-turtle/install/traveler_msgs/include/traveler_msgs/msg/detail/set_state__rosidl_typesupport_fastrtps_c.h
[4.517s] -- Installing: /home/qianlab/Desktop/lassie-turtle/install/traveler_msgs/include/traveler_msgs/msg/detail/odrive_status__rosidl_typesupport_fastrtps_c.h
[4.517s] -- Installing: /home/qianlab/Desktop/lassie-turtle/install/traveler_msgs/lib/libtraveler_msgs__rosidl_typesupport_fastrtps_c.so
[4.517s] -- Set runtime path of "/home/qianlab/Desktop/lassie-turtle/install/traveler_msgs/lib/libtraveler_msgs__rosidl_typesupport_fastrtps_c.so" to ""
[4.517s] -- Up-to-date: /home/qianlab/Desktop/lassie-turtle/install/traveler_msgs/include/traveler_msgs
[4.517s] -- Up-to-date: /home/qianlab/Desktop/lassie-turtle/install/traveler_msgs/include/traveler_msgs/msg
[4.517s] -- Up-to-date: /home/qianlab/Desktop/lassie-turtle/install/traveler_msgs/include/traveler_msgs/msg/detail
[4.517s] -- Installing: /home/qianlab/Desktop/lassie-turtle/install/traveler_msgs/include/traveler_msgs/msg/detail/traveler_config__rosidl_typesupport_fastrtps_cpp.hpp
[4.518s] -- Installing: /home/qianlab/Desktop/lassie-turtle/install/traveler_msgs/include/traveler_msgs/msg/detail/traveler_mode__rosidl_typesupport_fastrtps_cpp.hpp
[4.518s] -- Installing: /home/qianlab/Desktop/lassie-turtle/install/traveler_msgs/include/traveler_msgs/msg/detail/set_input_position__rosidl_typesupport_fastrtps_cpp.hpp
[4.518s] -- Installing: /home/qianlab/Desktop/lassie-turtle/install/traveler_msgs/include/traveler_msgs/msg/detail/dds_fastrtps
[4.518s] -- Installing: /home/qianlab/Desktop/lassie-turtle/install/traveler_msgs/include/traveler_msgs/msg/detail/traveler_status__rosidl_typesupport_fastrtps_cpp.hpp
[4.518s] -- Installing: /home/qianlab/Desktop/lassie-turtle/install/traveler_msgs/include/traveler_msgs/msg/detail/odrive_status__rosidl_typesupport_fastrtps_cpp.hpp
[4.518s] -- Installing: /home/qianlab/Desktop/lassie-turtle/install/traveler_msgs/include/traveler_msgs/msg/detail/set_state__rosidl_typesupport_fastrtps_cpp.hpp
[4.518s] -- Installing: /home/qianlab/Desktop/lassie-turtle/install/traveler_msgs/include/traveler_msgs/msg/rosidl_typesupport_fastrtps_cpp__visibility_control.h
[4.518s] -- Installing: /home/qianlab/Desktop/lassie-turtle/install/traveler_msgs/lib/libtraveler_msgs__rosidl_typesupport_fastrtps_cpp.so
[4.518s] -- Set runtime path of "/home/qianlab/Desktop/lassie-turtle/install/traveler_msgs/lib/libtraveler_msgs__rosidl_typesupport_fastrtps_cpp.so" to ""
[4.518s] -- Up-to-date: /home/qianlab/Desktop/lassie-turtle/install/traveler_msgs/include/traveler_msgs
[4.518s] -- Up-to-date: /home/qianlab/Desktop/lassie-turtle/install/traveler_msgs/include/traveler_msgs/msg
[4.518s] -- Installing: /home/qianlab/Desktop/lassie-turtle/install/traveler_msgs/include/traveler_msgs/msg/rosidl_typesupport_introspection_c__visibility_control.h
[4.519s] -- Up-to-date: /home/qianlab/Desktop/lassie-turtle/install/traveler_msgs/include/traveler_msgs/msg/detail
[4.519s] -- Installing: /home/qianlab/Desktop/lassie-turtle/install/traveler_msgs/include/traveler_msgs/msg/detail/traveler_status__rosidl_typesupport_introspection_c.h
[4.519s] -- Installing: /home/qianlab/Desktop/lassie-turtle/install/traveler_msgs/include/traveler_msgs/msg/detail/traveler_config__rosidl_typesupport_introspection_c.h
[4.519s] -- Installing: /home/qianlab/Desktop/lassie-turtle/install/traveler_msgs/include/traveler_msgs/msg/detail/set_state__type_support.c
[4.519s] -- Installing: /home/qianlab/Desktop/lassie-turtle/install/traveler_msgs/include/traveler_msgs/msg/detail/traveler_mode__rosidl_typesupport_introspection_c.h
[4.519s] -- Installing: /home/qianlab/Desktop/lassie-turtle/install/traveler_msgs/include/traveler_msgs/msg/detail/set_input_position__rosidl_typesupport_introspection_c.h
[4.519s] -- Installing: /home/qianlab/Desktop/lassie-turtle/install/traveler_msgs/include/traveler_msgs/msg/detail/odrive_status__rosidl_typesupport_introspection_c.h
[4.519s] -- Installing: /home/qianlab/Desktop/lassie-turtle/install/traveler_msgs/include/traveler_msgs/msg/detail/traveler_mode__type_support.c
[4.519s] -- Installing: /home/qianlab/Desktop/lassie-turtle/install/traveler_msgs/include/traveler_msgs/msg/detail/set_input_position__type_support.c
[4.519s] -- Installing: /home/qianlab/Desktop/lassie-turtle/install/traveler_msgs/include/traveler_msgs/msg/detail/set_state__rosidl_typesupport_introspection_c.h
[4.519s] -- Installing: /home/qianlab/Desktop/lassie-turtle/install/traveler_msgs/include/traveler_msgs/msg/detail/traveler_status__type_support.c
[4.519s] -- Installing: /home/qianlab/Desktop/lassie-turtle/install/traveler_msgs/include/traveler_msgs/msg/detail/traveler_config__type_support.c
[4.519s] -- Installing: /home/qianlab/Desktop/lassie-turtle/install/traveler_msgs/include/traveler_msgs/msg/detail/odrive_status__type_support.c
[4.519s] -- Installing: /home/qianlab/Desktop/lassie-turtle/install/traveler_msgs/lib/libtraveler_msgs__rosidl_typesupport_introspection_c.so
[4.520s] -- Set runtime path of "/home/qianlab/Desktop/lassie-turtle/install/traveler_msgs/lib/libtraveler_msgs__rosidl_typesupport_introspection_c.so" to ""
[4.520s] -- Installing: /home/qianlab/Desktop/lassie-turtle/install/traveler_msgs/lib/libtraveler_msgs__rosidl_typesupport_c.so
[4.520s] -- Set runtime path of "/home/qianlab/Desktop/lassie-turtle/install/traveler_msgs/lib/libtraveler_msgs__rosidl_typesupport_c.so" to ""
[4.520s] -- Up-to-date: /home/qianlab/Desktop/lassie-turtle/install/traveler_msgs/include/traveler_msgs
[4.520s] -- Up-to-date: /home/qianlab/Desktop/lassie-turtle/install/traveler_msgs/include/traveler_msgs/msg
[4.520s] -- Installing: /home/qianlab/Desktop/lassie-turtle/install/traveler_msgs/include/traveler_msgs/msg/set_state.hpp
[4.520s] -- Installing: /home/qianlab/Desktop/lassie-turtle/install/traveler_msgs/include/traveler_msgs/msg/rosidl_generator_cpp__visibility_control.hpp
[4.520s] -- Installing: /home/qianlab/Desktop/lassie-turtle/install/traveler_msgs/include/traveler_msgs/msg/traveler_status.hpp
[4.520s] -- Installing: /home/qianlab/Desktop/lassie-turtle/install/traveler_msgs/include/traveler_msgs/msg/traveler_mode.hpp
[4.520s] -- Installing: /home/qianlab/Desktop/lassie-turtle/install/traveler_msgs/include/traveler_msgs/msg/traveler_config.hpp
[4.520s] -- Installing: /home/qianlab/Desktop/lassie-turtle/install/traveler_msgs/include/traveler_msgs/msg/set_input_position.hpp
[4.520s] -- Installing: /home/qianlab/Desktop/lassie-turtle/install/traveler_msgs/include/traveler_msgs/msg/odrive_status.hpp
[4.520s] -- Up-to-date: /home/qianlab/Desktop/lassie-turtle/install/traveler_msgs/include/traveler_msgs/msg/detail
[4.520s] -- Installing: /home/qianlab/Desktop/lassie-turtle/install/traveler_msgs/include/traveler_msgs/msg/detail/traveler_config__builder.hpp
[4.520s] -- Installing: /home/qianlab/Desktop/lassie-turtle/install/traveler_msgs/include/traveler_msgs/msg/detail/traveler_status__builder.hpp
[4.521s] -- Installing: /home/qianlab/Desktop/lassie-turtle/install/traveler_msgs/include/traveler_msgs/msg/detail/traveler_config__type_support.hpp
[4.521s] -- Installing: /home/qianlab/Desktop/lassie-turtle/install/traveler_msgs/include/traveler_msgs/msg/detail/traveler_config__traits.hpp
[4.521s] -- Installing: /home/qianlab/Desktop/lassie-turtle/install/traveler_msgs/include/traveler_msgs/msg/detail/traveler_mode__builder.hpp
[4.521s] -- Installing: /home/qianlab/Desktop/lassie-turtle/install/traveler_msgs/include/traveler_msgs/msg/detail/odrive_status__traits.hpp
[4.521s] -- Installing: /home/qianlab/Desktop/lassie-turtle/install/traveler_msgs/include/traveler_msgs/msg/detail/set_input_position__struct.hpp
[4.521s] -- Installing: /home/qianlab/Desktop/lassie-turtle/install/traveler_msgs/include/traveler_msgs/msg/detail/set_state__traits.hpp
[4.521s] -- Installing: /home/qianlab/Desktop/lassie-turtle/install/traveler_msgs/include/traveler_msgs/msg/detail/odrive_status__builder.hpp
[4.521s] -- Installing: /home/qianlab/Desktop/lassie-turtle/install/traveler_msgs/include/traveler_msgs/msg/detail/traveler_mode__struct.hpp
[4.521s] -- Installing: /home/qianlab/Desktop/lassie-turtle/install/traveler_msgs/include/traveler_msgs/msg/detail/set_state__builder.hpp
[4.521s] -- Installing: /home/qianlab/Desktop/lassie-turtle/install/traveler_msgs/include/traveler_msgs/msg/detail/set_input_position__type_support.hpp
[4.521s] -- Installing: /home/qianlab/Desktop/lassie-turtle/install/traveler_msgs/include/traveler_msgs/msg/detail/traveler_status__traits.hpp
[4.521s] -- Installing: /home/qianlab/Desktop/lassie-turtle/install/traveler_msgs/include/traveler_msgs/msg/detail/traveler_mode__type_support.hpp
[4.521s] -- Installing: /home/qianlab/Desktop/lassie-turtle/install/traveler_msgs/include/traveler_msgs/msg/detail/set_state__type_support.hpp
[4.521s] -- Installing: /home/qianlab/Desktop/lassie-turtle/install/traveler_msgs/include/traveler_msgs/msg/detail/traveler_config__struct.hpp
[4.521s] -- Installing: /home/qianlab/Desktop/lassie-turtle/install/traveler_msgs/include/traveler_msgs/msg/detail/odrive_status__type_support.hpp
[4.521s] -- Installing: /home/qianlab/Desktop/lassie-turtle/install/traveler_msgs/include/traveler_msgs/msg/detail/odrive_status__struct.hpp
[4.522s] -- Installing: /home/qianlab/Desktop/lassie-turtle/install/traveler_msgs/include/traveler_msgs/msg/detail/traveler_status__type_support.hpp
[4.522s] -- Installing: /home/qianlab/Desktop/lassie-turtle/install/traveler_msgs/include/traveler_msgs/msg/detail/set_input_position__builder.hpp
[4.522s] -- Installing: /home/qianlab/Desktop/lassie-turtle/install/traveler_msgs/include/traveler_msgs/msg/detail/traveler_status__struct.hpp
[4.522s] -- Installing: /home/qianlab/Desktop/lassie-turtle/install/traveler_msgs/include/traveler_msgs/msg/detail/traveler_mode__traits.hpp
[4.522s] -- Installing: /home/qianlab/Desktop/lassie-turtle/install/traveler_msgs/include/traveler_msgs/msg/detail/set_state__struct.hpp
[4.522s] -- Installing: /home/qianlab/Desktop/lassie-turtle/install/traveler_msgs/include/traveler_msgs/msg/detail/set_input_position__traits.hpp
[4.522s] -- Up-to-date: /home/qianlab/Desktop/lassie-turtle/install/traveler_msgs/include/traveler_msgs
[4.522s] -- Up-to-date: /home/qianlab/Desktop/lassie-turtle/install/traveler_msgs/include/traveler_msgs/msg
[4.522s] -- Up-to-date: /home/qianlab/Desktop/lassie-turtle/install/traveler_msgs/include/traveler_msgs/msg/detail
[4.522s] -- Installing: /home/qianlab/Desktop/lassie-turtle/install/traveler_msgs/include/traveler_msgs/msg/detail/traveler_mode__type_support.cpp
[4.522s] -- Installing: /home/qianlab/Desktop/lassie-turtle/install/traveler_msgs/include/traveler_msgs/msg/detail/odrive_status__rosidl_typesupport_introspection_cpp.hpp
[4.522s] -- Installing: /home/qianlab/Desktop/lassie-turtle/install/traveler_msgs/include/traveler_msgs/msg/detail/set_state__rosidl_typesupport_introspection_cpp.hpp
[4.522s] -- Installing: /home/qianlab/Desktop/lassie-turtle/install/traveler_msgs/include/traveler_msgs/msg/detail/traveler_status__type_support.cpp
[4.522s] -- Installing: /home/qianlab/Desktop/lassie-turtle/install/traveler_msgs/include/traveler_msgs/msg/detail/traveler_status__rosidl_typesupport_introspection_cpp.hpp
[4.522s] -- Installing: /home/qianlab/Desktop/lassie-turtle/install/traveler_msgs/include/traveler_msgs/msg/detail/set_input_position__rosidl_typesupport_introspection_cpp.hpp
[4.523s] -- Installing: /home/qianlab/Desktop/lassie-turtle/install/traveler_msgs/include/traveler_msgs/msg/detail/odrive_status__type_support.cpp
[4.523s] -- Installing: /home/qianlab/Desktop/lassie-turtle/install/traveler_msgs/include/traveler_msgs/msg/detail/traveler_mode__rosidl_typesupport_introspection_cpp.hpp
[4.523s] -- Installing: /home/qianlab/Desktop/lassie-turtle/install/traveler_msgs/include/traveler_msgs/msg/detail/set_state__type_support.cpp
[4.523s] -- Installing: /home/qianlab/Desktop/lassie-turtle/install/traveler_msgs/include/traveler_msgs/msg/detail/traveler_config__type_support.cpp
[4.523s] -- Installing: /home/qianlab/Desktop/lassie-turtle/install/traveler_msgs/include/traveler_msgs/msg/detail/set_input_position__type_support.cpp
[4.523s] -- Installing: /home/qianlab/Desktop/lassie-turtle/install/traveler_msgs/include/traveler_msgs/msg/detail/traveler_config__rosidl_typesupport_introspection_cpp.hpp
[4.523s] -- Installing: /home/qianlab/Desktop/lassie-turtle/install/traveler_msgs/lib/libtraveler_msgs__rosidl_typesupport_introspection_cpp.so
[4.523s] -- Set runtime path of "/home/qianlab/Desktop/lassie-turtle/install/traveler_msgs/lib/libtraveler_msgs__rosidl_typesupport_introspection_cpp.so" to ""
[4.523s] -- Installing: /home/qianlab/Desktop/lassie-turtle/install/traveler_msgs/lib/libtraveler_msgs__rosidl_typesupport_cpp.so
[4.523s] -- Set runtime path of "/home/qianlab/Desktop/lassie-turtle/install/traveler_msgs/lib/libtraveler_msgs__rosidl_typesupport_cpp.so" to ""
[4.523s] -- Installing: /home/qianlab/Desktop/lassie-turtle/install/traveler_msgs/share/traveler_msgs/environment/pythonpath.sh
[4.523s] -- Installing: /home/qianlab/Desktop/lassie-turtle/install/traveler_msgs/share/traveler_msgs/environment/pythonpath.dsv
[4.523s] -- Installing: /home/qianlab/Desktop/lassie-turtle/install/traveler_msgs/lib/python3.8/site-packages/traveler_msgs/__init__.py
[4.538s] Compiling '/home/qianlab/Desktop/lassie-turtle/install/traveler_msgs/lib/python3.8/site-packages/traveler_msgs/__init__.py'...
[4.541s] -- Installing: /home/qianlab/Desktop/lassie-turtle/install/traveler_msgs/lib/python3.8/site-packages/traveler_msgs/msg
[4.541s] -- Installing: /home/qianlab/Desktop/lassie-turtle/install/traveler_msgs/lib/python3.8/site-packages/traveler_msgs/msg/_set_input_position_s.c
[4.541s] -- Installing: /home/qianlab/Desktop/lassie-turtle/install/traveler_msgs/lib/python3.8/site-packages/traveler_msgs/msg/_traveler_mode.py
[4.541s] -- Installing: /home/qianlab/Desktop/lassie-turtle/install/traveler_msgs/lib/python3.8/site-packages/traveler_msgs/msg/_odrive_status_s.c
[4.541s] -- Installing: /home/qianlab/Desktop/lassie-turtle/install/traveler_msgs/lib/python3.8/site-packages/traveler_msgs/msg/_traveler_mode_s.c
[4.541s] -- Installing: /home/qianlab/Desktop/lassie-turtle/install/traveler_msgs/lib/python3.8/site-packages/traveler_msgs/msg/_traveler_status.py
[4.541s] -- Installing: /home/qianlab/Desktop/lassie-turtle/install/traveler_msgs/lib/python3.8/site-packages/traveler_msgs/msg/_set_input_position.py
[4.542s] -- Installing: /home/qianlab/Desktop/lassie-turtle/install/traveler_msgs/lib/python3.8/site-packages/traveler_msgs/msg/_odrive_status.py
[4.542s] -- Installing: /home/qianlab/Desktop/lassie-turtle/install/traveler_msgs/lib/python3.8/site-packages/traveler_msgs/msg/_traveler_config_s.c
[4.542s] -- Installing: /home/qianlab/Desktop/lassie-turtle/install/traveler_msgs/lib/python3.8/site-packages/traveler_msgs/msg/_set_state_s.c
[4.542s] -- Installing: /home/qianlab/Desktop/lassie-turtle/install/traveler_msgs/lib/python3.8/site-packages/traveler_msgs/msg/_traveler_status_s.c
[4.542s] -- Installing: /home/qianlab/Desktop/lassie-turtle/install/traveler_msgs/lib/python3.8/site-packages/traveler_msgs/msg/_traveler_config.py
[4.542s] -- Installing: /home/qianlab/Desktop/lassie-turtle/install/traveler_msgs/lib/python3.8/site-packages/traveler_msgs/msg/_set_state.py
[4.542s] -- Installing: /home/qianlab/Desktop/lassie-turtle/install/traveler_msgs/lib/python3.8/site-packages/traveler_msgs/msg/__init__.py
[4.542s] -- Installing: /home/qianlab/Desktop/lassie-turtle/install/traveler_msgs/lib/python3.8/site-packages/traveler_msgs/traveler_msgs_s__rosidl_typesupport_fastrtps_c.cpython-38-x86_64-linux-gnu.so
[4.542s] -- Set runtime path of "/home/qianlab/Desktop/lassie-turtle/install/traveler_msgs/lib/python3.8/site-packages/traveler_msgs/traveler_msgs_s__rosidl_typesupport_fastrtps_c.cpython-38-x86_64-linux-gnu.so" to ""
[4.542s] -- Installing: /home/qianlab/Desktop/lassie-turtle/install/traveler_msgs/lib/python3.8/site-packages/traveler_msgs/traveler_msgs_s__rosidl_typesupport_introspection_c.cpython-38-x86_64-linux-gnu.so
[4.542s] -- Set runtime path of "/home/qianlab/Desktop/lassie-turtle/install/traveler_msgs/lib/python3.8/site-packages/traveler_msgs/traveler_msgs_s__rosidl_typesupport_introspection_c.cpython-38-x86_64-linux-gnu.so" to ""
[4.543s] -- Installing: /home/qianlab/Desktop/lassie-turtle/install/traveler_msgs/lib/python3.8/site-packages/traveler_msgs/traveler_msgs_s__rosidl_typesupport_c.cpython-38-x86_64-linux-gnu.so
[4.543s] -- Set runtime path of "/home/qianlab/Desktop/lassie-turtle/install/traveler_msgs/lib/python3.8/site-packages/traveler_msgs/traveler_msgs_s__rosidl_typesupport_c.cpython-38-x86_64-linux-gnu.so" to ""
[4.543s] -- Installing: /home/qianlab/Desktop/lassie-turtle/install/traveler_msgs/lib/libtraveler_msgs__python.so
[4.543s] -- Set runtime path of "/home/qianlab/Desktop/lassie-turtle/install/traveler_msgs/lib/libtraveler_msgs__python.so" to ""
[4.543s] -- Installing: /home/qianlab/Desktop/lassie-turtle/install/traveler_msgs/share/traveler_msgs/msg/OdriveStatus.idl
[4.543s] -- Installing: /home/qianlab/Desktop/lassie-turtle/install/traveler_msgs/share/traveler_msgs/msg/TravelerConfig.idl
[4.543s] -- Installing: /home/qianlab/Desktop/lassie-turtle/install/traveler_msgs/share/traveler_msgs/msg/TravelerMode.idl
[4.543s] -- Installing: /home/qianlab/Desktop/lassie-turtle/install/traveler_msgs/share/traveler_msgs/msg/TravelerStatus.idl
[4.543s] -- Installing: /home/qianlab/Desktop/lassie-turtle/install/traveler_msgs/share/traveler_msgs/msg/SetState.idl
[4.543s] -- Installing: /home/qianlab/Desktop/lassie-turtle/install/traveler_msgs/share/traveler_msgs/msg/SetInputPosition.idl
[4.543s] -- Installing: /home/qianlab/Desktop/lassie-turtle/install/traveler_msgs/share/traveler_msgs/msg/OdriveStatus.msg
[4.544s] -- Installing: /home/qianlab/Desktop/lassie-turtle/install/traveler_msgs/share/traveler_msgs/msg/TravelerConfig.msg
[4.544s] -- Installing: /home/qianlab/Desktop/lassie-turtle/install/traveler_msgs/share/traveler_msgs/msg/TravelerMode.msg
[4.544s] -- Installing: /home/qianlab/Desktop/lassie-turtle/install/traveler_msgs/share/traveler_msgs/msg/TravelerStatus.msg
[4.544s] -- Installing: /home/qianlab/Desktop/lassie-turtle/install/traveler_msgs/share/traveler_msgs/odrivemsg/SetState.msg
[4.544s] -- Installing: /home/qianlab/Desktop/lassie-turtle/install/traveler_msgs/share/traveler_msgs/odrivemsg/SetInputPosition.msg
[4.544s] -- Installing: /home/qianlab/Desktop/lassie-turtle/install/traveler_msgs/share/ament_index/resource_index/package_run_dependencies/traveler_msgs
[4.544s] -- Installing: /home/qianlab/Desktop/lassie-turtle/install/traveler_msgs/share/ament_index/resource_index/parent_prefix_path/traveler_msgs
[4.544s] -- Installing: /home/qianlab/Desktop/lassie-turtle/install/traveler_msgs/share/traveler_msgs/environment/ament_prefix_path.sh
[4.544s] -- Installing: /home/qianlab/Desktop/lassie-turtle/install/traveler_msgs/share/traveler_msgs/environment/ament_prefix_path.dsv
[4.544s] -- Installing: /home/qianlab/Desktop/lassie-turtle/install/traveler_msgs/share/traveler_msgs/environment/path.sh
[4.544s] -- Installing: /home/qianlab/Desktop/lassie-turtle/install/traveler_msgs/share/traveler_msgs/environment/path.dsv
[4.545s] -- Installing: /home/qianlab/Desktop/lassie-turtle/install/traveler_msgs/share/traveler_msgs/local_setup.bash
[4.545s] -- Installing: /home/qianlab/Desktop/lassie-turtle/install/traveler_msgs/share/traveler_msgs/local_setup.sh
[4.545s] -- Installing: /home/qianlab/Desktop/lassie-turtle/install/traveler_msgs/share/traveler_msgs/local_setup.zsh
[4.545s] -- Installing: /home/qianlab/Desktop/lassie-turtle/install/traveler_msgs/share/traveler_msgs/local_setup.dsv
[4.545s] -- Installing: /home/qianlab/Desktop/lassie-turtle/install/traveler_msgs/share/traveler_msgs/package.dsv
[4.545s] -- Installing: /home/qianlab/Desktop/lassie-turtle/install/traveler_msgs/share/ament_index/resource_index/packages/traveler_msgs
[4.545s] -- Installing: /home/qianlab/Desktop/lassie-turtle/install/traveler_msgs/share/traveler_msgs/cmake/traveler_msgs__rosidl_generator_cExport.cmake
[4.545s] -- Installing: /home/qianlab/Desktop/lassie-turtle/install/traveler_msgs/share/traveler_msgs/cmake/traveler_msgs__rosidl_generator_cExport-noconfig.cmake
[4.545s] -- Installing: /home/qianlab/Desktop/lassie-turtle/install/traveler_msgs/share/traveler_msgs/cmake/traveler_msgs__rosidl_typesupport_introspection_cExport.cmake
[4.545s] -- Installing: /home/qianlab/Desktop/lassie-turtle/install/traveler_msgs/share/traveler_msgs/cmake/traveler_msgs__rosidl_typesupport_introspection_cExport-noconfig.cmake
[4.545s] -- Installing: /home/qianlab/Desktop/lassie-turtle/install/traveler_msgs/share/traveler_msgs/cmake/traveler_msgs__rosidl_typesupport_cExport.cmake
[4.546s] -- Installing: /home/qianlab/Desktop/lassie-turtle/install/traveler_msgs/share/traveler_msgs/cmake/traveler_msgs__rosidl_typesupport_cExport-noconfig.cmake
[4.546s] -- Installing: /home/qianlab/Desktop/lassie-turtle/install/traveler_msgs/share/traveler_msgs/cmake/traveler_msgs__rosidl_generator_cppExport.cmake
[4.546s] -- Installing: /home/qianlab/Desktop/lassie-turtle/install/traveler_msgs/share/traveler_msgs/cmake/traveler_msgs__rosidl_typesupport_introspection_cppExport.cmake
[4.546s] -- Installing: /home/qianlab/Desktop/lassie-turtle/install/traveler_msgs/share/traveler_msgs/cmake/traveler_msgs__rosidl_typesupport_introspection_cppExport-noconfig.cmake
[4.546s] -- Installing: /home/qianlab/Desktop/lassie-turtle/install/traveler_msgs/share/traveler_msgs/cmake/traveler_msgs__rosidl_typesupport_cppExport.cmake
[4.546s] -- Installing: /home/qianlab/Desktop/lassie-turtle/install/traveler_msgs/share/traveler_msgs/cmake/traveler_msgs__rosidl_typesupport_cppExport-noconfig.cmake
[4.546s] -- Installing: /home/qianlab/Desktop/lassie-turtle/install/traveler_msgs/share/traveler_msgs/cmake/rosidl_cmake-extras.cmake
[4.546s] -- Installing: /home/qianlab/Desktop/lassie-turtle/install/traveler_msgs/share/traveler_msgs/cmake/ament_cmake_export_dependencies-extras.cmake
[4.546s] -- Installing: /home/qianlab/Desktop/lassie-turtle/install/traveler_msgs/share/traveler_msgs/cmake/ament_cmake_export_libraries-extras.cmake
[4.546s] -- Installing: /home/qianlab/Desktop/lassie-turtle/install/traveler_msgs/share/traveler_msgs/cmake/ament_cmake_export_targets-extras.cmake
[4.546s] -- Installing: /home/qianlab/Desktop/lassie-turtle/install/traveler_msgs/share/traveler_msgs/cmake/ament_cmake_export_include_directories-extras.cmake
[4.547s] -- Installing: /home/qianlab/Desktop/lassie-turtle/install/traveler_msgs/share/traveler_msgs/cmake/rosidl_cmake_export_typesupport_libraries-extras.cmake
[4.547s] -- Installing: /home/qianlab/Desktop/lassie-turtle/install/traveler_msgs/share/traveler_msgs/cmake/rosidl_cmake_export_typesupport_targets-extras.cmake
[4.548s] -- Installing: /home/qianlab/Desktop/lassie-turtle/install/traveler_msgs/share/traveler_msgs/cmake/traveler_msgsConfig.cmake
[4.548s] -- Installing: /home/qianlab/Desktop/lassie-turtle/install/traveler_msgs/share/traveler_msgs/cmake/traveler_msgsConfig-version.cmake
[4.548s] -- Installing: /home/qianlab/Desktop/lassie-turtle/install/traveler_msgs/share/traveler_msgs/package.xml
[4.548s] Invoked command in '/home/qianlab/Desktop/lassie-turtle/build/traveler_msgs' returned '0': CMAKE_PREFIX_PATH=${CMAKE_PREFIX_PATH}:/home/qianlab/Turtle_workspace/lassie-turtle/install/traveler_optitrack:/home/qianlab/Turtle_workspace/install/traveler_optitrack:/opt/ros/foxy /usr/bin/cmake --install /home/qianlab/Desktop/lassie-turtle/build/traveler_msgs
