[1.319s] DEBUG:colcon:Command line arguments: ['/usr/bin/colcon', 'build']
[1.319s] DEBUG:colcon:Parsed command line arguments: Namespace(allow_overriding=[], ament_cmake_args=None, base_paths=['.'], build_base='build', catkin_cmake_args=None, catkin_skip_building_tests=False, cmake_args=None, cmake_clean_cache=False, cmake_clean_first=False, cmake_force_configure=False, cmake_target=None, cmake_target_skip_unavailable=False, continue_on_error=False, event_handlers=None, executor='parallel', ignore_user_meta=False, install_base='install', log_base=None, log_level=None, main=<bound method BuildVerb.main of <colcon_core.verb.build.BuildVerb object at 0x7fc1d298e4c0>>, merge_install=False, metas=['./colcon.meta'], packages_above=None, packages_above_and_dependencies=None, packages_above_depth=None, packages_end=None, packages_ignore=None, packages_ignore_regex=None, packages_select=None, packages_select_build_failed=False, packages_select_by_dep=None, packages_select_regex=None, packages_select_test_failures=False, packages_skip=None, packages_skip_build_finished=False, packages_skip_by_dep=None, packages_skip_regex=None, packages_skip_test_passed=False, packages_skip_up_to=None, packages_start=None, packages_up_to=None, packages_up_to_regex=None, parallel_workers=12, paths=None, symlink_install=False, test_result_base=None, verb_extension=<colcon_core.verb.build.BuildVerb object at 0x7fc1d298e4c0>, verb_name='build', verb_parser=<colcon_defaults.argument_parser.defaults.DefaultArgumentsDecorator object at 0x7fc1d25eb6a0>)
[1.380s] Level 1:colcon.colcon_core.package_discovery:discover_packages(colcon_meta) check parameters
[1.380s] Level 1:colcon.colcon_core.package_discovery:discover_packages(recursive) check parameters
[1.380s] Level 1:colcon.colcon_core.package_discovery:discover_packages(ignore) check parameters
[1.380s] Level 1:colcon.colcon_core.package_discovery:discover_packages(path) check parameters
[1.380s] Level 1:colcon.colcon_core.package_discovery:discover_packages(colcon_meta) discover
[1.380s] Level 1:colcon.colcon_core.package_discovery:discover_packages(recursive) discover
[1.380s] INFO:colcon.colcon_core.package_discovery:Crawling recursively for packages in '/home/qianlab/dependencies'
[1.380s] Level 1:colcon.colcon_core.package_identification:_identify(.) by extensions ['ignore', 'ignore_ament_install']
[1.380s] Level 1:colcon.colcon_core.package_identification:_identify(.) by extension 'ignore'
[1.380s] Level 1:colcon.colcon_core.package_identification:_identify(.) by extension 'ignore_ament_install'
[1.380s] Level 1:colcon.colcon_core.package_identification:_identify(.) by extensions ['colcon_pkg']
[1.381s] Level 1:colcon.colcon_core.package_identification:_identify(.) by extension 'colcon_pkg'
[1.381s] Level 1:colcon.colcon_core.package_identification:_identify(.) by extensions ['colcon_meta']
[1.381s] Level 1:colcon.colcon_core.package_identification:_identify(.) by extension 'colcon_meta'
[1.381s] Level 1:colcon.colcon_core.package_identification:_identify(.) by extensions ['ros']
[1.381s] Level 1:colcon.colcon_core.package_identification:_identify(.) by extension 'ros'
[1.387s] Level 1:colcon.colcon_core.package_identification:_identify(.) by extensions ['cmake', 'python']
[1.387s] Level 1:colcon.colcon_core.package_identification:_identify(.) by extension 'cmake'
[1.387s] Level 1:colcon.colcon_core.package_identification:_identify(.) by extension 'python'
[1.387s] Level 1:colcon.colcon_core.package_identification:_identify(.) by extensions ['python_setup_py']
[1.387s] Level 1:colcon.colcon_core.package_identification:_identify(.) by extension 'python_setup_py'
[1.387s] Level 1:colcon.colcon_core.package_identification:_identify(build) by extensions ['ignore', 'ignore_ament_install']
[1.387s] Level 1:colcon.colcon_core.package_identification:_identify(build) by extension 'ignore'
[1.387s] Level 1:colcon.colcon_core.package_identification:_identify(build) ignored
[1.388s] Level 1:colcon.colcon_core.package_identification:_identify(install) by extensions ['ignore', 'ignore_ament_install']
[1.388s] Level 1:colcon.colcon_core.package_identification:_identify(install) by extension 'ignore'
[1.388s] Level 1:colcon.colcon_core.package_identification:_identify(install) ignored
[1.388s] Level 1:colcon.colcon_core.package_identification:_identify(log) by extensions ['ignore', 'ignore_ament_install']
[1.388s] Level 1:colcon.colcon_core.package_identification:_identify(log) by extension 'ignore'
[1.388s] Level 1:colcon.colcon_core.package_identification:_identify(log) ignored
[1.388s] Level 1:colcon.colcon_core.package_identification:_identify(traveler_controller) by extensions ['ignore', 'ignore_ament_install']
[1.388s] Level 1:colcon.colcon_core.package_identification:_identify(traveler_controller) by extension 'ignore'
[1.388s] Level 1:colcon.colcon_core.package_identification:_identify(traveler_controller) by extension 'ignore_ament_install'
[1.388s] Level 1:colcon.colcon_core.package_identification:_identify(traveler_controller) by extensions ['colcon_pkg']
[1.388s] Level 1:colcon.colcon_core.package_identification:_identify(traveler_controller) by extension 'colcon_pkg'
[1.388s] Level 1:colcon.colcon_core.package_identification:_identify(traveler_controller) by extensions ['colcon_meta']
[1.388s] Level 1:colcon.colcon_core.package_identification:_identify(traveler_controller) by extension 'colcon_meta'
[1.388s] Level 1:colcon.colcon_core.package_identification:_identify(traveler_controller) by extensions ['ros']
[1.388s] Level 1:colcon.colcon_core.package_identification:_identify(traveler_controller) by extension 'ros'
[1.390s] DEBUG:colcon.colcon_core.package_identification:Package 'traveler_controller' with type 'ros.ament_cmake' and name 'turtle_high_controller'
[1.390s] Level 1:colcon.colcon_core.package_identification:_identify(traveler_msgs) by extensions ['ignore', 'ignore_ament_install']
[1.390s] Level 1:colcon.colcon_core.package_identification:_identify(traveler_msgs) by extension 'ignore'
[1.390s] Level 1:colcon.colcon_core.package_identification:_identify(traveler_msgs) by extension 'ignore_ament_install'
[1.390s] Level 1:colcon.colcon_core.package_identification:_identify(traveler_msgs) by extensions ['colcon_pkg']
[1.390s] Level 1:colcon.colcon_core.package_identification:_identify(traveler_msgs) by extension 'colcon_pkg'
[1.390s] Level 1:colcon.colcon_core.package_identification:_identify(traveler_msgs) by extensions ['colcon_meta']
[1.390s] Level 1:colcon.colcon_core.package_identification:_identify(traveler_msgs) by extension 'colcon_meta'
[1.390s] Level 1:colcon.colcon_core.package_identification:_identify(traveler_msgs) by extensions ['ros']
[1.390s] Level 1:colcon.colcon_core.package_identification:_identify(traveler_msgs) by extension 'ros'
[1.391s] DEBUG:colcon.colcon_core.package_identification:Package 'traveler_msgs' with type 'ros.ament_cmake' and name 'traveler_msgs'
[1.391s] Level 1:colcon.colcon_core.package_discovery:discover_packages(recursive) using defaults
[1.391s] Level 1:colcon.colcon_core.package_discovery:discover_packages(ignore) discover
[1.391s] Level 1:colcon.colcon_core.package_discovery:discover_packages(ignore) using defaults
[1.391s] Level 1:colcon.colcon_core.package_discovery:discover_packages(path) discover
[1.391s] Level 1:colcon.colcon_core.package_discovery:discover_packages(path) using defaults
[1.514s] Level 1:colcon.colcon_core.package_discovery:discover_packages(prefix_path) check parameters
[1.514s] Level 1:colcon.colcon_core.package_discovery:discover_packages(prefix_path) discover
[1.567s] DEBUG:colcon.colcon_installed_package_information.package_discovery:Found 295 installed packages in /opt/ros/foxy
[1.568s] Level 1:colcon.colcon_core.package_discovery:discover_packages(prefix_path) using defaults
[1.660s] Level 5:colcon.colcon_core.verb:set package 'traveler_msgs' build argument 'cmake_args' from command line to 'None'
[1.660s] Level 5:colcon.colcon_core.verb:set package 'traveler_msgs' build argument 'cmake_target' from command line to 'None'
[1.660s] Level 5:colcon.colcon_core.verb:set package 'traveler_msgs' build argument 'cmake_target_skip_unavailable' from command line to 'False'
[1.660s] Level 5:colcon.colcon_core.verb:set package 'traveler_msgs' build argument 'cmake_clean_cache' from command line to 'False'
[1.660s] Level 5:colcon.colcon_core.verb:set package 'traveler_msgs' build argument 'cmake_clean_first' from command line to 'False'
[1.660s] Level 5:colcon.colcon_core.verb:set package 'traveler_msgs' build argument 'cmake_force_configure' from command line to 'False'
[1.660s] Level 5:colcon.colcon_core.verb:set package 'traveler_msgs' build argument 'ament_cmake_args' from command line to 'None'
[1.660s] Level 5:colcon.colcon_core.verb:set package 'traveler_msgs' build argument 'catkin_cmake_args' from command line to 'None'
[1.660s] Level 5:colcon.colcon_core.verb:set package 'traveler_msgs' build argument 'catkin_skip_building_tests' from command line to 'False'
[1.660s] DEBUG:colcon.colcon_core.verb:Building package 'traveler_msgs' with the following arguments: {'ament_cmake_args': None, 'build_base': '/home/qianlab/dependencies/build/traveler_msgs', 'catkin_cmake_args': None, 'catkin_skip_building_tests': False, 'cmake_args': None, 'cmake_clean_cache': False, 'cmake_clean_first': False, 'cmake_force_configure': False, 'cmake_target': None, 'cmake_target_skip_unavailable': False, 'install_base': '/home/qianlab/dependencies/install/traveler_msgs', 'merge_install': False, 'path': '/home/qianlab/dependencies/traveler_msgs', 'symlink_install': False, 'test_result_base': None}
[1.682s] Level 5:colcon.colcon_core.verb:set package 'turtle_high_controller' build argument 'cmake_args' from command line to 'None'
[1.682s] Level 5:colcon.colcon_core.verb:set package 'turtle_high_controller' build argument 'cmake_target' from command line to 'None'
[1.682s] Level 5:colcon.colcon_core.verb:set package 'turtle_high_controller' build argument 'cmake_target_skip_unavailable' from command line to 'False'
[1.682s] Level 5:colcon.colcon_core.verb:set package 'turtle_high_controller' build argument 'cmake_clean_cache' from command line to 'False'
[1.682s] Level 5:colcon.colcon_core.verb:set package 'turtle_high_controller' build argument 'cmake_clean_first' from command line to 'False'
[1.682s] Level 5:colcon.colcon_core.verb:set package 'turtle_high_controller' build argument 'cmake_force_configure' from command line to 'False'
[1.682s] Level 5:colcon.colcon_core.verb:set package 'turtle_high_controller' build argument 'ament_cmake_args' from command line to 'None'
[1.682s] Level 5:colcon.colcon_core.verb:set package 'turtle_high_controller' build argument 'catkin_cmake_args' from command line to 'None'
[1.682s] Level 5:colcon.colcon_core.verb:set package 'turtle_high_controller' build argument 'catkin_skip_building_tests' from command line to 'False'
[1.682s] DEBUG:colcon.colcon_core.verb:Building package 'turtle_high_controller' with the following arguments: {'ament_cmake_args': None, 'build_base': '/home/qianlab/dependencies/build/turtle_high_controller', 'catkin_cmake_args': None, 'catkin_skip_building_tests': False, 'cmake_args': None, 'cmake_clean_cache': False, 'cmake_clean_first': False, 'cmake_force_configure': False, 'cmake_target': None, 'cmake_target_skip_unavailable': False, 'install_base': '/home/qianlab/dependencies/install/turtle_high_controller', 'merge_install': False, 'path': '/home/qianlab/dependencies/traveler_controller', 'symlink_install': False, 'test_result_base': None}
[1.704s] INFO:colcon.colcon_core.executor:Executing jobs using 'parallel' executor
[1.727s] DEBUG:colcon.colcon_parallel_executor.executor.parallel:run_until_complete
[1.727s] INFO:colcon.colcon_ros.task.ament_cmake.build:Building ROS package in '/home/qianlab/dependencies/traveler_msgs' with build type 'ament_cmake'
[1.727s] INFO:colcon.colcon_cmake.task.cmake.build:Building CMake package in '/home/qianlab/dependencies/traveler_msgs'
[1.754s] INFO:colcon.colcon_core.plugin_system:Skipping extension 'colcon_core.shell.bat': Not used on non-Windows systems
[1.755s] INFO:colcon.colcon_core.shell:Skip shell extension 'powershell' for command environment: Not usable outside of PowerShell
[1.755s] DEBUG:colcon.colcon_core.shell:Skip shell extension 'dsv' for command environment
[1.819s] DEBUG:colcon.colcon_core.event_handler.log_command:Invoking command in '/home/qianlab/dependencies/build/traveler_msgs': CMAKE_PREFIX_PATH=/opt/ros/foxy /usr/bin/cmake --build /home/qianlab/dependencies/build/traveler_msgs -- -j12 -l12
[2.142s] DEBUG:colcon.colcon_core.event_handler.log_command:Invoked command in '/home/qianlab/dependencies/build/traveler_msgs' returned '0': CMAKE_PREFIX_PATH=/opt/ros/foxy /usr/bin/cmake --build /home/qianlab/dependencies/build/traveler_msgs -- -j12 -l12
[2.204s] DEBUG:colcon.colcon_core.event_handler.log_command:Invoking command in '/home/qianlab/dependencies/build/traveler_msgs': CMAKE_PREFIX_PATH=/opt/ros/foxy /usr/bin/cmake --install /home/qianlab/dependencies/build/traveler_msgs
[2.244s] Level 1:colcon.colcon_core.environment:create_environment_scripts_only(traveler_msgs)
[2.244s] DEBUG:colcon.colcon_core.event_handler.log_command:Invoked command in '/home/qianlab/dependencies/build/traveler_msgs' returned '0': CMAKE_PREFIX_PATH=/opt/ros/foxy /usr/bin/cmake --install /home/qianlab/dependencies/build/traveler_msgs
[2.279s] Level 1:colcon.colcon_core.environment:checking '/home/qianlab/dependencies/install/traveler_msgs' for CMake module files
[2.279s] Level 1:colcon.colcon_core.environment:checking '/home/qianlab/dependencies/install/traveler_msgs' for CMake config files
[2.280s] Level 1:colcon.colcon_core.shell:create_environment_hook('traveler_msgs', 'cmake_prefix_path')
[2.303s] INFO:colcon.colcon_core.shell:Creating environment hook '/home/qianlab/dependencies/install/traveler_msgs/share/traveler_msgs/hook/cmake_prefix_path.ps1'
[2.304s] INFO:colcon.colcon_core.shell:Creating environment descriptor '/home/qianlab/dependencies/install/traveler_msgs/share/traveler_msgs/hook/cmake_prefix_path.dsv'
[2.304s] INFO:colcon.colcon_core.shell:Creating environment hook '/home/qianlab/dependencies/install/traveler_msgs/share/traveler_msgs/hook/cmake_prefix_path.sh'
[2.305s] Level 1:colcon.colcon_core.environment:checking '/home/qianlab/dependencies/install/traveler_msgs/lib'
[2.305s] Level 1:colcon.colcon_core.shell:create_environment_hook('traveler_msgs', 'ld_library_path_lib')
[2.327s] INFO:colcon.colcon_core.shell:Creating environment hook '/home/qianlab/dependencies/install/traveler_msgs/share/traveler_msgs/hook/ld_library_path_lib.ps1'
[2.328s] INFO:colcon.colcon_core.shell:Creating environment descriptor '/home/qianlab/dependencies/install/traveler_msgs/share/traveler_msgs/hook/ld_library_path_lib.dsv'
[2.328s] INFO:colcon.colcon_core.shell:Creating environment hook '/home/qianlab/dependencies/install/traveler_msgs/share/traveler_msgs/hook/ld_library_path_lib.sh'
[2.328s] Level 1:colcon.colcon_core.environment:checking '/home/qianlab/dependencies/install/traveler_msgs/bin'
[2.328s] Level 1:colcon.colcon_core.environment:checking '/home/qianlab/dependencies/install/traveler_msgs/lib/pkgconfig/traveler_msgs.pc'
[2.328s] Level 1:colcon.colcon_core.environment:checking '/home/qianlab/dependencies/install/traveler_msgs/lib/python3.8/site-packages'
[2.328s] Level 1:colcon.colcon_core.shell:create_environment_hook('traveler_msgs', 'pythonpath')
[2.350s] INFO:colcon.colcon_core.shell:Creating environment hook '/home/qianlab/dependencies/install/traveler_msgs/share/traveler_msgs/hook/pythonpath.ps1'
[2.351s] INFO:colcon.colcon_core.shell:Creating environment descriptor '/home/qianlab/dependencies/install/traveler_msgs/share/traveler_msgs/hook/pythonpath.dsv'
[2.351s] INFO:colcon.colcon_core.shell:Creating environment hook '/home/qianlab/dependencies/install/traveler_msgs/share/traveler_msgs/hook/pythonpath.sh'
[2.351s] Level 1:colcon.colcon_core.environment:checking '/home/qianlab/dependencies/install/traveler_msgs/bin'
[2.374s] INFO:colcon.colcon_core.shell:Creating package script '/home/qianlab/dependencies/install/traveler_msgs/share/traveler_msgs/package.ps1'
[2.375s] INFO:colcon.colcon_core.shell:Creating package descriptor '/home/qianlab/dependencies/install/traveler_msgs/share/traveler_msgs/package.dsv'
[2.375s] INFO:colcon.colcon_core.shell:Creating package script '/home/qianlab/dependencies/install/traveler_msgs/share/traveler_msgs/package.sh'
[2.376s] INFO:colcon.colcon_core.shell:Creating package script '/home/qianlab/dependencies/install/traveler_msgs/share/traveler_msgs/package.bash'
[2.376s] INFO:colcon.colcon_core.shell:Creating package script '/home/qianlab/dependencies/install/traveler_msgs/share/traveler_msgs/package.zsh'
[2.377s] Level 1:colcon.colcon_core.environment:create_file_with_runtime_dependencies(/home/qianlab/dependencies/install/traveler_msgs/share/colcon-core/packages/traveler_msgs)
[2.462s] Level 1:colcon.colcon_core.environment:create_environment_scripts_only(traveler_msgs)
[2.486s] Level 1:colcon.colcon_core.environment:checking '/home/qianlab/dependencies/install/traveler_msgs' for CMake module files
[2.486s] Level 1:colcon.colcon_core.environment:checking '/home/qianlab/dependencies/install/traveler_msgs' for CMake config files
[2.486s] Level 1:colcon.colcon_core.shell:create_environment_hook('traveler_msgs', 'cmake_prefix_path')
[2.509s] INFO:colcon.colcon_core.shell:Creating environment hook '/home/qianlab/dependencies/install/traveler_msgs/share/traveler_msgs/hook/cmake_prefix_path.ps1'
[2.509s] INFO:colcon.colcon_core.shell:Creating environment descriptor '/home/qianlab/dependencies/install/traveler_msgs/share/traveler_msgs/hook/cmake_prefix_path.dsv'
[2.510s] INFO:colcon.colcon_core.shell:Creating environment hook '/home/qianlab/dependencies/install/traveler_msgs/share/traveler_msgs/hook/cmake_prefix_path.sh'
[2.510s] Level 1:colcon.colcon_core.environment:checking '/home/qianlab/dependencies/install/traveler_msgs/lib'
[2.510s] Level 1:colcon.colcon_core.shell:create_environment_hook('traveler_msgs', 'ld_library_path_lib')
[2.533s] INFO:colcon.colcon_core.shell:Creating environment hook '/home/qianlab/dependencies/install/traveler_msgs/share/traveler_msgs/hook/ld_library_path_lib.ps1'
[2.534s] INFO:colcon.colcon_core.shell:Creating environment descriptor '/home/qianlab/dependencies/install/traveler_msgs/share/traveler_msgs/hook/ld_library_path_lib.dsv'
[2.534s] INFO:colcon.colcon_core.shell:Creating environment hook '/home/qianlab/dependencies/install/traveler_msgs/share/traveler_msgs/hook/ld_library_path_lib.sh'
[2.534s] Level 1:colcon.colcon_core.environment:checking '/home/qianlab/dependencies/install/traveler_msgs/bin'
[2.534s] Level 1:colcon.colcon_core.environment:checking '/home/qianlab/dependencies/install/traveler_msgs/lib/pkgconfig/traveler_msgs.pc'
[2.534s] Level 1:colcon.colcon_core.environment:checking '/home/qianlab/dependencies/install/traveler_msgs/lib/python3.8/site-packages'
[2.534s] Level 1:colcon.colcon_core.shell:create_environment_hook('traveler_msgs', 'pythonpath')
[2.557s] INFO:colcon.colcon_core.shell:Creating environment hook '/home/qianlab/dependencies/install/traveler_msgs/share/traveler_msgs/hook/pythonpath.ps1'
[2.557s] INFO:colcon.colcon_core.shell:Creating environment descriptor '/home/qianlab/dependencies/install/traveler_msgs/share/traveler_msgs/hook/pythonpath.dsv'
[2.557s] INFO:colcon.colcon_core.shell:Creating environment hook '/home/qianlab/dependencies/install/traveler_msgs/share/traveler_msgs/hook/pythonpath.sh'
[2.558s] Level 1:colcon.colcon_core.environment:checking '/home/qianlab/dependencies/install/traveler_msgs/bin'
[2.581s] INFO:colcon.colcon_core.shell:Creating package script '/home/qianlab/dependencies/install/traveler_msgs/share/traveler_msgs/package.ps1'
[2.581s] INFO:colcon.colcon_core.shell:Creating package descriptor '/home/qianlab/dependencies/install/traveler_msgs/share/traveler_msgs/package.dsv'
[2.582s] INFO:colcon.colcon_core.shell:Creating package script '/home/qianlab/dependencies/install/traveler_msgs/share/traveler_msgs/package.sh'
[2.582s] INFO:colcon.colcon_core.shell:Creating package script '/home/qianlab/dependencies/install/traveler_msgs/share/traveler_msgs/package.bash'
[2.582s] INFO:colcon.colcon_core.shell:Creating package script '/home/qianlab/dependencies/install/traveler_msgs/share/traveler_msgs/package.zsh'
[2.582s] Level 1:colcon.colcon_core.environment:create_file_with_runtime_dependencies(/home/qianlab/dependencies/install/traveler_msgs/share/colcon-core/packages/traveler_msgs)
[2.582s] INFO:colcon.colcon_ros.task.ament_cmake.build:Building ROS package in '/home/qianlab/dependencies/traveler_controller' with build type 'ament_cmake'
[2.583s] INFO:colcon.colcon_cmake.task.cmake.build:Building CMake package in '/home/qianlab/dependencies/traveler_controller'
[2.609s] INFO:colcon.colcon_core.shell:Skip shell extension 'powershell' for command environment: Not usable outside of PowerShell
[2.609s] DEBUG:colcon.colcon_core.shell:Skip shell extension 'dsv' for command environment
[2.664s] DEBUG:colcon.colcon_core.event_handler.log_command:Invoking command in '/home/qianlab/dependencies/build/turtle_high_controller': AMENT_PREFIX_PATH=/home/qianlab/dependencies/install/traveler_msgs:${AMENT_PREFIX_PATH} CMAKE_PREFIX_PATH=/home/qianlab/dependencies/install/traveler_msgs:/opt/ros/foxy LD_LIBRARY_PATH=/home/qianlab/dependencies/install/traveler_msgs/lib:${LD_LIBRARY_PATH} PYTHONPATH=/home/qianlab/dependencies/install/traveler_msgs/lib/python3.8/site-packages:${PYTHONPATH} /usr/bin/cmake --build /home/qianlab/dependencies/build/turtle_high_controller -- -j12 -l12
[5.901s] DEBUG:colcon.colcon_core.event_handler.log_command:Invoked command in '/home/qianlab/dependencies/build/turtle_high_controller' returned '0': AMENT_PREFIX_PATH=/home/qianlab/dependencies/install/traveler_msgs:${AMENT_PREFIX_PATH} CMAKE_PREFIX_PATH=/home/qianlab/dependencies/install/traveler_msgs:/opt/ros/foxy LD_LIBRARY_PATH=/home/qianlab/dependencies/install/traveler_msgs/lib:${LD_LIBRARY_PATH} PYTHONPATH=/home/qianlab/dependencies/install/traveler_msgs/lib/python3.8/site-packages:${PYTHONPATH} /usr/bin/cmake --build /home/qianlab/dependencies/build/turtle_high_controller -- -j12 -l12
[5.924s] DEBUG:colcon.colcon_core.event_handler.log_command:Invoking command in '/home/qianlab/dependencies/build/turtle_high_controller': AMENT_PREFIX_PATH=/home/qianlab/dependencies/install/traveler_msgs:${AMENT_PREFIX_PATH} CMAKE_PREFIX_PATH=/home/qianlab/dependencies/install/traveler_msgs:/opt/ros/foxy LD_LIBRARY_PATH=/home/qianlab/dependencies/install/traveler_msgs/lib:${LD_LIBRARY_PATH} PYTHONPATH=/home/qianlab/dependencies/install/traveler_msgs/lib/python3.8/site-packages:${PYTHONPATH} /usr/bin/cmake --install /home/qianlab/dependencies/build/turtle_high_controller
[5.941s] Level 1:colcon.colcon_core.environment:create_environment_scripts_only(turtle_high_controller)
[5.941s] DEBUG:colcon.colcon_core.event_handler.log_command:Invoked command in '/home/qianlab/dependencies/build/turtle_high_controller' returned '0': AMENT_PREFIX_PATH=/home/qianlab/dependencies/install/traveler_msgs:${AMENT_PREFIX_PATH} CMAKE_PREFIX_PATH=/home/qianlab/dependencies/install/traveler_msgs:/opt/ros/foxy LD_LIBRARY_PATH=/home/qianlab/dependencies/install/traveler_msgs/lib:${LD_LIBRARY_PATH} PYTHONPATH=/home/qianlab/dependencies/install/traveler_msgs/lib/python3.8/site-packages:${PYTHONPATH} /usr/bin/cmake --install /home/qianlab/dependencies/build/turtle_high_controller
[5.964s] Level 1:colcon.colcon_core.environment:checking '/home/qianlab/dependencies/install/turtle_high_controller' for CMake module files
[5.965s] Level 1:colcon.colcon_core.environment:checking '/home/qianlab/dependencies/install/turtle_high_controller' for CMake config files
[5.965s] Level 1:colcon.colcon_core.shell:create_environment_hook('turtle_high_controller', 'cmake_prefix_path')
[5.987s] INFO:colcon.colcon_core.shell:Creating environment hook '/home/qianlab/dependencies/install/turtle_high_controller/share/turtle_high_controller/hook/cmake_prefix_path.ps1'
[5.988s] INFO:colcon.colcon_core.shell:Creating environment descriptor '/home/qianlab/dependencies/install/turtle_high_controller/share/turtle_high_controller/hook/cmake_prefix_path.dsv'
[5.988s] INFO:colcon.colcon_core.shell:Creating environment hook '/home/qianlab/dependencies/install/turtle_high_controller/share/turtle_high_controller/hook/cmake_prefix_path.sh'
[5.988s] Level 1:colcon.colcon_core.environment:checking '/home/qianlab/dependencies/install/turtle_high_controller/lib'
[5.988s] Level 1:colcon.colcon_core.environment:checking '/home/qianlab/dependencies/install/turtle_high_controller/bin'
[5.989s] Level 1:colcon.colcon_core.environment:checking '/home/qianlab/dependencies/install/turtle_high_controller/lib/pkgconfig/turtle_high_controller.pc'
[5.989s] Level 1:colcon.colcon_core.environment:checking '/home/qianlab/dependencies/install/turtle_high_controller/lib/python3.8/site-packages'
[5.989s] Level 1:colcon.colcon_core.environment:checking '/home/qianlab/dependencies/install/turtle_high_controller/bin'
[6.011s] INFO:colcon.colcon_core.shell:Creating package script '/home/qianlab/dependencies/install/turtle_high_controller/share/turtle_high_controller/package.ps1'
[6.012s] INFO:colcon.colcon_core.shell:Creating package descriptor '/home/qianlab/dependencies/install/turtle_high_controller/share/turtle_high_controller/package.dsv'
[6.012s] INFO:colcon.colcon_core.shell:Creating package script '/home/qianlab/dependencies/install/turtle_high_controller/share/turtle_high_controller/package.sh'
[6.012s] INFO:colcon.colcon_core.shell:Creating package script '/home/qianlab/dependencies/install/turtle_high_controller/share/turtle_high_controller/package.bash'
[6.012s] INFO:colcon.colcon_core.shell:Creating package script '/home/qianlab/dependencies/install/turtle_high_controller/share/turtle_high_controller/package.zsh'
[6.013s] Level 1:colcon.colcon_core.environment:create_file_with_runtime_dependencies(/home/qianlab/dependencies/install/turtle_high_controller/share/colcon-core/packages/turtle_high_controller)
[6.058s] Level 1:colcon.colcon_core.environment:create_environment_scripts_only(turtle_high_controller)
[6.080s] Level 1:colcon.colcon_core.environment:checking '/home/qianlab/dependencies/install/turtle_high_controller' for CMake module files
[6.080s] Level 1:colcon.colcon_core.environment:checking '/home/qianlab/dependencies/install/turtle_high_controller' for CMake config files
[6.080s] Level 1:colcon.colcon_core.shell:create_environment_hook('turtle_high_controller', 'cmake_prefix_path')
[6.102s] INFO:colcon.colcon_core.shell:Creating environment hook '/home/qianlab/dependencies/install/turtle_high_controller/share/turtle_high_controller/hook/cmake_prefix_path.ps1'
[6.102s] INFO:colcon.colcon_core.shell:Creating environment descriptor '/home/qianlab/dependencies/install/turtle_high_controller/share/turtle_high_controller/hook/cmake_prefix_path.dsv'
[6.103s] INFO:colcon.colcon_core.shell:Creating environment hook '/home/qianlab/dependencies/install/turtle_high_controller/share/turtle_high_controller/hook/cmake_prefix_path.sh'
[6.103s] Level 1:colcon.colcon_core.environment:checking '/home/qianlab/dependencies/install/turtle_high_controller/lib'
[6.103s] Level 1:colcon.colcon_core.environment:checking '/home/qianlab/dependencies/install/turtle_high_controller/bin'
[6.103s] Level 1:colcon.colcon_core.environment:checking '/home/qianlab/dependencies/install/turtle_high_controller/lib/pkgconfig/turtle_high_controller.pc'
[6.103s] Level 1:colcon.colcon_core.environment:checking '/home/qianlab/dependencies/install/turtle_high_controller/lib/python3.8/site-packages'
[6.103s] Level 1:colcon.colcon_core.environment:checking '/home/qianlab/dependencies/install/turtle_high_controller/bin'
[6.125s] INFO:colcon.colcon_core.shell:Creating package script '/home/qianlab/dependencies/install/turtle_high_controller/share/turtle_high_controller/package.ps1'
[6.126s] INFO:colcon.colcon_core.shell:Creating package descriptor '/home/qianlab/dependencies/install/turtle_high_controller/share/turtle_high_controller/package.dsv'
[6.126s] INFO:colcon.colcon_core.shell:Creating package script '/home/qianlab/dependencies/install/turtle_high_controller/share/turtle_high_controller/package.sh'
[6.126s] INFO:colcon.colcon_core.shell:Creating package script '/home/qianlab/dependencies/install/turtle_high_controller/share/turtle_high_controller/package.bash'
[6.126s] INFO:colcon.colcon_core.shell:Creating package script '/home/qianlab/dependencies/install/turtle_high_controller/share/turtle_high_controller/package.zsh'
[6.126s] Level 1:colcon.colcon_core.environment:create_file_with_runtime_dependencies(/home/qianlab/dependencies/install/turtle_high_controller/share/colcon-core/packages/turtle_high_controller)
[6.127s] DEBUG:colcon.colcon_parallel_executor.executor.parallel:closing loop
[6.127s] DEBUG:colcon.colcon_parallel_executor.executor.parallel:loop closed
[6.127s] DEBUG:colcon.colcon_parallel_executor.executor.parallel:run_until_complete finished with '0'
[6.127s] DEBUG:colcon.colcon_core.event_reactor:joining thread
[6.154s] INFO:colcon.colcon_core.plugin_system:Skipping extension 'colcon_notification.desktop_notification.terminal_notifier': Not used on non-Darwin systems
[6.154s] INFO:colcon.colcon_core.plugin_system:Skipping extension 'colcon_notification.desktop_notification.win32': Not used on non-Windows systems
[6.154s] INFO:colcon.colcon_notification.desktop_notification:Sending desktop notification using 'notify2'
[6.174s] DEBUG:colcon.colcon_core.event_reactor:joined thread
[6.197s] INFO:colcon.colcon_core.shell:Creating prefix script '/home/qianlab/dependencies/install/local_setup.ps1'
[6.197s] INFO:colcon.colcon_core.shell:Creating prefix util module '/home/qianlab/dependencies/install/_local_setup_util_ps1.py'
[6.198s] INFO:colcon.colcon_core.shell:Creating prefix chain script '/home/qianlab/dependencies/install/setup.ps1'
[6.224s] INFO:colcon.colcon_core.shell:Creating prefix script '/home/qianlab/dependencies/install/local_setup.sh'
[6.224s] INFO:colcon.colcon_core.shell:Creating prefix util module '/home/qianlab/dependencies/install/_local_setup_util_sh.py'
[6.225s] INFO:colcon.colcon_core.shell:Creating prefix chain script '/home/qianlab/dependencies/install/setup.sh'
[6.247s] INFO:colcon.colcon_core.shell:Creating prefix script '/home/qianlab/dependencies/install/local_setup.bash'
[6.247s] INFO:colcon.colcon_core.shell:Creating prefix chain script '/home/qianlab/dependencies/install/setup.bash'
[6.270s] INFO:colcon.colcon_core.shell:Creating prefix script '/home/qianlab/dependencies/install/local_setup.zsh'
[6.270s] INFO:colcon.colcon_core.shell:Creating prefix chain script '/home/qianlab/dependencies/install/setup.zsh'
