[0.168s] DEBUG:colcon:Command line arguments: ['/usr/bin/colcon', 'build']
[0.168s] DEBUG:colcon:Parsed command line arguments: Namespace(allow_overriding=[], ament_cmake_args=None, base_paths=['.'], build_base='build', catkin_cmake_args=None, catkin_skip_building_tests=False, cmake_args=None, cmake_clean_cache=False, cmake_clean_first=False, cmake_force_configure=False, cmake_target=None, cmake_target_skip_unavailable=False, continue_on_error=False, event_handlers=None, executor='parallel', ignore_user_meta=False, install_base='install', log_base=None, log_level=None, main=<bound method BuildVerb.main of <colcon_core.verb.build.BuildVerb object at 0x7f36e3174df0>>, merge_install=False, metas=['./colcon.meta'], mixin=None, mixin_files=None, mixin_verb=('build',), packages_above=None, packages_above_and_dependencies=None, packages_above_depth=None, packages_end=None, packages_ignore=None, packages_ignore_regex=None, packages_select=None, packages_select_build_failed=False, packages_select_by_dep=None, packages_select_regex=None, packages_select_test_failures=False, packages_skip=None, packages_skip_build_finished=False, packages_skip_by_dep=None, packages_skip_regex=None, packages_skip_test_passed=False, packages_skip_up_to=None, packages_start=None, packages_up_to=None, packages_up_to_regex=None, parallel_workers=12, paths=None, symlink_install=False, test_result_base=None, verb_extension=<colcon_core.verb.build.BuildVerb object at 0x7f36e3174df0>, verb_name='build', verb_parser=<colcon_mixin.mixin.mixin_argument.MixinArgumentDecorator object at 0x7f36e3186280>)
[0.270s] Level 1:colcon.colcon_core.package_discovery:discover_packages(colcon_meta) check parameters
[0.270s] Level 1:colcon.colcon_core.package_discovery:discover_packages(recursive) check parameters
[0.270s] Level 1:colcon.colcon_core.package_discovery:discover_packages(ignore) check parameters
[0.270s] Level 1:colcon.colcon_core.package_discovery:discover_packages(path) check parameters
[0.270s] Level 1:colcon.colcon_core.package_discovery:discover_packages(colcon_meta) discover
[0.270s] Level 1:colcon.colcon_core.package_discovery:discover_packages(recursive) discover
[0.270s] INFO:colcon.colcon_core.package_discovery:Crawling recursively for packages in '/home/qianlab/Desktop/lassie-turtle/dependencies'
[0.270s] Level 1:colcon.colcon_core.package_identification:_identify(.) by extensions ['ignore', 'ignore_ament_install']
[0.271s] Level 1:colcon.colcon_core.package_identification:_identify(.) by extension 'ignore'
[0.271s] Level 1:colcon.colcon_core.package_identification:_identify(.) by extension 'ignore_ament_install'
[0.271s] Level 1:colcon.colcon_core.package_identification:_identify(.) by extensions ['colcon_pkg']
[0.271s] Level 1:colcon.colcon_core.package_identification:_identify(.) by extension 'colcon_pkg'
[0.271s] Level 1:colcon.colcon_core.package_identification:_identify(.) by extensions ['colcon_meta']
[0.271s] Level 1:colcon.colcon_core.package_identification:_identify(.) by extension 'colcon_meta'
[0.271s] Level 1:colcon.colcon_core.package_identification:_identify(.) by extensions ['ros']
[0.271s] Level 1:colcon.colcon_core.package_identification:_identify(.) by extension 'ros'
[0.277s] Level 1:colcon.colcon_core.package_identification:_identify(.) by extensions ['cmake', 'python']
[0.278s] Level 1:colcon.colcon_core.package_identification:_identify(.) by extension 'cmake'
[0.278s] Level 1:colcon.colcon_core.package_identification:_identify(.) by extension 'python'
[0.278s] Level 1:colcon.colcon_core.package_identification:_identify(.) by extensions ['python_setup_py']
[0.278s] Level 1:colcon.colcon_core.package_identification:_identify(.) by extension 'python_setup_py'
[0.278s] Level 1:colcon.colcon_core.package_identification:_identify(build) by extensions ['ignore', 'ignore_ament_install']
[0.278s] Level 1:colcon.colcon_core.package_identification:_identify(build) by extension 'ignore'
[0.278s] Level 1:colcon.colcon_core.package_identification:_identify(build) ignored
[0.278s] Level 1:colcon.colcon_core.package_identification:_identify(install) by extensions ['ignore', 'ignore_ament_install']
[0.278s] Level 1:colcon.colcon_core.package_identification:_identify(install) by extension 'ignore'
[0.278s] Level 1:colcon.colcon_core.package_identification:_identify(install) ignored
[0.278s] Level 1:colcon.colcon_core.package_identification:_identify(log) by extensions ['ignore', 'ignore_ament_install']
[0.278s] Level 1:colcon.colcon_core.package_identification:_identify(log) by extension 'ignore'
[0.278s] Level 1:colcon.colcon_core.package_identification:_identify(log) ignored
[0.278s] Level 1:colcon.colcon_core.package_identification:_identify(traveler_controller) by extensions ['ignore', 'ignore_ament_install']
[0.278s] Level 1:colcon.colcon_core.package_identification:_identify(traveler_controller) by extension 'ignore'
[0.278s] Level 1:colcon.colcon_core.package_identification:_identify(traveler_controller) by extension 'ignore_ament_install'
[0.278s] Level 1:colcon.colcon_core.package_identification:_identify(traveler_controller) by extensions ['colcon_pkg']
[0.278s] Level 1:colcon.colcon_core.package_identification:_identify(traveler_controller) by extension 'colcon_pkg'
[0.278s] Level 1:colcon.colcon_core.package_identification:_identify(traveler_controller) by extensions ['colcon_meta']
[0.278s] Level 1:colcon.colcon_core.package_identification:_identify(traveler_controller) by extension 'colcon_meta'
[0.278s] Level 1:colcon.colcon_core.package_identification:_identify(traveler_controller) by extensions ['ros']
[0.278s] Level 1:colcon.colcon_core.package_identification:_identify(traveler_controller) by extension 'ros'
[0.280s] DEBUG:colcon.colcon_core.package_identification:Package 'traveler_controller' with type 'ros.ament_cmake' and name 'turtle_high_controller'
[0.281s] Level 1:colcon.colcon_core.package_identification:_identify(traveler_msgs) by extensions ['ignore', 'ignore_ament_install']
[0.281s] Level 1:colcon.colcon_core.package_identification:_identify(traveler_msgs) by extension 'ignore'
[0.281s] Level 1:colcon.colcon_core.package_identification:_identify(traveler_msgs) by extension 'ignore_ament_install'
[0.281s] Level 1:colcon.colcon_core.package_identification:_identify(traveler_msgs) by extensions ['colcon_pkg']
[0.281s] Level 1:colcon.colcon_core.package_identification:_identify(traveler_msgs) by extension 'colcon_pkg'
[0.281s] Level 1:colcon.colcon_core.package_identification:_identify(traveler_msgs) by extensions ['colcon_meta']
[0.281s] Level 1:colcon.colcon_core.package_identification:_identify(traveler_msgs) by extension 'colcon_meta'
[0.281s] Level 1:colcon.colcon_core.package_identification:_identify(traveler_msgs) by extensions ['ros']
[0.281s] Level 1:colcon.colcon_core.package_identification:_identify(traveler_msgs) by extension 'ros'
[0.281s] DEBUG:colcon.colcon_core.package_identification:Package 'traveler_msgs' with type 'ros.ament_cmake' and name 'traveler_msgs'
[0.281s] Level 1:colcon.colcon_core.package_discovery:discover_packages(recursive) using defaults
[0.281s] Level 1:colcon.colcon_core.package_discovery:discover_packages(ignore) discover
[0.281s] Level 1:colcon.colcon_core.package_discovery:discover_packages(ignore) using defaults
[0.281s] Level 1:colcon.colcon_core.package_discovery:discover_packages(path) discover
[0.281s] Level 1:colcon.colcon_core.package_discovery:discover_packages(path) using defaults
[0.301s] Level 1:colcon.colcon_core.package_discovery:discover_packages(prefix_path) check parameters
[0.302s] Level 1:colcon.colcon_core.package_discovery:discover_packages(prefix_path) discover
[0.304s] DEBUG:colcon.colcon_installed_package_information.package_discovery:Found 3 installed packages in /home/qianlab/Turtle_workspace/lassie-turtle/install
[0.304s] DEBUG:colcon.colcon_installed_package_information.package_discovery:Found 3 installed packages in /home/qianlab/Turtle_workspace/install
[0.305s] DEBUG:colcon.colcon_installed_package_information.package_discovery:Found 295 installed packages in /opt/ros/foxy
[0.306s] Level 1:colcon.colcon_core.package_discovery:discover_packages(prefix_path) using defaults
[0.343s] Level 5:colcon.colcon_core.verb:set package 'traveler_msgs' build argument 'cmake_args' from command line to 'None'
[0.343s] Level 5:colcon.colcon_core.verb:set package 'traveler_msgs' build argument 'cmake_target' from command line to 'None'
[0.343s] Level 5:colcon.colcon_core.verb:set package 'traveler_msgs' build argument 'cmake_target_skip_unavailable' from command line to 'False'
[0.343s] Level 5:colcon.colcon_core.verb:set package 'traveler_msgs' build argument 'cmake_clean_cache' from command line to 'False'
[0.343s] Level 5:colcon.colcon_core.verb:set package 'traveler_msgs' build argument 'cmake_clean_first' from command line to 'False'
[0.343s] Level 5:colcon.colcon_core.verb:set package 'traveler_msgs' build argument 'cmake_force_configure' from command line to 'False'
[0.343s] Level 5:colcon.colcon_core.verb:set package 'traveler_msgs' build argument 'ament_cmake_args' from command line to 'None'
[0.343s] Level 5:colcon.colcon_core.verb:set package 'traveler_msgs' build argument 'catkin_cmake_args' from command line to 'None'
[0.343s] Level 5:colcon.colcon_core.verb:set package 'traveler_msgs' build argument 'catkin_skip_building_tests' from command line to 'False'
[0.343s] DEBUG:colcon.colcon_core.verb:Building package 'traveler_msgs' with the following arguments: {'ament_cmake_args': None, 'build_base': '/home/qianlab/Desktop/lassie-turtle/dependencies/build/traveler_msgs', 'catkin_cmake_args': None, 'catkin_skip_building_tests': False, 'cmake_args': None, 'cmake_clean_cache': False, 'cmake_clean_first': False, 'cmake_force_configure': False, 'cmake_target': None, 'cmake_target_skip_unavailable': False, 'install_base': '/home/qianlab/Desktop/lassie-turtle/dependencies/install/traveler_msgs', 'merge_install': False, 'path': '/home/qianlab/Desktop/lassie-turtle/dependencies/traveler_msgs', 'symlink_install': False, 'test_result_base': None}
[0.343s] Level 5:colcon.colcon_core.verb:set package 'turtle_high_controller' build argument 'cmake_args' from command line to 'None'
[0.343s] Level 5:colcon.colcon_core.verb:set package 'turtle_high_controller' build argument 'cmake_target' from command line to 'None'
[0.343s] Level 5:colcon.colcon_core.verb:set package 'turtle_high_controller' build argument 'cmake_target_skip_unavailable' from command line to 'False'
[0.343s] Level 5:colcon.colcon_core.verb:set package 'turtle_high_controller' build argument 'cmake_clean_cache' from command line to 'False'
[0.343s] Level 5:colcon.colcon_core.verb:set package 'turtle_high_controller' build argument 'cmake_clean_first' from command line to 'False'
[0.343s] Level 5:colcon.colcon_core.verb:set package 'turtle_high_controller' build argument 'cmake_force_configure' from command line to 'False'
[0.343s] Level 5:colcon.colcon_core.verb:set package 'turtle_high_controller' build argument 'ament_cmake_args' from command line to 'None'
[0.343s] Level 5:colcon.colcon_core.verb:set package 'turtle_high_controller' build argument 'catkin_cmake_args' from command line to 'None'
[0.343s] Level 5:colcon.colcon_core.verb:set package 'turtle_high_controller' build argument 'catkin_skip_building_tests' from command line to 'False'
[0.343s] DEBUG:colcon.colcon_core.verb:Building package 'turtle_high_controller' with the following arguments: {'ament_cmake_args': None, 'build_base': '/home/qianlab/Desktop/lassie-turtle/dependencies/build/turtle_high_controller', 'catkin_cmake_args': None, 'catkin_skip_building_tests': False, 'cmake_args': None, 'cmake_clean_cache': False, 'cmake_clean_first': False, 'cmake_force_configure': False, 'cmake_target': None, 'cmake_target_skip_unavailable': False, 'install_base': '/home/qianlab/Desktop/lassie-turtle/dependencies/install/turtle_high_controller', 'merge_install': False, 'path': '/home/qianlab/Desktop/lassie-turtle/dependencies/traveler_controller', 'symlink_install': False, 'test_result_base': None}
[0.343s] INFO:colcon.colcon_core.executor:Executing jobs using 'parallel' executor
[0.344s] DEBUG:colcon.colcon_parallel_executor.executor.parallel:run_until_complete
[0.345s] INFO:colcon.colcon_ros.task.ament_cmake.build:Building ROS package in '/home/qianlab/Desktop/lassie-turtle/dependencies/traveler_msgs' with build type 'ament_cmake'
[0.345s] INFO:colcon.colcon_cmake.task.cmake.build:Building CMake package in '/home/qianlab/Desktop/lassie-turtle/dependencies/traveler_msgs'
[0.348s] INFO:colcon.colcon_core.plugin_system:Skipping extension 'colcon_core.shell.bat': Not used on non-Windows systems
[0.348s] INFO:colcon.colcon_core.shell:Skip shell extension 'powershell' for command environment: Not usable outside of PowerShell
[0.348s] DEBUG:colcon.colcon_core.shell:Skip shell extension 'dsv' for command environment
[0.356s] DEBUG:colcon.colcon_core.event_handler.log_command:Invoking command in '/home/qianlab/Desktop/lassie-turtle/dependencies/build/traveler_msgs': CMAKE_PREFIX_PATH=${CMAKE_PREFIX_PATH}:/home/qianlab/Turtle_workspace/lassie-turtle/install/traveler_optitrack:/home/qianlab/Turtle_workspace/install/traveler_optitrack:/opt/ros/foxy /usr/bin/cmake /home/qianlab/Desktop/lassie-turtle/dependencies/traveler_msgs -DCMAKE_INSTALL_PREFIX=/home/qianlab/Desktop/lassie-turtle/dependencies/install/traveler_msgs
[1.796s] DEBUG:colcon.colcon_core.event_handler.log_command:Invoked command in '/home/qianlab/Desktop/lassie-turtle/dependencies/build/traveler_msgs' returned '0': CMAKE_PREFIX_PATH=${CMAKE_PREFIX_PATH}:/home/qianlab/Turtle_workspace/lassie-turtle/install/traveler_optitrack:/home/qianlab/Turtle_workspace/install/traveler_optitrack:/opt/ros/foxy /usr/bin/cmake /home/qianlab/Desktop/lassie-turtle/dependencies/traveler_msgs -DCMAKE_INSTALL_PREFIX=/home/qianlab/Desktop/lassie-turtle/dependencies/install/traveler_msgs
[1.800s] DEBUG:colcon.colcon_core.event_handler.log_command:Invoking command in '/home/qianlab/Desktop/lassie-turtle/dependencies/build/traveler_msgs': CMAKE_PREFIX_PATH=${CMAKE_PREFIX_PATH}:/home/qianlab/Turtle_workspace/lassie-turtle/install/traveler_optitrack:/home/qianlab/Turtle_workspace/install/traveler_optitrack:/opt/ros/foxy /usr/bin/cmake --build /home/qianlab/Desktop/lassie-turtle/dependencies/build/traveler_msgs -- -j12 -l12
[4.729s] DEBUG:colcon.colcon_core.event_handler.log_command:Invoked command in '/home/qianlab/Desktop/lassie-turtle/dependencies/build/traveler_msgs' returned '0': CMAKE_PREFIX_PATH=${CMAKE_PREFIX_PATH}:/home/qianlab/Turtle_workspace/lassie-turtle/install/traveler_optitrack:/home/qianlab/Turtle_workspace/install/traveler_optitrack:/opt/ros/foxy /usr/bin/cmake --build /home/qianlab/Desktop/lassie-turtle/dependencies/build/traveler_msgs -- -j12 -l12
[4.801s] DEBUG:colcon.colcon_core.event_handler.log_command:Invoking command in '/home/qianlab/Desktop/lassie-turtle/dependencies/build/traveler_msgs': CMAKE_PREFIX_PATH=${CMAKE_PREFIX_PATH}:/home/qianlab/Turtle_workspace/lassie-turtle/install/traveler_optitrack:/home/qianlab/Turtle_workspace/install/traveler_optitrack:/opt/ros/foxy /usr/bin/cmake --install /home/qianlab/Desktop/lassie-turtle/dependencies/build/traveler_msgs
[4.855s] Level 1:colcon.colcon_core.environment:create_environment_scripts_only(traveler_msgs)
[4.855s] DEBUG:colcon.colcon_core.event_handler.log_command:Invoked command in '/home/qianlab/Desktop/lassie-turtle/dependencies/build/traveler_msgs' returned '0': CMAKE_PREFIX_PATH=${CMAKE_PREFIX_PATH}:/home/qianlab/Turtle_workspace/lassie-turtle/install/traveler_optitrack:/home/qianlab/Turtle_workspace/install/traveler_optitrack:/opt/ros/foxy /usr/bin/cmake --install /home/qianlab/Desktop/lassie-turtle/dependencies/build/traveler_msgs
[4.861s] Level 1:colcon.colcon_core.environment:checking '/home/qianlab/Desktop/lassie-turtle/dependencies/install/traveler_msgs' for CMake module files
[4.862s] Level 1:colcon.colcon_core.environment:checking '/home/qianlab/Desktop/lassie-turtle/dependencies/install/traveler_msgs' for CMake config files
[4.862s] Level 1:colcon.colcon_core.shell:create_environment_hook('traveler_msgs', 'cmake_prefix_path')
[4.862s] INFO:colcon.colcon_core.shell:Creating environment hook '/home/qianlab/Desktop/lassie-turtle/dependencies/install/traveler_msgs/share/traveler_msgs/hook/cmake_prefix_path.ps1'
[4.864s] INFO:colcon.colcon_core.shell:Creating environment descriptor '/home/qianlab/Desktop/lassie-turtle/dependencies/install/traveler_msgs/share/traveler_msgs/hook/cmake_prefix_path.dsv'
[4.864s] INFO:colcon.colcon_core.shell:Creating environment hook '/home/qianlab/Desktop/lassie-turtle/dependencies/install/traveler_msgs/share/traveler_msgs/hook/cmake_prefix_path.sh'
[4.865s] Level 1:colcon.colcon_core.environment:checking '/home/qianlab/Desktop/lassie-turtle/dependencies/install/traveler_msgs/lib'
[4.865s] Level 1:colcon.colcon_core.shell:create_environment_hook('traveler_msgs', 'ld_library_path_lib')
[4.865s] INFO:colcon.colcon_core.shell:Creating environment hook '/home/qianlab/Desktop/lassie-turtle/dependencies/install/traveler_msgs/share/traveler_msgs/hook/ld_library_path_lib.ps1'
[4.866s] INFO:colcon.colcon_core.shell:Creating environment descriptor '/home/qianlab/Desktop/lassie-turtle/dependencies/install/traveler_msgs/share/traveler_msgs/hook/ld_library_path_lib.dsv'
[4.866s] INFO:colcon.colcon_core.shell:Creating environment hook '/home/qianlab/Desktop/lassie-turtle/dependencies/install/traveler_msgs/share/traveler_msgs/hook/ld_library_path_lib.sh'
[4.866s] Level 1:colcon.colcon_core.environment:checking '/home/qianlab/Desktop/lassie-turtle/dependencies/install/traveler_msgs/bin'
[4.866s] Level 1:colcon.colcon_core.environment:checking '/home/qianlab/Desktop/lassie-turtle/dependencies/install/traveler_msgs/lib/pkgconfig/traveler_msgs.pc'
[4.867s] Level 1:colcon.colcon_core.environment:checking '/home/qianlab/Desktop/lassie-turtle/dependencies/install/traveler_msgs/lib/python3.8/site-packages'
[4.867s] Level 1:colcon.colcon_core.shell:create_environment_hook('traveler_msgs', 'pythonpath')
[4.867s] INFO:colcon.colcon_core.shell:Creating environment hook '/home/qianlab/Desktop/lassie-turtle/dependencies/install/traveler_msgs/share/traveler_msgs/hook/pythonpath.ps1'
[4.867s] INFO:colcon.colcon_core.shell:Creating environment descriptor '/home/qianlab/Desktop/lassie-turtle/dependencies/install/traveler_msgs/share/traveler_msgs/hook/pythonpath.dsv'
[4.867s] INFO:colcon.colcon_core.shell:Creating environment hook '/home/qianlab/Desktop/lassie-turtle/dependencies/install/traveler_msgs/share/traveler_msgs/hook/pythonpath.sh'
[4.868s] Level 1:colcon.colcon_core.environment:checking '/home/qianlab/Desktop/lassie-turtle/dependencies/install/traveler_msgs/bin'
[4.868s] INFO:colcon.colcon_core.shell:Creating package script '/home/qianlab/Desktop/lassie-turtle/dependencies/install/traveler_msgs/share/traveler_msgs/package.ps1'
[4.869s] INFO:colcon.colcon_core.shell:Creating package descriptor '/home/qianlab/Desktop/lassie-turtle/dependencies/install/traveler_msgs/share/traveler_msgs/package.dsv'
[4.870s] INFO:colcon.colcon_core.shell:Creating package script '/home/qianlab/Desktop/lassie-turtle/dependencies/install/traveler_msgs/share/traveler_msgs/package.sh'
[4.870s] INFO:colcon.colcon_core.shell:Creating package script '/home/qianlab/Desktop/lassie-turtle/dependencies/install/traveler_msgs/share/traveler_msgs/package.bash'
[4.871s] INFO:colcon.colcon_core.shell:Creating package script '/home/qianlab/Desktop/lassie-turtle/dependencies/install/traveler_msgs/share/traveler_msgs/package.zsh'
[4.871s] Level 1:colcon.colcon_core.environment:create_file_with_runtime_dependencies(/home/qianlab/Desktop/lassie-turtle/dependencies/install/traveler_msgs/share/colcon-core/packages/traveler_msgs)
[4.933s] Level 1:colcon.colcon_core.environment:create_environment_scripts_only(traveler_msgs)
[4.933s] Level 1:colcon.colcon_core.environment:checking '/home/qianlab/Desktop/lassie-turtle/dependencies/install/traveler_msgs' for CMake module files
[4.934s] Level 1:colcon.colcon_core.environment:checking '/home/qianlab/Desktop/lassie-turtle/dependencies/install/traveler_msgs' for CMake config files
[4.935s] Level 1:colcon.colcon_core.shell:create_environment_hook('traveler_msgs', 'cmake_prefix_path')
[4.935s] INFO:colcon.colcon_core.shell:Creating environment hook '/home/qianlab/Desktop/lassie-turtle/dependencies/install/traveler_msgs/share/traveler_msgs/hook/cmake_prefix_path.ps1'
[4.936s] INFO:colcon.colcon_core.shell:Creating environment descriptor '/home/qianlab/Desktop/lassie-turtle/dependencies/install/traveler_msgs/share/traveler_msgs/hook/cmake_prefix_path.dsv'
[4.936s] INFO:colcon.colcon_core.shell:Creating environment hook '/home/qianlab/Desktop/lassie-turtle/dependencies/install/traveler_msgs/share/traveler_msgs/hook/cmake_prefix_path.sh'
[4.937s] Level 1:colcon.colcon_core.environment:checking '/home/qianlab/Desktop/lassie-turtle/dependencies/install/traveler_msgs/lib'
[4.937s] Level 1:colcon.colcon_core.shell:create_environment_hook('traveler_msgs', 'ld_library_path_lib')
[4.937s] INFO:colcon.colcon_core.shell:Creating environment hook '/home/qianlab/Desktop/lassie-turtle/dependencies/install/traveler_msgs/share/traveler_msgs/hook/ld_library_path_lib.ps1'
[4.937s] INFO:colcon.colcon_core.shell:Creating environment descriptor '/home/qianlab/Desktop/lassie-turtle/dependencies/install/traveler_msgs/share/traveler_msgs/hook/ld_library_path_lib.dsv'
[4.938s] INFO:colcon.colcon_core.shell:Creating environment hook '/home/qianlab/Desktop/lassie-turtle/dependencies/install/traveler_msgs/share/traveler_msgs/hook/ld_library_path_lib.sh'
[4.938s] Level 1:colcon.colcon_core.environment:checking '/home/qianlab/Desktop/lassie-turtle/dependencies/install/traveler_msgs/bin'
[4.938s] Level 1:colcon.colcon_core.environment:checking '/home/qianlab/Desktop/lassie-turtle/dependencies/install/traveler_msgs/lib/pkgconfig/traveler_msgs.pc'
[4.938s] Level 1:colcon.colcon_core.environment:checking '/home/qianlab/Desktop/lassie-turtle/dependencies/install/traveler_msgs/lib/python3.8/site-packages'
[4.938s] Level 1:colcon.colcon_core.shell:create_environment_hook('traveler_msgs', 'pythonpath')
[4.938s] INFO:colcon.colcon_core.shell:Creating environment hook '/home/qianlab/Desktop/lassie-turtle/dependencies/install/traveler_msgs/share/traveler_msgs/hook/pythonpath.ps1'
[4.939s] INFO:colcon.colcon_core.shell:Creating environment descriptor '/home/qianlab/Desktop/lassie-turtle/dependencies/install/traveler_msgs/share/traveler_msgs/hook/pythonpath.dsv'
[4.939s] INFO:colcon.colcon_core.shell:Creating environment hook '/home/qianlab/Desktop/lassie-turtle/dependencies/install/traveler_msgs/share/traveler_msgs/hook/pythonpath.sh'
[4.940s] Level 1:colcon.colcon_core.environment:checking '/home/qianlab/Desktop/lassie-turtle/dependencies/install/traveler_msgs/bin'
[4.940s] INFO:colcon.colcon_core.shell:Creating package script '/home/qianlab/Desktop/lassie-turtle/dependencies/install/traveler_msgs/share/traveler_msgs/package.ps1'
[4.941s] INFO:colcon.colcon_core.shell:Creating package descriptor '/home/qianlab/Desktop/lassie-turtle/dependencies/install/traveler_msgs/share/traveler_msgs/package.dsv'
[4.941s] INFO:colcon.colcon_core.shell:Creating package script '/home/qianlab/Desktop/lassie-turtle/dependencies/install/traveler_msgs/share/traveler_msgs/package.sh'
[4.941s] INFO:colcon.colcon_core.shell:Creating package script '/home/qianlab/Desktop/lassie-turtle/dependencies/install/traveler_msgs/share/traveler_msgs/package.bash'
[4.942s] INFO:colcon.colcon_core.shell:Creating package script '/home/qianlab/Desktop/lassie-turtle/dependencies/install/traveler_msgs/share/traveler_msgs/package.zsh'
[4.942s] Level 1:colcon.colcon_core.environment:create_file_with_runtime_dependencies(/home/qianlab/Desktop/lassie-turtle/dependencies/install/traveler_msgs/share/colcon-core/packages/traveler_msgs)
[4.942s] INFO:colcon.colcon_ros.task.ament_cmake.build:Building ROS package in '/home/qianlab/Desktop/lassie-turtle/dependencies/traveler_controller' with build type 'ament_cmake'
[4.942s] INFO:colcon.colcon_cmake.task.cmake.build:Building CMake package in '/home/qianlab/Desktop/lassie-turtle/dependencies/traveler_controller'
[4.942s] INFO:colcon.colcon_core.shell:Skip shell extension 'powershell' for command environment: Not usable outside of PowerShell
[4.942s] DEBUG:colcon.colcon_core.shell:Skip shell extension 'dsv' for command environment
[4.953s] DEBUG:colcon.colcon_core.event_handler.log_command:Invoking command in '/home/qianlab/Desktop/lassie-turtle/dependencies/build/turtle_high_controller': AMENT_PREFIX_PATH=/home/qianlab/Desktop/lassie-turtle/dependencies/install/traveler_msgs:${AMENT_PREFIX_PATH} CMAKE_PREFIX_PATH=/home/qianlab/Desktop/lassie-turtle/dependencies/install/traveler_msgs:/home/qianlab/Turtle_workspace/lassie-turtle/install/turtle_high_controller:/home/qianlab/Turtle_workspace/lassie-turtle/install/traveler_msgs:/home/qianlab/Turtle_workspace/install/turtle_high_controller:/home/qianlab/Turtle_workspace/install/traveler_msgs:/home/qianlab/Turtle_workspace/lassie-turtle/install/traveler_optitrack:/home/qianlab/Turtle_workspace/install/traveler_optitrack:/opt/ros/foxy LD_LIBRARY_PATH=/home/qianlab/Desktop/lassie-turtle/dependencies/install/traveler_msgs/lib:${LD_LIBRARY_PATH} PYTHONPATH=/home/qianlab/Desktop/lassie-turtle/dependencies/install/traveler_msgs/lib/python3.8/site-packages:${PYTHONPATH} /usr/bin/cmake /home/qianlab/Desktop/lassie-turtle/dependencies/traveler_controller -DCMAKE_INSTALL_PREFIX=/home/qianlab/Desktop/lassie-turtle/dependencies/install/turtle_high_controller
[6.291s] DEBUG:colcon.colcon_core.event_handler.log_command:Invoked command in '/home/qianlab/Desktop/lassie-turtle/dependencies/build/turtle_high_controller' returned '0': AMENT_PREFIX_PATH=/home/qianlab/Desktop/lassie-turtle/dependencies/install/traveler_msgs:${AMENT_PREFIX_PATH} CMAKE_PREFIX_PATH=/home/qianlab/Desktop/lassie-turtle/dependencies/install/traveler_msgs:/home/qianlab/Turtle_workspace/lassie-turtle/install/turtle_high_controller:/home/qianlab/Turtle_workspace/lassie-turtle/install/traveler_msgs:/home/qianlab/Turtle_workspace/install/turtle_high_controller:/home/qianlab/Turtle_workspace/install/traveler_msgs:/home/qianlab/Turtle_workspace/lassie-turtle/install/traveler_optitrack:/home/qianlab/Turtle_workspace/install/traveler_optitrack:/opt/ros/foxy LD_LIBRARY_PATH=/home/qianlab/Desktop/lassie-turtle/dependencies/install/traveler_msgs/lib:${LD_LIBRARY_PATH} PYTHONPATH=/home/qianlab/Desktop/lassie-turtle/dependencies/install/traveler_msgs/lib/python3.8/site-packages:${PYTHONPATH} /usr/bin/cmake /home/qianlab/Desktop/lassie-turtle/dependencies/traveler_controller -DCMAKE_INSTALL_PREFIX=/home/qianlab/Desktop/lassie-turtle/dependencies/install/turtle_high_controller
[6.294s] DEBUG:colcon.colcon_core.event_handler.log_command:Invoking command in '/home/qianlab/Desktop/lassie-turtle/dependencies/build/turtle_high_controller': AMENT_PREFIX_PATH=/home/qianlab/Desktop/lassie-turtle/dependencies/install/traveler_msgs:${AMENT_PREFIX_PATH} CMAKE_PREFIX_PATH=/home/qianlab/Desktop/lassie-turtle/dependencies/install/traveler_msgs:/home/qianlab/Turtle_workspace/lassie-turtle/install/turtle_high_controller:/home/qianlab/Turtle_workspace/lassie-turtle/install/traveler_msgs:/home/qianlab/Turtle_workspace/install/turtle_high_controller:/home/qianlab/Turtle_workspace/install/traveler_msgs:/home/qianlab/Turtle_workspace/lassie-turtle/install/traveler_optitrack:/home/qianlab/Turtle_workspace/install/traveler_optitrack:/opt/ros/foxy LD_LIBRARY_PATH=/home/qianlab/Desktop/lassie-turtle/dependencies/install/traveler_msgs/lib:${LD_LIBRARY_PATH} PYTHONPATH=/home/qianlab/Desktop/lassie-turtle/dependencies/install/traveler_msgs/lib/python3.8/site-packages:${PYTHONPATH} /usr/bin/cmake --build /home/qianlab/Desktop/lassie-turtle/dependencies/build/turtle_high_controller -- -j12 -l12
[12.774s] DEBUG:colcon.colcon_core.event_handler.log_command:Invoked command in '/home/qianlab/Desktop/lassie-turtle/dependencies/build/turtle_high_controller' returned '0': AMENT_PREFIX_PATH=/home/qianlab/Desktop/lassie-turtle/dependencies/install/traveler_msgs:${AMENT_PREFIX_PATH} CMAKE_PREFIX_PATH=/home/qianlab/Desktop/lassie-turtle/dependencies/install/traveler_msgs:/home/qianlab/Turtle_workspace/lassie-turtle/install/turtle_high_controller:/home/qianlab/Turtle_workspace/lassie-turtle/install/traveler_msgs:/home/qianlab/Turtle_workspace/install/turtle_high_controller:/home/qianlab/Turtle_workspace/install/traveler_msgs:/home/qianlab/Turtle_workspace/lassie-turtle/install/traveler_optitrack:/home/qianlab/Turtle_workspace/install/traveler_optitrack:/opt/ros/foxy LD_LIBRARY_PATH=/home/qianlab/Desktop/lassie-turtle/dependencies/install/traveler_msgs/lib:${LD_LIBRARY_PATH} PYTHONPATH=/home/qianlab/Desktop/lassie-turtle/dependencies/install/traveler_msgs/lib/python3.8/site-packages:${PYTHONPATH} /usr/bin/cmake --build /home/qianlab/Desktop/lassie-turtle/dependencies/build/turtle_high_controller -- -j12 -l12
[12.795s] DEBUG:colcon.colcon_core.event_handler.log_command:Invoking command in '/home/qianlab/Desktop/lassie-turtle/dependencies/build/turtle_high_controller': AMENT_PREFIX_PATH=/home/qianlab/Desktop/lassie-turtle/dependencies/install/traveler_msgs:${AMENT_PREFIX_PATH} CMAKE_PREFIX_PATH=/home/qianlab/Desktop/lassie-turtle/dependencies/install/traveler_msgs:/home/qianlab/Turtle_workspace/lassie-turtle/install/turtle_high_controller:/home/qianlab/Turtle_workspace/lassie-turtle/install/traveler_msgs:/home/qianlab/Turtle_workspace/install/turtle_high_controller:/home/qianlab/Turtle_workspace/install/traveler_msgs:/home/qianlab/Turtle_workspace/lassie-turtle/install/traveler_optitrack:/home/qianlab/Turtle_workspace/install/traveler_optitrack:/opt/ros/foxy LD_LIBRARY_PATH=/home/qianlab/Desktop/lassie-turtle/dependencies/install/traveler_msgs/lib:${LD_LIBRARY_PATH} PYTHONPATH=/home/qianlab/Desktop/lassie-turtle/dependencies/install/traveler_msgs/lib/python3.8/site-packages:${PYTHONPATH} /usr/bin/cmake --install /home/qianlab/Desktop/lassie-turtle/dependencies/build/turtle_high_controller
[12.825s] Level 1:colcon.colcon_core.environment:create_environment_scripts_only(turtle_high_controller)
[12.826s] Level 1:colcon.colcon_core.environment:checking '/home/qianlab/Desktop/lassie-turtle/dependencies/install/turtle_high_controller' for CMake module files
[12.826s] DEBUG:colcon.colcon_core.event_handler.log_command:Invoked command in '/home/qianlab/Desktop/lassie-turtle/dependencies/build/turtle_high_controller' returned '0': AMENT_PREFIX_PATH=/home/qianlab/Desktop/lassie-turtle/dependencies/install/traveler_msgs:${AMENT_PREFIX_PATH} CMAKE_PREFIX_PATH=/home/qianlab/Desktop/lassie-turtle/dependencies/install/traveler_msgs:/home/qianlab/Turtle_workspace/lassie-turtle/install/turtle_high_controller:/home/qianlab/Turtle_workspace/lassie-turtle/install/traveler_msgs:/home/qianlab/Turtle_workspace/install/turtle_high_controller:/home/qianlab/Turtle_workspace/install/traveler_msgs:/home/qianlab/Turtle_workspace/lassie-turtle/install/traveler_optitrack:/home/qianlab/Turtle_workspace/install/traveler_optitrack:/opt/ros/foxy LD_LIBRARY_PATH=/home/qianlab/Desktop/lassie-turtle/dependencies/install/traveler_msgs/lib:${LD_LIBRARY_PATH} PYTHONPATH=/home/qianlab/Desktop/lassie-turtle/dependencies/install/traveler_msgs/lib/python3.8/site-packages:${PYTHONPATH} /usr/bin/cmake --install /home/qianlab/Desktop/lassie-turtle/dependencies/build/turtle_high_controller
[12.827s] Level 1:colcon.colcon_core.environment:checking '/home/qianlab/Desktop/lassie-turtle/dependencies/install/turtle_high_controller' for CMake config files
[12.827s] Level 1:colcon.colcon_core.shell:create_environment_hook('turtle_high_controller', 'cmake_prefix_path')
[12.827s] INFO:colcon.colcon_core.shell:Creating environment hook '/home/qianlab/Desktop/lassie-turtle/dependencies/install/turtle_high_controller/share/turtle_high_controller/hook/cmake_prefix_path.ps1'
[12.828s] INFO:colcon.colcon_core.shell:Creating environment descriptor '/home/qianlab/Desktop/lassie-turtle/dependencies/install/turtle_high_controller/share/turtle_high_controller/hook/cmake_prefix_path.dsv'
[12.828s] INFO:colcon.colcon_core.shell:Creating environment hook '/home/qianlab/Desktop/lassie-turtle/dependencies/install/turtle_high_controller/share/turtle_high_controller/hook/cmake_prefix_path.sh'
[12.829s] Level 1:colcon.colcon_core.environment:checking '/home/qianlab/Desktop/lassie-turtle/dependencies/install/turtle_high_controller/lib'
[12.829s] Level 1:colcon.colcon_core.environment:checking '/home/qianlab/Desktop/lassie-turtle/dependencies/install/turtle_high_controller/bin'
[12.829s] Level 1:colcon.colcon_core.environment:checking '/home/qianlab/Desktop/lassie-turtle/dependencies/install/turtle_high_controller/lib/pkgconfig/turtle_high_controller.pc'
[12.829s] Level 1:colcon.colcon_core.environment:checking '/home/qianlab/Desktop/lassie-turtle/dependencies/install/turtle_high_controller/lib/python3.8/site-packages'
[12.830s] Level 1:colcon.colcon_core.environment:checking '/home/qianlab/Desktop/lassie-turtle/dependencies/install/turtle_high_controller/bin'
[12.830s] INFO:colcon.colcon_core.shell:Creating package script '/home/qianlab/Desktop/lassie-turtle/dependencies/install/turtle_high_controller/share/turtle_high_controller/package.ps1'
[12.830s] INFO:colcon.colcon_core.shell:Creating package descriptor '/home/qianlab/Desktop/lassie-turtle/dependencies/install/turtle_high_controller/share/turtle_high_controller/package.dsv'
[12.830s] INFO:colcon.colcon_core.shell:Creating package script '/home/qianlab/Desktop/lassie-turtle/dependencies/install/turtle_high_controller/share/turtle_high_controller/package.sh'
[12.831s] INFO:colcon.colcon_core.shell:Creating package script '/home/qianlab/Desktop/lassie-turtle/dependencies/install/turtle_high_controller/share/turtle_high_controller/package.bash'
[12.831s] INFO:colcon.colcon_core.shell:Creating package script '/home/qianlab/Desktop/lassie-turtle/dependencies/install/turtle_high_controller/share/turtle_high_controller/package.zsh'
[12.831s] Level 1:colcon.colcon_core.environment:create_file_with_runtime_dependencies(/home/qianlab/Desktop/lassie-turtle/dependencies/install/turtle_high_controller/share/colcon-core/packages/turtle_high_controller)
[12.853s] Level 1:colcon.colcon_core.environment:create_environment_scripts_only(turtle_high_controller)
[12.854s] Level 1:colcon.colcon_core.environment:checking '/home/qianlab/Desktop/lassie-turtle/dependencies/install/turtle_high_controller' for CMake module files
[12.854s] Level 1:colcon.colcon_core.environment:checking '/home/qianlab/Desktop/lassie-turtle/dependencies/install/turtle_high_controller' for CMake config files
[12.854s] Level 1:colcon.colcon_core.shell:create_environment_hook('turtle_high_controller', 'cmake_prefix_path')
[12.855s] INFO:colcon.colcon_core.shell:Creating environment hook '/home/qianlab/Desktop/lassie-turtle/dependencies/install/turtle_high_controller/share/turtle_high_controller/hook/cmake_prefix_path.ps1'
[12.855s] INFO:colcon.colcon_core.shell:Creating environment descriptor '/home/qianlab/Desktop/lassie-turtle/dependencies/install/turtle_high_controller/share/turtle_high_controller/hook/cmake_prefix_path.dsv'
[12.856s] INFO:colcon.colcon_core.shell:Creating environment hook '/home/qianlab/Desktop/lassie-turtle/dependencies/install/turtle_high_controller/share/turtle_high_controller/hook/cmake_prefix_path.sh'
[12.856s] Level 1:colcon.colcon_core.environment:checking '/home/qianlab/Desktop/lassie-turtle/dependencies/install/turtle_high_controller/lib'
[12.856s] Level 1:colcon.colcon_core.environment:checking '/home/qianlab/Desktop/lassie-turtle/dependencies/install/turtle_high_controller/bin'
[12.856s] Level 1:colcon.colcon_core.environment:checking '/home/qianlab/Desktop/lassie-turtle/dependencies/install/turtle_high_controller/lib/pkgconfig/turtle_high_controller.pc'
[12.856s] Level 1:colcon.colcon_core.environment:checking '/home/qianlab/Desktop/lassie-turtle/dependencies/install/turtle_high_controller/lib/python3.8/site-packages'
[12.857s] Level 1:colcon.colcon_core.environment:checking '/home/qianlab/Desktop/lassie-turtle/dependencies/install/turtle_high_controller/bin'
[12.857s] INFO:colcon.colcon_core.shell:Creating package script '/home/qianlab/Desktop/lassie-turtle/dependencies/install/turtle_high_controller/share/turtle_high_controller/package.ps1'
[12.857s] INFO:colcon.colcon_core.shell:Creating package descriptor '/home/qianlab/Desktop/lassie-turtle/dependencies/install/turtle_high_controller/share/turtle_high_controller/package.dsv'
[12.858s] INFO:colcon.colcon_core.shell:Creating package script '/home/qianlab/Desktop/lassie-turtle/dependencies/install/turtle_high_controller/share/turtle_high_controller/package.sh'
[12.858s] INFO:colcon.colcon_core.shell:Creating package script '/home/qianlab/Desktop/lassie-turtle/dependencies/install/turtle_high_controller/share/turtle_high_controller/package.bash'
[12.859s] INFO:colcon.colcon_core.shell:Creating package script '/home/qianlab/Desktop/lassie-turtle/dependencies/install/turtle_high_controller/share/turtle_high_controller/package.zsh'
[12.859s] Level 1:colcon.colcon_core.environment:create_file_with_runtime_dependencies(/home/qianlab/Desktop/lassie-turtle/dependencies/install/turtle_high_controller/share/colcon-core/packages/turtle_high_controller)
[12.859s] DEBUG:colcon.colcon_parallel_executor.executor.parallel:closing loop
[12.860s] DEBUG:colcon.colcon_parallel_executor.executor.parallel:loop closed
[12.860s] DEBUG:colcon.colcon_parallel_executor.executor.parallel:run_until_complete finished with '0'
[12.860s] DEBUG:colcon.colcon_core.event_reactor:joining thread
[12.866s] INFO:colcon.colcon_core.plugin_system:Skipping extension 'colcon_notification.desktop_notification.terminal_notifier': Not used on non-Darwin systems
[12.866s] INFO:colcon.colcon_core.plugin_system:Skipping extension 'colcon_notification.desktop_notification.win32': Not used on non-Windows systems
[12.866s] INFO:colcon.colcon_notification.desktop_notification:Sending desktop notification using 'notify2'
[12.891s] DEBUG:colcon.colcon_core.event_reactor:joined thread
[12.891s] INFO:colcon.colcon_core.shell:Creating prefix script '/home/qianlab/Desktop/lassie-turtle/dependencies/install/local_setup.ps1'
[12.893s] INFO:colcon.colcon_core.shell:Creating prefix util module '/home/qianlab/Desktop/lassie-turtle/dependencies/install/_local_setup_util_ps1.py'
[12.894s] INFO:colcon.colcon_core.shell:Creating prefix chain script '/home/qianlab/Desktop/lassie-turtle/dependencies/install/setup.ps1'
[12.896s] INFO:colcon.colcon_core.shell:Creating prefix script '/home/qianlab/Desktop/lassie-turtle/dependencies/install/local_setup.sh'
[12.896s] INFO:colcon.colcon_core.shell:Creating prefix util module '/home/qianlab/Desktop/lassie-turtle/dependencies/install/_local_setup_util_sh.py'
[12.897s] INFO:colcon.colcon_core.shell:Creating prefix chain script '/home/qianlab/Desktop/lassie-turtle/dependencies/install/setup.sh'
[12.898s] INFO:colcon.colcon_core.shell:Creating prefix script '/home/qianlab/Desktop/lassie-turtle/dependencies/install/local_setup.bash'
[12.899s] INFO:colcon.colcon_core.shell:Creating prefix chain script '/home/qianlab/Desktop/lassie-turtle/dependencies/install/setup.bash'
[12.900s] INFO:colcon.colcon_core.shell:Creating prefix script '/home/qianlab/Desktop/lassie-turtle/dependencies/install/local_setup.zsh'
[12.900s] INFO:colcon.colcon_core.shell:Creating prefix chain script '/home/qianlab/Desktop/lassie-turtle/dependencies/install/setup.zsh'
