[ 35%] Built target odrive_can_interface
[ 42%] [32mBuilding CXX object CMakeFiles/turtle_high_controller.dir/src/controller/pid_speed_controller.cpp.o[0m
[ 50%] [32mBuilding CXX object CMakeFiles/turtle_high_controller.dir/src/can_driver/can_driver.cpp.o[0m
[ 57%] [32mBuilding CXX object CMakeFiles/turtle_high_controller.dir/src/proxy/lowerproxy.cpp.o[0m
[01m[K/home/qianlab/lassie-turtle/dependencies/traveler_controller/src/can_driver/can_driver.cpp:[m[K In constructor ‘[01m[Kcan_driver::can_driver()[m[K’:
[01m[K/home/qianlab/lassie-turtle/dependencies/traveler_controller/src/can_driver/can_driver.cpp:11:80:[m[K [01;31m[Kerror: [m[K‘[01m[KMG_GET_ENCODER_ESTIMATES[m[K’ is not a member of ‘[01m[Kodrive_can::Msg[m[K’
   11 |                                socket_get_encoder_estimates_1(odrive_can::Msg::[01;31m[KMG_GET_ENCODER_ESTIMATES[m[K | odrive_can::AXIS::AXIS_0_ID,1, 0x7FF, 500),
      |                                                                                [01;31m[K^~~~~~~~~~~~~~~~~~~~~~~~[m[K
[01m[K/home/qianlab/lassie-turtle/dependencies/traveler_controller/src/proxy/lowerproxy.cpp:[m[K In member function ‘[01m[Kvoid turtle_namespace::control::lowerproxy::calculate_position(turtle&)[m[K’:
[01m[K/home/qianlab/lassie-turtle/dependencies/traveler_controller/src/proxy/lowerproxy.cpp:84:36:[m[K [01;31m[Kerror: [m[K‘[01m[Ktraveler_[m[K’ was not declared in this scope; did you mean ‘[01m[Ktraveler_msgs[m[K’?
   84 |         float axis0_pos = (-1.0f * [01;31m[Ktraveler_[m[K.traveler_control.Leg_lf.axis0.motor_control_position + M0_OFFSET + (M_PI / 2)) / (2 * M_PI);
      |                                    [01;31m[K^~~~~~~~~[m[K
      |                                    [32m[Ktraveler_msgs[m[K
[01m[K/home/qianlab/lassie-turtle/dependencies/traveler_controller/src/proxy/lowerproxy.cpp:84:101:[m[K [01;31m[Kerror: [m[K‘[01m[KM0_OFFSET[m[K’ was not declared in this scope; did you mean ‘[01m[KMOD_OFFSET[m[K’?
   84 |         float axis0_pos = (-1.0f * traveler_.traveler_control.Leg_lf.axis0.motor_control_position + [01;31m[KM0_OFFSET[m[K + (M_PI / 2)) / (2 * M_PI);
      |                                                                                                     [01;31m[K^~~~~~~~~[m[K
      |                                                                                                     [32m[KMOD_OFFSET[m[K
[01m[K/home/qianlab/lassie-turtle/dependencies/traveler_controller/src/proxy/lowerproxy.cpp:85:106:[m[K [01;31m[Kerror: [m[K‘[01m[KM1_OFFSET[m[K’ was not declared in this scope; did you mean ‘[01m[KMOD_OFFSET[m[K’?
   85 |         float axis1_pos = (traveler_.traveler_control.Leg_lf.axis1.motor_control_position - (M_PI / 2) + [01;31m[KM1_OFFSET[m[K) / (2 * M_PI);
      |                                                                                                          [01;31m[K^~~~~~~~~[m[K
      |                                                                                                          [32m[KMOD_OFFSET[m[K
[01m[K/home/qianlab/lassie-turtle/dependencies/traveler_controller/src/proxy/lowerproxy.cpp:76:45:[m[K [01;35m[Kwarning: [m[Kunused parameter ‘[01m[Kturtle_[m[K’ [[01;35m[K-Wunused-parameter[m[K]
   76 | void lowerproxy::calculate_position([01;35m[Kturtle &turtle_[m[K )
      |                                     [01;35m[K~~~~~~~~^~~~~~~[m[K
[01m[K/home/qianlab/lassie-turtle/dependencies/traveler_controller/src/proxy/lowerproxy.cpp:[m[K In member function ‘[01m[Kvoid turtle_namespace::control::lowerproxy::UpdateJoystickStatus(turtle&)[m[K’:
[01m[K/home/qianlab/lassie-turtle/dependencies/traveler_controller/src/proxy/lowerproxy.cpp:172:5:[m[K [01;31m[Kerror: [m[K‘[01m[Kturtle_temp_[m[K’ was not declared in this scope; did you mean ‘[01m[Kturtle_inter_[m[K’?
  172 |     [01;31m[Kturtle_temp_[m[K = turtle_;
      |     [01;31m[K^~~~~~~~~~~~[m[K
      |     [32m[Kturtle_inter_[m[K
[01m[K/home/qianlab/lassie-turtle/dependencies/traveler_controller/src/proxy/lowerproxy.cpp:196:25:[m[K [01;31m[Kerror: [m[Kexpected ‘[01m[K;[m[K’ before ‘[01m[K}[m[K’ token
  196 |     terrain_estimation()
      |                         [01;31m[K^[m[K
      |                         [32m[K;[m[K
......
  200 | [32m[K}[m[K
      | [32m[K~[m[K                        
make[2]: *** [CMakeFiles/turtle_high_controller.dir/build.make:160: CMakeFiles/turtle_high_controller.dir/src/can_driver/can_driver.cpp.o] Error 1
make[2]: *** Waiting for unfinished jobs....
[01m[K/home/qianlab/lassie-turtle/dependencies/traveler_controller/src/controller/pid_speed_controller.cpp:[m[K In member function ‘[01m[Kvirtual void turtle_namespace::control::PID_speed_controller::ComputeControlCommand(turtle&)[m[K’:
[01m[K/home/qianlab/lassie-turtle/dependencies/traveler_controller/src/controller/pid_speed_controller.cpp:28:66:[m[K [01;35m[Kwarning: [m[Kunused parameter ‘[01m[Kturtle_[m[K’ [[01;35m[K-Wunused-parameter[m[K]
   28 |         void PID_speed_controller::ComputeControlCommand([01;35m[Kturtle &turtle_[m[K)
      |                                                          [01;35m[K~~~~~~~~^~~~~~~[m[K
make[2]: *** [CMakeFiles/turtle_high_controller.dir/build.make:132: CMakeFiles/turtle_high_controller.dir/src/proxy/lowerproxy.cpp.o] Error 1
make[1]: *** [CMakeFiles/Makefile2:139: CMakeFiles/turtle_high_controller.dir/all] Error 2
make: *** [Makefile:146: all] Error 2
