[01m[K/home/qianlab/dependencies/traveler_controller/src/controller/Inverse_kinematics.cpp:[m[K In function ‘[01m[Kvoid checkleft(float&, float&, float&)[m[K’:
[01m[K/home/qianlab/dependencies/traveler_controller/src/controller/Inverse_kinematics.cpp:52:11:[m[K [01;35m[Kwarning: [m[Kunused variable ‘[01m[KL[m[K’ [[01;35m[K-Wunused-variable[m[K]
   52 |     float [01;35m[KL[m[K = 0.14;
      |           [01;35m[K^[m[K
[01m[K/home/qianlab/dependencies/traveler_controller/src/controller/Inverse_kinematics.cpp:50:38:[m[K [01;35m[Kwarning: [m[Kunused parameter ‘[01m[Kbeta1[m[K’ [[01;35m[K-Wunused-parameter[m[K]
   50 | void checkleft(float &gamma1, [01;35m[Kfloat &beta1[m[K, float &theta1)
      |                               [01;35m[K~~~~~~~^~~~~[m[K
[01m[K/home/qianlab/dependencies/traveler_controller/src/controller/Inverse_kinematics.cpp:[m[K In function ‘[01m[Kvoid checkright(float&, float&, float&)[m[K’:
[01m[K/home/qianlab/dependencies/traveler_controller/src/controller/Inverse_kinematics.cpp:97:11:[m[K [01;35m[Kwarning: [m[Kunused variable ‘[01m[KL[m[K’ [[01;35m[K-Wunused-variable[m[K]
   97 |     float [01;35m[KL[m[K = 0.14;
      |           [01;35m[K^[m[K
[01m[K/home/qianlab/dependencies/traveler_controller/src/controller/Inverse_kinematics.cpp:95:39:[m[K [01;35m[Kwarning: [m[Kunused parameter ‘[01m[Kbeta2[m[K’ [[01;35m[K-Wunused-parameter[m[K]
   95 | void checkright(float &gamma2, [01;35m[Kfloat &beta2[m[K, float &theta2)
      |                                [01;35m[K~~~~~~~^~~~~[m[K
[01m[K/home/qianlab/dependencies/traveler_controller/src/controller/Inverse_kinematics.cpp:[m[K In function ‘[01m[Kvoid rhex_walking(float, float&, float&, float, float)[m[K’:
[01m[K/home/qianlab/dependencies/traveler_controller/src/controller/Inverse_kinematics.cpp:1004:25:[m[K [01;35m[Kwarning: [m[Kunused parameter ‘[01m[Kt[m[K’ [[01;35m[K-Wunused-parameter[m[K]
 1004 | void rhex_walking([01;35m[Kfloat t[m[K, float &theta1, float &theta2, float curr_theta1, float curr_theta2)
      |                   [01;35m[K~~~~~~^[m[K
[01m[K/home/qianlab/dependencies/traveler_controller/src/controller/Inverse_kinematics.cpp:1004:83:[m[K [01;35m[Kwarning: [m[Kunused parameter ‘[01m[Kcurr_theta2[m[K’ [[01;35m[K-Wunused-parameter[m[K]
 1004 | void rhex_walking(float t, float &theta1, float &theta2, float curr_theta1, [01;35m[Kfloat curr_theta2[m[K)
      |                                                                             [01;35m[K~~~~~~^~~~~~~~~~~[m[K
[01m[K/home/qianlab/dependencies/traveler_controller/src/can_driver/can_driver.cpp:30:2:[m[K [01;35m[Kwarning: [m[Kextra ‘[01m[K;[m[K’ [[01;35m[K-Wpedantic[m[K]
   30 | }[01;35m[K;[m[K
      |  [01;35m[K^[m[K
[01m[K/home/qianlab/dependencies/traveler_controller/src/can_driver/can_driver.cpp:30:2:[m[K [01;35m[Kwarning: [m[Kextra ‘[01m[K;[m[K’ [[01;35m[K-Wpedantic[m[K]
   30 | }[01;35m[K;[m[K
      |  [01;35m[K^[m[K
In file included from [01m[K/home/qianlab/dependencies/traveler_controller/src/main.cpp:8[m[K:
[01m[K/home/qianlab/dependencies/traveler_controller/include/main.h:44:14:[m[K [01;35m[Kwarning: [m[K‘[01m[Ktimer[m[K’ defined but not used [[01;35m[K-Wunused-variable[m[K]
   44 | static float [01;35m[Ktimer[m[K[10] = { 0 };
      |              [01;35m[K^~~~~[m[K
[01m[K/home/qianlab/dependencies/traveler_controller/include/main.h:42:12:[m[K [01;35m[Kwarning: [m[K‘[01m[Kinit_done[m[K’ defined but not used [[01;35m[K-Wunused-variable[m[K]
   42 | static int [01;35m[Kinit_done[m[K = 0;
      |            [01;35m[K^~~~~~~~~[m[K
[01m[K/home/qianlab/dependencies/traveler_controller/include/main.h:41:14:[m[K [01;35m[Kwarning: [m[K‘[01m[Kinit_cnt[m[K’ defined but not used [[01;35m[K-Wunused-variable[m[K]
   41 | static float [01;35m[Kinit_cnt[m[K = 0;
      |              [01;35m[K^~~~~~~~[m[K
[01m[K/home/qianlab/dependencies/traveler_controller/src/proxy/lowerproxy.cpp:[m[K In member function ‘[01m[Kvoid turtle_namespace::control::lowerproxy::calculate_position(turtle&)[m[K’:
[01m[K/home/qianlab/dependencies/traveler_controller/src/proxy/lowerproxy.cpp:114:21:[m[K [01;35m[Kwarning: [m[K‘[01m[Kt[m[K’ may be used uninitialized in this function [[01;35m[K-Wmaybe-uninitialized[m[K]
  114 |                 t = [01;35m[Kt[m[K + 0.01;
      |                     [01;35m[K^[m[K
