[0.011s] Invoking command in '/home/qianlab/lassie-turtle/dependencies/build/turtle_high_controller': AMENT_PREFIX_PATH=/home/qianlab/lassie-turtle/dependencies/install/traveler_msgs:${AMENT_PREFIX_PATH} CMAKE_PREFIX_PATH=/home/qianlab/lassie-turtle/dependencies/install/traveler_msgs:/opt/ros/traveler/traveler_msgs:/home/qianlab/traveler_workspace/install/traveler_high_controller:/home/qianlab/traveler_workspace/install/odrive_pro_srvs_msgs:/home/qianlab/lassie-spirit/lassie-spirit/dependencies/spirit_msgs/install/spirit_msgs:/opt/ros/foxy LD_LIBRARY_PATH=/home/qianlab/lassie-turtle/dependencies/install/traveler_msgs/lib:${LD_LIBRARY_PATH} PYTHONPATH=/home/qianlab/lassie-turtle/dependencies/install/traveler_msgs/lib/python3.8/site-packages:${PYTHONPATH} /usr/local/bin/cmake --build /home/qianlab/lassie-turtle/dependencies/build/turtle_high_controller -- -j12 -l12
[0.031s] [ 35%] Built target odrive_can_interface
[0.042s] [ 42%] [32mBuilding CXX object CMakeFiles/turtle_high_controller.dir/src/main.cpp.o[0m
[0.042s] [ 50%] [32mBuilding CXX object CMakeFiles/turtle_high_controller.dir/src/controller/pid_speed_controller.cpp.o[0m
[0.043s] [ 57%] [32mBuilding CXX object CMakeFiles/turtle_high_controller.dir/src/proxy/lowerproxy.cpp.o[0m
[0.044s] [ 64%] [32mBuilding CXX object CMakeFiles/turtle_high_controller.dir/src/can_driver/can_driver.cpp.o[0m
[1.073s] [01m[K/home/qianlab/lassie-turtle/dependencies/traveler_controller/src/controller/pid_speed_controller.cpp:[m[K In member function ‘[01m[Kvirtual void turtle_namespace::control::PID_speed_controller::ComputeControlCommand(turtle&)[m[K’:
[1.073s] [01m[K/home/qianlab/lassie-turtle/dependencies/traveler_controller/src/controller/pid_speed_controller.cpp:40:40:[m[K [01;31m[Kerror: [m[K‘[01m[Kstruct trutle_command[m[K’ has no member named ‘[01m[Kleft_limb_motor[m[K’
[1.073s]    40 |                 turtle_.turtle_control.[01;31m[Kleft_limb_motor[m[K.motor_control_position = theta1;
[1.073s]       |                                        [01;31m[K^~~~~~~~~~~~~~~[m[K
[1.073s] [01m[K/home/qianlab/lassie-turtle/dependencies/traveler_controller/src/controller/pid_speed_controller.cpp:41:40:[m[K [01;31m[Kerror: [m[K‘[01m[Kstruct trutle_command[m[K’ has no member named ‘[01m[Kleft_big_servo_command[m[K’
[1.073s]    41 |                 turtle_.turtle_control.[01;31m[Kleft_big_servo_command[m[K = gamma1;
[1.073s]       |                                        [01;31m[K^~~~~~~~~~~~~~~~~~~~~~[m[K
[1.073s] [01m[K/home/qianlab/lassie-turtle/dependencies/traveler_controller/src/controller/pid_speed_controller.cpp:42:40:[m[K [01;31m[Kerror: [m[K‘[01m[Kstruct trutle_command[m[K’ has no member named ‘[01m[Kleft_small_servo_command[m[K’
[1.073s]    42 |                 turtle_.turtle_control.[01;31m[Kleft_small_servo_command[m[K = beta1;
[1.073s]       |                                        [01;31m[K^~~~~~~~~~~~~~~~~~~~~~~~[m[K
[1.073s] [01m[K/home/qianlab/lassie-turtle/dependencies/traveler_controller/src/controller/pid_speed_controller.cpp:44:40:[m[K [01;31m[Kerror: [m[K‘[01m[Kstruct trutle_command[m[K’ has no member named ‘[01m[Kright_limb_motor[m[K’
[1.073s]    44 |                 turtle_.turtle_control.[01;31m[Kright_limb_motor[m[K.motor_control_position = theta2;
[1.074s]       |                                        [01;31m[K^~~~~~~~~~~~~~~~[m[K
[1.074s] [01m[K/home/qianlab/lassie-turtle/dependencies/traveler_controller/src/controller/pid_speed_controller.cpp:45:40:[m[K [01;31m[Kerror: [m[K‘[01m[Kstruct trutle_command[m[K’ has no member named ‘[01m[Kright_big_servo_command[m[K’
[1.074s]    45 |                 turtle_.turtle_control.[01;31m[Kright_big_servo_command[m[K = gamma2;
[1.074s]       |                                        [01;31m[K^~~~~~~~~~~~~~~~~~~~~~~[m[K
[1.074s] [01m[K/home/qianlab/lassie-turtle/dependencies/traveler_controller/src/controller/pid_speed_controller.cpp:46:40:[m[K [01;31m[Kerror: [m[K‘[01m[Kstruct trutle_command[m[K’ has no member named ‘[01m[Kright_small_servo_command[m[K’
[1.074s]    46 |                 turtle_.turtle_control.[01;31m[Kright_small_servo_command[m[K = beta2;
[1.074s]       |                                        [01;31m[K^~~~~~~~~~~~~~~~~~~~~~~~~[m[K
[1.074s] [01m[K/home/qianlab/lassie-turtle/dependencies/traveler_controller/src/controller/pid_speed_controller.cpp:49:40:[m[K [01;31m[Kerror: [m[K‘[01m[Kstruct turtle_status[m[K’ has no member named ‘[01m[Kleft_big_servo_pos[m[K’
[1.074s]    49 |                 turtle_.turtle_chassis.[01;31m[Kleft_big_servo_pos[m[K = gamma1;
[1.074s]       |                                        [01;31m[K^~~~~~~~~~~~~~~~~~[m[K
[1.074s] [01m[K/home/qianlab/lassie-turtle/dependencies/traveler_controller/src/controller/pid_speed_controller.cpp:50:40:[m[K [01;31m[Kerror: [m[K‘[01m[Kstruct turtle_status[m[K’ has no member named ‘[01m[Kleft_small_servo_pos[m[K’
[1.074s]    50 |                 turtle_.turtle_chassis.[01;31m[Kleft_small_servo_pos[m[K = beta1;
[1.074s]       |                                        [01;31m[K^~~~~~~~~~~~~~~~~~~~[m[K
[1.074s] [01m[K/home/qianlab/lassie-turtle/dependencies/traveler_controller/src/controller/pid_speed_controller.cpp:51:40:[m[K [01;31m[Kerror: [m[K‘[01m[Kstruct turtle_status[m[K’ has no member named ‘[01m[Kright_big_servo_pos[m[K’
[1.074s]    51 |                 turtle_.turtle_chassis.[01;31m[Kright_big_servo_pos[m[K = gamma2;
[1.075s]       |                                        [01;31m[K^~~~~~~~~~~~~~~~~~~[m[K
[1.075s] [01m[K/home/qianlab/lassie-turtle/dependencies/traveler_controller/src/controller/pid_speed_controller.cpp:52:40:[m[K [01;31m[Kerror: [m[K‘[01m[Kstruct turtle_status[m[K’ has no member named ‘[01m[Kright_small_servo_pos[m[K’
[1.075s]    52 |                 turtle_.turtle_chassis.[01;31m[Kright_small_servo_pos[m[K = beta2;
[1.075s]       |                                        [01;31m[K^~~~~~~~~~~~~~~~~~~~~[m[K
[1.075s] [01m[K/home/qianlab/lassie-turtle/dependencies/traveler_controller/src/controller/pid_speed_controller.cpp:60:40:[m[K [01;31m[Kerror: [m[K‘[01m[Kstruct trutle_command[m[K’ has no member named ‘[01m[Kleft_limb_motor[m[K’
[1.075s]    60 |                 turtle_.turtle_control.[01;31m[Kleft_limb_motor[m[K.motor_control_position = 0.12;
[1.075s]       |                                        [01;31m[K^~~~~~~~~~~~~~~[m[K
[1.075s] [01m[K/home/qianlab/lassie-turtle/dependencies/traveler_controller/src/controller/pid_speed_controller.cpp:61:40:[m[K [01;31m[Kerror: [m[K‘[01m[Kstruct trutle_command[m[K’ has no member named ‘[01m[Kleft_big_servo_command[m[K’
[1.075s]    61 |                 turtle_.turtle_control.[01;31m[Kleft_big_servo_command[m[K = 100;
[1.075s]       |                                        [01;31m[K^~~~~~~~~~~~~~~~~~~~~~[m[K
[1.075s] [01m[K/home/qianlab/lassie-turtle/dependencies/traveler_controller/src/controller/pid_speed_controller.cpp:62:40:[m[K [01;31m[Kerror: [m[K‘[01m[Kstruct trutle_command[m[K’ has no member named ‘[01m[Kleft_small_servo_command[m[K’
[1.075s]    62 |                 turtle_.turtle_control.[01;31m[Kleft_small_servo_command[m[K = 0;
[1.075s]       |                                        [01;31m[K^~~~~~~~~~~~~~~~~~~~~~~~[m[K
[1.075s] [01m[K/home/qianlab/lassie-turtle/dependencies/traveler_controller/src/controller/pid_speed_controller.cpp:65:40:[m[K [01;31m[Kerror: [m[K‘[01m[Kstruct trutle_command[m[K’ has no member named ‘[01m[Kright_limb_motor[m[K’
[1.075s]    65 |                 turtle_.turtle_control.[01;31m[Kright_limb_motor[m[K.motor_control_position = 1.2;
[1.075s]       |                                        [01;31m[K^~~~~~~~~~~~~~~~[m[K
[1.076s] [01m[K/home/qianlab/lassie-turtle/dependencies/traveler_controller/src/controller/pid_speed_controller.cpp:66:40:[m[K [01;31m[Kerror: [m[K‘[01m[Kstruct trutle_command[m[K’ has no member named ‘[01m[Kright_big_servo_command[m[K’
[1.076s]    66 |                 turtle_.turtle_control.[01;31m[Kright_big_servo_command[m[K = 23;
[1.076s]       |                                        [01;31m[K^~~~~~~~~~~~~~~~~~~~~~~[m[K
[1.076s] [01m[K/home/qianlab/lassie-turtle/dependencies/traveler_controller/src/controller/pid_speed_controller.cpp:67:40:[m[K [01;31m[Kerror: [m[K‘[01m[Kstruct trutle_command[m[K’ has no member named ‘[01m[Kright_small_servo_command[m[K’
[1.076s]    67 |                 turtle_.turtle_control.[01;31m[Kright_small_servo_command[m[K = 0;
[1.076s]       |                                        [01;31m[K^~~~~~~~~~~~~~~~~~~~~~~~~[m[K
[1.076s] [01m[K/home/qianlab/lassie-turtle/dependencies/traveler_controller/src/controller/pid_speed_controller.cpp:70:40:[m[K [01;31m[Kerror: [m[K‘[01m[Kstruct turtle_status[m[K’ has no member named ‘[01m[Kleft_big_servo_pos[m[K’
[1.076s]    70 |                 turtle_.turtle_chassis.[01;31m[Kleft_big_servo_pos[m[K = 100;
[1.076s]       |                                        [01;31m[K^~~~~~~~~~~~~~~~~~[m[K
[1.076s] [01m[K/home/qianlab/lassie-turtle/dependencies/traveler_controller/src/controller/pid_speed_controller.cpp:71:40:[m[K [01;31m[Kerror: [m[K‘[01m[Kstruct turtle_status[m[K’ has no member named ‘[01m[Kleft_small_servo_pos[m[K’
[1.076s]    71 |                 turtle_.turtle_chassis.[01;31m[Kleft_small_servo_pos[m[K = 0;
[1.076s]       |                                        [01;31m[K^~~~~~~~~~~~~~~~~~~~[m[K
[1.076s] [01m[K/home/qianlab/lassie-turtle/dependencies/traveler_controller/src/controller/pid_speed_controller.cpp:72:40:[m[K [01;31m[Kerror: [m[K‘[01m[Kstruct turtle_status[m[K’ has no member named ‘[01m[Kright_big_servo_pos[m[K’
[1.076s]    72 |                 turtle_.turtle_chassis.[01;31m[Kright_big_servo_pos[m[K = 23;
[1.076s]       |                                        [01;31m[K^~~~~~~~~~~~~~~~~~~[m[K
[1.076s] [01m[K/home/qianlab/lassie-turtle/dependencies/traveler_controller/src/controller/pid_speed_controller.cpp:73:40:[m[K [01;31m[Kerror: [m[K‘[01m[Kstruct turtle_status[m[K’ has no member named ‘[01m[Kright_small_servo_pos[m[K’
[1.077s]    73 |                 turtle_.turtle_chassis.[01;31m[Kright_small_servo_pos[m[K = 0;
[1.077s]       |                                        [01;31m[K^~~~~~~~~~~~~~~~~~~~~[m[K
[1.080s] [01m[K/home/qianlab/lassie-turtle/dependencies/traveler_controller/src/main.cpp:[m[K In function ‘[01m[Kint main(int, char**)[m[K’:
[1.080s] [01m[K/home/qianlab/lassie-turtle/dependencies/traveler_controller/src/main.cpp:28:18:[m[K [01;31m[Kerror: [m[K‘[01m[Kcan_driver[m[K’ was not declared in this scope
[1.080s]    28 |  std::shared_ptr<[01;31m[Kcan_driver[m[K> Can_driver_  = std::make_shared<can_driver>();
[1.080s]       |                  [01;31m[K^~~~~~~~~~[m[K
[1.080s] [01m[K/home/qianlab/lassie-turtle/dependencies/traveler_controller/src/main.cpp:28:28:[m[K [01;31m[Kerror: [m[Ktemplate argument 1 is invalid
[1.080s]    28 |  std::shared_ptr<can_driver[01;31m[K>[m[K Can_driver_  = std::make_shared<can_driver>();
[1.080s]       |                            [01;31m[K^[m[K
[1.080s] [01m[K/home/qianlab/lassie-turtle/dependencies/traveler_controller/src/main.cpp:28:74:[m[K [01;31m[Kerror: [m[Kno matching function for call to ‘[01m[Kmake_shared<can_driver>()[m[K’
[1.080s]    28 |  std::shared_ptr<can_driver> Can_driver_  = std::make_shared<can_driver>([01;31m[K)[m[K;
[1.080s]       |                                                                          [01;31m[K^[m[K
[1.080s] In file included from [01m[K/usr/include/c++/9/memory:81[m[K,
[1.080s]                  from [01m[K/opt/ros/foxy/include/rosidl_runtime_cpp/bounded_vector.hpp:19[m[K,
[1.081s]                  from [01m[K/home/qianlab/lassie-turtle/dependencies/install/traveler_msgs/include/traveler_msgs/msg/detail/odrive_status__struct.hpp:8[m[K,
[1.081s]                  from [01m[K/home/qianlab/lassie-turtle/dependencies/install/traveler_msgs/include/traveler_msgs/msg/odrive_status.hpp:7[m[K,
[1.081s]                  from [01m[K/home/qianlab/lassie-turtle/dependencies/traveler_controller/include/proxy/control_data.h:13[m[K,
[1.081s]                  from [01m[K/home/qianlab/lassie-turtle/dependencies/traveler_controller/include/controller/basecontroller.h:10[m[K,
[1.081s]                  from [01m[K/home/qianlab/lassie-turtle/dependencies/traveler_controller/include/controller/controller_monitor.h:13[m[K,
[1.081s]                  from [01m[K/home/qianlab/lassie-turtle/dependencies/traveler_controller/include/main.h:12[m[K,
[1.081s]                  from [01m[K/home/qianlab/lassie-turtle/dependencies/traveler_controller/src/main.cpp:8[m[K:
[1.081s] [01m[K/usr/include/c++/9/bits/shared_ptr.h:714:5:[m[K [01;36m[Knote: [m[Kcandidate: ‘[01m[Ktemplate<class _Tp, class ... _Args> std::shared_ptr<_Tp> std::make_shared(_Args&& ...)[m[K’
[1.081s]   714 |     [01;36m[Kmake_shared[m[K(_Args&&... __args)
[1.081s]       |     [01;36m[K^~~~~~~~~~~[m[K
[1.081s] [01m[K/usr/include/c++/9/bits/shared_ptr.h:714:5:[m[K [01;36m[Knote: [m[K  template argument deduction/substitution failed:
[1.081s] [01m[K/home/qianlab/lassie-turtle/dependencies/traveler_controller/src/main.cpp:38:14:[m[K [01;31m[Kerror: [m[Kbase operand of ‘[01m[K->[m[K’ is not a pointer
[1.081s]    38 |   Can_driver_[01;31m[K->[m[Kget_motor_status(turtle_);
[1.081s]       |              [01;31m[K^~[m[K
[1.083s] [01m[K/home/qianlab/lassie-turtle/dependencies/traveler_controller/src/main.cpp:42:36:[m[K [01;31m[Kerror: [m[K‘[01m[Ktraveler_leg_[m[K’ was not declared in this scope; did you mean ‘[01m[Ktraveler_msgs[m[K’?
[1.083s]    42 |   Lower_proxy_->calculate_position([01;31m[Ktraveler_leg_[m[K);
[1.083s]       |                                    [01;31m[K^~~~~~~~~~~~~[m[K
[1.083s]       |                                    [32m[Ktraveler_msgs[m[K
[1.083s] [01m[K/home/qianlab/lassie-turtle/dependencies/traveler_controller/src/main.cpp:43:14:[m[K [01;31m[Kerror: [m[Kbase operand of ‘[01m[K->[m[K’ is not a pointer
[1.083s]    43 |   Can_driver_[01;31m[K->[m[KsetControl(turtle_);
[1.083s]       |              [01;31m[K^~[m[K
[1.297s] [01m[K/home/qianlab/lassie-turtle/dependencies/traveler_controller/src/proxy/lowerproxy.cpp:72:37:[m[K [01;31m[Kerror: [m[Kvariable or field ‘[01m[Kcalculate_position[m[K’ declared void
[1.297s]    72 | void lowerproxy::calculate_position([01;31m[KTraveler[m[K &traveler_ )
[1.298s]       |                                     [01;31m[K^~~~~~~~[m[K
[1.299s] [01m[K/home/qianlab/lassie-turtle/dependencies/traveler_controller/src/proxy/lowerproxy.cpp:72:37:[m[K [01;31m[Kerror: [m[K‘[01m[KTraveler[m[K’ was not declared in this scope
[1.301s] [01m[K/home/qianlab/lassie-turtle/dependencies/traveler_controller/src/proxy/lowerproxy.cpp:72:47:[m[K [01;31m[Kerror: [m[K‘[01m[Ktraveler_[m[K’ was not declared in this scope; did you mean ‘[01m[Ktraveler_msgs[m[K’?
[1.301s]    72 | void lowerproxy::calculate_position(Traveler &[01;31m[Ktraveler_[m[K )
[1.301s]       |                                               [01;31m[K^~~~~~~~~[m[K
[1.301s]       |                                               [32m[Ktraveler_msgs[m[K
[1.304s] [01m[K/home/qianlab/lassie-turtle/dependencies/traveler_controller/src/proxy/lowerproxy.cpp:[m[K In member function ‘[01m[Kvoid turtle_namespace::control::lowerproxy::UpdateJoystickStatus(turtle&)[m[K’:
[1.304s] [01m[K/home/qianlab/lassie-turtle/dependencies/traveler_controller/src/proxy/lowerproxy.cpp:126:5:[m[K [01;31m[Kerror: [m[K‘[01m[Kturtle_temp_[m[K’ was not declared in this scope; did you mean ‘[01m[Kturtle_inter_[m[K’?
[1.304s]   126 |     [01;31m[Kturtle_temp_[m[K = turtle_;
[1.304s]       |     [01;31m[K^~~~~~~~~~~~[m[K
[1.304s]       |     [32m[Kturtle_inter_[m[K
[1.304s] [01m[K/home/qianlab/lassie-turtle/dependencies/traveler_controller/src/proxy/lowerproxy.cpp:150:25:[m[K [01;31m[Kerror: [m[Kexpected ‘[01m[K;[m[K’ before ‘[01m[K}[m[K’ token
[1.304s]   150 |     terrain_estimation()
[1.304s]       |                         [01;31m[K^[m[K
[1.304s]       |                         [32m[K;[m[K
[1.304s] ......
[1.304s]   154 | [32m[K}[m[K
[1.304s]       | [32m[K~[m[K                        
[1.457s] In file included from [01m[K/home/qianlab/lassie-turtle/dependencies/traveler_controller/src/can_driver/can_driver.cpp:1[m[K:
[1.457s] [01m[K/home/qianlab/lassie-turtle/dependencies/traveler_controller/include/can_driver/can_driver.hpp:17:21:[m[K [01;31m[Kerror: [m[K‘[01m[KTraveler[m[K’ has not been declared
[1.457s]    17 |     void setControl([01;31m[KTraveler[m[K& traveler_leg_);
[1.457s]       |                     [01;31m[K^~~~~~~~[m[K
[1.457s] [01m[K/home/qianlab/lassie-turtle/dependencies/traveler_controller/include/can_driver/can_driver.hpp:18:27:[m[K [01;31m[Kerror: [m[K‘[01m[KTraveler[m[K’ has not been declared
[1.457s]    18 |     void get_motor_status([01;31m[KTraveler[m[K& traveler_leg_);
[1.457s]       |                           [01;31m[K^~~~~~~~[m[K
[1.464s] [01m[K/home/qianlab/lassie-turtle/dependencies/traveler_controller/src/can_driver/can_driver.cpp:[m[K In constructor ‘[01m[Kcan_driver::can_driver()[m[K’:
[1.464s] [01m[K/home/qianlab/lassie-turtle/dependencies/traveler_controller/src/can_driver/can_driver.cpp:11:80:[m[K [01;31m[Kerror: [m[K‘[01m[KMG_GET_ENCODER_ESTIMATES[m[K’ is not a member of ‘[01m[Kodrive_can::Msg[m[K’
[1.464s]    11 |                                socket_get_encoder_estimates_1(odrive_can::Msg::[01;31m[KMG_GET_ENCODER_ESTIMATES[m[K | odrive_can::AXIS::AXIS_0_ID,1, 0x7FF, 500),
[1.464s]       |                                                                                [01;31m[K^~~~~~~~~~~~~~~~~~~~~~~~[m[K
[1.474s] make[2]: *** [CMakeFiles/turtle_high_controller.dir/build.make:104: CMakeFiles/turtle_high_controller.dir/src/controller/pid_speed_controller.cpp.o] Error 1
[1.474s] make[2]: *** Waiting for unfinished jobs....
[1.479s] [01m[K/home/qianlab/lassie-turtle/dependencies/traveler_controller/src/can_driver/can_driver.cpp:[m[K At global scope:
[1.479s] [01m[K/home/qianlab/lassie-turtle/dependencies/traveler_controller/src/can_driver/can_driver.cpp:92:6:[m[K [01;31m[Kerror: [m[Kno declaration matches ‘[01m[Kvoid can_driver::get_motor_status(turtle&)[m[K’
[1.479s]    92 | void [01;31m[Kcan_driver[m[K::get_motor_status(turtle& turtle_){
[1.479s]       |      [01;31m[K^~~~~~~~~~[m[K
[1.479s] In file included from [01m[K/home/qianlab/lassie-turtle/dependencies/traveler_controller/src/can_driver/can_driver.cpp:1[m[K:
[1.479s] [01m[K/home/qianlab/lassie-turtle/dependencies/traveler_controller/include/can_driver/can_driver.hpp:18:10:[m[K [01;36m[Knote: [m[Kcandidate is: ‘[01m[Kvoid can_driver::get_motor_status(int&)[m[K’
[1.479s]    18 |     void [01;36m[Kget_motor_status[m[K(Traveler& traveler_leg_);
[1.479s]       |          [01;36m[K^~~~~~~~~~~~~~~~[m[K
[1.479s] [01m[K/home/qianlab/lassie-turtle/dependencies/traveler_controller/include/can_driver/can_driver.hpp:12:7:[m[K [01;36m[Knote: [m[K‘[01m[Kclass can_driver[m[K’ defined here
[1.479s]    12 | class [01;36m[Kcan_driver[m[K : public rclcpp::Node
[1.479s]       |       [01;36m[K^~~~~~~~~~[m[K
[1.480s] [01m[K/home/qianlab/lassie-turtle/dependencies/traveler_controller/src/can_driver/can_driver.cpp:101:6:[m[K [01;31m[Kerror: [m[Kno declaration matches ‘[01m[Kvoid can_driver::setControl(turtle&)[m[K’
[1.480s]   101 | void [01;31m[Kcan_driver[m[K::setControl(turtle& turtle_){
[1.480s]       |      [01;31m[K^~~~~~~~~~[m[K
[1.480s] In file included from [01m[K/home/qianlab/lassie-turtle/dependencies/traveler_controller/src/can_driver/can_driver.cpp:1[m[K:
[1.480s] [01m[K/home/qianlab/lassie-turtle/dependencies/traveler_controller/include/can_driver/can_driver.hpp:17:10:[m[K [01;36m[Knote: [m[Kcandidate is: ‘[01m[Kvoid can_driver::setControl(int&)[m[K’
[1.480s]    17 |     void [01;36m[KsetControl[m[K(Traveler& traveler_leg_);
[1.480s]       |          [01;36m[K^~~~~~~~~~[m[K
[1.480s] [01m[K/home/qianlab/lassie-turtle/dependencies/traveler_controller/include/can_driver/can_driver.hpp:12:7:[m[K [01;36m[Knote: [m[K‘[01m[Kclass can_driver[m[K’ defined here
[1.480s]    12 | class [01;36m[Kcan_driver[m[K : public rclcpp::Node
[1.480s]       |       [01;36m[K^~~~~~~~~~[m[K
[1.514s] In file included from [01m[K/home/qianlab/lassie-turtle/dependencies/traveler_controller/src/main.cpp:8[m[K:
[1.514s] [01m[K/home/qianlab/lassie-turtle/dependencies/traveler_controller/include/main.h:[m[K At global scope:
[1.514s] [01m[K/home/qianlab/lassie-turtle/dependencies/traveler_controller/include/main.h:43:14:[m[K [01;35m[Kwarning: [m[K‘[01m[Ktimer[m[K’ defined but not used [[01;35m[K-Wunused-variable[m[K]
[1.514s]    43 | static float [01;35m[Ktimer[m[K[10] = { 0 };
[1.514s]       |              [01;35m[K^~~~~[m[K
[1.514s] [01m[K/home/qianlab/lassie-turtle/dependencies/traveler_controller/include/main.h:41:12:[m[K [01;35m[Kwarning: [m[K‘[01m[Kinit_done[m[K’ defined but not used [[01;35m[K-Wunused-variable[m[K]
[1.514s]    41 | static int [01;35m[Kinit_done[m[K = 0;
[1.514s]       |            [01;35m[K^~~~~~~~~[m[K
[1.514s] [01m[K/home/qianlab/lassie-turtle/dependencies/traveler_controller/include/main.h:40:14:[m[K [01;35m[Kwarning: [m[K‘[01m[Kinit_cnt[m[K’ defined but not used [[01;35m[K-Wunused-variable[m[K]
[1.514s]    40 | static float [01;35m[Kinit_cnt[m[K = 0;
[1.514s]       |              [01;35m[K^~~~~~~~[m[K
[1.527s] make[2]: *** [CMakeFiles/turtle_high_controller.dir/build.make:76: CMakeFiles/turtle_high_controller.dir/src/main.cpp.o] Error 1
[1.890s] make[2]: *** [CMakeFiles/turtle_high_controller.dir/build.make:160: CMakeFiles/turtle_high_controller.dir/src/can_driver/can_driver.cpp.o] Error 1
[1.891s] make[2]: *** [CMakeFiles/turtle_high_controller.dir/build.make:132: CMakeFiles/turtle_high_controller.dir/src/proxy/lowerproxy.cpp.o] Error 1
[1.891s] make[1]: *** [CMakeFiles/Makefile2:139: CMakeFiles/turtle_high_controller.dir/all] Error 2
[1.891s] make: *** [Makefile:146: all] Error 2
[1.893s] Invoked command in '/home/qianlab/lassie-turtle/dependencies/build/turtle_high_controller' returned '2': AMENT_PREFIX_PATH=/home/qianlab/lassie-turtle/dependencies/install/traveler_msgs:${AMENT_PREFIX_PATH} CMAKE_PREFIX_PATH=/home/qianlab/lassie-turtle/dependencies/install/traveler_msgs:/opt/ros/traveler/traveler_msgs:/home/qianlab/traveler_workspace/install/traveler_high_controller:/home/qianlab/traveler_workspace/install/odrive_pro_srvs_msgs:/home/qianlab/lassie-spirit/lassie-spirit/dependencies/spirit_msgs/install/spirit_msgs:/opt/ros/foxy LD_LIBRARY_PATH=/home/qianlab/lassie-turtle/dependencies/install/traveler_msgs/lib:${LD_LIBRARY_PATH} PYTHONPATH=/home/qianlab/lassie-turtle/dependencies/install/traveler_msgs/lib/python3.8/site-packages:${PYTHONPATH} /usr/local/bin/cmake --build /home/qianlab/lassie-turtle/dependencies/build/turtle_high_controller -- -j12 -l12
