[0.008s] Invoking command in '/home/qianlab/dependencies/build/turtle_high_controller': AMENT_PREFIX_PATH=/home/qianlab/dependencies/install/traveler_msgs:${AMENT_PREFIX_PATH} CMAKE_PREFIX_PATH=/home/qianlab/dependencies/install/traveler_msgs:/opt/ros/foxy LD_LIBRARY_PATH=/home/qianlab/dependencies/install/traveler_msgs/lib:${LD_LIBRARY_PATH} PYTHONPATH=/home/qianlab/dependencies/install/traveler_msgs/lib/python3.8/site-packages:${PYTHONPATH} /usr/bin/cmake /home/qianlab/dependencies/traveler_controller -DCMAKE_INSTALL_PREFIX=/home/qianlab/dependencies/install/turtle_high_controller
[0.052s] -- The C compiler identification is GNU 9.4.0
[0.093s] -- The CXX compiler identification is GNU 9.4.0
[0.097s] -- Check for working C compiler: /usr/bin/cc
[0.142s] -- Check for working C compiler: /usr/bin/cc -- works
[0.143s] -- Detecting C compiler ABI info
[0.200s] -- Detecting C compiler ABI info - done
[0.210s] -- Detecting C compile features
[0.210s] -- Detecting C compile features - done
[0.211s] -- Check for working CXX compiler: /usr/bin/c++
[0.265s] -- Check for working CXX compiler: /usr/bin/c++ -- works
[0.266s] -- Detecting CXX compiler ABI info
[0.321s] -- Detecting CXX compiler ABI info - done
[0.332s] -- Detecting CXX compile features
[0.333s] -- Detecting CXX compile features - done
[0.335s] -- Found ament_cmake: 0.9.12 (/opt/ros/foxy/share/ament_cmake/cmake)
[0.359s] -- Found PythonInterp: /usr/bin/python3 (found suitable version "3.8.10", minimum required is "3") 
[0.359s] -- Using PYTHON_EXECUTABLE: /usr/bin/python3
[0.483s] -- Found rclcpp: 2.4.3 (/opt/ros/foxy/share/rclcpp/cmake)
[0.513s] -- Using all available rosidl_typesupport_c: rosidl_typesupport_fastrtps_c;rosidl_typesupport_introspection_c
[0.517s] -- Found rosidl_adapter: 1.3.1 (/opt/ros/foxy/share/rosidl_adapter/cmake)
[0.570s] -- Found OpenSSL: /usr/lib/x86_64-linux-gnu/libcrypto.so (found version "1.1.1f")  
[0.589s] -- Found FastRTPS: /opt/ros/foxy/include  
[0.638s] -- Using all available rosidl_typesupport_cpp: rosidl_typesupport_fastrtps_cpp;rosidl_typesupport_introspection_cpp
[0.673s] -- Found rmw_implementation_cmake: 1.0.4 (/opt/ros/foxy/share/rmw_implementation_cmake/cmake)
[0.674s] -- Using RMW implementation 'rmw_fastrtps_cpp' as default
[0.674s] -- Looking for pthread.h
[0.720s] -- Looking for pthread.h - found
[0.721s] -- Performing Test CMAKE_HAVE_LIBC_PTHREAD
[0.771s] -- Performing Test CMAKE_HAVE_LIBC_PTHREAD - Failed
[0.771s] -- Looking for pthread_create in pthreads
[0.808s] -- Looking for pthread_create in pthreads - not found
[0.808s] -- Looking for pthread_create in pthread
[0.852s] -- Looking for pthread_create in pthread - found
[0.853s] -- Found Threads: TRUE  
[0.952s] -- Found control_msgs: 2.5.1 (/opt/ros/foxy/share/control_msgs/cmake)
[1.239s] -- Found traveler_msgs: 0.0.0 (/home/qianlab/dependencies/install/traveler_msgs/share/traveler_msgs/cmake)
[1.288s] -- Configuring done
[1.301s] -- Generating done
[1.302s] -- Build files have been written to: /home/qianlab/dependencies/build/turtle_high_controller
[1.309s] Invoked command in '/home/qianlab/dependencies/build/turtle_high_controller' returned '0': AMENT_PREFIX_PATH=/home/qianlab/dependencies/install/traveler_msgs:${AMENT_PREFIX_PATH} CMAKE_PREFIX_PATH=/home/qianlab/dependencies/install/traveler_msgs:/opt/ros/foxy LD_LIBRARY_PATH=/home/qianlab/dependencies/install/traveler_msgs/lib:${LD_LIBRARY_PATH} PYTHONPATH=/home/qianlab/dependencies/install/traveler_msgs/lib/python3.8/site-packages:${PYTHONPATH} /usr/bin/cmake /home/qianlab/dependencies/traveler_controller -DCMAKE_INSTALL_PREFIX=/home/qianlab/dependencies/install/turtle_high_controller
[1.309s] Invoking command in '/home/qianlab/dependencies/build/turtle_high_controller': AMENT_PREFIX_PATH=/home/qianlab/dependencies/install/traveler_msgs:${AMENT_PREFIX_PATH} CMAKE_PREFIX_PATH=/home/qianlab/dependencies/install/traveler_msgs:/opt/ros/foxy LD_LIBRARY_PATH=/home/qianlab/dependencies/install/traveler_msgs/lib:${LD_LIBRARY_PATH} PYTHONPATH=/home/qianlab/dependencies/install/traveler_msgs/lib/python3.8/site-packages:${PYTHONPATH} /usr/bin/cmake --build /home/qianlab/dependencies/build/turtle_high_controller -- -j12 -l12
[1.333s] [35m[1mScanning dependencies of target odrive_can_interface[0m
[1.335s] [35m[1mScanning dependencies of target turtle_high_controller[0m
[1.401s] [ 28%] [32mBuilding CXX object CMakeFiles/odrive_can_interface.dir/src/can_driver/socketcan_interface.cpp.o[0m
[1.401s] [ 28%] [32mBuilding CXX object CMakeFiles/odrive_can_interface.dir/src/can_driver/odrive_can.cpp.o[0m
[1.401s] [ 28%] [32mBuilding CXX object CMakeFiles/odrive_can_interface.dir/src/can_driver/can_driver.cpp.o[0m
[1.401s] [ 28%] [32mBuilding CXX object CMakeFiles/odrive_can_interface.dir/src/can_driver/can_suber.cpp.o[0m
[1.421s] [ 64%] [32mBuilding CXX object CMakeFiles/turtle_high_controller.dir/src/proxy/lowerproxy.cpp.o[0m
[1.421s] [ 64%] [32mBuilding CXX object CMakeFiles/turtle_high_controller.dir/src/controller/controller_monitor.cpp.o[0m
[1.421s] [ 64%] [32mBuilding CXX object CMakeFiles/turtle_high_controller.dir/src/controller/Inverse_kinematics.cpp.o[0m
[1.421s] [ 64%] [32mBuilding CXX object CMakeFiles/turtle_high_controller.dir/src/main.cpp.o[0m
[1.421s] [ 64%] [32mBuilding CXX object CMakeFiles/turtle_high_controller.dir/src/controller/pid_speed_controller.cpp.o[0m
[1.430s] [ 71%] [32mBuilding CXX object CMakeFiles/turtle_high_controller.dir/src/proxy/upperproxy.cpp.o[0m
[1.437s] [ 78%] [32mBuilding CXX object CMakeFiles/turtle_high_controller.dir/src/can_driver/socketcan_interface.cpp.o[0m
[1.440s] [ 85%] [32mBuilding CXX object CMakeFiles/turtle_high_controller.dir/src/can_driver/can_driver.cpp.o[0m
[1.886s] [01m[K/home/qianlab/dependencies/traveler_controller/src/controller/Inverse_kinematics.cpp:[m[K In function ‘[01m[Kvoid checkleft(float&, float&, float&)[m[K’:
[1.886s] [01m[K/home/qianlab/dependencies/traveler_controller/src/controller/Inverse_kinematics.cpp:52:11:[m[K [01;35m[Kwarning: [m[Kunused variable ‘[01m[KL[m[K’ [[01;35m[K-Wunused-variable[m[K]
[1.887s]    52 |     float [01;35m[KL[m[K = 0.14;
[1.887s]       |           [01;35m[K^[m[K
[1.887s] [01m[K/home/qianlab/dependencies/traveler_controller/src/controller/Inverse_kinematics.cpp:50:38:[m[K [01;35m[Kwarning: [m[Kunused parameter ‘[01m[Kbeta1[m[K’ [[01;35m[K-Wunused-parameter[m[K]
[1.887s]    50 | void checkleft(float &gamma1, [01;35m[Kfloat &beta1[m[K, float &theta1)
[1.887s]       |                               [01;35m[K~~~~~~~^~~~~[m[K
[1.887s] [01m[K/home/qianlab/dependencies/traveler_controller/src/controller/Inverse_kinematics.cpp:[m[K In function ‘[01m[Kvoid checkright(float&, float&, float&)[m[K’:
[1.887s] [01m[K/home/qianlab/dependencies/traveler_controller/src/controller/Inverse_kinematics.cpp:97:11:[m[K [01;35m[Kwarning: [m[Kunused variable ‘[01m[KL[m[K’ [[01;35m[K-Wunused-variable[m[K]
[1.887s]    97 |     float [01;35m[KL[m[K = 0.14;
[1.887s]       |           [01;35m[K^[m[K
[1.887s] [01m[K/home/qianlab/dependencies/traveler_controller/src/controller/Inverse_kinematics.cpp:95:39:[m[K [01;35m[Kwarning: [m[Kunused parameter ‘[01m[Kbeta2[m[K’ [[01;35m[K-Wunused-parameter[m[K]
[1.887s]    95 | void checkright(float &gamma2, [01;35m[Kfloat &beta2[m[K, float &theta2)
[1.887s]       |                                [01;35m[K~~~~~~~^~~~~[m[K
[1.905s] [01m[K/home/qianlab/dependencies/traveler_controller/src/controller/Inverse_kinematics.cpp:[m[K In function ‘[01m[Kvoid rhex_walking(float, float&, float&, float, float)[m[K’:
[1.905s] [01m[K/home/qianlab/dependencies/traveler_controller/src/controller/Inverse_kinematics.cpp:998:25:[m[K [01;35m[Kwarning: [m[Kunused parameter ‘[01m[Kt[m[K’ [[01;35m[K-Wunused-parameter[m[K]
[1.906s]   998 | void rhex_walking([01;35m[Kfloat t[m[K, float &theta1, float &theta2, float curr_theta1, float curr_theta2)
[1.906s]       |                   [01;35m[K~~~~~~^[m[K
[1.906s] [01m[K/home/qianlab/dependencies/traveler_controller/src/controller/Inverse_kinematics.cpp:998:83:[m[K [01;35m[Kwarning: [m[Kunused parameter ‘[01m[Kcurr_theta2[m[K’ [[01;35m[K-Wunused-parameter[m[K]
[1.906s]   998 | void rhex_walking(float t, float &theta1, float &theta2, float curr_theta1, [01;35m[Kfloat curr_theta2[m[K)
[1.906s]       |                                                                             [01;35m[K~~~~~~^~~~~~~~~~~[m[K
[3.071s] [01m[K/home/qianlab/dependencies/traveler_controller/src/can_driver/can_driver.cpp:30:2:[m[K [01;35m[Kwarning: [m[Kextra ‘[01m[K;[m[K’ [[01;35m[K-Wpedantic[m[K]
[3.071s]    30 | }[01;35m[K;[m[K
[3.071s]       |  [01;35m[K^[m[K
[3.076s] [01m[K/home/qianlab/dependencies/traveler_controller/src/can_driver/can_driver.cpp:30:2:[m[K [01;35m[Kwarning: [m[Kextra ‘[01m[K;[m[K’ [[01;35m[K-Wpedantic[m[K]
[3.076s]    30 | }[01;35m[K;[m[K
[3.076s]       |  [01;35m[K^[m[K
[3.133s] [01m[K/home/qianlab/dependencies/traveler_controller/src/controller/pid_speed_controller.cpp:[m[K In member function ‘[01m[Kvirtual void turtle_namespace::control::PID_speed_controller::ComputeControlCommand(turtle&)[m[K’:
[3.133s] [01m[K/home/qianlab/dependencies/traveler_controller/src/controller/pid_speed_controller.cpp:28:66:[m[K [01;35m[Kwarning: [m[Kunused parameter ‘[01m[Kturtle_[m[K’ [[01;35m[K-Wunused-parameter[m[K]
[3.133s]    28 |         void PID_speed_controller::ComputeControlCommand([01;35m[Kturtle &turtle_[m[K)
[3.133s]       |                                                          [01;35m[K~~~~~~~~^~~~~~~[m[K
[4.016s] In file included from [01m[K/home/qianlab/dependencies/traveler_controller/src/main.cpp:8[m[K:
[4.016s] [01m[K/home/qianlab/dependencies/traveler_controller/include/main.h:44:14:[m[K [01;35m[Kwarning: [m[K‘[01m[Ktimer[m[K’ defined but not used [[01;35m[K-Wunused-variable[m[K]
[4.016s]    44 | static float [01;35m[Ktimer[m[K[10] = { 0 };
[4.016s]       |              [01;35m[K^~~~~[m[K
[4.016s] [01m[K/home/qianlab/dependencies/traveler_controller/include/main.h:42:12:[m[K [01;35m[Kwarning: [m[K‘[01m[Kinit_done[m[K’ defined but not used [[01;35m[K-Wunused-variable[m[K]
[4.016s]    42 | static int [01;35m[Kinit_done[m[K = 0;
[4.017s]       |            [01;35m[K^~~~~~~~~[m[K
[4.017s] [01m[K/home/qianlab/dependencies/traveler_controller/include/main.h:41:14:[m[K [01;35m[Kwarning: [m[K‘[01m[Kinit_cnt[m[K’ defined but not used [[01;35m[K-Wunused-variable[m[K]
[4.017s]    41 | static float [01;35m[Kinit_cnt[m[K = 0;
[4.017s]       |              [01;35m[K^~~~~~~~[m[K
[4.553s] [01m[K/home/qianlab/dependencies/traveler_controller/src/proxy/lowerproxy.cpp:[m[K In member function ‘[01m[Kvoid turtle_namespace::control::lowerproxy::calculate_position(turtle&)[m[K’:
[4.553s] [01m[K/home/qianlab/dependencies/traveler_controller/src/proxy/lowerproxy.cpp:114:21:[m[K [01;35m[Kwarning: [m[K‘[01m[Kt[m[K’ may be used uninitialized in this function [[01;35m[K-Wmaybe-uninitialized[m[K]
[4.553s]   114 |                 t = [01;35m[Kt[m[K + 0.01;
[4.553s]       |                     [01;35m[K^[m[K
[6.225s] [ 92%] [32m[1mLinking CXX executable odrive_can_interface[0m
[6.516s] [ 92%] Built target odrive_can_interface
[7.286s] [100%] [32m[1mLinking CXX executable turtle_high_controller[0m
[7.551s] [100%] Built target turtle_high_controller
[7.557s] Invoked command in '/home/qianlab/dependencies/build/turtle_high_controller' returned '0': AMENT_PREFIX_PATH=/home/qianlab/dependencies/install/traveler_msgs:${AMENT_PREFIX_PATH} CMAKE_PREFIX_PATH=/home/qianlab/dependencies/install/traveler_msgs:/opt/ros/foxy LD_LIBRARY_PATH=/home/qianlab/dependencies/install/traveler_msgs/lib:${LD_LIBRARY_PATH} PYTHONPATH=/home/qianlab/dependencies/install/traveler_msgs/lib/python3.8/site-packages:${PYTHONPATH} /usr/bin/cmake --build /home/qianlab/dependencies/build/turtle_high_controller -- -j12 -l12
[7.582s] Invoking command in '/home/qianlab/dependencies/build/turtle_high_controller': AMENT_PREFIX_PATH=/home/qianlab/dependencies/install/traveler_msgs:${AMENT_PREFIX_PATH} CMAKE_PREFIX_PATH=/home/qianlab/dependencies/install/traveler_msgs:/opt/ros/foxy LD_LIBRARY_PATH=/home/qianlab/dependencies/install/traveler_msgs/lib:${LD_LIBRARY_PATH} PYTHONPATH=/home/qianlab/dependencies/install/traveler_msgs/lib/python3.8/site-packages:${PYTHONPATH} /usr/bin/cmake --install /home/qianlab/dependencies/build/turtle_high_controller
[7.586s] -- Install configuration: "Debug"
[7.587s] -- Installing: /home/qianlab/dependencies/install/turtle_high_controller/lib/turtle_high_controller/turtle_high_controller
[7.592s] -- Set runtime path of "/home/qianlab/dependencies/install/turtle_high_controller/lib/turtle_high_controller/turtle_high_controller" to ""
[7.592s] -- Installing: /home/qianlab/dependencies/install/turtle_high_controller/lib/turtle_high_controller/odrive_can_interface
[7.596s] -- Set runtime path of "/home/qianlab/dependencies/install/turtle_high_controller/lib/turtle_high_controller/odrive_can_interface" to ""
[7.596s] -- Installing: /home/qianlab/dependencies/install/turtle_high_controller/share/ament_index/resource_index/package_run_dependencies/turtle_high_controller
[7.597s] -- Installing: /home/qianlab/dependencies/install/turtle_high_controller/share/ament_index/resource_index/parent_prefix_path/turtle_high_controller
[7.597s] -- Installing: /home/qianlab/dependencies/install/turtle_high_controller/share/turtle_high_controller/environment/ament_prefix_path.sh
[7.597s] -- Installing: /home/qianlab/dependencies/install/turtle_high_controller/share/turtle_high_controller/environment/ament_prefix_path.dsv
[7.597s] -- Installing: /home/qianlab/dependencies/install/turtle_high_controller/share/turtle_high_controller/environment/path.sh
[7.597s] -- Installing: /home/qianlab/dependencies/install/turtle_high_controller/share/turtle_high_controller/environment/path.dsv
[7.597s] -- Installing: /home/qianlab/dependencies/install/turtle_high_controller/share/turtle_high_controller/local_setup.bash
[7.597s] -- Installing: /home/qianlab/dependencies/install/turtle_high_controller/share/turtle_high_controller/local_setup.sh
[7.597s] -- Installing: /home/qianlab/dependencies/install/turtle_high_controller/share/turtle_high_controller/local_setup.zsh
[7.597s] -- Installing: /home/qianlab/dependencies/install/turtle_high_controller/share/turtle_high_controller/local_setup.dsv
[7.597s] -- Installing: /home/qianlab/dependencies/install/turtle_high_controller/share/turtle_high_controller/package.dsv
[7.597s] -- Installing: /home/qianlab/dependencies/install/turtle_high_controller/share/ament_index/resource_index/packages/turtle_high_controller
[7.598s] -- Installing: /home/qianlab/dependencies/install/turtle_high_controller/share/turtle_high_controller/cmake/turtle_high_controllerConfig.cmake
[7.598s] -- Installing: /home/qianlab/dependencies/install/turtle_high_controller/share/turtle_high_controller/cmake/turtle_high_controllerConfig-version.cmake
[7.598s] -- Installing: /home/qianlab/dependencies/install/turtle_high_controller/share/turtle_high_controller/package.xml
[7.599s] Invoked command in '/home/qianlab/dependencies/build/turtle_high_controller' returned '0': AMENT_PREFIX_PATH=/home/qianlab/dependencies/install/traveler_msgs:${AMENT_PREFIX_PATH} CMAKE_PREFIX_PATH=/home/qianlab/dependencies/install/traveler_msgs:/opt/ros/foxy LD_LIBRARY_PATH=/home/qianlab/dependencies/install/traveler_msgs/lib:${LD_LIBRARY_PATH} PYTHONPATH=/home/qianlab/dependencies/install/traveler_msgs/lib/python3.8/site-packages:${PYTHONPATH} /usr/bin/cmake --install /home/qianlab/dependencies/build/turtle_high_controller
