[0.009s] Invoking command in '/home/qianlab/Desktop/lassie-turtle/dependencies/build/traveler_msgs': CMAKE_PREFIX_PATH=${CMAKE_PREFIX_PATH}:/home/qianlab/Turtle_workspace/lassie-turtle/install/traveler_optitrack:/home/qianlab/Turtle_workspace/install/traveler_optitrack:/opt/ros/foxy /usr/bin/cmake --build /home/qianlab/Desktop/lassie-turtle/dependencies/build/traveler_msgs -- -j12 -l12
[0.045s] [  2%] Built target traveler_msgs__cpp
[0.045s] [ 12%] Built target traveler_msgs__rosidl_generator_c
[0.060s] [ 23%] Built target traveler_msgs__rosidl_typesupport_cpp
[0.062s] [ 35%] Built target traveler_msgs__rosidl_typesupport_fastrtps_cpp
[0.065s] [ 46%] Built target traveler_msgs__rosidl_typesupport_c
[0.067s] [ 69%] Built target traveler_msgs__rosidl_typesupport_introspection_cpp
[0.067s] [ 69%] Built target traveler_msgs__rosidl_typesupport_introspection_c
[0.078s] [ 80%] Built target traveler_msgs__rosidl_typesupport_fastrtps_c
[0.091s] [ 80%] Built target traveler_msgs
[0.105s] [ 81%] Built target traveler_msgs__py
[0.124s] [ 91%] Built target traveler_msgs__python
[0.142s] [ 97%] Built target traveler_msgs__rosidl_typesupport_introspection_c__pyext
[0.142s] [ 97%] Built target traveler_msgs__rosidl_typesupport_fastrtps_c__pyext
[0.149s] [100%] Built target traveler_msgs__rosidl_typesupport_c__pyext
[0.158s] Invoked command in '/home/qianlab/Desktop/lassie-turtle/dependencies/build/traveler_msgs' returned '0': CMAKE_PREFIX_PATH=${CMAKE_PREFIX_PATH}:/home/qianlab/Turtle_workspace/lassie-turtle/install/traveler_optitrack:/home/qianlab/Turtle_workspace/install/traveler_optitrack:/opt/ros/foxy /usr/bin/cmake --build /home/qianlab/Desktop/lassie-turtle/dependencies/build/traveler_msgs -- -j12 -l12
[0.232s] Invoking command in '/home/qianlab/Desktop/lassie-turtle/dependencies/build/traveler_msgs': CMAKE_PREFIX_PATH=${CMAKE_PREFIX_PATH}:/home/qianlab/Turtle_workspace/lassie-turtle/install/traveler_optitrack:/home/qianlab/Turtle_workspace/install/traveler_optitrack:/opt/ros/foxy /usr/bin/cmake --install /home/qianlab/Desktop/lassie-turtle/dependencies/build/traveler_msgs
[0.238s] -- Install configuration: ""
[0.238s] -- Up-to-date: /home/qianlab/Desktop/lassie-turtle/dependencies/install/traveler_msgs/share/ament_index/resource_index/rosidl_interfaces/traveler_msgs
[0.239s] -- Up-to-date: /home/qianlab/Desktop/lassie-turtle/dependencies/install/traveler_msgs/include/traveler_msgs
[0.239s] -- Up-to-date: /home/qianlab/Desktop/lassie-turtle/dependencies/install/traveler_msgs/include/traveler_msgs/msg
[0.239s] -- Up-to-date: /home/qianlab/Desktop/lassie-turtle/dependencies/install/traveler_msgs/include/traveler_msgs/msg/rosidl_generator_c__visibility_control.h
[0.239s] -- Up-to-date: /home/qianlab/Desktop/lassie-turtle/dependencies/install/traveler_msgs/include/traveler_msgs/msg/set_state.h
[0.239s] -- Up-to-date: /home/qianlab/Desktop/lassie-turtle/dependencies/install/traveler_msgs/include/traveler_msgs/msg/traveler_mode.h
[0.239s] -- Up-to-date: /home/qianlab/Desktop/lassie-turtle/dependencies/install/traveler_msgs/include/traveler_msgs/msg/odrive_status.h
[0.239s] -- Up-to-date: /home/qianlab/Desktop/lassie-turtle/dependencies/install/traveler_msgs/include/traveler_msgs/msg/traveler_config.h
[0.239s] -- Up-to-date: /home/qianlab/Desktop/lassie-turtle/dependencies/install/traveler_msgs/include/traveler_msgs/msg/traveler_status.h
[0.239s] -- Up-to-date: /home/qianlab/Desktop/lassie-turtle/dependencies/install/traveler_msgs/include/traveler_msgs/msg/set_input_position.h
[0.239s] -- Up-to-date: /home/qianlab/Desktop/lassie-turtle/dependencies/install/traveler_msgs/include/traveler_msgs/msg/detail
[0.240s] -- Up-to-date: /home/qianlab/Desktop/lassie-turtle/dependencies/install/traveler_msgs/include/traveler_msgs/msg/detail/set_state__struct.h
[0.240s] -- Up-to-date: /home/qianlab/Desktop/lassie-turtle/dependencies/install/traveler_msgs/include/traveler_msgs/msg/detail/traveler_config__struct.h
[0.240s] -- Up-to-date: /home/qianlab/Desktop/lassie-turtle/dependencies/install/traveler_msgs/include/traveler_msgs/msg/detail/odrive_status__struct.h
[0.240s] -- Up-to-date: /home/qianlab/Desktop/lassie-turtle/dependencies/install/traveler_msgs/include/traveler_msgs/msg/detail/odrive_status__functions.c
[0.240s] -- Up-to-date: /home/qianlab/Desktop/lassie-turtle/dependencies/install/traveler_msgs/include/traveler_msgs/msg/detail/traveler_config__functions.h
[0.240s] -- Up-to-date: /home/qianlab/Desktop/lassie-turtle/dependencies/install/traveler_msgs/include/traveler_msgs/msg/detail/traveler_config__functions.c
[0.240s] -- Up-to-date: /home/qianlab/Desktop/lassie-turtle/dependencies/install/traveler_msgs/include/traveler_msgs/msg/detail/traveler_status__functions.h
[0.240s] -- Up-to-date: /home/qianlab/Desktop/lassie-turtle/dependencies/install/traveler_msgs/include/traveler_msgs/msg/detail/odrive_status__type_support.h
[0.240s] -- Up-to-date: /home/qianlab/Desktop/lassie-turtle/dependencies/install/traveler_msgs/include/traveler_msgs/msg/detail/traveler_mode__functions.h
[0.240s] -- Up-to-date: /home/qianlab/Desktop/lassie-turtle/dependencies/install/traveler_msgs/include/traveler_msgs/msg/detail/set_input_position__functions.c
[0.241s] -- Up-to-date: /home/qianlab/Desktop/lassie-turtle/dependencies/install/traveler_msgs/include/traveler_msgs/msg/detail/traveler_status__struct.h
[0.241s] -- Up-to-date: /home/qianlab/Desktop/lassie-turtle/dependencies/install/traveler_msgs/include/traveler_msgs/msg/detail/traveler_status__functions.c
[0.241s] -- Up-to-date: /home/qianlab/Desktop/lassie-turtle/dependencies/install/traveler_msgs/include/traveler_msgs/msg/detail/traveler_mode__struct.h
[0.241s] -- Up-to-date: /home/qianlab/Desktop/lassie-turtle/dependencies/install/traveler_msgs/include/traveler_msgs/msg/detail/set_state__functions.h
[0.241s] -- Up-to-date: /home/qianlab/Desktop/lassie-turtle/dependencies/install/traveler_msgs/include/traveler_msgs/msg/detail/set_input_position__functions.h
[0.241s] -- Up-to-date: /home/qianlab/Desktop/lassie-turtle/dependencies/install/traveler_msgs/include/traveler_msgs/msg/detail/set_input_position__type_support.h
[0.241s] -- Up-to-date: /home/qianlab/Desktop/lassie-turtle/dependencies/install/traveler_msgs/include/traveler_msgs/msg/detail/odrive_status__functions.h
[0.241s] -- Up-to-date: /home/qianlab/Desktop/lassie-turtle/dependencies/install/traveler_msgs/include/traveler_msgs/msg/detail/traveler_mode__type_support.h
[0.241s] -- Up-to-date: /home/qianlab/Desktop/lassie-turtle/dependencies/install/traveler_msgs/include/traveler_msgs/msg/detail/traveler_mode__functions.c
[0.241s] -- Up-to-date: /home/qianlab/Desktop/lassie-turtle/dependencies/install/traveler_msgs/include/traveler_msgs/msg/detail/set_state__functions.c
[0.241s] -- Up-to-date: /home/qianlab/Desktop/lassie-turtle/dependencies/install/traveler_msgs/include/traveler_msgs/msg/detail/set_input_position__struct.h
[0.242s] -- Up-to-date: /home/qianlab/Desktop/lassie-turtle/dependencies/install/traveler_msgs/include/traveler_msgs/msg/detail/set_state__type_support.h
[0.242s] -- Up-to-date: /home/qianlab/Desktop/lassie-turtle/dependencies/install/traveler_msgs/include/traveler_msgs/msg/detail/traveler_status__type_support.h
[0.242s] -- Up-to-date: /home/qianlab/Desktop/lassie-turtle/dependencies/install/traveler_msgs/include/traveler_msgs/msg/detail/traveler_config__type_support.h
[0.242s] -- Up-to-date: /home/qianlab/Desktop/lassie-turtle/dependencies/install/traveler_msgs/share/traveler_msgs/environment/library_path.sh
[0.242s] -- Up-to-date: /home/qianlab/Desktop/lassie-turtle/dependencies/install/traveler_msgs/share/traveler_msgs/environment/library_path.dsv
[0.242s] -- Up-to-date: /home/qianlab/Desktop/lassie-turtle/dependencies/install/traveler_msgs/lib/libtraveler_msgs__rosidl_generator_c.so
[0.242s] -- Up-to-date: /home/qianlab/Desktop/lassie-turtle/dependencies/install/traveler_msgs/include/traveler_msgs
[0.242s] -- Up-to-date: /home/qianlab/Desktop/lassie-turtle/dependencies/install/traveler_msgs/include/traveler_msgs/msg
[0.242s] -- Up-to-date: /home/qianlab/Desktop/lassie-turtle/dependencies/install/traveler_msgs/include/traveler_msgs/msg/rosidl_typesupport_fastrtps_c__visibility_control.h
[0.242s] -- Up-to-date: /home/qianlab/Desktop/lassie-turtle/dependencies/install/traveler_msgs/include/traveler_msgs/msg/detail
[0.242s] -- Up-to-date: /home/qianlab/Desktop/lassie-turtle/dependencies/install/traveler_msgs/include/traveler_msgs/msg/detail/traveler_config__rosidl_typesupport_fastrtps_c.h
[0.242s] -- Up-to-date: /home/qianlab/Desktop/lassie-turtle/dependencies/install/traveler_msgs/include/traveler_msgs/msg/detail/traveler_mode__rosidl_typesupport_fastrtps_c.h
[0.242s] -- Up-to-date: /home/qianlab/Desktop/lassie-turtle/dependencies/install/traveler_msgs/include/traveler_msgs/msg/detail/traveler_status__rosidl_typesupport_fastrtps_c.h
[0.242s] -- Up-to-date: /home/qianlab/Desktop/lassie-turtle/dependencies/install/traveler_msgs/include/traveler_msgs/msg/detail/set_input_position__rosidl_typesupport_fastrtps_c.h
[0.242s] -- Up-to-date: /home/qianlab/Desktop/lassie-turtle/dependencies/install/traveler_msgs/include/traveler_msgs/msg/detail/set_state__rosidl_typesupport_fastrtps_c.h
[0.243s] -- Up-to-date: /home/qianlab/Desktop/lassie-turtle/dependencies/install/traveler_msgs/include/traveler_msgs/msg/detail/odrive_status__rosidl_typesupport_fastrtps_c.h
[0.243s] -- Up-to-date: /home/qianlab/Desktop/lassie-turtle/dependencies/install/traveler_msgs/lib/libtraveler_msgs__rosidl_typesupport_fastrtps_c.so
[0.243s] -- Up-to-date: /home/qianlab/Desktop/lassie-turtle/dependencies/install/traveler_msgs/include/traveler_msgs
[0.243s] -- Up-to-date: /home/qianlab/Desktop/lassie-turtle/dependencies/install/traveler_msgs/include/traveler_msgs/msg
[0.243s] -- Up-to-date: /home/qianlab/Desktop/lassie-turtle/dependencies/install/traveler_msgs/include/traveler_msgs/msg/detail
[0.243s] -- Up-to-date: /home/qianlab/Desktop/lassie-turtle/dependencies/install/traveler_msgs/include/traveler_msgs/msg/detail/traveler_config__rosidl_typesupport_fastrtps_cpp.hpp
[0.243s] -- Up-to-date: /home/qianlab/Desktop/lassie-turtle/dependencies/install/traveler_msgs/include/traveler_msgs/msg/detail/traveler_mode__rosidl_typesupport_fastrtps_cpp.hpp
[0.243s] -- Up-to-date: /home/qianlab/Desktop/lassie-turtle/dependencies/install/traveler_msgs/include/traveler_msgs/msg/detail/set_input_position__rosidl_typesupport_fastrtps_cpp.hpp
[0.243s] -- Up-to-date: /home/qianlab/Desktop/lassie-turtle/dependencies/install/traveler_msgs/include/traveler_msgs/msg/detail/dds_fastrtps
[0.243s] -- Up-to-date: /home/qianlab/Desktop/lassie-turtle/dependencies/install/traveler_msgs/include/traveler_msgs/msg/detail/traveler_status__rosidl_typesupport_fastrtps_cpp.hpp
[0.243s] -- Up-to-date: /home/qianlab/Desktop/lassie-turtle/dependencies/install/traveler_msgs/include/traveler_msgs/msg/detail/odrive_status__rosidl_typesupport_fastrtps_cpp.hpp
[0.243s] -- Up-to-date: /home/qianlab/Desktop/lassie-turtle/dependencies/install/traveler_msgs/include/traveler_msgs/msg/detail/set_state__rosidl_typesupport_fastrtps_cpp.hpp
[0.243s] -- Up-to-date: /home/qianlab/Desktop/lassie-turtle/dependencies/install/traveler_msgs/include/traveler_msgs/msg/rosidl_typesupport_fastrtps_cpp__visibility_control.h
[0.243s] -- Up-to-date: /home/qianlab/Desktop/lassie-turtle/dependencies/install/traveler_msgs/lib/libtraveler_msgs__rosidl_typesupport_fastrtps_cpp.so
[0.243s] -- Up-to-date: /home/qianlab/Desktop/lassie-turtle/dependencies/install/traveler_msgs/include/traveler_msgs
[0.243s] -- Up-to-date: /home/qianlab/Desktop/lassie-turtle/dependencies/install/traveler_msgs/include/traveler_msgs/msg
[0.244s] -- Up-to-date: /home/qianlab/Desktop/lassie-turtle/dependencies/install/traveler_msgs/include/traveler_msgs/msg/rosidl_typesupport_introspection_c__visibility_control.h
[0.244s] -- Up-to-date: /home/qianlab/Desktop/lassie-turtle/dependencies/install/traveler_msgs/include/traveler_msgs/msg/detail
[0.244s] -- Up-to-date: /home/qianlab/Desktop/lassie-turtle/dependencies/install/traveler_msgs/include/traveler_msgs/msg/detail/traveler_status__rosidl_typesupport_introspection_c.h
[0.244s] -- Up-to-date: /home/qianlab/Desktop/lassie-turtle/dependencies/install/traveler_msgs/include/traveler_msgs/msg/detail/traveler_config__rosidl_typesupport_introspection_c.h
[0.244s] -- Up-to-date: /home/qianlab/Desktop/lassie-turtle/dependencies/install/traveler_msgs/include/traveler_msgs/msg/detail/set_state__type_support.c
[0.244s] -- Up-to-date: /home/qianlab/Desktop/lassie-turtle/dependencies/install/traveler_msgs/include/traveler_msgs/msg/detail/traveler_mode__rosidl_typesupport_introspection_c.h
[0.244s] -- Up-to-date: /home/qianlab/Desktop/lassie-turtle/dependencies/install/traveler_msgs/include/traveler_msgs/msg/detail/set_input_position__rosidl_typesupport_introspection_c.h
[0.244s] -- Up-to-date: /home/qianlab/Desktop/lassie-turtle/dependencies/install/traveler_msgs/include/traveler_msgs/msg/detail/odrive_status__rosidl_typesupport_introspection_c.h
[0.244s] -- Up-to-date: /home/qianlab/Desktop/lassie-turtle/dependencies/install/traveler_msgs/include/traveler_msgs/msg/detail/traveler_mode__type_support.c
[0.244s] -- Up-to-date: /home/qianlab/Desktop/lassie-turtle/dependencies/install/traveler_msgs/include/traveler_msgs/msg/detail/set_input_position__type_support.c
[0.244s] -- Up-to-date: /home/qianlab/Desktop/lassie-turtle/dependencies/install/traveler_msgs/include/traveler_msgs/msg/detail/set_state__rosidl_typesupport_introspection_c.h
[0.244s] -- Up-to-date: /home/qianlab/Desktop/lassie-turtle/dependencies/install/traveler_msgs/include/traveler_msgs/msg/detail/traveler_status__type_support.c
[0.244s] -- Up-to-date: /home/qianlab/Desktop/lassie-turtle/dependencies/install/traveler_msgs/include/traveler_msgs/msg/detail/traveler_config__type_support.c
[0.244s] -- Up-to-date: /home/qianlab/Desktop/lassie-turtle/dependencies/install/traveler_msgs/include/traveler_msgs/msg/detail/odrive_status__type_support.c
[0.244s] -- Up-to-date: /home/qianlab/Desktop/lassie-turtle/dependencies/install/traveler_msgs/lib/libtraveler_msgs__rosidl_typesupport_introspection_c.so
[0.245s] -- Up-to-date: /home/qianlab/Desktop/lassie-turtle/dependencies/install/traveler_msgs/lib/libtraveler_msgs__rosidl_typesupport_c.so
[0.245s] -- Up-to-date: /home/qianlab/Desktop/lassie-turtle/dependencies/install/traveler_msgs/include/traveler_msgs
[0.245s] -- Up-to-date: /home/qianlab/Desktop/lassie-turtle/dependencies/install/traveler_msgs/include/traveler_msgs/msg
[0.245s] -- Up-to-date: /home/qianlab/Desktop/lassie-turtle/dependencies/install/traveler_msgs/include/traveler_msgs/msg/set_state.hpp
[0.245s] -- Up-to-date: /home/qianlab/Desktop/lassie-turtle/dependencies/install/traveler_msgs/include/traveler_msgs/msg/rosidl_generator_cpp__visibility_control.hpp
[0.245s] -- Up-to-date: /home/qianlab/Desktop/lassie-turtle/dependencies/install/traveler_msgs/include/traveler_msgs/msg/traveler_status.hpp
[0.245s] -- Up-to-date: /home/qianlab/Desktop/lassie-turtle/dependencies/install/traveler_msgs/include/traveler_msgs/msg/traveler_mode.hpp
[0.245s] -- Up-to-date: /home/qianlab/Desktop/lassie-turtle/dependencies/install/traveler_msgs/include/traveler_msgs/msg/traveler_config.hpp
[0.245s] -- Up-to-date: /home/qianlab/Desktop/lassie-turtle/dependencies/install/traveler_msgs/include/traveler_msgs/msg/set_input_position.hpp
[0.245s] -- Up-to-date: /home/qianlab/Desktop/lassie-turtle/dependencies/install/traveler_msgs/include/traveler_msgs/msg/odrive_status.hpp
[0.245s] -- Up-to-date: /home/qianlab/Desktop/lassie-turtle/dependencies/install/traveler_msgs/include/traveler_msgs/msg/detail
[0.245s] -- Up-to-date: /home/qianlab/Desktop/lassie-turtle/dependencies/install/traveler_msgs/include/traveler_msgs/msg/detail/traveler_config__builder.hpp
[0.245s] -- Up-to-date: /home/qianlab/Desktop/lassie-turtle/dependencies/install/traveler_msgs/include/traveler_msgs/msg/detail/traveler_status__builder.hpp
[0.245s] -- Up-to-date: /home/qianlab/Desktop/lassie-turtle/dependencies/install/traveler_msgs/include/traveler_msgs/msg/detail/traveler_config__type_support.hpp
[0.245s] -- Up-to-date: /home/qianlab/Desktop/lassie-turtle/dependencies/install/traveler_msgs/include/traveler_msgs/msg/detail/traveler_config__traits.hpp
[0.245s] -- Up-to-date: /home/qianlab/Desktop/lassie-turtle/dependencies/install/traveler_msgs/include/traveler_msgs/msg/detail/traveler_mode__builder.hpp
[0.246s] -- Up-to-date: /home/qianlab/Desktop/lassie-turtle/dependencies/install/traveler_msgs/include/traveler_msgs/msg/detail/odrive_status__traits.hpp
[0.246s] -- Up-to-date: /home/qianlab/Desktop/lassie-turtle/dependencies/install/traveler_msgs/include/traveler_msgs/msg/detail/set_input_position__struct.hpp
[0.246s] -- Up-to-date: /home/qianlab/Desktop/lassie-turtle/dependencies/install/traveler_msgs/include/traveler_msgs/msg/detail/set_state__traits.hpp
[0.246s] -- Up-to-date: /home/qianlab/Desktop/lassie-turtle/dependencies/install/traveler_msgs/include/traveler_msgs/msg/detail/odrive_status__builder.hpp
[0.246s] -- Up-to-date: /home/qianlab/Desktop/lassie-turtle/dependencies/install/traveler_msgs/include/traveler_msgs/msg/detail/traveler_mode__struct.hpp
[0.246s] -- Up-to-date: /home/qianlab/Desktop/lassie-turtle/dependencies/install/traveler_msgs/include/traveler_msgs/msg/detail/set_state__builder.hpp
[0.246s] -- Up-to-date: /home/qianlab/Desktop/lassie-turtle/dependencies/install/traveler_msgs/include/traveler_msgs/msg/detail/set_input_position__type_support.hpp
[0.246s] -- Up-to-date: /home/qianlab/Desktop/lassie-turtle/dependencies/install/traveler_msgs/include/traveler_msgs/msg/detail/traveler_status__traits.hpp
[0.246s] -- Up-to-date: /home/qianlab/Desktop/lassie-turtle/dependencies/install/traveler_msgs/include/traveler_msgs/msg/detail/traveler_mode__type_support.hpp
[0.246s] -- Up-to-date: /home/qianlab/Desktop/lassie-turtle/dependencies/install/traveler_msgs/include/traveler_msgs/msg/detail/set_state__type_support.hpp
[0.246s] -- Up-to-date: /home/qianlab/Desktop/lassie-turtle/dependencies/install/traveler_msgs/include/traveler_msgs/msg/detail/traveler_config__struct.hpp
[0.246s] -- Up-to-date: /home/qianlab/Desktop/lassie-turtle/dependencies/install/traveler_msgs/include/traveler_msgs/msg/detail/odrive_status__type_support.hpp
[0.246s] -- Up-to-date: /home/qianlab/Desktop/lassie-turtle/dependencies/install/traveler_msgs/include/traveler_msgs/msg/detail/odrive_status__struct.hpp
[0.246s] -- Up-to-date: /home/qianlab/Desktop/lassie-turtle/dependencies/install/traveler_msgs/include/traveler_msgs/msg/detail/traveler_status__type_support.hpp
[0.246s] -- Up-to-date: /home/qianlab/Desktop/lassie-turtle/dependencies/install/traveler_msgs/include/traveler_msgs/msg/detail/set_input_position__builder.hpp
[0.246s] -- Up-to-date: /home/qianlab/Desktop/lassie-turtle/dependencies/install/traveler_msgs/include/traveler_msgs/msg/detail/traveler_status__struct.hpp
[0.247s] -- Up-to-date: /home/qianlab/Desktop/lassie-turtle/dependencies/install/traveler_msgs/include/traveler_msgs/msg/detail/traveler_mode__traits.hpp
[0.247s] -- Up-to-date: /home/qianlab/Desktop/lassie-turtle/dependencies/install/traveler_msgs/include/traveler_msgs/msg/detail/set_state__struct.hpp
[0.247s] -- Up-to-date: /home/qianlab/Desktop/lassie-turtle/dependencies/install/traveler_msgs/include/traveler_msgs/msg/detail/set_input_position__traits.hpp
[0.247s] -- Up-to-date: /home/qianlab/Desktop/lassie-turtle/dependencies/install/traveler_msgs/include/traveler_msgs
[0.247s] -- Up-to-date: /home/qianlab/Desktop/lassie-turtle/dependencies/install/traveler_msgs/include/traveler_msgs/msg
[0.247s] -- Up-to-date: /home/qianlab/Desktop/lassie-turtle/dependencies/install/traveler_msgs/include/traveler_msgs/msg/detail
[0.247s] -- Up-to-date: /home/qianlab/Desktop/lassie-turtle/dependencies/install/traveler_msgs/include/traveler_msgs/msg/detail/traveler_mode__type_support.cpp
[0.247s] -- Up-to-date: /home/qianlab/Desktop/lassie-turtle/dependencies/install/traveler_msgs/include/traveler_msgs/msg/detail/odrive_status__rosidl_typesupport_introspection_cpp.hpp
[0.247s] -- Up-to-date: /home/qianlab/Desktop/lassie-turtle/dependencies/install/traveler_msgs/include/traveler_msgs/msg/detail/set_state__rosidl_typesupport_introspection_cpp.hpp
[0.247s] -- Up-to-date: /home/qianlab/Desktop/lassie-turtle/dependencies/install/traveler_msgs/include/traveler_msgs/msg/detail/traveler_status__type_support.cpp
[0.247s] -- Up-to-date: /home/qianlab/Desktop/lassie-turtle/dependencies/install/traveler_msgs/include/traveler_msgs/msg/detail/traveler_status__rosidl_typesupport_introspection_cpp.hpp
[0.247s] -- Up-to-date: /home/qianlab/Desktop/lassie-turtle/dependencies/install/traveler_msgs/include/traveler_msgs/msg/detail/set_input_position__rosidl_typesupport_introspection_cpp.hpp
[0.247s] -- Up-to-date: /home/qianlab/Desktop/lassie-turtle/dependencies/install/traveler_msgs/include/traveler_msgs/msg/detail/odrive_status__type_support.cpp
[0.247s] -- Up-to-date: /home/qianlab/Desktop/lassie-turtle/dependencies/install/traveler_msgs/include/traveler_msgs/msg/detail/traveler_mode__rosidl_typesupport_introspection_cpp.hpp
[0.247s] -- Up-to-date: /home/qianlab/Desktop/lassie-turtle/dependencies/install/traveler_msgs/include/traveler_msgs/msg/detail/set_state__type_support.cpp
[0.248s] -- Up-to-date: /home/qianlab/Desktop/lassie-turtle/dependencies/install/traveler_msgs/include/traveler_msgs/msg/detail/traveler_config__type_support.cpp
[0.248s] -- Up-to-date: /home/qianlab/Desktop/lassie-turtle/dependencies/install/traveler_msgs/include/traveler_msgs/msg/detail/set_input_position__type_support.cpp
[0.248s] -- Up-to-date: /home/qianlab/Desktop/lassie-turtle/dependencies/install/traveler_msgs/include/traveler_msgs/msg/detail/traveler_config__rosidl_typesupport_introspection_cpp.hpp
[0.248s] -- Up-to-date: /home/qianlab/Desktop/lassie-turtle/dependencies/install/traveler_msgs/lib/libtraveler_msgs__rosidl_typesupport_introspection_cpp.so
[0.248s] -- Up-to-date: /home/qianlab/Desktop/lassie-turtle/dependencies/install/traveler_msgs/lib/libtraveler_msgs__rosidl_typesupport_cpp.so
[0.248s] -- Up-to-date: /home/qianlab/Desktop/lassie-turtle/dependencies/install/traveler_msgs/share/traveler_msgs/environment/pythonpath.sh
[0.248s] -- Up-to-date: /home/qianlab/Desktop/lassie-turtle/dependencies/install/traveler_msgs/share/traveler_msgs/environment/pythonpath.dsv
[0.248s] -- Up-to-date: /home/qianlab/Desktop/lassie-turtle/dependencies/install/traveler_msgs/lib/python3.8/site-packages/traveler_msgs/__init__.py
[0.265s] -- Up-to-date: /home/qianlab/Desktop/lassie-turtle/dependencies/install/traveler_msgs/lib/python3.8/site-packages/traveler_msgs/msg
[0.265s] -- Up-to-date: /home/qianlab/Desktop/lassie-turtle/dependencies/install/traveler_msgs/lib/python3.8/site-packages/traveler_msgs/msg/_set_input_position_s.c
[0.265s] -- Up-to-date: /home/qianlab/Desktop/lassie-turtle/dependencies/install/traveler_msgs/lib/python3.8/site-packages/traveler_msgs/msg/_traveler_mode.py
[0.266s] -- Up-to-date: /home/qianlab/Desktop/lassie-turtle/dependencies/install/traveler_msgs/lib/python3.8/site-packages/traveler_msgs/msg/_odrive_status_s.c
[0.266s] -- Up-to-date: /home/qianlab/Desktop/lassie-turtle/dependencies/install/traveler_msgs/lib/python3.8/site-packages/traveler_msgs/msg/_traveler_mode_s.c
[0.266s] -- Up-to-date: /home/qianlab/Desktop/lassie-turtle/dependencies/install/traveler_msgs/lib/python3.8/site-packages/traveler_msgs/msg/_traveler_status.py
[0.266s] -- Up-to-date: /home/qianlab/Desktop/lassie-turtle/dependencies/install/traveler_msgs/lib/python3.8/site-packages/traveler_msgs/msg/_set_input_position.py
[0.266s] -- Up-to-date: /home/qianlab/Desktop/lassie-turtle/dependencies/install/traveler_msgs/lib/python3.8/site-packages/traveler_msgs/msg/_odrive_status.py
[0.266s] -- Up-to-date: /home/qianlab/Desktop/lassie-turtle/dependencies/install/traveler_msgs/lib/python3.8/site-packages/traveler_msgs/msg/_traveler_config_s.c
[0.266s] -- Up-to-date: /home/qianlab/Desktop/lassie-turtle/dependencies/install/traveler_msgs/lib/python3.8/site-packages/traveler_msgs/msg/_set_state_s.c
[0.266s] -- Up-to-date: /home/qianlab/Desktop/lassie-turtle/dependencies/install/traveler_msgs/lib/python3.8/site-packages/traveler_msgs/msg/_traveler_status_s.c
[0.266s] -- Up-to-date: /home/qianlab/Desktop/lassie-turtle/dependencies/install/traveler_msgs/lib/python3.8/site-packages/traveler_msgs/msg/_traveler_config.py
[0.266s] -- Up-to-date: /home/qianlab/Desktop/lassie-turtle/dependencies/install/traveler_msgs/lib/python3.8/site-packages/traveler_msgs/msg/_set_state.py
[0.266s] -- Up-to-date: /home/qianlab/Desktop/lassie-turtle/dependencies/install/traveler_msgs/lib/python3.8/site-packages/traveler_msgs/msg/__init__.py
[0.267s] -- Up-to-date: /home/qianlab/Desktop/lassie-turtle/dependencies/install/traveler_msgs/lib/python3.8/site-packages/traveler_msgs/traveler_msgs_s__rosidl_typesupport_fastrtps_c.cpython-38-x86_64-linux-gnu.so
[0.267s] -- Up-to-date: /home/qianlab/Desktop/lassie-turtle/dependencies/install/traveler_msgs/lib/python3.8/site-packages/traveler_msgs/traveler_msgs_s__rosidl_typesupport_introspection_c.cpython-38-x86_64-linux-gnu.so
[0.267s] -- Up-to-date: /home/qianlab/Desktop/lassie-turtle/dependencies/install/traveler_msgs/lib/python3.8/site-packages/traveler_msgs/traveler_msgs_s__rosidl_typesupport_c.cpython-38-x86_64-linux-gnu.so
[0.267s] -- Up-to-date: /home/qianlab/Desktop/lassie-turtle/dependencies/install/traveler_msgs/lib/libtraveler_msgs__python.so
[0.267s] -- Up-to-date: /home/qianlab/Desktop/lassie-turtle/dependencies/install/traveler_msgs/share/traveler_msgs/msg/OdriveStatus.idl
[0.267s] -- Up-to-date: /home/qianlab/Desktop/lassie-turtle/dependencies/install/traveler_msgs/share/traveler_msgs/msg/TravelerConfig.idl
[0.267s] -- Up-to-date: /home/qianlab/Desktop/lassie-turtle/dependencies/install/traveler_msgs/share/traveler_msgs/msg/TravelerMode.idl
[0.267s] -- Up-to-date: /home/qianlab/Desktop/lassie-turtle/dependencies/install/traveler_msgs/share/traveler_msgs/msg/TravelerStatus.idl
[0.267s] -- Up-to-date: /home/qianlab/Desktop/lassie-turtle/dependencies/install/traveler_msgs/share/traveler_msgs/msg/SetState.idl
[0.268s] -- Up-to-date: /home/qianlab/Desktop/lassie-turtle/dependencies/install/traveler_msgs/share/traveler_msgs/msg/SetInputPosition.idl
[0.268s] -- Up-to-date: /home/qianlab/Desktop/lassie-turtle/dependencies/install/traveler_msgs/share/traveler_msgs/msg/OdriveStatus.msg
[0.268s] -- Up-to-date: /home/qianlab/Desktop/lassie-turtle/dependencies/install/traveler_msgs/share/traveler_msgs/msg/TravelerConfig.msg
[0.268s] -- Up-to-date: /home/qianlab/Desktop/lassie-turtle/dependencies/install/traveler_msgs/share/traveler_msgs/msg/TravelerMode.msg
[0.268s] -- Up-to-date: /home/qianlab/Desktop/lassie-turtle/dependencies/install/traveler_msgs/share/traveler_msgs/msg/TravelerStatus.msg
[0.268s] -- Up-to-date: /home/qianlab/Desktop/lassie-turtle/dependencies/install/traveler_msgs/share/traveler_msgs/odrivemsg/SetState.msg
[0.268s] -- Up-to-date: /home/qianlab/Desktop/lassie-turtle/dependencies/install/traveler_msgs/share/traveler_msgs/odrivemsg/SetInputPosition.msg
[0.268s] -- Up-to-date: /home/qianlab/Desktop/lassie-turtle/dependencies/install/traveler_msgs/share/ament_index/resource_index/package_run_dependencies/traveler_msgs
[0.268s] -- Up-to-date: /home/qianlab/Desktop/lassie-turtle/dependencies/install/traveler_msgs/share/ament_index/resource_index/parent_prefix_path/traveler_msgs
[0.268s] -- Up-to-date: /home/qianlab/Desktop/lassie-turtle/dependencies/install/traveler_msgs/share/traveler_msgs/environment/ament_prefix_path.sh
[0.268s] -- Up-to-date: /home/qianlab/Desktop/lassie-turtle/dependencies/install/traveler_msgs/share/traveler_msgs/environment/ament_prefix_path.dsv
[0.268s] -- Up-to-date: /home/qianlab/Desktop/lassie-turtle/dependencies/install/traveler_msgs/share/traveler_msgs/environment/path.sh
[0.268s] -- Up-to-date: /home/qianlab/Desktop/lassie-turtle/dependencies/install/traveler_msgs/share/traveler_msgs/environment/path.dsv
[0.268s] -- Up-to-date: /home/qianlab/Desktop/lassie-turtle/dependencies/install/traveler_msgs/share/traveler_msgs/local_setup.bash
[0.268s] -- Up-to-date: /home/qianlab/Desktop/lassie-turtle/dependencies/install/traveler_msgs/share/traveler_msgs/local_setup.sh
[0.268s] -- Up-to-date: /home/qianlab/Desktop/lassie-turtle/dependencies/install/traveler_msgs/share/traveler_msgs/local_setup.zsh
[0.269s] -- Up-to-date: /home/qianlab/Desktop/lassie-turtle/dependencies/install/traveler_msgs/share/traveler_msgs/local_setup.dsv
[0.269s] -- Installing: /home/qianlab/Desktop/lassie-turtle/dependencies/install/traveler_msgs/share/traveler_msgs/package.dsv
[0.269s] -- Up-to-date: /home/qianlab/Desktop/lassie-turtle/dependencies/install/traveler_msgs/share/ament_index/resource_index/packages/traveler_msgs
[0.269s] -- Up-to-date: /home/qianlab/Desktop/lassie-turtle/dependencies/install/traveler_msgs/share/traveler_msgs/cmake/traveler_msgs__rosidl_generator_cExport.cmake
[0.269s] -- Up-to-date: /home/qianlab/Desktop/lassie-turtle/dependencies/install/traveler_msgs/share/traveler_msgs/cmake/traveler_msgs__rosidl_generator_cExport-noconfig.cmake
[0.269s] -- Up-to-date: /home/qianlab/Desktop/lassie-turtle/dependencies/install/traveler_msgs/share/traveler_msgs/cmake/traveler_msgs__rosidl_typesupport_introspection_cExport.cmake
[0.269s] -- Up-to-date: /home/qianlab/Desktop/lassie-turtle/dependencies/install/traveler_msgs/share/traveler_msgs/cmake/traveler_msgs__rosidl_typesupport_introspection_cExport-noconfig.cmake
[0.269s] -- Up-to-date: /home/qianlab/Desktop/lassie-turtle/dependencies/install/traveler_msgs/share/traveler_msgs/cmake/traveler_msgs__rosidl_typesupport_cExport.cmake
[0.269s] -- Up-to-date: /home/qianlab/Desktop/lassie-turtle/dependencies/install/traveler_msgs/share/traveler_msgs/cmake/traveler_msgs__rosidl_typesupport_cExport-noconfig.cmake
[0.269s] -- Up-to-date: /home/qianlab/Desktop/lassie-turtle/dependencies/install/traveler_msgs/share/traveler_msgs/cmake/traveler_msgs__rosidl_generator_cppExport.cmake
[0.269s] -- Up-to-date: /home/qianlab/Desktop/lassie-turtle/dependencies/install/traveler_msgs/share/traveler_msgs/cmake/traveler_msgs__rosidl_typesupport_introspection_cppExport.cmake
[0.269s] -- Up-to-date: /home/qianlab/Desktop/lassie-turtle/dependencies/install/traveler_msgs/share/traveler_msgs/cmake/traveler_msgs__rosidl_typesupport_introspection_cppExport-noconfig.cmake
[0.270s] -- Up-to-date: /home/qianlab/Desktop/lassie-turtle/dependencies/install/traveler_msgs/share/traveler_msgs/cmake/traveler_msgs__rosidl_typesupport_cppExport.cmake
[0.270s] -- Up-to-date: /home/qianlab/Desktop/lassie-turtle/dependencies/install/traveler_msgs/share/traveler_msgs/cmake/traveler_msgs__rosidl_typesupport_cppExport-noconfig.cmake
[0.270s] -- Up-to-date: /home/qianlab/Desktop/lassie-turtle/dependencies/install/traveler_msgs/share/traveler_msgs/cmake/rosidl_cmake-extras.cmake
[0.270s] -- Up-to-date: /home/qianlab/Desktop/lassie-turtle/dependencies/install/traveler_msgs/share/traveler_msgs/cmake/ament_cmake_export_dependencies-extras.cmake
[0.270s] -- Up-to-date: /home/qianlab/Desktop/lassie-turtle/dependencies/install/traveler_msgs/share/traveler_msgs/cmake/ament_cmake_export_libraries-extras.cmake
[0.270s] -- Up-to-date: /home/qianlab/Desktop/lassie-turtle/dependencies/install/traveler_msgs/share/traveler_msgs/cmake/ament_cmake_export_targets-extras.cmake
[0.270s] -- Up-to-date: /home/qianlab/Desktop/lassie-turtle/dependencies/install/traveler_msgs/share/traveler_msgs/cmake/ament_cmake_export_include_directories-extras.cmake
[0.270s] -- Up-to-date: /home/qianlab/Desktop/lassie-turtle/dependencies/install/traveler_msgs/share/traveler_msgs/cmake/rosidl_cmake_export_typesupport_libraries-extras.cmake
[0.270s] -- Up-to-date: /home/qianlab/Desktop/lassie-turtle/dependencies/install/traveler_msgs/share/traveler_msgs/cmake/rosidl_cmake_export_typesupport_targets-extras.cmake
[0.270s] -- Up-to-date: /home/qianlab/Desktop/lassie-turtle/dependencies/install/traveler_msgs/share/traveler_msgs/cmake/traveler_msgsConfig.cmake
[0.270s] -- Up-to-date: /home/qianlab/Desktop/lassie-turtle/dependencies/install/traveler_msgs/share/traveler_msgs/cmake/traveler_msgsConfig-version.cmake
[0.270s] -- Up-to-date: /home/qianlab/Desktop/lassie-turtle/dependencies/install/traveler_msgs/share/traveler_msgs/package.xml
[0.272s] Invoked command in '/home/qianlab/Desktop/lassie-turtle/dependencies/build/traveler_msgs' returned '0': CMAKE_PREFIX_PATH=${CMAKE_PREFIX_PATH}:/home/qianlab/Turtle_workspace/lassie-turtle/install/traveler_optitrack:/home/qianlab/Turtle_workspace/install/traveler_optitrack:/opt/ros/foxy /usr/bin/cmake --install /home/qianlab/Desktop/lassie-turtle/dependencies/build/traveler_msgs
