[0.011s] Invoking command in '/home/qianlab/lassie-turtle/dependencies/build/turtle_high_controller': AMENT_PREFIX_PATH=/home/qianlab/lassie-turtle/dependencies/install/traveler_msgs:${AMENT_PREFIX_PATH} CMAKE_PREFIX_PATH=/home/qianlab/lassie-turtle/dependencies/install/traveler_msgs:/opt/ros/traveler/traveler_msgs:/home/qianlab/traveler_workspace/install/traveler_high_controller:/home/qianlab/traveler_workspace/install/odrive_pro_srvs_msgs:/home/qianlab/lassie-spirit/lassie-spirit/dependencies/spirit_msgs/install/spirit_msgs:/opt/ros/foxy LD_LIBRARY_PATH=/home/qianlab/lassie-turtle/dependencies/install/traveler_msgs/lib:${LD_LIBRARY_PATH} PYTHONPATH=/home/qianlab/lassie-turtle/dependencies/install/traveler_msgs/lib/python3.8/site-packages:${PYTHONPATH} /usr/local/bin/cmake --build /home/qianlab/lassie-turtle/dependencies/build/turtle_high_controller -- -j12 -l12
[0.033s] [ 35%] Built target odrive_can_interface
[0.045s] [ 42%] [32mBuilding CXX object CMakeFiles/turtle_high_controller.dir/src/main.cpp.o[0m
[0.045s] [ 50%] [32mBuilding CXX object CMakeFiles/turtle_high_controller.dir/src/controller/controller_monitor.cpp.o[0m
[0.046s] [ 64%] [32mBuilding CXX object CMakeFiles/turtle_high_controller.dir/src/controller/Inverse_kinematics.cpp.o[0m
[0.046s] [ 64%] [32mBuilding CXX object CMakeFiles/turtle_high_controller.dir/src/controller/pid_speed_controller.cpp.o[0m
[0.046s] [ 71%] [32mBuilding CXX object CMakeFiles/turtle_high_controller.dir/src/proxy/lowerproxy.cpp.o[0m
[0.046s] [ 78%] [32mBuilding CXX object CMakeFiles/turtle_high_controller.dir/src/proxy/upperproxy.cpp.o[0m
[0.047s] [ 85%] [32mBuilding CXX object CMakeFiles/turtle_high_controller.dir/src/can_driver/can_driver.cpp.o[0m
[0.159s] In file included from [01m[K/home/qianlab/lassie-turtle/dependencies/traveler_controller/include/can_driver/can_driver.hpp:4[m[K,
[0.159s]                  from [01m[K/home/qianlab/lassie-turtle/dependencies/traveler_controller/src/can_driver/can_driver.cpp:1[m[K:
[0.159s] [01m[K/home/qianlab/lassie-turtle/dependencies/traveler_controller/include/proxy/control_data.h:33:5:[m[K [01;31m[Kerror: [m[K‘[01m[Ktraveler_msgs[m[K’ does not name a type
[0.159s]    33 |     [01;31m[Ktraveler_msgs[m[K::msg::OdriveStatus left_adduction;
[0.159s]       |     [01;31m[K^~~~~~~~~~~~~[m[K
[0.160s] [01m[K/home/qianlab/lassie-turtle/dependencies/traveler_controller/include/proxy/control_data.h:34:5:[m[K [01;31m[Kerror: [m[K‘[01m[Ktraveler_msgs[m[K’ does not name a type
[0.160s]    34 |     [01;31m[Ktraveler_msgs[m[K::msg::OdriveStatus left_sweeping;
[0.160s]       |     [01;31m[K^~~~~~~~~~~~~[m[K
[0.162s] [01m[K/home/qianlab/lassie-turtle/dependencies/traveler_controller/include/proxy/control_data.h:35:5:[m[K [01;31m[Kerror: [m[K‘[01m[Ktraveler_msgs[m[K’ does not name a type
[0.162s]    35 |     [01;31m[Ktraveler_msgs[m[K::msg::OdriveStatus right_adduction;
[0.162s]       |     [01;31m[K^~~~~~~~~~~~~[m[K
[0.163s] [01m[K/home/qianlab/lassie-turtle/dependencies/traveler_controller/include/proxy/control_data.h:36:5:[m[K [01;31m[Kerror: [m[K‘[01m[Ktraveler_msgs[m[K’ does not name a type
[0.163s]    36 |     [01;31m[Ktraveler_msgs[m[K::msg::OdriveStatus right_sweeping;
[0.163s]       |     [01;31m[K^~~~~~~~~~~~~[m[K
[0.164s] [01m[K/home/qianlab/lassie-turtle/dependencies/traveler_controller/include/proxy/control_data.h:43:5:[m[K [01;31m[Kerror: [m[K‘[01m[Ktraveler_msgs[m[K’ does not name a type
[0.164s]    43 |     [01;31m[Ktraveler_msgs[m[K::msg::SetInputPosition set_input_position;
[0.164s]       |     [01;31m[K^~~~~~~~~~~~~[m[K
[0.279s] In file included from [01m[K/home/qianlab/lassie-turtle/dependencies/traveler_controller/include/controller/basecontroller.h:10[m[K,
[0.279s]                  from [01m[K/home/qianlab/lassie-turtle/dependencies/traveler_controller/include/controller/pid_speed_controller.h:15[m[K,
[0.279s]                  from [01m[K/home/qianlab/lassie-turtle/dependencies/traveler_controller/src/controller/pid_speed_controller.cpp:8[m[K:
[0.279s] [01m[K/home/qianlab/lassie-turtle/dependencies/traveler_controller/include/proxy/control_data.h:33:5:[m[K [01;31m[Kerror: [m[K‘[01m[Ktraveler_msgs[m[K’ does not name a type
[0.279s]    33 |     [01;31m[Ktraveler_msgs[m[K::msg::OdriveStatus left_adduction;
[0.279s]       |     [01;31m[K^~~~~~~~~~~~~[m[K
[0.280s] [01m[K/home/qianlab/lassie-turtle/dependencies/traveler_controller/include/proxy/control_data.h:34:5:[m[K [01;31m[Kerror: [m[K‘[01m[Ktraveler_msgs[m[K’ does not name a type
[0.280s]    34 |     [01;31m[Ktraveler_msgs[m[K::msg::OdriveStatus left_sweeping;
[0.280s]       |     [01;31m[K^~~~~~~~~~~~~[m[K
[0.281s] [01m[K/home/qianlab/lassie-turtle/dependencies/traveler_controller/include/proxy/control_data.h:35:5:[m[K [01;31m[Kerror: [m[K‘[01m[Ktraveler_msgs[m[K’ does not name a type
[0.282s]    35 |     [01;31m[Ktraveler_msgs[m[K::msg::OdriveStatus right_adduction;
[0.282s]       |     [01;31m[K^~~~~~~~~~~~~[m[K
[0.283s] [01m[K/home/qianlab/lassie-turtle/dependencies/traveler_controller/include/proxy/control_data.h:36:5:[m[K [01;31m[Kerror: [m[K‘[01m[Ktraveler_msgs[m[K’ does not name a type
[0.283s]    36 |     [01;31m[Ktraveler_msgs[m[K::msg::OdriveStatus right_sweeping;
[0.283s]       |     [01;31m[K^~~~~~~~~~~~~[m[K
[0.284s] [01m[K/home/qianlab/lassie-turtle/dependencies/traveler_controller/include/proxy/control_data.h:43:5:[m[K [01;31m[Kerror: [m[K‘[01m[Ktraveler_msgs[m[K’ does not name a type
[0.284s]    43 |     [01;31m[Ktraveler_msgs[m[K::msg::SetInputPosition set_input_position;
[0.284s]       |     [01;31m[K^~~~~~~~~~~~~[m[K
[0.299s] In file included from [01m[K/home/qianlab/lassie-turtle/dependencies/traveler_controller/include/proxy/upperproxy.h:14[m[K,
[0.299s]                  from [01m[K/home/qianlab/lassie-turtle/dependencies/traveler_controller/src/proxy/upperproxy.cpp:8[m[K:
[0.300s] [01m[K/home/qianlab/lassie-turtle/dependencies/traveler_controller/include/proxy/control_data.h:33:5:[m[K [01;31m[Kerror: [m[K‘[01m[Ktraveler_msgs[m[K’ does not name a type
[0.300s]    33 |     [01;31m[Ktraveler_msgs[m[K::msg::OdriveStatus left_adduction;
[0.300s]       |     [01;31m[K^~~~~~~~~~~~~[m[K
[0.300s] [01m[K/home/qianlab/lassie-turtle/dependencies/traveler_controller/include/proxy/control_data.h:34:5:[m[K [01;31m[Kerror: [m[K‘[01m[Ktraveler_msgs[m[K’ does not name a type
[0.300s]    34 |     [01;31m[Ktraveler_msgs[m[K::msg::OdriveStatus left_sweeping;
[0.300s]       |     [01;31m[K^~~~~~~~~~~~~[m[K
[0.301s] [01m[K/home/qianlab/lassie-turtle/dependencies/traveler_controller/include/proxy/control_data.h:35:5:[m[K [01;31m[Kerror: [m[K‘[01m[Ktraveler_msgs[m[K’ does not name a type
[0.301s]    35 |     [01;31m[Ktraveler_msgs[m[K::msg::OdriveStatus right_adduction;
[0.301s]       |     [01;31m[K^~~~~~~~~~~~~[m[K
[0.302s] [01m[K/home/qianlab/lassie-turtle/dependencies/traveler_controller/include/proxy/control_data.h:36:5:[m[K [01;31m[Kerror: [m[K‘[01m[Ktraveler_msgs[m[K’ does not name a type
[0.302s]    36 |     [01;31m[Ktraveler_msgs[m[K::msg::OdriveStatus right_sweeping;
[0.302s]       |     [01;31m[K^~~~~~~~~~~~~[m[K
[0.303s] [01m[K/home/qianlab/lassie-turtle/dependencies/traveler_controller/include/proxy/control_data.h:43:5:[m[K [01;31m[Kerror: [m[K‘[01m[Ktraveler_msgs[m[K’ does not name a type
[0.303s]    43 |     [01;31m[Ktraveler_msgs[m[K::msg::SetInputPosition set_input_position;
[0.303s]       |     [01;31m[K^~~~~~~~~~~~~[m[K
[0.329s] In file included from [01m[K/home/qianlab/lassie-turtle/dependencies/traveler_controller/include/controller/inverse_kinematics.h:8[m[K,
[0.330s]                  from [01m[K/home/qianlab/lassie-turtle/dependencies/traveler_controller/src/controller/Inverse_kinematics.cpp:1[m[K:
[0.330s] [01m[K/home/qianlab/lassie-turtle/dependencies/traveler_controller/include/proxy/control_data.h:33:5:[m[K [01;31m[Kerror: [m[K‘[01m[Ktraveler_msgs[m[K’ does not name a type
[0.330s]    33 |     [01;31m[Ktraveler_msgs[m[K::msg::OdriveStatus left_adduction;
[0.330s]       |     [01;31m[K^~~~~~~~~~~~~[m[K
[0.331s] [01m[K/home/qianlab/lassie-turtle/dependencies/traveler_controller/include/proxy/control_data.h:34:5:[m[K [01;31m[Kerror: [m[K‘[01m[Ktraveler_msgs[m[K’ does not name a type
[0.331s]    34 |     [01;31m[Ktraveler_msgs[m[K::msg::OdriveStatus left_sweeping;
[0.331s]       |     [01;31m[K^~~~~~~~~~~~~[m[K
[0.332s] [01m[K/home/qianlab/lassie-turtle/dependencies/traveler_controller/include/proxy/control_data.h:35:5:[m[K [01;31m[Kerror: [m[K‘[01m[Ktraveler_msgs[m[K’ does not name a type
[0.332s]    35 |     [01;31m[Ktraveler_msgs[m[K::msg::OdriveStatus right_adduction;
[0.332s]       |     [01;31m[K^~~~~~~~~~~~~[m[K
[0.333s] [01m[K/home/qianlab/lassie-turtle/dependencies/traveler_controller/include/proxy/control_data.h:36:5:[m[K [01;31m[Kerror: [m[K‘[01m[Ktraveler_msgs[m[K’ does not name a type
[0.333s]    36 |     [01;31m[Ktraveler_msgs[m[K::msg::OdriveStatus right_sweeping;
[0.334s]       |     [01;31m[K^~~~~~~~~~~~~[m[K
[0.335s] [01m[K/home/qianlab/lassie-turtle/dependencies/traveler_controller/include/proxy/control_data.h:43:5:[m[K [01;31m[Kerror: [m[K‘[01m[Ktraveler_msgs[m[K’ does not name a type
[0.335s]    43 |     [01;31m[Ktraveler_msgs[m[K::msg::SetInputPosition set_input_position;
[0.335s]       |     [01;31m[K^~~~~~~~~~~~~[m[K
[0.336s] [01m[K/home/qianlab/lassie-turtle/dependencies/traveler_controller/src/controller/Inverse_kinematics.cpp:[m[K In function ‘[01m[Kvoid checkleft(float&, float&, float&)[m[K’:
[0.336s] [01m[K/home/qianlab/lassie-turtle/dependencies/traveler_controller/src/controller/Inverse_kinematics.cpp:51:11:[m[K [01;35m[Kwarning: [m[Kunused variable ‘[01m[KL[m[K’ [[01;35m[K-Wunused-variable[m[K]
[0.336s]    51 |     float [01;35m[KL[m[K = 0.14;
[0.336s]       |           [01;35m[K^[m[K
[0.336s] [01m[K/home/qianlab/lassie-turtle/dependencies/traveler_controller/src/controller/Inverse_kinematics.cpp:49:38:[m[K [01;35m[Kwarning: [m[Kunused parameter ‘[01m[Kbeta1[m[K’ [[01;35m[K-Wunused-parameter[m[K]
[0.336s]    49 | void checkleft(float &gamma1, [01;35m[Kfloat &beta1[m[K, float &theta1)
[0.336s]       |                               [01;35m[K~~~~~~~^~~~~[m[K
[0.336s] [01m[K/home/qianlab/lassie-turtle/dependencies/traveler_controller/src/controller/Inverse_kinematics.cpp:[m[K In function ‘[01m[Kvoid checkright(float&, float&, float&)[m[K’:
[0.336s] [01m[K/home/qianlab/lassie-turtle/dependencies/traveler_controller/src/controller/Inverse_kinematics.cpp:96:11:[m[K [01;35m[Kwarning: [m[Kunused variable ‘[01m[KL[m[K’ [[01;35m[K-Wunused-variable[m[K]
[0.337s]    96 |     float [01;35m[KL[m[K = 0.14;
[0.337s]       |           [01;35m[K^[m[K
[0.337s] [01m[K/home/qianlab/lassie-turtle/dependencies/traveler_controller/src/controller/Inverse_kinematics.cpp:94:39:[m[K [01;35m[Kwarning: [m[Kunused parameter ‘[01m[Kbeta2[m[K’ [[01;35m[K-Wunused-parameter[m[K]
[0.337s]    94 | void checkright(float &gamma2, [01;35m[Kfloat &beta2[m[K, float &theta2)
[0.337s]       |                                [01;35m[K~~~~~~~^~~~~[m[K
[0.344s] In file included from [01m[K/home/qianlab/lassie-turtle/dependencies/traveler_controller/include/controller/basecontroller.h:10[m[K,
[0.345s]                  from [01m[K/home/qianlab/lassie-turtle/dependencies/traveler_controller/include/controller/controller_monitor.h:13[m[K,
[0.345s]                  from [01m[K/home/qianlab/lassie-turtle/dependencies/traveler_controller/include/main.h:12[m[K,
[0.345s]                  from [01m[K/home/qianlab/lassie-turtle/dependencies/traveler_controller/src/main.cpp:8[m[K:
[0.345s] [01m[K/home/qianlab/lassie-turtle/dependencies/traveler_controller/include/proxy/control_data.h:33:5:[m[K [01;31m[Kerror: [m[K‘[01m[Ktraveler_msgs[m[K’ does not name a type
[0.345s]    33 |     [01;31m[Ktraveler_msgs[m[K::msg::OdriveStatus left_adduction;
[0.345s]       |     [01;31m[K^~~~~~~~~~~~~[m[K
[0.346s] [01m[K/home/qianlab/lassie-turtle/dependencies/traveler_controller/include/proxy/control_data.h:34:5:[m[K [01;31m[Kerror: [m[K‘[01m[Ktraveler_msgs[m[K’ does not name a type
[0.346s]    34 |     [01;31m[Ktraveler_msgs[m[K::msg::OdriveStatus left_sweeping;
[0.346s]       |     [01;31m[K^~~~~~~~~~~~~[m[K
[0.346s] In file included from [01m[K/home/qianlab/lassie-turtle/dependencies/traveler_controller/include/controller/basecontroller.h:10[m[K,
[0.346s]                  from [01m[K/home/qianlab/lassie-turtle/dependencies/traveler_controller/include/controller/controller_monitor.h:13[m[K,
[0.346s]                  from [01m[K/home/qianlab/lassie-turtle/dependencies/traveler_controller/src/controller/controller_monitor.cpp:8[m[K:
[0.346s] [01m[K/home/qianlab/lassie-turtle/dependencies/traveler_controller/include/proxy/control_data.h:33:5:[m[K [01;31m[Kerror: [m[K‘[01m[Ktraveler_msgs[m[K’ does not name a type
[0.346s]    33 |     [01;31m[Ktraveler_msgs[m[K::msg::OdriveStatus left_adduction;
[0.346s]       |     [01;31m[K^~~~~~~~~~~~~[m[K
[0.347s] [01m[K/home/qianlab/lassie-turtle/dependencies/traveler_controller/include/proxy/control_data.h:35:5:[m[K [01;31m[Kerror: [m[K‘[01m[Ktraveler_msgs[m[K’ does not name a type
[0.347s]    35 |     [01;31m[Ktraveler_msgs[m[K::msg::OdriveStatus right_adduction;
[0.347s]       |     [01;31m[K^~~~~~~~~~~~~[m[K
[0.347s] [01m[K/home/qianlab/lassie-turtle/dependencies/traveler_controller/include/proxy/control_data.h:34:5:[m[K [01;31m[Kerror: [m[K‘[01m[Ktraveler_msgs[m[K’ does not name a type
[0.347s]    34 |     [01;31m[Ktraveler_msgs[m[K::msg::OdriveStatus left_sweeping;
[0.347s]       |     [01;31m[K^~~~~~~~~~~~~[m[K
[0.348s] [01m[K/home/qianlab/lassie-turtle/dependencies/traveler_controller/include/proxy/control_data.h:36:5:[m[K [01;31m[Kerror: [m[K‘[01m[Ktraveler_msgs[m[K’ does not name a type
[0.348s]    36 |     [01;31m[Ktraveler_msgs[m[K::msg::OdriveStatus right_sweeping;
[0.348s]       |     [01;31m[K^~~~~~~~~~~~~[m[K
[0.349s] [01m[K/home/qianlab/lassie-turtle/dependencies/traveler_controller/include/proxy/control_data.h:35:5:[m[K [01;31m[Kerror: [m[K‘[01m[Ktraveler_msgs[m[K’ does not name a type
[0.349s]    35 |     [01;31m[Ktraveler_msgs[m[K::msg::OdriveStatus right_adduction;
[0.349s]       |     [01;31m[K^~~~~~~~~~~~~[m[K
[0.349s] [01m[K/home/qianlab/lassie-turtle/dependencies/traveler_controller/src/controller/Inverse_kinematics.cpp:[m[K In function ‘[01m[Kvoid rhex_walking(float, float&, float&, float, float)[m[K’:
[0.349s] [01m[K/home/qianlab/lassie-turtle/dependencies/traveler_controller/src/controller/Inverse_kinematics.cpp:883:25:[m[K [01;35m[Kwarning: [m[Kunused parameter ‘[01m[Kt[m[K’ [[01;35m[K-Wunused-parameter[m[K]
[0.349s]   883 | void rhex_walking([01;35m[Kfloat t[m[K, float &theta1, float &theta2, float curr_theta1, float curr_theta2)
[0.350s]       |                   [01;35m[K~~~~~~^[m[K
[0.350s] [01m[K/home/qianlab/lassie-turtle/dependencies/traveler_controller/src/controller/Inverse_kinematics.cpp:883:83:[m[K [01;35m[Kwarning: [m[Kunused parameter ‘[01m[Kcurr_theta2[m[K’ [[01;35m[K-Wunused-parameter[m[K]
[0.350s]   883 | void rhex_walking(float t, float &theta1, float &theta2, float curr_theta1, [01;35m[Kfloat curr_theta2[m[K)
[0.350s]       |                                                                             [01;35m[K~~~~~~^~~~~~~~~~~[m[K
[0.350s] [01m[K/home/qianlab/lassie-turtle/dependencies/traveler_controller/include/proxy/control_data.h:43:5:[m[K [01;31m[Kerror: [m[K‘[01m[Ktraveler_msgs[m[K’ does not name a type
[0.350s]    43 |     [01;31m[Ktraveler_msgs[m[K::msg::SetInputPosition set_input_position;
[0.350s]       |     [01;31m[K^~~~~~~~~~~~~[m[K
[0.350s] [01m[K/home/qianlab/lassie-turtle/dependencies/traveler_controller/include/proxy/control_data.h:36:5:[m[K [01;31m[Kerror: [m[K‘[01m[Ktraveler_msgs[m[K’ does not name a type
[0.350s]    36 |     [01;31m[Ktraveler_msgs[m[K::msg::OdriveStatus right_sweeping;
[0.350s]       |     [01;31m[K^~~~~~~~~~~~~[m[K
[0.351s] [01m[K/home/qianlab/lassie-turtle/dependencies/traveler_controller/include/proxy/control_data.h:43:5:[m[K [01;31m[Kerror: [m[K‘[01m[Ktraveler_msgs[m[K’ does not name a type
[0.351s]    43 |     [01;31m[Ktraveler_msgs[m[K::msg::SetInputPosition set_input_position;
[0.351s]       |     [01;31m[K^~~~~~~~~~~~~[m[K
[0.385s] In file included from [01m[K/home/qianlab/lassie-turtle/dependencies/traveler_controller/include/proxy/lowerproxy.h:15[m[K,
[0.386s]                  from [01m[K/home/qianlab/lassie-turtle/dependencies/traveler_controller/src/proxy/lowerproxy.cpp:8[m[K:
[0.386s] [01m[K/home/qianlab/lassie-turtle/dependencies/traveler_controller/include/proxy/control_data.h:33:5:[m[K [01;31m[Kerror: [m[K‘[01m[Ktraveler_msgs[m[K’ does not name a type
[0.386s]    33 |     [01;31m[Ktraveler_msgs[m[K::msg::OdriveStatus left_adduction;
[0.386s]       |     [01;31m[K^~~~~~~~~~~~~[m[K
[0.387s] [01m[K/home/qianlab/lassie-turtle/dependencies/traveler_controller/include/proxy/control_data.h:34:5:[m[K [01;31m[Kerror: [m[K‘[01m[Ktraveler_msgs[m[K’ does not name a type
[0.387s]    34 |     [01;31m[Ktraveler_msgs[m[K::msg::OdriveStatus left_sweeping;
[0.387s]       |     [01;31m[K^~~~~~~~~~~~~[m[K
[0.387s] make[2]: *** [CMakeFiles/turtle_high_controller.dir/build.make:118: CMakeFiles/turtle_high_controller.dir/src/controller/Inverse_kinematics.cpp.o] Error 1
[0.387s] make[2]: *** Waiting for unfinished jobs....
[0.388s] [01m[K/home/qianlab/lassie-turtle/dependencies/traveler_controller/include/proxy/control_data.h:35:5:[m[K [01;31m[Kerror: [m[K‘[01m[Ktraveler_msgs[m[K’ does not name a type
[0.388s]    35 |     [01;31m[Ktraveler_msgs[m[K::msg::OdriveStatus right_adduction;
[0.388s]       |     [01;31m[K^~~~~~~~~~~~~[m[K
[0.389s] [01m[K/home/qianlab/lassie-turtle/dependencies/traveler_controller/include/proxy/control_data.h:36:5:[m[K [01;31m[Kerror: [m[K‘[01m[Ktraveler_msgs[m[K’ does not name a type
[0.389s]    36 |     [01;31m[Ktraveler_msgs[m[K::msg::OdriveStatus right_sweeping;
[0.389s]       |     [01;31m[K^~~~~~~~~~~~~[m[K
[0.390s] [01m[K/home/qianlab/lassie-turtle/dependencies/traveler_controller/include/proxy/control_data.h:43:5:[m[K [01;31m[Kerror: [m[K‘[01m[Ktraveler_msgs[m[K’ does not name a type
[0.390s]    43 |     [01;31m[Ktraveler_msgs[m[K::msg::SetInputPosition set_input_position;
[0.390s]       |     [01;31m[K^~~~~~~~~~~~~[m[K
[0.940s] In file included from [01m[K/home/qianlab/lassie-turtle/dependencies/traveler_controller/src/can_driver/can_driver.cpp:1[m[K:
[0.941s] [01m[K/home/qianlab/lassie-turtle/dependencies/traveler_controller/include/can_driver/can_driver.hpp:17:21:[m[K [01;31m[Kerror: [m[K‘[01m[KTraveler[m[K’ has not been declared
[0.941s]    17 |     void setControl([01;31m[KTraveler[m[K& traveler_leg_);
[0.941s]       |                     [01;31m[K^~~~~~~~[m[K
[0.941s] [01m[K/home/qianlab/lassie-turtle/dependencies/traveler_controller/include/can_driver/can_driver.hpp:18:27:[m[K [01;31m[Kerror: [m[K‘[01m[KTraveler[m[K’ has not been declared
[0.941s]    18 |     void get_motor_status([01;31m[KTraveler[m[K& traveler_leg_);
[0.941s]       |                           [01;31m[K^~~~~~~~[m[K
[0.946s] [01m[K/home/qianlab/lassie-turtle/dependencies/traveler_controller/src/can_driver/can_driver.cpp:[m[K In constructor ‘[01m[Kcan_driver::can_driver()[m[K’:
[0.946s] [01m[K/home/qianlab/lassie-turtle/dependencies/traveler_controller/src/can_driver/can_driver.cpp:11:80:[m[K [01;31m[Kerror: [m[K‘[01m[KMG_GET_ENCODER_ESTIMATES[m[K’ is not a member of ‘[01m[Kodrive_can::Msg[m[K’
[0.946s]    11 |                                socket_get_encoder_estimates_1(odrive_can::Msg::[01;31m[KMG_GET_ENCODER_ESTIMATES[m[K | odrive_can::AXIS::AXIS_0_ID,1, 0x7FF, 500),
[0.946s]       |                                                                                [01;31m[K^~~~~~~~~~~~~~~~~~~~~~~~[m[K
[0.955s] [01m[K/home/qianlab/lassie-turtle/dependencies/traveler_controller/src/can_driver/can_driver.cpp:[m[K At global scope:
[0.955s] [01m[K/home/qianlab/lassie-turtle/dependencies/traveler_controller/src/can_driver/can_driver.cpp:92:6:[m[K [01;31m[Kerror: [m[Kno declaration matches ‘[01m[Kvoid can_driver::get_motor_status(turtle&)[m[K’
[0.955s]    92 | void [01;31m[Kcan_driver[m[K::get_motor_status(turtle& turtle_){
[0.955s]       |      [01;31m[K^~~~~~~~~~[m[K
[0.956s] In file included from [01m[K/home/qianlab/lassie-turtle/dependencies/traveler_controller/src/can_driver/can_driver.cpp:1[m[K:
[0.956s] [01m[K/home/qianlab/lassie-turtle/dependencies/traveler_controller/include/can_driver/can_driver.hpp:18:10:[m[K [01;36m[Knote: [m[Kcandidate is: ‘[01m[Kvoid can_driver::get_motor_status(int&)[m[K’
[0.956s]    18 |     void [01;36m[Kget_motor_status[m[K(Traveler& traveler_leg_);
[0.956s]       |          [01;36m[K^~~~~~~~~~~~~~~~[m[K
[0.956s] [01m[K/home/qianlab/lassie-turtle/dependencies/traveler_controller/include/can_driver/can_driver.hpp:12:7:[m[K [01;36m[Knote: [m[K‘[01m[Kclass can_driver[m[K’ defined here
[0.956s]    12 | class [01;36m[Kcan_driver[m[K : public rclcpp::Node
[0.956s]       |       [01;36m[K^~~~~~~~~~[m[K
[0.956s] [01m[K/home/qianlab/lassie-turtle/dependencies/traveler_controller/src/can_driver/can_driver.cpp:101:6:[m[K [01;31m[Kerror: [m[Kno declaration matches ‘[01m[Kvoid can_driver::setControl(turtle&)[m[K’
[0.956s]   101 | void [01;31m[Kcan_driver[m[K::setControl(turtle& turtle_){
[0.956s]       |      [01;31m[K^~~~~~~~~~[m[K
[0.956s] In file included from [01m[K/home/qianlab/lassie-turtle/dependencies/traveler_controller/src/can_driver/can_driver.cpp:1[m[K:
[0.956s] [01m[K/home/qianlab/lassie-turtle/dependencies/traveler_controller/include/can_driver/can_driver.hpp:17:10:[m[K [01;36m[Knote: [m[Kcandidate is: ‘[01m[Kvoid can_driver::setControl(int&)[m[K’
[0.956s]    17 |     void [01;36m[KsetControl[m[K(Traveler& traveler_leg_);
[0.956s]       |          [01;36m[K^~~~~~~~~~[m[K
[0.957s] [01m[K/home/qianlab/lassie-turtle/dependencies/traveler_controller/include/can_driver/can_driver.hpp:12:7:[m[K [01;36m[Knote: [m[K‘[01m[Kclass can_driver[m[K’ defined here
[0.957s]    12 | class [01;36m[Kcan_driver[m[K : public rclcpp::Node
[0.957s]       |       [01;36m[K^~~~~~~~~~[m[K
[1.243s] make[2]: *** [CMakeFiles/turtle_high_controller.dir/build.make:160: CMakeFiles/turtle_high_controller.dir/src/can_driver/can_driver.cpp.o] Error 1
[1.284s] [01m[K/home/qianlab/lassie-turtle/dependencies/traveler_controller/src/controller/pid_speed_controller.cpp:[m[K In member function ‘[01m[Kvirtual void turtle_namespace::control::PID_speed_controller::ComputeControlCommand(turtle&)[m[K’:
[1.284s] [01m[K/home/qianlab/lassie-turtle/dependencies/traveler_controller/src/controller/pid_speed_controller.cpp:40:40:[m[K [01;31m[Kerror: [m[K‘[01m[Kstruct trutle_command[m[K’ has no member named ‘[01m[Kleft_limb_motor[m[K’
[1.284s]    40 |                 turtle_.turtle_control.[01;31m[Kleft_limb_motor[m[K.motor_control_position = theta1;
[1.284s]       |                                        [01;31m[K^~~~~~~~~~~~~~~[m[K
[1.284s] [01m[K/home/qianlab/lassie-turtle/dependencies/traveler_controller/src/controller/pid_speed_controller.cpp:41:40:[m[K [01;31m[Kerror: [m[K‘[01m[Kstruct trutle_command[m[K’ has no member named ‘[01m[Kleft_big_servo_command[m[K’
[1.285s]    41 |                 turtle_.turtle_control.[01;31m[Kleft_big_servo_command[m[K = gamma1;
[1.285s]       |                                        [01;31m[K^~~~~~~~~~~~~~~~~~~~~~[m[K
[1.285s] [01m[K/home/qianlab/lassie-turtle/dependencies/traveler_controller/src/controller/pid_speed_controller.cpp:42:40:[m[K [01;31m[Kerror: [m[K‘[01m[Kstruct trutle_command[m[K’ has no member named ‘[01m[Kleft_small_servo_command[m[K’
[1.285s]    42 |                 turtle_.turtle_control.[01;31m[Kleft_small_servo_command[m[K = beta1;
[1.285s]       |                                        [01;31m[K^~~~~~~~~~~~~~~~~~~~~~~~[m[K
[1.285s] [01m[K/home/qianlab/lassie-turtle/dependencies/traveler_controller/src/controller/pid_speed_controller.cpp:44:40:[m[K [01;31m[Kerror: [m[K‘[01m[Kstruct trutle_command[m[K’ has no member named ‘[01m[Kright_limb_motor[m[K’
[1.285s]    44 |                 turtle_.turtle_control.[01;31m[Kright_limb_motor[m[K.motor_control_position = theta2;
[1.285s]       |                                        [01;31m[K^~~~~~~~~~~~~~~~[m[K
[1.285s] [01m[K/home/qianlab/lassie-turtle/dependencies/traveler_controller/src/controller/pid_speed_controller.cpp:45:40:[m[K [01;31m[Kerror: [m[K‘[01m[Kstruct trutle_command[m[K’ has no member named ‘[01m[Kright_big_servo_command[m[K’
[1.285s]    45 |                 turtle_.turtle_control.[01;31m[Kright_big_servo_command[m[K = gamma2;
[1.285s]       |                                        [01;31m[K^~~~~~~~~~~~~~~~~~~~~~~[m[K
[1.285s] [01m[K/home/qianlab/lassie-turtle/dependencies/traveler_controller/src/controller/pid_speed_controller.cpp:46:40:[m[K [01;31m[Kerror: [m[K‘[01m[Kstruct trutle_command[m[K’ has no member named ‘[01m[Kright_small_servo_command[m[K’
[1.285s]    46 |                 turtle_.turtle_control.[01;31m[Kright_small_servo_command[m[K = beta2;
[1.285s]       |                                        [01;31m[K^~~~~~~~~~~~~~~~~~~~~~~~~[m[K
[1.285s] [01m[K/home/qianlab/lassie-turtle/dependencies/traveler_controller/src/controller/pid_speed_controller.cpp:49:40:[m[K [01;31m[Kerror: [m[K‘[01m[Kstruct turtle_status[m[K’ has no member named ‘[01m[Kleft_big_servo_pos[m[K’
[1.286s]    49 |                 turtle_.turtle_chassis.[01;31m[Kleft_big_servo_pos[m[K = gamma1;
[1.286s]       |                                        [01;31m[K^~~~~~~~~~~~~~~~~~[m[K
[1.286s] [01m[K/home/qianlab/lassie-turtle/dependencies/traveler_controller/src/controller/pid_speed_controller.cpp:50:40:[m[K [01;31m[Kerror: [m[K‘[01m[Kstruct turtle_status[m[K’ has no member named ‘[01m[Kleft_small_servo_pos[m[K’
[1.286s]    50 |                 turtle_.turtle_chassis.[01;31m[Kleft_small_servo_pos[m[K = beta1;
[1.286s]       |                                        [01;31m[K^~~~~~~~~~~~~~~~~~~~[m[K
[1.286s] [01m[K/home/qianlab/lassie-turtle/dependencies/traveler_controller/src/controller/pid_speed_controller.cpp:51:40:[m[K [01;31m[Kerror: [m[K‘[01m[Kstruct turtle_status[m[K’ has no member named ‘[01m[Kright_big_servo_pos[m[K’
[1.286s]    51 |                 turtle_.turtle_chassis.[01;31m[Kright_big_servo_pos[m[K = gamma2;
[1.286s]       |                                        [01;31m[K^~~~~~~~~~~~~~~~~~~[m[K
[1.286s] [01m[K/home/qianlab/lassie-turtle/dependencies/traveler_controller/src/controller/pid_speed_controller.cpp:52:40:[m[K [01;31m[Kerror: [m[K‘[01m[Kstruct turtle_status[m[K’ has no member named ‘[01m[Kright_small_servo_pos[m[K’
[1.286s]    52 |                 turtle_.turtle_chassis.[01;31m[Kright_small_servo_pos[m[K = beta2;
[1.286s]       |                                        [01;31m[K^~~~~~~~~~~~~~~~~~~~~[m[K
[1.286s] [01m[K/home/qianlab/lassie-turtle/dependencies/traveler_controller/src/controller/pid_speed_controller.cpp:60:40:[m[K [01;31m[Kerror: [m[K‘[01m[Kstruct trutle_command[m[K’ has no member named ‘[01m[Kleft_limb_motor[m[K’
[1.286s]    60 |                 turtle_.turtle_control.[01;31m[Kleft_limb_motor[m[K.motor_control_position = 0.12;
[1.286s]       |                                        [01;31m[K^~~~~~~~~~~~~~~[m[K
[1.286s] [01m[K/home/qianlab/lassie-turtle/dependencies/traveler_controller/src/controller/pid_speed_controller.cpp:61:40:[m[K [01;31m[Kerror: [m[K‘[01m[Kstruct trutle_command[m[K’ has no member named ‘[01m[Kleft_big_servo_command[m[K’
[1.287s]    61 |                 turtle_.turtle_control.[01;31m[Kleft_big_servo_command[m[K = 100;
[1.287s]       |                                        [01;31m[K^~~~~~~~~~~~~~~~~~~~~~[m[K
[1.287s] [01m[K/home/qianlab/lassie-turtle/dependencies/traveler_controller/src/controller/pid_speed_controller.cpp:62:40:[m[K [01;31m[Kerror: [m[K‘[01m[Kstruct trutle_command[m[K’ has no member named ‘[01m[Kleft_small_servo_command[m[K’
[1.287s]    62 |                 turtle_.turtle_control.[01;31m[Kleft_small_servo_command[m[K = 0;
[1.287s]       |                                        [01;31m[K^~~~~~~~~~~~~~~~~~~~~~~~[m[K
[1.287s] [01m[K/home/qianlab/lassie-turtle/dependencies/traveler_controller/src/controller/pid_speed_controller.cpp:65:40:[m[K [01;31m[Kerror: [m[K‘[01m[Kstruct trutle_command[m[K’ has no member named ‘[01m[Kright_limb_motor[m[K’
[1.287s]    65 |                 turtle_.turtle_control.[01;31m[Kright_limb_motor[m[K.motor_control_position = 1.2;
[1.287s]       |                                        [01;31m[K^~~~~~~~~~~~~~~~[m[K
[1.287s] [01m[K/home/qianlab/lassie-turtle/dependencies/traveler_controller/src/controller/pid_speed_controller.cpp:66:40:[m[K [01;31m[Kerror: [m[K‘[01m[Kstruct trutle_command[m[K’ has no member named ‘[01m[Kright_big_servo_command[m[K’
[1.287s]    66 |                 turtle_.turtle_control.[01;31m[Kright_big_servo_command[m[K = 23;
[1.287s]       |                                        [01;31m[K^~~~~~~~~~~~~~~~~~~~~~~[m[K
[1.287s] [01m[K/home/qianlab/lassie-turtle/dependencies/traveler_controller/src/controller/pid_speed_controller.cpp:67:40:[m[K [01;31m[Kerror: [m[K‘[01m[Kstruct trutle_command[m[K’ has no member named ‘[01m[Kright_small_servo_command[m[K’
[1.287s]    67 |                 turtle_.turtle_control.[01;31m[Kright_small_servo_command[m[K = 0;
[1.287s]       |                                        [01;31m[K^~~~~~~~~~~~~~~~~~~~~~~~~[m[K
[1.287s] [01m[K/home/qianlab/lassie-turtle/dependencies/traveler_controller/src/controller/pid_speed_controller.cpp:70:40:[m[K [01;31m[Kerror: [m[K‘[01m[Kstruct turtle_status[m[K’ has no member named ‘[01m[Kleft_big_servo_pos[m[K’
[1.288s]    70 |                 turtle_.turtle_chassis.[01;31m[Kleft_big_servo_pos[m[K = 100;
[1.288s]       |                                        [01;31m[K^~~~~~~~~~~~~~~~~~[m[K
[1.288s] [01m[K/home/qianlab/lassie-turtle/dependencies/traveler_controller/src/controller/pid_speed_controller.cpp:71:40:[m[K [01;31m[Kerror: [m[K‘[01m[Kstruct turtle_status[m[K’ has no member named ‘[01m[Kleft_small_servo_pos[m[K’
[1.288s]    71 |                 turtle_.turtle_chassis.[01;31m[Kleft_small_servo_pos[m[K = 0;
[1.288s]       |                                        [01;31m[K^~~~~~~~~~~~~~~~~~~~[m[K
[1.288s] [01m[K/home/qianlab/lassie-turtle/dependencies/traveler_controller/src/controller/pid_speed_controller.cpp:72:40:[m[K [01;31m[Kerror: [m[K‘[01m[Kstruct turtle_status[m[K’ has no member named ‘[01m[Kright_big_servo_pos[m[K’
[1.288s]    72 |                 turtle_.turtle_chassis.[01;31m[Kright_big_servo_pos[m[K = 23;
[1.288s]       |                                        [01;31m[K^~~~~~~~~~~~~~~~~~~[m[K
[1.288s] [01m[K/home/qianlab/lassie-turtle/dependencies/traveler_controller/src/controller/pid_speed_controller.cpp:73:40:[m[K [01;31m[Kerror: [m[K‘[01m[Kstruct turtle_status[m[K’ has no member named ‘[01m[Kright_small_servo_pos[m[K’
[1.288s]    73 |                 turtle_.turtle_chassis.[01;31m[Kright_small_servo_pos[m[K = 0;
[1.288s]       |                                        [01;31m[K^~~~~~~~~~~~~~~~~~~~~[m[K
[1.476s] [01m[K/home/qianlab/lassie-turtle/dependencies/traveler_controller/src/main.cpp:[m[K In function ‘[01m[Kint main(int, char**)[m[K’:
[1.476s] [01m[K/home/qianlab/lassie-turtle/dependencies/traveler_controller/src/main.cpp:28:18:[m[K [01;31m[Kerror: [m[K‘[01m[Kcan_driver[m[K’ was not declared in this scope
[1.477s]    28 |  std::shared_ptr<[01;31m[Kcan_driver[m[K> Can_driver_  = std::make_shared<can_driver>();
[1.477s]       |                  [01;31m[K^~~~~~~~~~[m[K
[1.477s] [01m[K/home/qianlab/lassie-turtle/dependencies/traveler_controller/src/main.cpp:28:28:[m[K [01;31m[Kerror: [m[Ktemplate argument 1 is invalid
[1.477s]    28 |  std::shared_ptr<can_driver[01;31m[K>[m[K Can_driver_  = std::make_shared<can_driver>();
[1.477s]       |                            [01;31m[K^[m[K
[1.477s] [01m[K/home/qianlab/lassie-turtle/dependencies/traveler_controller/src/main.cpp:28:74:[m[K [01;31m[Kerror: [m[Kno matching function for call to ‘[01m[Kmake_shared<can_driver>()[m[K’
[1.477s]    28 |  std::shared_ptr<can_driver> Can_driver_  = std::make_shared<can_driver>([01;31m[K)[m[K;
[1.477s]       |                                                                          [01;31m[K^[m[K
[1.477s] In file included from [01m[K/usr/include/c++/9/memory:81[m[K,
[1.477s]                  from [01m[K/opt/ros/foxy/include/rclcpp/rclcpp.hpp:144[m[K,
[1.477s]                  from [01m[K/home/qianlab/lassie-turtle/dependencies/traveler_controller/include/controller/pid_speed_controller.h:17[m[K,
[1.477s]                  from [01m[K/home/qianlab/lassie-turtle/dependencies/traveler_controller/include/controller/controller_monitor.h:14[m[K,
[1.477s]                  from [01m[K/home/qianlab/lassie-turtle/dependencies/traveler_controller/include/main.h:12[m[K,
[1.477s]                  from [01m[K/home/qianlab/lassie-turtle/dependencies/traveler_controller/src/main.cpp:8[m[K:
[1.478s] [01m[K/usr/include/c++/9/bits/shared_ptr.h:714:5:[m[K [01;36m[Knote: [m[Kcandidate: ‘[01m[Ktemplate<class _Tp, class ... _Args> std::shared_ptr<_Tp> std::make_shared(_Args&& ...)[m[K’
[1.478s]   714 |     [01;36m[Kmake_shared[m[K(_Args&&... __args)
[1.478s]       |     [01;36m[K^~~~~~~~~~~[m[K
[1.478s] [01m[K/usr/include/c++/9/bits/shared_ptr.h:714:5:[m[K [01;36m[Knote: [m[K  template argument deduction/substitution failed:
[1.479s] [01m[K/home/qianlab/lassie-turtle/dependencies/traveler_controller/src/main.cpp:39:14:[m[K [01;31m[Kerror: [m[Kbase operand of ‘[01m[K->[m[K’ is not a pointer
[1.479s]    39 |   Can_driver_[01;31m[K->[m[Kget_motor_status(turtle_);
[1.479s]       |              [01;31m[K^~[m[K
[1.479s] [01m[K/home/qianlab/lassie-turtle/dependencies/traveler_controller/src/main.cpp:47:14:[m[K [01;31m[Kerror: [m[Kbase operand of ‘[01m[K->[m[K’ is not a pointer
[1.479s]    47 |   Can_driver_[01;31m[K->[m[KsetControl(turtle_);
[1.480s]       |              [01;31m[K^~[m[K
[1.520s] make[2]: *** [CMakeFiles/turtle_high_controller.dir/build.make:104: CMakeFiles/turtle_high_controller.dir/src/controller/pid_speed_controller.cpp.o] Error 1
[1.534s] [01m[K/home/qianlab/lassie-turtle/dependencies/traveler_controller/src/proxy/lowerproxy.cpp:[m[K In member function ‘[01m[Kvoid turtle_namespace::control::lowerproxy::PublishControlCommand(turtle&)[m[K’:
[1.534s] [01m[K/home/qianlab/lassie-turtle/dependencies/traveler_controller/src/proxy/lowerproxy.cpp:81:52:[m[K [01;31m[Kerror: [m[K‘[01m[Kstruct trutle_command[m[K’ has no member named ‘[01m[Kleft_limb_motor[m[K’
[1.534s]    81 |     message1.data.push_back(turtle_.turtle_control.[01;31m[Kleft_limb_motor[m[K.motor_control_position);
[1.535s]       |                                                    [01;31m[K^~~~~~~~~~~~~~~[m[K
[1.535s] [01m[K/home/qianlab/lassie-turtle/dependencies/traveler_controller/src/proxy/lowerproxy.cpp:82:52:[m[K [01;31m[Kerror: [m[K‘[01m[Kstruct trutle_command[m[K’ has no member named ‘[01m[Kright_limb_motor[m[K’
[1.535s]    82 |     message2.data.push_back(turtle_.turtle_control.[01;31m[Kright_limb_motor[m[K.motor_control_position);
[1.535s]       |                                                    [01;31m[K^~~~~~~~~~~~~~~~[m[K
[1.535s] [01m[K/home/qianlab/lassie-turtle/dependencies/traveler_controller/src/proxy/lowerproxy.cpp:83:52:[m[K [01;31m[Kerror: [m[K‘[01m[Kstruct trutle_command[m[K’ has no member named ‘[01m[Kleft_big_servo_command[m[K’
[1.535s]    83 |     message3.data.push_back(turtle_.turtle_control.[01;31m[Kleft_big_servo_command[m[K);
[1.535s]       |                                                    [01;31m[K^~~~~~~~~~~~~~~~~~~~~~[m[K
[1.535s] [01m[K/home/qianlab/lassie-turtle/dependencies/traveler_controller/src/proxy/lowerproxy.cpp:84:52:[m[K [01;31m[Kerror: [m[K‘[01m[Kstruct trutle_command[m[K’ has no member named ‘[01m[Kleft_small_servo_command[m[K’
[1.535s]    84 |     message4.data.push_back(turtle_.turtle_control.[01;31m[Kleft_small_servo_command[m[K);
[1.535s]       |                                                    [01;31m[K^~~~~~~~~~~~~~~~~~~~~~~~[m[K
[1.535s] [01m[K/home/qianlab/lassie-turtle/dependencies/traveler_controller/src/proxy/lowerproxy.cpp:85:52:[m[K [01;31m[Kerror: [m[K‘[01m[Kstruct trutle_command[m[K’ has no member named ‘[01m[Kright_big_servo_command[m[K’
[1.535s]    85 |     message5.data.push_back(turtle_.turtle_control.[01;31m[Kright_big_servo_command[m[K);
[1.535s]       |                                                    [01;31m[K^~~~~~~~~~~~~~~~~~~~~~~[m[K
[1.535s] [01m[K/home/qianlab/lassie-turtle/dependencies/traveler_controller/src/proxy/lowerproxy.cpp:86:52:[m[K [01;31m[Kerror: [m[K‘[01m[Kstruct trutle_command[m[K’ has no member named ‘[01m[Kright_small_servo_command[m[K’
[1.536s]    86 |     message6.data.push_back(turtle_.turtle_control.[01;31m[Kright_small_servo_command[m[K);
[1.536s]       |                                                    [01;31m[K^~~~~~~~~~~~~~~~~~~~~~~~~[m[K
[1.544s] [01m[K/home/qianlab/lassie-turtle/dependencies/traveler_controller/src/proxy/lowerproxy.cpp:[m[K In member function ‘[01m[Kvoid turtle_namespace::control::lowerproxy::UpdateJoystickStatus(turtle&)[m[K’:
[1.544s] [01m[K/home/qianlab/lassie-turtle/dependencies/traveler_controller/src/proxy/lowerproxy.cpp:123:5:[m[K [01;31m[Kerror: [m[K‘[01m[Kturtle_temp_[m[K’ was not declared in this scope; did you mean ‘[01m[Kturtle_inter_[m[K’?
[1.544s]   123 |     [01;31m[Kturtle_temp_[m[K = turtle_;
[1.544s]       |     [01;31m[K^~~~~~~~~~~~[m[K
[1.544s]       |     [32m[Kturtle_inter_[m[K
[1.544s] [01m[K/home/qianlab/lassie-turtle/dependencies/traveler_controller/src/proxy/lowerproxy.cpp:147:25:[m[K [01;31m[Kerror: [m[Kexpected ‘[01m[K;[m[K’ before ‘[01m[K}[m[K’ token
[1.544s]   147 |     terrain_estimation()
[1.545s]       |                         [01;31m[K^[m[K
[1.545s]       |                         [32m[K;[m[K
[1.545s] ......
[1.545s]   151 | [32m[K}[m[K
[1.545s]       | [32m[K~[m[K                        
[1.757s] In file included from [01m[K/home/qianlab/lassie-turtle/dependencies/traveler_controller/src/main.cpp:8[m[K:
[1.757s] [01m[K/home/qianlab/lassie-turtle/dependencies/traveler_controller/include/main.h:[m[K At global scope:
[1.757s] [01m[K/home/qianlab/lassie-turtle/dependencies/traveler_controller/include/main.h:43:14:[m[K [01;35m[Kwarning: [m[K‘[01m[Ktimer[m[K’ defined but not used [[01;35m[K-Wunused-variable[m[K]
[1.757s]    43 | static float [01;35m[Ktimer[m[K[10] = { 0 };
[1.758s]       |              [01;35m[K^~~~~[m[K
[1.758s] [01m[K/home/qianlab/lassie-turtle/dependencies/traveler_controller/include/main.h:41:12:[m[K [01;35m[Kwarning: [m[K‘[01m[Kinit_done[m[K’ defined but not used [[01;35m[K-Wunused-variable[m[K]
[1.758s]    41 | static int [01;35m[Kinit_done[m[K = 0;
[1.758s]       |            [01;35m[K^~~~~~~~~[m[K
[1.758s] [01m[K/home/qianlab/lassie-turtle/dependencies/traveler_controller/include/main.h:40:14:[m[K [01;35m[Kwarning: [m[K‘[01m[Kinit_cnt[m[K’ defined but not used [[01;35m[K-Wunused-variable[m[K]
[1.758s]    40 | static float [01;35m[Kinit_cnt[m[K = 0;
[1.758s]       |              [01;35m[K^~~~~~~~[m[K
[1.771s] make[2]: *** [CMakeFiles/turtle_high_controller.dir/build.make:76: CMakeFiles/turtle_high_controller.dir/src/main.cpp.o] Error 1
[1.818s] make[2]: *** [CMakeFiles/turtle_high_controller.dir/build.make:90: CMakeFiles/turtle_high_controller.dir/src/controller/controller_monitor.cpp.o] Error 1
[2.156s] make[2]: *** [CMakeFiles/turtle_high_controller.dir/build.make:146: CMakeFiles/turtle_high_controller.dir/src/proxy/upperproxy.cpp.o] Error 1
[2.279s] make[2]: *** [CMakeFiles/turtle_high_controller.dir/build.make:132: CMakeFiles/turtle_high_controller.dir/src/proxy/lowerproxy.cpp.o] Error 1
[2.280s] make[1]: *** [CMakeFiles/Makefile2:139: CMakeFiles/turtle_high_controller.dir/all] Error 2
[2.280s] make: *** [Makefile:146: all] Error 2
[2.283s] Invoked command in '/home/qianlab/lassie-turtle/dependencies/build/turtle_high_controller' returned '2': AMENT_PREFIX_PATH=/home/qianlab/lassie-turtle/dependencies/install/traveler_msgs:${AMENT_PREFIX_PATH} CMAKE_PREFIX_PATH=/home/qianlab/lassie-turtle/dependencies/install/traveler_msgs:/opt/ros/traveler/traveler_msgs:/home/qianlab/traveler_workspace/install/traveler_high_controller:/home/qianlab/traveler_workspace/install/odrive_pro_srvs_msgs:/home/qianlab/lassie-spirit/lassie-spirit/dependencies/spirit_msgs/install/spirit_msgs:/opt/ros/foxy LD_LIBRARY_PATH=/home/qianlab/lassie-turtle/dependencies/install/traveler_msgs/lib:${LD_LIBRARY_PATH} PYTHONPATH=/home/qianlab/lassie-turtle/dependencies/install/traveler_msgs/lib/python3.8/site-packages:${PYTHONPATH} /usr/local/bin/cmake --build /home/qianlab/lassie-turtle/dependencies/build/turtle_high_controller -- -j12 -l12
