[0.155s] Invoking command in '/home/qianlab/Turtle_workspace/lassie-turtle/build/turtle_high_controller': AMENT_PREFIX_PATH=/home/qianlab/Turtle_workspace/lassie-turtle/install/traveler_msgs:${AMENT_PREFIX_PATH} CMAKE_PREFIX_PATH=/home/qianlab/Turtle_workspace/lassie-turtle/install/traveler_msgs:/opt/ros/foxy CONDA_PROMPT_MODIFIER=(base) LD_LIBRARY_PATH=/home/qianlab/Turtle_workspace/lassie-turtle/install/traveler_msgs/lib:${LD_LIBRARY_PATH} PYTHONPATH=/home/qianlab/Turtle_workspace/lassie-turtle/install/traveler_msgs/lib/python3.8/site-packages:${PYTHONPATH} /usr/bin/cmake --build /home/qianlab/Turtle_workspace/lassie-turtle/build/turtle_high_controller -- -j12 -l12
[0.185s] [35m[1mScanning dependencies of target odrive_can_interface[0m
[0.185s] [35m[1mScanning dependencies of target turtle_high_controller[0m
[0.205s] [  7%] [32mBuilding CXX object CMakeFiles/odrive_can_interface.dir/src/can_driver/odrive_can.cpp.o[0m
[0.207s] [ 15%] [32mBuilding CXX object CMakeFiles/odrive_can_interface.dir/src/can_driver/can_driver.cpp.o[0m
[0.210s] [ 23%] [32mBuilding CXX object CMakeFiles/turtle_high_controller.dir/src/main.cpp.o[0m
[0.212s] [ 30%] [32mBuilding CXX object CMakeFiles/turtle_high_controller.dir/src/can_driver/can_driver.cpp.o[0m
[1.636s] In file included from [01m[K/home/qianlab/Turtle_workspace/lassie-turtle/dependencies/traveler_controller/src/main.cpp:8[m[K:
[1.636s] [01m[K/home/qianlab/Turtle_workspace/lassie-turtle/dependencies/traveler_controller/include/main.h:46:14:[m[K [01;35m[Kwarning: [m[K‘[01m[Ktimer[m[K’ defined but not used [[01;35m[K-Wunused-variable[m[K]
[1.636s]    46 | static float [01;35m[Ktimer[m[K[10] = { 0 };
[1.636s]       |              [01;35m[K^~~~~[m[K
[1.636s] [01m[K/home/qianlab/Turtle_workspace/lassie-turtle/dependencies/traveler_controller/include/main.h:44:12:[m[K [01;35m[Kwarning: [m[K‘[01m[Kinit_done[m[K’ defined but not used [[01;35m[K-Wunused-variable[m[K]
[1.636s]    44 | static int [01;35m[Kinit_done[m[K = 0;
[1.636s]       |            [01;35m[K^~~~~~~~~[m[K
[1.636s] [01m[K/home/qianlab/Turtle_workspace/lassie-turtle/dependencies/traveler_controller/include/main.h:43:14:[m[K [01;35m[Kwarning: [m[K‘[01m[Kinit_cnt[m[K’ defined but not used [[01;35m[K-Wunused-variable[m[K]
[1.636s]    43 | static float [01;35m[Kinit_cnt[m[K = 0;
[1.636s]       |              [01;35m[K^~~~~~~~[m[K
[1.957s] [ 38%] [32m[1mLinking CXX executable odrive_can_interface[0m
[2.128s] [ 53%] Built target odrive_can_interface
[2.142s] [ 61%] [32m[1mLinking CXX executable turtle_high_controller[0m
[2.415s] [100%] Built target turtle_high_controller
[2.423s] Invoked command in '/home/qianlab/Turtle_workspace/lassie-turtle/build/turtle_high_controller' returned '0': AMENT_PREFIX_PATH=/home/qianlab/Turtle_workspace/lassie-turtle/install/traveler_msgs:${AMENT_PREFIX_PATH} CMAKE_PREFIX_PATH=/home/qianlab/Turtle_workspace/lassie-turtle/install/traveler_msgs:/opt/ros/foxy CONDA_PROMPT_MODIFIER=(base) LD_LIBRARY_PATH=/home/qianlab/Turtle_workspace/lassie-turtle/install/traveler_msgs/lib:${LD_LIBRARY_PATH} PYTHONPATH=/home/qianlab/Turtle_workspace/lassie-turtle/install/traveler_msgs/lib/python3.8/site-packages:${PYTHONPATH} /usr/bin/cmake --build /home/qianlab/Turtle_workspace/lassie-turtle/build/turtle_high_controller -- -j12 -l12
[2.444s] Invoking command in '/home/qianlab/Turtle_workspace/lassie-turtle/build/turtle_high_controller': AMENT_PREFIX_PATH=/home/qianlab/Turtle_workspace/lassie-turtle/install/traveler_msgs:${AMENT_PREFIX_PATH} CMAKE_PREFIX_PATH=/home/qianlab/Turtle_workspace/lassie-turtle/install/traveler_msgs:/opt/ros/foxy CONDA_PROMPT_MODIFIER=(base) LD_LIBRARY_PATH=/home/qianlab/Turtle_workspace/lassie-turtle/install/traveler_msgs/lib:${LD_LIBRARY_PATH} PYTHONPATH=/home/qianlab/Turtle_workspace/lassie-turtle/install/traveler_msgs/lib/python3.8/site-packages:${PYTHONPATH} /usr/bin/cmake --install /home/qianlab/Turtle_workspace/lassie-turtle/build/turtle_high_controller
[2.449s] -- Install configuration: "Debug"
[2.450s] -- Installing: /home/qianlab/Turtle_workspace/lassie-turtle/install/turtle_high_controller/lib/turtle_high_controller/turtle_high_controller
[2.456s] -- Set runtime path of "/home/qianlab/Turtle_workspace/lassie-turtle/install/turtle_high_controller/lib/turtle_high_controller/turtle_high_controller" to ""
[2.456s] -- Installing: /home/qianlab/Turtle_workspace/lassie-turtle/install/turtle_high_controller/lib/turtle_high_controller/odrive_can_interface
[2.460s] -- Set runtime path of "/home/qianlab/Turtle_workspace/lassie-turtle/install/turtle_high_controller/lib/turtle_high_controller/odrive_can_interface" to ""
[2.460s] -- Up-to-date: /home/qianlab/Turtle_workspace/lassie-turtle/install/turtle_high_controller/share/ament_index/resource_index/package_run_dependencies/turtle_high_controller
[2.460s] -- Up-to-date: /home/qianlab/Turtle_workspace/lassie-turtle/install/turtle_high_controller/share/ament_index/resource_index/parent_prefix_path/turtle_high_controller
[2.460s] -- Up-to-date: /home/qianlab/Turtle_workspace/lassie-turtle/install/turtle_high_controller/share/turtle_high_controller/environment/ament_prefix_path.sh
[2.460s] -- Up-to-date: /home/qianlab/Turtle_workspace/lassie-turtle/install/turtle_high_controller/share/turtle_high_controller/environment/ament_prefix_path.dsv
[2.460s] -- Up-to-date: /home/qianlab/Turtle_workspace/lassie-turtle/install/turtle_high_controller/share/turtle_high_controller/environment/path.sh
[2.460s] -- Up-to-date: /home/qianlab/Turtle_workspace/lassie-turtle/install/turtle_high_controller/share/turtle_high_controller/environment/path.dsv
[2.460s] -- Up-to-date: /home/qianlab/Turtle_workspace/lassie-turtle/install/turtle_high_controller/share/turtle_high_controller/local_setup.bash
[2.460s] -- Up-to-date: /home/qianlab/Turtle_workspace/lassie-turtle/install/turtle_high_controller/share/turtle_high_controller/local_setup.sh
[2.460s] -- Up-to-date: /home/qianlab/Turtle_workspace/lassie-turtle/install/turtle_high_controller/share/turtle_high_controller/local_setup.zsh
[2.460s] -- Up-to-date: /home/qianlab/Turtle_workspace/lassie-turtle/install/turtle_high_controller/share/turtle_high_controller/local_setup.dsv
[2.461s] -- Installing: /home/qianlab/Turtle_workspace/lassie-turtle/install/turtle_high_controller/share/turtle_high_controller/package.dsv
[2.461s] -- Up-to-date: /home/qianlab/Turtle_workspace/lassie-turtle/install/turtle_high_controller/share/ament_index/resource_index/packages/turtle_high_controller
[2.461s] -- Up-to-date: /home/qianlab/Turtle_workspace/lassie-turtle/install/turtle_high_controller/share/turtle_high_controller/cmake/turtle_high_controllerConfig.cmake
[2.461s] -- Up-to-date: /home/qianlab/Turtle_workspace/lassie-turtle/install/turtle_high_controller/share/turtle_high_controller/cmake/turtle_high_controllerConfig-version.cmake
[2.461s] -- Up-to-date: /home/qianlab/Turtle_workspace/lassie-turtle/install/turtle_high_controller/share/turtle_high_controller/package.xml
[2.462s] Invoked command in '/home/qianlab/Turtle_workspace/lassie-turtle/build/turtle_high_controller' returned '0': AMENT_PREFIX_PATH=/home/qianlab/Turtle_workspace/lassie-turtle/install/traveler_msgs:${AMENT_PREFIX_PATH} CMAKE_PREFIX_PATH=/home/qianlab/Turtle_workspace/lassie-turtle/install/traveler_msgs:/opt/ros/foxy CONDA_PROMPT_MODIFIER=(base) LD_LIBRARY_PATH=/home/qianlab/Turtle_workspace/lassie-turtle/install/traveler_msgs/lib:${LD_LIBRARY_PATH} PYTHONPATH=/home/qianlab/Turtle_workspace/lassie-turtle/install/traveler_msgs/lib/python3.8/site-packages:${PYTHONPATH} /usr/bin/cmake --install /home/qianlab/Turtle_workspace/lassie-turtle/build/turtle_high_controller
