[0.198s] DEBUG:colcon:Command line arguments: ['/usr/bin/colcon', 'build', '--executor', 'sequential']
[0.198s] DEBUG:colcon:Parsed command line arguments: Namespace(allow_overriding=[], ament_cmake_args=None, base_paths=['.'], build_base='build', catkin_cmake_args=None, catkin_skip_building_tests=False, cmake_args=None, cmake_clean_cache=False, cmake_clean_first=False, cmake_force_configure=False, cmake_target=None, cmake_target_skip_unavailable=False, continue_on_error=False, event_handlers=None, executor='sequential', ignore_user_meta=False, install_base='install', log_base=None, log_level=None, main=<bound method BuildVerb.main of <colcon_core.verb.build.BuildVerb object at 0x7f6b6fd48be0>>, merge_install=False, metas=['./colcon.meta'], packages_above=None, packages_above_and_dependencies=None, packages_above_depth=None, packages_end=None, packages_ignore=None, packages_ignore_regex=None, packages_select=None, packages_select_build_failed=False, packages_select_by_dep=None, packages_select_regex=None, packages_select_test_failures=False, packages_skip=None, packages_skip_build_finished=False, packages_skip_by_dep=None, packages_skip_regex=None, packages_skip_test_passed=False, packages_skip_up_to=None, packages_start=None, packages_up_to=None, packages_up_to_regex=None, parallel_workers=12, paths=None, symlink_install=False, test_result_base=None, verb_extension=<colcon_core.verb.build.BuildVerb object at 0x7f6b6fd48be0>, verb_name='build', verb_parser=<colcon_defaults.argument_parser.defaults.DefaultArgumentsDecorator object at 0x7f6b6fd51190>)
[0.215s] Level 1:colcon.colcon_core.package_discovery:discover_packages(colcon_meta) check parameters
[0.215s] Level 1:colcon.colcon_core.package_discovery:discover_packages(recursive) check parameters
[0.215s] Level 1:colcon.colcon_core.package_discovery:discover_packages(ignore) check parameters
[0.215s] Level 1:colcon.colcon_core.package_discovery:discover_packages(path) check parameters
[0.215s] Level 1:colcon.colcon_core.package_discovery:discover_packages(colcon_meta) discover
[0.215s] Level 1:colcon.colcon_core.package_discovery:discover_packages(recursive) discover
[0.215s] INFO:colcon.colcon_core.package_discovery:Crawling recursively for packages in '/home/qianlab/lassie-turtle/dependencies'
[0.215s] Level 1:colcon.colcon_core.package_identification:_identify(.) by extensions ['ignore', 'ignore_ament_install']
[0.215s] Level 1:colcon.colcon_core.package_identification:_identify(.) by extension 'ignore'
[0.215s] Level 1:colcon.colcon_core.package_identification:_identify(.) by extension 'ignore_ament_install'
[0.215s] Level 1:colcon.colcon_core.package_identification:_identify(.) by extensions ['colcon_pkg']
[0.215s] Level 1:colcon.colcon_core.package_identification:_identify(.) by extension 'colcon_pkg'
[0.215s] Level 1:colcon.colcon_core.package_identification:_identify(.) by extensions ['colcon_meta']
[0.215s] Level 1:colcon.colcon_core.package_identification:_identify(.) by extension 'colcon_meta'
[0.215s] Level 1:colcon.colcon_core.package_identification:_identify(.) by extensions ['ros']
[0.215s] Level 1:colcon.colcon_core.package_identification:_identify(.) by extension 'ros'
[0.229s] Level 1:colcon.colcon_core.package_identification:_identify(.) by extensions ['cmake', 'python']
[0.229s] Level 1:colcon.colcon_core.package_identification:_identify(.) by extension 'cmake'
[0.229s] Level 1:colcon.colcon_core.package_identification:_identify(.) by extension 'python'
[0.229s] Level 1:colcon.colcon_core.package_identification:_identify(.) by extensions ['python_setup_py']
[0.229s] Level 1:colcon.colcon_core.package_identification:_identify(.) by extension 'python_setup_py'
[0.229s] Level 1:colcon.colcon_core.package_identification:_identify(build) by extensions ['ignore', 'ignore_ament_install']
[0.229s] Level 1:colcon.colcon_core.package_identification:_identify(build) by extension 'ignore'
[0.229s] Level 1:colcon.colcon_core.package_identification:_identify(build) ignored
[0.229s] Level 1:colcon.colcon_core.package_identification:_identify(install) by extensions ['ignore', 'ignore_ament_install']
[0.229s] Level 1:colcon.colcon_core.package_identification:_identify(install) by extension 'ignore'
[0.229s] Level 1:colcon.colcon_core.package_identification:_identify(install) ignored
[0.229s] Level 1:colcon.colcon_core.package_identification:_identify(log) by extensions ['ignore', 'ignore_ament_install']
[0.229s] Level 1:colcon.colcon_core.package_identification:_identify(log) by extension 'ignore'
[0.229s] Level 1:colcon.colcon_core.package_identification:_identify(log) ignored
[0.230s] Level 1:colcon.colcon_core.package_identification:_identify(traveler_controller) by extensions ['ignore', 'ignore_ament_install']
[0.230s] Level 1:colcon.colcon_core.package_identification:_identify(traveler_controller) by extension 'ignore'
[0.230s] Level 1:colcon.colcon_core.package_identification:_identify(traveler_controller) by extension 'ignore_ament_install'
[0.230s] Level 1:colcon.colcon_core.package_identification:_identify(traveler_controller) by extensions ['colcon_pkg']
[0.230s] Level 1:colcon.colcon_core.package_identification:_identify(traveler_controller) by extension 'colcon_pkg'
[0.230s] Level 1:colcon.colcon_core.package_identification:_identify(traveler_controller) by extensions ['colcon_meta']
[0.230s] Level 1:colcon.colcon_core.package_identification:_identify(traveler_controller) by extension 'colcon_meta'
[0.230s] Level 1:colcon.colcon_core.package_identification:_identify(traveler_controller) by extensions ['ros']
[0.230s] Level 1:colcon.colcon_core.package_identification:_identify(traveler_controller) by extension 'ros'
[0.232s] DEBUG:colcon.colcon_core.package_identification:Package 'traveler_controller' with type 'ros.ament_cmake' and name 'turtle_high_controller'
[0.232s] Level 1:colcon.colcon_core.package_identification:_identify(traveler_msgs) by extensions ['ignore', 'ignore_ament_install']
[0.232s] Level 1:colcon.colcon_core.package_identification:_identify(traveler_msgs) by extension 'ignore'
[0.232s] Level 1:colcon.colcon_core.package_identification:_identify(traveler_msgs) by extension 'ignore_ament_install'
[0.232s] Level 1:colcon.colcon_core.package_identification:_identify(traveler_msgs) by extensions ['colcon_pkg']
[0.232s] Level 1:colcon.colcon_core.package_identification:_identify(traveler_msgs) by extension 'colcon_pkg'
[0.232s] Level 1:colcon.colcon_core.package_identification:_identify(traveler_msgs) by extensions ['colcon_meta']
[0.232s] Level 1:colcon.colcon_core.package_identification:_identify(traveler_msgs) by extension 'colcon_meta'
[0.232s] Level 1:colcon.colcon_core.package_identification:_identify(traveler_msgs) by extensions ['ros']
[0.232s] Level 1:colcon.colcon_core.package_identification:_identify(traveler_msgs) by extension 'ros'
[0.232s] DEBUG:colcon.colcon_core.package_identification:Package 'traveler_msgs' with type 'ros.ament_cmake' and name 'traveler_msgs'
[0.232s] Level 1:colcon.colcon_core.package_discovery:discover_packages(recursive) using defaults
[0.232s] Level 1:colcon.colcon_core.package_discovery:discover_packages(ignore) discover
[0.232s] Level 1:colcon.colcon_core.package_discovery:discover_packages(ignore) using defaults
[0.232s] Level 1:colcon.colcon_core.package_discovery:discover_packages(path) discover
[0.232s] Level 1:colcon.colcon_core.package_discovery:discover_packages(path) using defaults
[0.246s] Level 1:colcon.colcon_core.package_discovery:discover_packages(prefix_path) check parameters
[0.246s] Level 1:colcon.colcon_core.package_discovery:discover_packages(prefix_path) discover
[0.248s] DEBUG:colcon.colcon_installed_package_information.package_discovery:Found 1 installed packages in /opt/ros/traveler
[0.248s] DEBUG:colcon.colcon_installed_package_information.package_discovery:Found 2 installed packages in /home/qianlab/traveler_workspace/install
[0.249s] DEBUG:colcon.colcon_installed_package_information.package_discovery:Found 1 installed packages in /home/qianlab/lassie-spirit/lassie-spirit/dependencies/spirit_msgs/install
[0.250s] DEBUG:colcon.colcon_installed_package_information.package_discovery:Found 316 installed packages in /opt/ros/foxy
[0.251s] Level 1:colcon.colcon_core.package_discovery:discover_packages(prefix_path) using defaults
[0.293s] Level 5:colcon.colcon_core.verb:set package 'traveler_msgs' build argument 'cmake_args' from command line to 'None'
[0.293s] Level 5:colcon.colcon_core.verb:set package 'traveler_msgs' build argument 'cmake_target' from command line to 'None'
[0.293s] Level 5:colcon.colcon_core.verb:set package 'traveler_msgs' build argument 'cmake_target_skip_unavailable' from command line to 'False'
[0.293s] Level 5:colcon.colcon_core.verb:set package 'traveler_msgs' build argument 'cmake_clean_cache' from command line to 'False'
[0.293s] Level 5:colcon.colcon_core.verb:set package 'traveler_msgs' build argument 'cmake_clean_first' from command line to 'False'
[0.293s] Level 5:colcon.colcon_core.verb:set package 'traveler_msgs' build argument 'cmake_force_configure' from command line to 'False'
[0.293s] Level 5:colcon.colcon_core.verb:set package 'traveler_msgs' build argument 'ament_cmake_args' from command line to 'None'
[0.293s] Level 5:colcon.colcon_core.verb:set package 'traveler_msgs' build argument 'catkin_cmake_args' from command line to 'None'
[0.293s] Level 5:colcon.colcon_core.verb:set package 'traveler_msgs' build argument 'catkin_skip_building_tests' from command line to 'False'
[0.293s] DEBUG:colcon.colcon_core.verb:Building package 'traveler_msgs' with the following arguments: {'ament_cmake_args': None, 'build_base': '/home/qianlab/lassie-turtle/dependencies/build/traveler_msgs', 'catkin_cmake_args': None, 'catkin_skip_building_tests': False, 'cmake_args': None, 'cmake_clean_cache': False, 'cmake_clean_first': False, 'cmake_force_configure': False, 'cmake_target': None, 'cmake_target_skip_unavailable': False, 'install_base': '/home/qianlab/lassie-turtle/dependencies/install/traveler_msgs', 'merge_install': False, 'path': '/home/qianlab/lassie-turtle/dependencies/traveler_msgs', 'symlink_install': False, 'test_result_base': None}
[0.294s] Level 5:colcon.colcon_core.verb:set package 'turtle_high_controller' build argument 'cmake_args' from command line to 'None'
[0.294s] Level 5:colcon.colcon_core.verb:set package 'turtle_high_controller' build argument 'cmake_target' from command line to 'None'
[0.294s] Level 5:colcon.colcon_core.verb:set package 'turtle_high_controller' build argument 'cmake_target_skip_unavailable' from command line to 'False'
[0.294s] Level 5:colcon.colcon_core.verb:set package 'turtle_high_controller' build argument 'cmake_clean_cache' from command line to 'False'
[0.294s] Level 5:colcon.colcon_core.verb:set package 'turtle_high_controller' build argument 'cmake_clean_first' from command line to 'False'
[0.294s] Level 5:colcon.colcon_core.verb:set package 'turtle_high_controller' build argument 'cmake_force_configure' from command line to 'False'
[0.294s] Level 5:colcon.colcon_core.verb:set package 'turtle_high_controller' build argument 'ament_cmake_args' from command line to 'None'
[0.294s] Level 5:colcon.colcon_core.verb:set package 'turtle_high_controller' build argument 'catkin_cmake_args' from command line to 'None'
[0.294s] Level 5:colcon.colcon_core.verb:set package 'turtle_high_controller' build argument 'catkin_skip_building_tests' from command line to 'False'
[0.294s] DEBUG:colcon.colcon_core.verb:Building package 'turtle_high_controller' with the following arguments: {'ament_cmake_args': None, 'build_base': '/home/qianlab/lassie-turtle/dependencies/build/turtle_high_controller', 'catkin_cmake_args': None, 'catkin_skip_building_tests': False, 'cmake_args': None, 'cmake_clean_cache': False, 'cmake_clean_first': False, 'cmake_force_configure': False, 'cmake_target': None, 'cmake_target_skip_unavailable': False, 'install_base': '/home/qianlab/lassie-turtle/dependencies/install/turtle_high_controller', 'merge_install': False, 'path': '/home/qianlab/lassie-turtle/dependencies/traveler_controller', 'symlink_install': False, 'test_result_base': None}
[0.294s] INFO:colcon.colcon_core.executor:Executing jobs using 'sequential' executor
[0.296s] DEBUG:colcon.colcon_core.executor.sequential:run_until_complete 'traveler_msgs'
[0.296s] INFO:colcon.colcon_ros.task.ament_cmake.build:Building ROS package in '/home/qianlab/lassie-turtle/dependencies/traveler_msgs' with build type 'ament_cmake'
[0.297s] INFO:colcon.colcon_cmake.task.cmake.build:Building CMake package in '/home/qianlab/lassie-turtle/dependencies/traveler_msgs'
[0.299s] INFO:colcon.colcon_core.plugin_system:Skipping extension 'colcon_core.shell.bat': Not used on non-Windows systems
[0.299s] INFO:colcon.colcon_core.shell:Skip shell extension 'powershell' for command environment: Not usable outside of PowerShell
[0.299s] DEBUG:colcon.colcon_core.shell:Skip shell extension 'dsv' for command environment
[0.308s] DEBUG:colcon.colcon_core.event_handler.log_command:Invoking command in '/home/qianlab/lassie-turtle/dependencies/build/traveler_msgs': CMAKE_PREFIX_PATH=${CMAKE_PREFIX_PATH}:/opt/ros/foxy /usr/local/bin/cmake --build /home/qianlab/lassie-turtle/dependencies/build/traveler_msgs -- -j12 -l12
[0.382s] DEBUG:colcon.colcon_core.event_handler.log_command:Invoked command in '/home/qianlab/lassie-turtle/dependencies/build/traveler_msgs' returned '0': CMAKE_PREFIX_PATH=${CMAKE_PREFIX_PATH}:/opt/ros/foxy /usr/local/bin/cmake --build /home/qianlab/lassie-turtle/dependencies/build/traveler_msgs -- -j12 -l12
[0.442s] DEBUG:colcon.colcon_core.event_handler.log_command:Invoking command in '/home/qianlab/lassie-turtle/dependencies/build/traveler_msgs': CMAKE_PREFIX_PATH=${CMAKE_PREFIX_PATH}:/opt/ros/foxy /usr/local/bin/cmake --install /home/qianlab/lassie-turtle/dependencies/build/traveler_msgs
[0.473s] Level 1:colcon.colcon_core.environment:create_environment_scripts_only(traveler_msgs)
[0.473s] DEBUG:colcon.colcon_core.event_handler.log_command:Invoked command in '/home/qianlab/lassie-turtle/dependencies/build/traveler_msgs' returned '0': CMAKE_PREFIX_PATH=${CMAKE_PREFIX_PATH}:/opt/ros/foxy /usr/local/bin/cmake --install /home/qianlab/lassie-turtle/dependencies/build/traveler_msgs
[0.478s] Level 1:colcon.colcon_core.environment:checking '/home/qianlab/lassie-turtle/dependencies/install/traveler_msgs' for CMake module files
[0.478s] Level 1:colcon.colcon_core.environment:checking '/home/qianlab/lassie-turtle/dependencies/install/traveler_msgs' for CMake config files
[0.479s] Level 1:colcon.colcon_core.shell:create_environment_hook('traveler_msgs', 'cmake_prefix_path')
[0.481s] INFO:colcon.colcon_core.shell:Creating environment hook '/home/qianlab/lassie-turtle/dependencies/install/traveler_msgs/share/traveler_msgs/hook/cmake_prefix_path.ps1'
[0.481s] INFO:colcon.colcon_core.shell:Creating environment descriptor '/home/qianlab/lassie-turtle/dependencies/install/traveler_msgs/share/traveler_msgs/hook/cmake_prefix_path.dsv'
[0.482s] INFO:colcon.colcon_core.shell:Creating environment hook '/home/qianlab/lassie-turtle/dependencies/install/traveler_msgs/share/traveler_msgs/hook/cmake_prefix_path.sh'
[0.482s] Level 1:colcon.colcon_core.environment:checking '/home/qianlab/lassie-turtle/dependencies/install/traveler_msgs/lib'
[0.483s] Level 1:colcon.colcon_core.shell:create_environment_hook('traveler_msgs', 'ld_library_path_lib')
[0.484s] INFO:colcon.colcon_core.shell:Creating environment hook '/home/qianlab/lassie-turtle/dependencies/install/traveler_msgs/share/traveler_msgs/hook/ld_library_path_lib.ps1'
[0.484s] INFO:colcon.colcon_core.shell:Creating environment descriptor '/home/qianlab/lassie-turtle/dependencies/install/traveler_msgs/share/traveler_msgs/hook/ld_library_path_lib.dsv'
[0.484s] INFO:colcon.colcon_core.shell:Creating environment hook '/home/qianlab/lassie-turtle/dependencies/install/traveler_msgs/share/traveler_msgs/hook/ld_library_path_lib.sh'
[0.484s] Level 1:colcon.colcon_core.environment:checking '/home/qianlab/lassie-turtle/dependencies/install/traveler_msgs/bin'
[0.485s] Level 1:colcon.colcon_core.environment:checking '/home/qianlab/lassie-turtle/dependencies/install/traveler_msgs/lib/pkgconfig/traveler_msgs.pc'
[0.485s] Level 1:colcon.colcon_core.environment:checking '/home/qianlab/lassie-turtle/dependencies/install/traveler_msgs/lib/python3.8/site-packages'
[0.485s] Level 1:colcon.colcon_core.shell:create_environment_hook('traveler_msgs', 'pythonpath')
[0.485s] INFO:colcon.colcon_core.shell:Creating environment hook '/home/qianlab/lassie-turtle/dependencies/install/traveler_msgs/share/traveler_msgs/hook/pythonpath.ps1'
[0.486s] INFO:colcon.colcon_core.shell:Creating environment descriptor '/home/qianlab/lassie-turtle/dependencies/install/traveler_msgs/share/traveler_msgs/hook/pythonpath.dsv'
[0.486s] INFO:colcon.colcon_core.shell:Creating environment hook '/home/qianlab/lassie-turtle/dependencies/install/traveler_msgs/share/traveler_msgs/hook/pythonpath.sh'
[0.486s] Level 1:colcon.colcon_core.environment:checking '/home/qianlab/lassie-turtle/dependencies/install/traveler_msgs/bin'
[0.487s] INFO:colcon.colcon_core.shell:Creating package script '/home/qianlab/lassie-turtle/dependencies/install/traveler_msgs/share/traveler_msgs/package.ps1'
[0.488s] INFO:colcon.colcon_core.shell:Creating package descriptor '/home/qianlab/lassie-turtle/dependencies/install/traveler_msgs/share/traveler_msgs/package.dsv'
[0.488s] INFO:colcon.colcon_core.shell:Creating package script '/home/qianlab/lassie-turtle/dependencies/install/traveler_msgs/share/traveler_msgs/package.sh'
[0.488s] INFO:colcon.colcon_core.shell:Creating package script '/home/qianlab/lassie-turtle/dependencies/install/traveler_msgs/share/traveler_msgs/package.bash'
[0.489s] INFO:colcon.colcon_core.shell:Creating package script '/home/qianlab/lassie-turtle/dependencies/install/traveler_msgs/share/traveler_msgs/package.zsh'
[0.489s] Level 1:colcon.colcon_core.environment:create_file_with_runtime_dependencies(/home/qianlab/lassie-turtle/dependencies/install/traveler_msgs/share/colcon-core/packages/traveler_msgs)
[0.544s] Level 1:colcon.colcon_core.environment:create_environment_scripts_only(traveler_msgs)
[0.546s] Level 1:colcon.colcon_core.environment:checking '/home/qianlab/lassie-turtle/dependencies/install/traveler_msgs' for CMake module files
[0.546s] Level 1:colcon.colcon_core.environment:checking '/home/qianlab/lassie-turtle/dependencies/install/traveler_msgs' for CMake config files
[0.546s] Level 1:colcon.colcon_core.shell:create_environment_hook('traveler_msgs', 'cmake_prefix_path')
[0.547s] INFO:colcon.colcon_core.shell:Creating environment hook '/home/qianlab/lassie-turtle/dependencies/install/traveler_msgs/share/traveler_msgs/hook/cmake_prefix_path.ps1'
[0.547s] INFO:colcon.colcon_core.shell:Creating environment descriptor '/home/qianlab/lassie-turtle/dependencies/install/traveler_msgs/share/traveler_msgs/hook/cmake_prefix_path.dsv'
[0.548s] INFO:colcon.colcon_core.shell:Creating environment hook '/home/qianlab/lassie-turtle/dependencies/install/traveler_msgs/share/traveler_msgs/hook/cmake_prefix_path.sh'
[0.549s] Level 1:colcon.colcon_core.environment:checking '/home/qianlab/lassie-turtle/dependencies/install/traveler_msgs/lib'
[0.549s] Level 1:colcon.colcon_core.shell:create_environment_hook('traveler_msgs', 'ld_library_path_lib')
[0.549s] INFO:colcon.colcon_core.shell:Creating environment hook '/home/qianlab/lassie-turtle/dependencies/install/traveler_msgs/share/traveler_msgs/hook/ld_library_path_lib.ps1'
[0.550s] INFO:colcon.colcon_core.shell:Creating environment descriptor '/home/qianlab/lassie-turtle/dependencies/install/traveler_msgs/share/traveler_msgs/hook/ld_library_path_lib.dsv'
[0.550s] INFO:colcon.colcon_core.shell:Creating environment hook '/home/qianlab/lassie-turtle/dependencies/install/traveler_msgs/share/traveler_msgs/hook/ld_library_path_lib.sh'
[0.550s] Level 1:colcon.colcon_core.environment:checking '/home/qianlab/lassie-turtle/dependencies/install/traveler_msgs/bin'
[0.550s] Level 1:colcon.colcon_core.environment:checking '/home/qianlab/lassie-turtle/dependencies/install/traveler_msgs/lib/pkgconfig/traveler_msgs.pc'
[0.550s] Level 1:colcon.colcon_core.environment:checking '/home/qianlab/lassie-turtle/dependencies/install/traveler_msgs/lib/python3.8/site-packages'
[0.550s] Level 1:colcon.colcon_core.shell:create_environment_hook('traveler_msgs', 'pythonpath')
[0.551s] INFO:colcon.colcon_core.shell:Creating environment hook '/home/qianlab/lassie-turtle/dependencies/install/traveler_msgs/share/traveler_msgs/hook/pythonpath.ps1'
[0.551s] INFO:colcon.colcon_core.shell:Creating environment descriptor '/home/qianlab/lassie-turtle/dependencies/install/traveler_msgs/share/traveler_msgs/hook/pythonpath.dsv'
[0.551s] INFO:colcon.colcon_core.shell:Creating environment hook '/home/qianlab/lassie-turtle/dependencies/install/traveler_msgs/share/traveler_msgs/hook/pythonpath.sh'
[0.552s] Level 1:colcon.colcon_core.environment:checking '/home/qianlab/lassie-turtle/dependencies/install/traveler_msgs/bin'
[0.552s] INFO:colcon.colcon_core.shell:Creating package script '/home/qianlab/lassie-turtle/dependencies/install/traveler_msgs/share/traveler_msgs/package.ps1'
[0.553s] INFO:colcon.colcon_core.shell:Creating package descriptor '/home/qianlab/lassie-turtle/dependencies/install/traveler_msgs/share/traveler_msgs/package.dsv'
[0.553s] INFO:colcon.colcon_core.shell:Creating package script '/home/qianlab/lassie-turtle/dependencies/install/traveler_msgs/share/traveler_msgs/package.sh'
[0.553s] INFO:colcon.colcon_core.shell:Creating package script '/home/qianlab/lassie-turtle/dependencies/install/traveler_msgs/share/traveler_msgs/package.bash'
[0.553s] INFO:colcon.colcon_core.shell:Creating package script '/home/qianlab/lassie-turtle/dependencies/install/traveler_msgs/share/traveler_msgs/package.zsh'
[0.554s] Level 1:colcon.colcon_core.environment:create_file_with_runtime_dependencies(/home/qianlab/lassie-turtle/dependencies/install/traveler_msgs/share/colcon-core/packages/traveler_msgs)
[0.554s] DEBUG:colcon.colcon_core.executor.sequential:run_until_complete 'traveler_msgs' finished with '0'
[0.554s] DEBUG:colcon.colcon_core.executor.sequential:run_until_complete 'turtle_high_controller'
[0.554s] INFO:colcon.colcon_ros.task.ament_cmake.build:Building ROS package in '/home/qianlab/lassie-turtle/dependencies/traveler_controller' with build type 'ament_cmake'
[0.554s] INFO:colcon.colcon_cmake.task.cmake.build:Building CMake package in '/home/qianlab/lassie-turtle/dependencies/traveler_controller'
[0.555s] INFO:colcon.colcon_core.shell:Skip shell extension 'powershell' for command environment: Not usable outside of PowerShell
[0.555s] DEBUG:colcon.colcon_core.shell:Skip shell extension 'dsv' for command environment
[0.567s] DEBUG:colcon.colcon_core.event_handler.log_command:Invoking command in '/home/qianlab/lassie-turtle/dependencies/build/turtle_high_controller': AMENT_PREFIX_PATH=/home/qianlab/lassie-turtle/dependencies/install/traveler_msgs:${AMENT_PREFIX_PATH} CMAKE_PREFIX_PATH=/home/qianlab/lassie-turtle/dependencies/install/traveler_msgs:/opt/ros/traveler/traveler_msgs:/home/qianlab/traveler_workspace/install/traveler_high_controller:/home/qianlab/traveler_workspace/install/odrive_pro_srvs_msgs:/home/qianlab/lassie-spirit/lassie-spirit/dependencies/spirit_msgs/install/spirit_msgs:/opt/ros/foxy LD_LIBRARY_PATH=/home/qianlab/lassie-turtle/dependencies/install/traveler_msgs/lib:${LD_LIBRARY_PATH} PYTHONPATH=/home/qianlab/lassie-turtle/dependencies/install/traveler_msgs/lib/python3.8/site-packages:${PYTHONPATH} /usr/local/bin/cmake --build /home/qianlab/lassie-turtle/dependencies/build/turtle_high_controller -- -j12 -l12
[2.883s] DEBUG:colcon.colcon_core.event_handler.log_command:Invoked command in '/home/qianlab/lassie-turtle/dependencies/build/turtle_high_controller' returned '0': AMENT_PREFIX_PATH=/home/qianlab/lassie-turtle/dependencies/install/traveler_msgs:${AMENT_PREFIX_PATH} CMAKE_PREFIX_PATH=/home/qianlab/lassie-turtle/dependencies/install/traveler_msgs:/opt/ros/traveler/traveler_msgs:/home/qianlab/traveler_workspace/install/traveler_high_controller:/home/qianlab/traveler_workspace/install/odrive_pro_srvs_msgs:/home/qianlab/lassie-spirit/lassie-spirit/dependencies/spirit_msgs/install/spirit_msgs:/opt/ros/foxy LD_LIBRARY_PATH=/home/qianlab/lassie-turtle/dependencies/install/traveler_msgs/lib:${LD_LIBRARY_PATH} PYTHONPATH=/home/qianlab/lassie-turtle/dependencies/install/traveler_msgs/lib/python3.8/site-packages:${PYTHONPATH} /usr/local/bin/cmake --build /home/qianlab/lassie-turtle/dependencies/build/turtle_high_controller -- -j12 -l12
[2.904s] DEBUG:colcon.colcon_core.event_handler.log_command:Invoking command in '/home/qianlab/lassie-turtle/dependencies/build/turtle_high_controller': AMENT_PREFIX_PATH=/home/qianlab/lassie-turtle/dependencies/install/traveler_msgs:${AMENT_PREFIX_PATH} CMAKE_PREFIX_PATH=/home/qianlab/lassie-turtle/dependencies/install/traveler_msgs:/opt/ros/traveler/traveler_msgs:/home/qianlab/traveler_workspace/install/traveler_high_controller:/home/qianlab/traveler_workspace/install/odrive_pro_srvs_msgs:/home/qianlab/lassie-spirit/lassie-spirit/dependencies/spirit_msgs/install/spirit_msgs:/opt/ros/foxy LD_LIBRARY_PATH=/home/qianlab/lassie-turtle/dependencies/install/traveler_msgs/lib:${LD_LIBRARY_PATH} PYTHONPATH=/home/qianlab/lassie-turtle/dependencies/install/traveler_msgs/lib/python3.8/site-packages:${PYTHONPATH} /usr/local/bin/cmake --install /home/qianlab/lassie-turtle/dependencies/build/turtle_high_controller
[2.912s] Level 1:colcon.colcon_core.environment:create_environment_scripts_only(turtle_high_controller)
[2.914s] Level 1:colcon.colcon_core.environment:checking '/home/qianlab/lassie-turtle/dependencies/install/turtle_high_controller' for CMake module files
[2.915s] Level 1:colcon.colcon_core.environment:checking '/home/qianlab/lassie-turtle/dependencies/install/turtle_high_controller' for CMake config files
[2.915s] DEBUG:colcon.colcon_core.event_handler.log_command:Invoked command in '/home/qianlab/lassie-turtle/dependencies/build/turtle_high_controller' returned '0': AMENT_PREFIX_PATH=/home/qianlab/lassie-turtle/dependencies/install/traveler_msgs:${AMENT_PREFIX_PATH} CMAKE_PREFIX_PATH=/home/qianlab/lassie-turtle/dependencies/install/traveler_msgs:/opt/ros/traveler/traveler_msgs:/home/qianlab/traveler_workspace/install/traveler_high_controller:/home/qianlab/traveler_workspace/install/odrive_pro_srvs_msgs:/home/qianlab/lassie-spirit/lassie-spirit/dependencies/spirit_msgs/install/spirit_msgs:/opt/ros/foxy LD_LIBRARY_PATH=/home/qianlab/lassie-turtle/dependencies/install/traveler_msgs/lib:${LD_LIBRARY_PATH} PYTHONPATH=/home/qianlab/lassie-turtle/dependencies/install/traveler_msgs/lib/python3.8/site-packages:${PYTHONPATH} /usr/local/bin/cmake --install /home/qianlab/lassie-turtle/dependencies/build/turtle_high_controller
[2.915s] Level 1:colcon.colcon_core.shell:create_environment_hook('turtle_high_controller', 'cmake_prefix_path')
[2.916s] INFO:colcon.colcon_core.shell:Creating environment hook '/home/qianlab/lassie-turtle/dependencies/install/turtle_high_controller/share/turtle_high_controller/hook/cmake_prefix_path.ps1'
[2.916s] INFO:colcon.colcon_core.shell:Creating environment descriptor '/home/qianlab/lassie-turtle/dependencies/install/turtle_high_controller/share/turtle_high_controller/hook/cmake_prefix_path.dsv'
[2.916s] INFO:colcon.colcon_core.shell:Creating environment hook '/home/qianlab/lassie-turtle/dependencies/install/turtle_high_controller/share/turtle_high_controller/hook/cmake_prefix_path.sh'
[2.917s] Level 1:colcon.colcon_core.environment:checking '/home/qianlab/lassie-turtle/dependencies/install/turtle_high_controller/lib'
[2.917s] Level 1:colcon.colcon_core.environment:checking '/home/qianlab/lassie-turtle/dependencies/install/turtle_high_controller/bin'
[2.917s] Level 1:colcon.colcon_core.environment:checking '/home/qianlab/lassie-turtle/dependencies/install/turtle_high_controller/lib/pkgconfig/turtle_high_controller.pc'
[2.917s] Level 1:colcon.colcon_core.environment:checking '/home/qianlab/lassie-turtle/dependencies/install/turtle_high_controller/lib/python3.8/site-packages'
[2.917s] Level 1:colcon.colcon_core.environment:checking '/home/qianlab/lassie-turtle/dependencies/install/turtle_high_controller/bin'
[2.918s] INFO:colcon.colcon_core.shell:Creating package script '/home/qianlab/lassie-turtle/dependencies/install/turtle_high_controller/share/turtle_high_controller/package.ps1'
[2.918s] INFO:colcon.colcon_core.shell:Creating package descriptor '/home/qianlab/lassie-turtle/dependencies/install/turtle_high_controller/share/turtle_high_controller/package.dsv'
[2.919s] INFO:colcon.colcon_core.shell:Creating package script '/home/qianlab/lassie-turtle/dependencies/install/turtle_high_controller/share/turtle_high_controller/package.sh'
[2.919s] INFO:colcon.colcon_core.shell:Creating package script '/home/qianlab/lassie-turtle/dependencies/install/turtle_high_controller/share/turtle_high_controller/package.bash'
[2.919s] INFO:colcon.colcon_core.shell:Creating package script '/home/qianlab/lassie-turtle/dependencies/install/turtle_high_controller/share/turtle_high_controller/package.zsh'
[2.919s] Level 1:colcon.colcon_core.environment:create_file_with_runtime_dependencies(/home/qianlab/lassie-turtle/dependencies/install/turtle_high_controller/share/colcon-core/packages/turtle_high_controller)
[2.942s] Level 1:colcon.colcon_core.environment:create_environment_scripts_only(turtle_high_controller)
[2.944s] Level 1:colcon.colcon_core.environment:checking '/home/qianlab/lassie-turtle/dependencies/install/turtle_high_controller' for CMake module files
[2.945s] Level 1:colcon.colcon_core.environment:checking '/home/qianlab/lassie-turtle/dependencies/install/turtle_high_controller' for CMake config files
[2.945s] Level 1:colcon.colcon_core.shell:create_environment_hook('turtle_high_controller', 'cmake_prefix_path')
[2.946s] INFO:colcon.colcon_core.shell:Creating environment hook '/home/qianlab/lassie-turtle/dependencies/install/turtle_high_controller/share/turtle_high_controller/hook/cmake_prefix_path.ps1'
[2.947s] INFO:colcon.colcon_core.shell:Creating environment descriptor '/home/qianlab/lassie-turtle/dependencies/install/turtle_high_controller/share/turtle_high_controller/hook/cmake_prefix_path.dsv'
[2.947s] INFO:colcon.colcon_core.shell:Creating environment hook '/home/qianlab/lassie-turtle/dependencies/install/turtle_high_controller/share/turtle_high_controller/hook/cmake_prefix_path.sh'
[2.948s] Level 1:colcon.colcon_core.environment:checking '/home/qianlab/lassie-turtle/dependencies/install/turtle_high_controller/lib'
[2.948s] Level 1:colcon.colcon_core.environment:checking '/home/qianlab/lassie-turtle/dependencies/install/turtle_high_controller/bin'
[2.948s] Level 1:colcon.colcon_core.environment:checking '/home/qianlab/lassie-turtle/dependencies/install/turtle_high_controller/lib/pkgconfig/turtle_high_controller.pc'
[2.948s] Level 1:colcon.colcon_core.environment:checking '/home/qianlab/lassie-turtle/dependencies/install/turtle_high_controller/lib/python3.8/site-packages'
[2.948s] Level 1:colcon.colcon_core.environment:checking '/home/qianlab/lassie-turtle/dependencies/install/turtle_high_controller/bin'
[2.949s] INFO:colcon.colcon_core.shell:Creating package script '/home/qianlab/lassie-turtle/dependencies/install/turtle_high_controller/share/turtle_high_controller/package.ps1'
[2.949s] INFO:colcon.colcon_core.shell:Creating package descriptor '/home/qianlab/lassie-turtle/dependencies/install/turtle_high_controller/share/turtle_high_controller/package.dsv'
[2.950s] INFO:colcon.colcon_core.shell:Creating package script '/home/qianlab/lassie-turtle/dependencies/install/turtle_high_controller/share/turtle_high_controller/package.sh'
[2.950s] INFO:colcon.colcon_core.shell:Creating package script '/home/qianlab/lassie-turtle/dependencies/install/turtle_high_controller/share/turtle_high_controller/package.bash'
[2.950s] INFO:colcon.colcon_core.shell:Creating package script '/home/qianlab/lassie-turtle/dependencies/install/turtle_high_controller/share/turtle_high_controller/package.zsh'
[2.950s] Level 1:colcon.colcon_core.environment:create_file_with_runtime_dependencies(/home/qianlab/lassie-turtle/dependencies/install/turtle_high_controller/share/colcon-core/packages/turtle_high_controller)
[2.950s] DEBUG:colcon.colcon_core.executor.sequential:run_until_complete 'turtle_high_controller' finished with '0'
[2.950s] DEBUG:colcon.colcon_core.executor.sequential:closing loop
[2.951s] DEBUG:colcon.colcon_core.executor.sequential:loop closed
[2.951s] DEBUG:colcon.colcon_core.event_reactor:joining thread
[2.957s] INFO:colcon.colcon_core.plugin_system:Skipping extension 'colcon_notification.desktop_notification.terminal_notifier': Not used on non-Darwin systems
[2.957s] INFO:colcon.colcon_core.plugin_system:Skipping extension 'colcon_notification.desktop_notification.win32': Not used on non-Windows systems
[2.957s] INFO:colcon.colcon_notification.desktop_notification:Sending desktop notification using 'notify2'
[2.969s] DEBUG:colcon.colcon_core.event_reactor:joined thread
[2.970s] INFO:colcon.colcon_core.shell:Creating prefix script '/home/qianlab/lassie-turtle/dependencies/install/local_setup.ps1'
[2.971s] INFO:colcon.colcon_core.shell:Creating prefix util module '/home/qianlab/lassie-turtle/dependencies/install/_local_setup_util_ps1.py'
[2.972s] INFO:colcon.colcon_core.shell:Creating prefix chain script '/home/qianlab/lassie-turtle/dependencies/install/setup.ps1'
[2.973s] INFO:colcon.colcon_core.shell:Creating prefix script '/home/qianlab/lassie-turtle/dependencies/install/local_setup.sh'
[2.973s] INFO:colcon.colcon_core.shell:Creating prefix util module '/home/qianlab/lassie-turtle/dependencies/install/_local_setup_util_sh.py'
[2.973s] INFO:colcon.colcon_core.shell:Creating prefix chain script '/home/qianlab/lassie-turtle/dependencies/install/setup.sh'
[2.974s] INFO:colcon.colcon_core.shell:Creating prefix script '/home/qianlab/lassie-turtle/dependencies/install/local_setup.bash'
[2.974s] INFO:colcon.colcon_core.shell:Creating prefix chain script '/home/qianlab/lassie-turtle/dependencies/install/setup.bash'
[2.975s] INFO:colcon.colcon_core.shell:Creating prefix script '/home/qianlab/lassie-turtle/dependencies/install/local_setup.zsh'
[2.975s] INFO:colcon.colcon_core.shell:Creating prefix chain script '/home/qianlab/lassie-turtle/dependencies/install/setup.zsh'
