[0.010s] Invoking command in '/home/qianlab/lassie-turtle/dependencies/build/turtle_high_controller': AMENT_PREFIX_PATH=/home/qianlab/lassie-turtle/dependencies/install/traveler_msgs:${AMENT_PREFIX_PATH} CMAKE_PREFIX_PATH=/home/qianlab/lassie-turtle/dependencies/install/traveler_msgs:/opt/ros/traveler/traveler_msgs:/home/qianlab/traveler_workspace/install/traveler_high_controller:/home/qianlab/traveler_workspace/install/odrive_pro_srvs_msgs:/home/qianlab/lassie-spirit/lassie-spirit/dependencies/spirit_msgs/install/spirit_msgs:/opt/ros/foxy LD_LIBRARY_PATH=/home/qianlab/lassie-turtle/dependencies/install/traveler_msgs/lib:${LD_LIBRARY_PATH} PYTHONPATH=/home/qianlab/lassie-turtle/dependencies/install/traveler_msgs/lib/python3.8/site-packages:${PYTHONPATH} /usr/local/bin/cmake /home/qianlab/lassie-turtle/dependencies/traveler_controller -DCMAKE_INSTALL_PREFIX=/home/qianlab/lassie-turtle/dependencies/install/turtle_high_controller
[0.040s] -- The C compiler identification is GNU 9.4.0
[0.075s] -- The CXX compiler identification is GNU 9.4.0
[0.081s] -- Detecting C compiler ABI info
[0.116s] -- Detecting C compiler ABI info - done
[0.125s] -- Check for working C compiler: /usr/bin/cc - skipped
[0.125s] -- Detecting C compile features
[0.126s] -- Detecting C compile features - done
[0.128s] -- Detecting CXX compiler ABI info
[0.171s] -- Detecting CXX compiler ABI info - done
[0.181s] -- Check for working CXX compiler: /usr/bin/c++ - skipped
[0.181s] -- Detecting CXX compile features
[0.181s] -- Detecting CXX compile features - done
[0.183s] -- Found ament_cmake: 0.9.12 (/opt/ros/foxy/share/ament_cmake/cmake)
[0.198s] -- Found PythonInterp: /usr/bin/python3 (found suitable version "3.8.10", minimum required is "3") 
[0.198s] -- Using PYTHON_EXECUTABLE: /usr/bin/python3
[0.315s] -- Found rclcpp: 2.4.3 (/opt/ros/foxy/share/rclcpp/cmake)
[0.342s] -- Using all available rosidl_typesupport_c: rosidl_typesupport_fastrtps_c;rosidl_typesupport_introspection_c
[0.346s] -- Found rosidl_adapter: 1.3.1 (/opt/ros/foxy/share/rosidl_adapter/cmake)
[0.389s] -- Found OpenSSL: /usr/lib/x86_64-linux-gnu/libcrypto.so (found version "1.1.1f")  
[0.407s] -- Found FastRTPS: /opt/ros/foxy/include  
[0.452s] -- Using all available rosidl_typesupport_cpp: rosidl_typesupport_fastrtps_cpp;rosidl_typesupport_introspection_cpp
[0.483s] -- Found rmw_implementation_cmake: 1.0.4 (/opt/ros/foxy/share/rmw_implementation_cmake/cmake)
[0.483s] -- Using RMW implementation 'rmw_fastrtps_cpp' as default
[0.484s] -- Performing Test CMAKE_HAVE_LIBC_PTHREAD
[0.522s] -- Performing Test CMAKE_HAVE_LIBC_PTHREAD - Failed
[0.523s] -- Looking for pthread_create in pthreads
[0.553s] -- Looking for pthread_create in pthreads - not found
[0.553s] -- Looking for pthread_create in pthread
[0.591s] -- Looking for pthread_create in pthread - found
[0.592s] -- Found Threads: TRUE  
[0.670s] -- Found control_msgs: 2.5.1 (/opt/ros/foxy/share/control_msgs/cmake)
[0.876s] -- Found traveler_msgs: 0.0.0 (/home/qianlab/lassie-turtle/dependencies/install/traveler_msgs/share/traveler_msgs/cmake)
[0.880s] [31mCMake Error at /opt/ros/foxy/share/ament_cmake_target_dependencies/cmake/ament_target_dependencies.cmake:42 (message):
[0.880s]   ament_target_dependencies() the first argument must be a valid target name
[0.880s] Call Stack (most recent call first):
[0.880s]   CMakeLists.txt:50 (ament_target_dependencies)
[0.881s] 
[0.881s] [0m
[0.881s] -- Configuring incomplete, errors occurred!
[0.886s] Invoked command in '/home/qianlab/lassie-turtle/dependencies/build/turtle_high_controller' returned '1': AMENT_PREFIX_PATH=/home/qianlab/lassie-turtle/dependencies/install/traveler_msgs:${AMENT_PREFIX_PATH} CMAKE_PREFIX_PATH=/home/qianlab/lassie-turtle/dependencies/install/traveler_msgs:/opt/ros/traveler/traveler_msgs:/home/qianlab/traveler_workspace/install/traveler_high_controller:/home/qianlab/traveler_workspace/install/odrive_pro_srvs_msgs:/home/qianlab/lassie-spirit/lassie-spirit/dependencies/spirit_msgs/install/spirit_msgs:/opt/ros/foxy LD_LIBRARY_PATH=/home/qianlab/lassie-turtle/dependencies/install/traveler_msgs/lib:${LD_LIBRARY_PATH} PYTHONPATH=/home/qianlab/lassie-turtle/dependencies/install/traveler_msgs/lib/python3.8/site-packages:${PYTHONPATH} /usr/local/bin/cmake /home/qianlab/lassie-turtle/dependencies/traveler_controller -DCMAKE_INSTALL_PREFIX=/home/qianlab/lassie-turtle/dependencies/install/turtle_high_controller
