[0.013s] Invoking command in '/home/qianlab/lassie-turtle/dependencies/build/traveler_msgs': CMAKE_PREFIX_PATH=${CMAKE_PREFIX_PATH}:/opt/ros/foxy /usr/local/bin/cmake /home/qianlab/lassie-turtle/dependencies/traveler_msgs -DCMAKE_INSTALL_PREFIX=/home/qianlab/lassie-turtle/dependencies/install/traveler_msgs
[0.063s] -- The C compiler identification is GNU 9.4.0
[0.103s] -- The CXX compiler identification is GNU 9.4.0
[0.114s] -- Detecting C compiler ABI info
[0.151s] -- Detecting C compiler ABI info - done
[0.156s] -- Check for working C compiler: /usr/bin/cc - skipped
[0.156s] -- Detecting C compile features
[0.157s] -- Detecting C compile features - done
[0.159s] -- Detecting CXX compiler ABI info
[0.198s] -- Detecting CXX compiler ABI info - done
[0.204s] -- Check for working CXX compiler: /usr/bin/c++ - skipped
[0.205s] -- Detecting CXX compile features
[0.205s] -- Detecting CXX compile features - done
[0.210s] -- Found ament_cmake: 0.9.12 (/opt/ros/foxy/share/ament_cmake/cmake)
[0.228s] -- Found PythonInterp: /usr/bin/python3 (found suitable version "3.8.10", minimum required is "3") 
[0.229s] -- Using PYTHON_EXECUTABLE: /usr/bin/python3
[0.355s] -- Found rclcpp: 2.4.3 (/opt/ros/foxy/share/rclcpp/cmake)
[0.391s] -- Using all available rosidl_typesupport_c: rosidl_typesupport_fastrtps_c;rosidl_typesupport_introspection_c
[0.396s] -- Found rosidl_adapter: 1.3.1 (/opt/ros/foxy/share/rosidl_adapter/cmake)
[0.452s] -- Found OpenSSL: /usr/lib/x86_64-linux-gnu/libcrypto.so (found version "1.1.1f")  
[0.470s] -- Found FastRTPS: /opt/ros/foxy/include  
[0.520s] -- Using all available rosidl_typesupport_cpp: rosidl_typesupport_fastrtps_cpp;rosidl_typesupport_introspection_cpp
[0.556s] -- Found rmw_implementation_cmake: 1.0.4 (/opt/ros/foxy/share/rmw_implementation_cmake/cmake)
[0.558s] -- Using RMW implementation 'rmw_fastrtps_cpp' as default
[0.559s] -- Performing Test CMAKE_HAVE_LIBC_PTHREAD
[0.599s] -- Performing Test CMAKE_HAVE_LIBC_PTHREAD - Failed
[0.599s] -- Looking for pthread_create in pthreads
[0.631s] -- Looking for pthread_create in pthreads - not found
[0.631s] -- Looking for pthread_create in pthread
[0.672s] -- Looking for pthread_create in pthread - found
[0.673s] -- Found Threads: TRUE  
[0.760s] -- Found rosidl_default_generators: 1.0.1 (/opt/ros/foxy/share/rosidl_default_generators/cmake)
[0.782s] -- Found PythonInterp: /usr/bin/python3 (found version "3.8.10") 
[0.866s] -- Found ament_cmake_ros: 0.9.2 (/opt/ros/foxy/share/ament_cmake_ros/cmake)
[0.931s] -- Using all available rosidl_typesupport_c: rosidl_typesupport_fastrtps_c;rosidl_typesupport_introspection_c
[0.936s] -- Using all available rosidl_typesupport_cpp: rosidl_typesupport_fastrtps_cpp;rosidl_typesupport_introspection_cpp
[0.951s] -- Found PythonInterp: /usr/bin/python3 (found suitable version "3.8.10", minimum required is "3.5") 
[0.952s] -- Found python_cmake_module: 0.8.1 (/opt/ros/foxy/share/python_cmake_module/cmake)
[0.970s] -- Found PythonLibs: /usr/lib/x86_64-linux-gnu/libpython3.8.so (found suitable version "3.8.10", minimum required is "3.5") 
[0.970s] -- Using PYTHON_EXECUTABLE: /usr/bin/python3
[0.970s] -- Using PYTHON_INCLUDE_DIRS: /usr/include/python3.8
[0.970s] -- Using PYTHON_LIBRARIES: /usr/lib/x86_64-linux-gnu/libpython3.8.so
[0.983s] -- Found PythonExtra: .so  
[1.007s] -- Found ament_lint_auto: 0.9.8 (/opt/ros/foxy/share/ament_lint_auto/cmake)
[1.026s] -- Added test 'lint_cmake' to check CMake code style
[1.027s] -- Added test 'xmllint' to check XML markup files
[1.029s] -- Configuring done (1.0s)
[1.051s] -- Generating done (0.0s)
[1.053s] -- Build files have been written to: /home/qianlab/lassie-turtle/dependencies/build/traveler_msgs
[1.062s] Invoked command in '/home/qianlab/lassie-turtle/dependencies/build/traveler_msgs' returned '0': CMAKE_PREFIX_PATH=${CMAKE_PREFIX_PATH}:/opt/ros/foxy /usr/local/bin/cmake /home/qianlab/lassie-turtle/dependencies/traveler_msgs -DCMAKE_INSTALL_PREFIX=/home/qianlab/lassie-turtle/dependencies/install/traveler_msgs
[1.063s] Invoking command in '/home/qianlab/lassie-turtle/dependencies/build/traveler_msgs': CMAKE_PREFIX_PATH=${CMAKE_PREFIX_PATH}:/opt/ros/foxy /usr/local/bin/cmake --build /home/qianlab/lassie-turtle/dependencies/build/traveler_msgs -- -j12 -l12
[1.076s] [  1%] [34m[1mGenerating C code for ROS interfaces[0m
[1.079s] [  3%] [34m[1mGenerating C++ code for ROS interfaces[0m
[1.328s] [  3%] Built target traveler_msgs__cpp
[1.332s] [  4%] [34m[1mGenerating C++ type support dispatch for ROS interfaces[0m
[1.332s] [  6%] [34m[1mGenerating C++ type support for eProsima Fast-RTPS[0m
[1.333s] [  7%] [34m[1mGenerating C++ introspection for ROS interfaces[0m
[1.346s] [  9%] [32mBuilding C object CMakeFiles/traveler_msgs__rosidl_generator_c.dir/rosidl_generator_c/traveler_msgs/msg/detail/traveler_config__functions.c.o[0m
[1.347s] [ 14%] [32mBuilding C object CMakeFiles/traveler_msgs__rosidl_generator_c.dir/rosidl_generator_c/traveler_msgs/msg/detail/traveler_mode__functions.c.o[0m
[1.347s] [ 14%] [32mBuilding C object CMakeFiles/traveler_msgs__rosidl_generator_c.dir/rosidl_generator_c/traveler_msgs/msg/detail/odrive_status__functions.c.o[0m
[1.347s] [ 14%] [32mBuilding C object CMakeFiles/traveler_msgs__rosidl_generator_c.dir/rosidl_generator_c/traveler_msgs/msg/detail/traveler_status__functions.c.o[0m
[1.348s] [ 15%] [32mBuilding C object CMakeFiles/traveler_msgs__rosidl_generator_c.dir/rosidl_generator_c/traveler_msgs/msg/detail/set_input_position__functions.c.o[0m
[1.386s] [ 17%] [32m[1mLinking C shared library libtraveler_msgs__rosidl_generator_c.so[0m
[1.402s] [ 17%] Built target traveler_msgs__rosidl_generator_c
[1.406s] [ 19%] [34m[1mGenerating C introspection for ROS interfaces[0m
[1.406s] [ 20%] [34m[1mGenerating C type support dispatch for ROS interfaces[0m
[1.526s] [ 23%] [32mBuilding CXX object CMakeFiles/traveler_msgs__rosidl_typesupport_cpp.dir/rosidl_typesupport_cpp/traveler_msgs/msg/traveler_mode__type_support.cpp.o[0m
[1.527s] [ 23%] [32mBuilding CXX object CMakeFiles/traveler_msgs__rosidl_typesupport_cpp.dir/rosidl_typesupport_cpp/traveler_msgs/msg/traveler_config__type_support.cpp.o[0m
[1.527s] [ 28%] [32mBuilding CXX object CMakeFiles/traveler_msgs__rosidl_typesupport_cpp.dir/rosidl_typesupport_cpp/traveler_msgs/msg/odrive_status__type_support.cpp.o[0m
[1.528s] [ 28%] [32mBuilding CXX object CMakeFiles/traveler_msgs__rosidl_typesupport_cpp.dir/rosidl_typesupport_cpp/traveler_msgs/msg/traveler_status__type_support.cpp.o[0m
[1.528s] [ 28%] [32mBuilding CXX object CMakeFiles/traveler_msgs__rosidl_typesupport_cpp.dir/rosidl_typesupport_cpp/traveler_msgs/msg/set_input_position__type_support.cpp.o[0m
[1.688s] [ 34%] [32mBuilding CXX object CMakeFiles/traveler_msgs__rosidl_typesupport_introspection_cpp.dir/rosidl_typesupport_introspection_cpp/traveler_msgs/msg/detail/traveler_status__type_support.cpp.o[0m
[1.688s] [ 34%] [32mBuilding CXX object CMakeFiles/traveler_msgs__rosidl_typesupport_introspection_cpp.dir/rosidl_typesupport_introspection_cpp/traveler_msgs/msg/detail/odrive_status__type_support.cpp.o[0m
[1.688s] [ 34%] [32mBuilding CXX object CMakeFiles/traveler_msgs__rosidl_typesupport_introspection_cpp.dir/rosidl_typesupport_introspection_cpp/traveler_msgs/msg/detail/traveler_mode__type_support.cpp.o[0m
[1.688s] [ 34%] [32mBuilding CXX object CMakeFiles/traveler_msgs__rosidl_typesupport_introspection_cpp.dir/rosidl_typesupport_introspection_cpp/traveler_msgs/msg/detail/traveler_config__type_support.cpp.o[0m
[1.720s] [ 36%] [32mBuilding CXX object CMakeFiles/traveler_msgs__rosidl_typesupport_introspection_cpp.dir/rosidl_typesupport_introspection_cpp/traveler_msgs/msg/detail/set_input_position__type_support.cpp.o[0m
[1.723s] [ 38%] [32mBuilding C object CMakeFiles/traveler_msgs__rosidl_typesupport_introspection_c.dir/rosidl_typesupport_introspection_c/traveler_msgs/msg/detail/traveler_config__type_support.c.o[0m
[1.741s] [ 39%] [32mBuilding C object CMakeFiles/traveler_msgs__rosidl_typesupport_introspection_c.dir/rosidl_typesupport_introspection_c/traveler_msgs/msg/detail/traveler_mode__type_support.c.o[0m
[1.752s] [ 41%] [32mBuilding C object CMakeFiles/traveler_msgs__rosidl_typesupport_introspection_c.dir/rosidl_typesupport_introspection_c/traveler_msgs/msg/detail/traveler_status__type_support.c.o[0m
[1.766s] [ 42%] [32mBuilding CXX object CMakeFiles/traveler_msgs__rosidl_typesupport_c.dir/rosidl_typesupport_c/traveler_msgs/msg/traveler_config__type_support.cpp.o[0m
[1.767s] [ 44%] [32mBuilding C object CMakeFiles/traveler_msgs__rosidl_typesupport_introspection_c.dir/rosidl_typesupport_introspection_c/traveler_msgs/msg/detail/odrive_status__type_support.c.o[0m
[1.771s] [ 46%] [32mBuilding CXX object CMakeFiles/traveler_msgs__rosidl_typesupport_fastrtps_cpp.dir/rosidl_typesupport_fastrtps_cpp/traveler_msgs/msg/detail/dds_fastrtps/traveler_config__type_support.cpp.o[0m
[1.794s] [ 47%] [32mBuilding C object CMakeFiles/traveler_msgs__rosidl_typesupport_introspection_c.dir/rosidl_typesupport_introspection_c/traveler_msgs/msg/detail/set_input_position__type_support.c.o[0m
[1.797s] [ 49%] [32mBuilding CXX object CMakeFiles/traveler_msgs__rosidl_typesupport_fastrtps_cpp.dir/rosidl_typesupport_fastrtps_cpp/traveler_msgs/msg/detail/dds_fastrtps/traveler_mode__type_support.cpp.o[0m
[1.801s] [ 52%] [32mBuilding CXX object CMakeFiles/traveler_msgs__rosidl_typesupport_fastrtps_cpp.dir/rosidl_typesupport_fastrtps_cpp/traveler_msgs/msg/detail/dds_fastrtps/traveler_status__type_support.cpp.o[0m
[1.801s] [ 52%] [32mBuilding CXX object CMakeFiles/traveler_msgs__rosidl_typesupport_c.dir/rosidl_typesupport_c/traveler_msgs/msg/traveler_mode__type_support.cpp.o[0m
[1.817s] [ 53%] [32m[1mLinking C shared library libtraveler_msgs__rosidl_typesupport_introspection_c.so[0m
[1.824s] [ 55%] [32mBuilding CXX object CMakeFiles/traveler_msgs__rosidl_typesupport_fastrtps_cpp.dir/rosidl_typesupport_fastrtps_cpp/traveler_msgs/msg/detail/dds_fastrtps/odrive_status__type_support.cpp.o[0m
[1.829s] [ 58%] [32m[1mLinking CXX shared library libtraveler_msgs__rosidl_typesupport_cpp.so[0m
[1.830s] [ 58%] [32mBuilding CXX object CMakeFiles/traveler_msgs__rosidl_typesupport_c.dir/rosidl_typesupport_c/traveler_msgs/msg/traveler_status__type_support.cpp.o[0m
[1.840s] [ 58%] Built target traveler_msgs__rosidl_typesupport_introspection_c
[1.862s] [ 60%] [32mBuilding CXX object CMakeFiles/traveler_msgs__rosidl_typesupport_c.dir/rosidl_typesupport_c/traveler_msgs/msg/odrive_status__type_support.cpp.o[0m
[1.864s] [ 60%] Built target traveler_msgs__rosidl_typesupport_cpp
[1.868s] [ 61%] [32mBuilding CXX object CMakeFiles/traveler_msgs__rosidl_typesupport_fastrtps_cpp.dir/rosidl_typesupport_fastrtps_cpp/traveler_msgs/msg/detail/dds_fastrtps/set_input_position__type_support.cpp.o[0m
[1.880s] [ 63%] [32mBuilding CXX object CMakeFiles/traveler_msgs__rosidl_typesupport_c.dir/rosidl_typesupport_c/traveler_msgs/msg/set_input_position__type_support.cpp.o[0m
[1.913s] [ 65%] [32m[1mLinking CXX shared library libtraveler_msgs__rosidl_typesupport_c.so[0m
[1.944s] [ 65%] Built target traveler_msgs__rosidl_typesupport_c
[1.993s] [ 66%] [32m[1mLinking CXX shared library libtraveler_msgs__rosidl_typesupport_introspection_cpp.so[0m
[2.033s] [ 66%] Built target traveler_msgs__rosidl_typesupport_introspection_cpp
[2.213s] [ 68%] [32m[1mLinking CXX shared library libtraveler_msgs__rosidl_typesupport_fastrtps_cpp.so[0m
[2.261s] [ 68%] Built target traveler_msgs__rosidl_typesupport_fastrtps_cpp
[2.264s] [ 69%] [34m[1mGenerating C type support for eProsima Fast-RTPS[0m
[2.469s] [ 71%] [32mBuilding CXX object CMakeFiles/traveler_msgs__rosidl_typesupport_fastrtps_c.dir/rosidl_typesupport_fastrtps_c/traveler_msgs/msg/detail/traveler_config__type_support_c.cpp.o[0m
[2.469s] [ 73%] [32mBuilding CXX object CMakeFiles/traveler_msgs__rosidl_typesupport_fastrtps_c.dir/rosidl_typesupport_fastrtps_c/traveler_msgs/msg/detail/traveler_mode__type_support_c.cpp.o[0m
[2.470s] [ 74%] [32mBuilding CXX object CMakeFiles/traveler_msgs__rosidl_typesupport_fastrtps_c.dir/rosidl_typesupport_fastrtps_c/traveler_msgs/msg/detail/traveler_status__type_support_c.cpp.o[0m
[2.471s] [ 76%] [32mBuilding CXX object CMakeFiles/traveler_msgs__rosidl_typesupport_fastrtps_c.dir/rosidl_typesupport_fastrtps_c/traveler_msgs/msg/detail/odrive_status__type_support_c.cpp.o[0m
[2.471s] [ 77%] [32mBuilding CXX object CMakeFiles/traveler_msgs__rosidl_typesupport_fastrtps_c.dir/rosidl_typesupport_fastrtps_c/traveler_msgs/msg/detail/set_input_position__type_support_c.cpp.o[0m
[2.779s] [ 79%] [32m[1mLinking CXX shared library libtraveler_msgs__rosidl_typesupport_fastrtps_c.so[0m
[2.822s] [ 79%] Built target traveler_msgs__rosidl_typesupport_fastrtps_c
[2.829s] [ 79%] Built target traveler_msgs
[2.836s] [ 80%] [34m[1mGenerating Python code for ROS interfaces[0m
[3.299s] [ 80%] Built target traveler_msgs__py
[3.305s] [ 82%] [32mBuilding C object CMakeFiles/traveler_msgs__python.dir/rosidl_generator_py/traveler_msgs/msg/_traveler_config_s.c.o[0m
[3.306s] [ 84%] [32mBuilding C object CMakeFiles/traveler_msgs__python.dir/rosidl_generator_py/traveler_msgs/msg/_traveler_mode_s.c.o[0m
[3.306s] [ 85%] [32mBuilding C object CMakeFiles/traveler_msgs__python.dir/rosidl_generator_py/traveler_msgs/msg/_traveler_status_s.c.o[0m
[3.307s] [ 87%] [32mBuilding C object CMakeFiles/traveler_msgs__python.dir/rosidl_generator_py/traveler_msgs/msg/_odrive_status_s.c.o[0m
[3.307s] [ 88%] [32mBuilding C object CMakeFiles/traveler_msgs__python.dir/rosidl_generator_py/traveler_msgs/msg/_set_input_position_s.c.o[0m
[3.384s] [ 90%] [32m[1mLinking C shared library rosidl_generator_py/traveler_msgs/libtraveler_msgs__python.so[0m
[3.402s] [ 90%] Built target traveler_msgs__python
[3.408s] [ 92%] [32mBuilding C object CMakeFiles/traveler_msgs__rosidl_typesupport_fastrtps_c__pyext.dir/rosidl_generator_py/traveler_msgs/_traveler_msgs_s.ep.rosidl_typesupport_fastrtps_c.c.o[0m
[3.409s] [ 93%] [32mBuilding C object CMakeFiles/traveler_msgs__rosidl_typesupport_introspection_c__pyext.dir/rosidl_generator_py/traveler_msgs/_traveler_msgs_s.ep.rosidl_typesupport_introspection_c.c.o[0m
[3.411s] [ 95%] [32mBuilding C object CMakeFiles/traveler_msgs__rosidl_typesupport_c__pyext.dir/rosidl_generator_py/traveler_msgs/_traveler_msgs_s.ep.rosidl_typesupport_c.c.o[0m
[3.461s] [ 98%] [32m[1mLinking CXX shared library rosidl_generator_py/traveler_msgs/traveler_msgs_s__rosidl_typesupport_fastrtps_c.cpython-38-x86_64-linux-gnu.so[0m
[3.461s] [ 98%] [32m[1mLinking C shared library rosidl_generator_py/traveler_msgs/traveler_msgs_s__rosidl_typesupport_introspection_c.cpython-38-x86_64-linux-gnu.so[0m
[3.475s] [ 98%] Built target traveler_msgs__rosidl_typesupport_introspection_c__pyext
[3.488s] [100%] [32m[1mLinking C shared library rosidl_generator_py/traveler_msgs/traveler_msgs_s__rosidl_typesupport_c.cpython-38-x86_64-linux-gnu.so[0m
[3.491s] [100%] Built target traveler_msgs__rosidl_typesupport_fastrtps_c__pyext
[3.502s] [100%] Built target traveler_msgs__rosidl_typesupport_c__pyext
[3.506s] Invoked command in '/home/qianlab/lassie-turtle/dependencies/build/traveler_msgs' returned '0': CMAKE_PREFIX_PATH=${CMAKE_PREFIX_PATH}:/opt/ros/foxy /usr/local/bin/cmake --build /home/qianlab/lassie-turtle/dependencies/build/traveler_msgs -- -j12 -l12
[3.564s] Invoking command in '/home/qianlab/lassie-turtle/dependencies/build/traveler_msgs': CMAKE_PREFIX_PATH=${CMAKE_PREFIX_PATH}:/opt/ros/foxy /usr/local/bin/cmake --install /home/qianlab/lassie-turtle/dependencies/build/traveler_msgs
[3.566s] -- Install configuration: ""
[3.566s] -- Installing: /home/qianlab/lassie-turtle/dependencies/install/traveler_msgs/share/ament_index/resource_index/rosidl_interfaces/traveler_msgs
[3.566s] -- Installing: /home/qianlab/lassie-turtle/dependencies/install/traveler_msgs/include/traveler_msgs
[3.567s] -- Installing: /home/qianlab/lassie-turtle/dependencies/install/traveler_msgs/include/traveler_msgs/msg
[3.567s] -- Installing: /home/qianlab/lassie-turtle/dependencies/install/traveler_msgs/include/traveler_msgs/msg/odrive_status.h
[3.567s] -- Installing: /home/qianlab/lassie-turtle/dependencies/install/traveler_msgs/include/traveler_msgs/msg/traveler_config.h
[3.567s] -- Installing: /home/qianlab/lassie-turtle/dependencies/install/traveler_msgs/include/traveler_msgs/msg/detail
[3.567s] -- Installing: /home/qianlab/lassie-turtle/dependencies/install/traveler_msgs/include/traveler_msgs/msg/detail/set_input_position__functions.c
[3.567s] -- Installing: /home/qianlab/lassie-turtle/dependencies/install/traveler_msgs/include/traveler_msgs/msg/detail/set_input_position__struct.h
[3.567s] -- Installing: /home/qianlab/lassie-turtle/dependencies/install/traveler_msgs/include/traveler_msgs/msg/detail/traveler_mode__type_support.h
[3.567s] -- Installing: /home/qianlab/lassie-turtle/dependencies/install/traveler_msgs/include/traveler_msgs/msg/detail/traveler_status__struct.h
[3.567s] -- Installing: /home/qianlab/lassie-turtle/dependencies/install/traveler_msgs/include/traveler_msgs/msg/detail/set_input_position__functions.h
[3.567s] -- Installing: /home/qianlab/lassie-turtle/dependencies/install/traveler_msgs/include/traveler_msgs/msg/detail/traveler_config__functions.h
[3.567s] -- Installing: /home/qianlab/lassie-turtle/dependencies/install/traveler_msgs/include/traveler_msgs/msg/detail/odrive_status__struct.h
[3.568s] -- Installing: /home/qianlab/lassie-turtle/dependencies/install/traveler_msgs/include/traveler_msgs/msg/detail/traveler_status__type_support.h
[3.568s] -- Installing: /home/qianlab/lassie-turtle/dependencies/install/traveler_msgs/include/traveler_msgs/msg/detail/traveler_config__functions.c
[3.568s] -- Installing: /home/qianlab/lassie-turtle/dependencies/install/traveler_msgs/include/traveler_msgs/msg/detail/traveler_mode__functions.h
[3.568s] -- Installing: /home/qianlab/lassie-turtle/dependencies/install/traveler_msgs/include/traveler_msgs/msg/detail/odrive_status__type_support.h
[3.568s] -- Installing: /home/qianlab/lassie-turtle/dependencies/install/traveler_msgs/include/traveler_msgs/msg/detail/traveler_config__type_support.h
[3.568s] -- Installing: /home/qianlab/lassie-turtle/dependencies/install/traveler_msgs/include/traveler_msgs/msg/detail/set_input_position__type_support.h
[3.568s] -- Installing: /home/qianlab/lassie-turtle/dependencies/install/traveler_msgs/include/traveler_msgs/msg/detail/traveler_status__functions.c
[3.568s] -- Installing: /home/qianlab/lassie-turtle/dependencies/install/traveler_msgs/include/traveler_msgs/msg/detail/traveler_status__functions.h
[3.568s] -- Installing: /home/qianlab/lassie-turtle/dependencies/install/traveler_msgs/include/traveler_msgs/msg/detail/odrive_status__functions.h
[3.568s] -- Installing: /home/qianlab/lassie-turtle/dependencies/install/traveler_msgs/include/traveler_msgs/msg/detail/odrive_status__functions.c
[3.568s] -- Installing: /home/qianlab/lassie-turtle/dependencies/install/traveler_msgs/include/traveler_msgs/msg/detail/traveler_mode__struct.h
[3.568s] -- Installing: /home/qianlab/lassie-turtle/dependencies/install/traveler_msgs/include/traveler_msgs/msg/detail/traveler_config__struct.h
[3.568s] -- Installing: /home/qianlab/lassie-turtle/dependencies/install/traveler_msgs/include/traveler_msgs/msg/detail/traveler_mode__functions.c
[3.569s] -- Installing: /home/qianlab/lassie-turtle/dependencies/install/traveler_msgs/include/traveler_msgs/msg/set_input_position.h
[3.569s] -- Installing: /home/qianlab/lassie-turtle/dependencies/install/traveler_msgs/include/traveler_msgs/msg/traveler_mode.h
[3.569s] -- Installing: /home/qianlab/lassie-turtle/dependencies/install/traveler_msgs/include/traveler_msgs/msg/traveler_status.h
[3.569s] -- Installing: /home/qianlab/lassie-turtle/dependencies/install/traveler_msgs/include/traveler_msgs/msg/rosidl_generator_c__visibility_control.h
[3.569s] -- Installing: /home/qianlab/lassie-turtle/dependencies/install/traveler_msgs/share/traveler_msgs/environment/library_path.sh
[3.569s] -- Installing: /home/qianlab/lassie-turtle/dependencies/install/traveler_msgs/share/traveler_msgs/environment/library_path.dsv
[3.569s] -- Installing: /home/qianlab/lassie-turtle/dependencies/install/traveler_msgs/lib/libtraveler_msgs__rosidl_generator_c.so
[3.569s] -- Set runtime path of "/home/qianlab/lassie-turtle/dependencies/install/traveler_msgs/lib/libtraveler_msgs__rosidl_generator_c.so" to ""
[3.569s] -- Up-to-date: /home/qianlab/lassie-turtle/dependencies/install/traveler_msgs/include/traveler_msgs
[3.569s] -- Up-to-date: /home/qianlab/lassie-turtle/dependencies/install/traveler_msgs/include/traveler_msgs/msg
[3.569s] -- Up-to-date: /home/qianlab/lassie-turtle/dependencies/install/traveler_msgs/include/traveler_msgs/msg/detail
[3.569s] -- Installing: /home/qianlab/lassie-turtle/dependencies/install/traveler_msgs/include/traveler_msgs/msg/detail/traveler_status__rosidl_typesupport_fastrtps_c.h
[3.569s] -- Installing: /home/qianlab/lassie-turtle/dependencies/install/traveler_msgs/include/traveler_msgs/msg/detail/traveler_config__rosidl_typesupport_fastrtps_c.h
[3.569s] -- Installing: /home/qianlab/lassie-turtle/dependencies/install/traveler_msgs/include/traveler_msgs/msg/detail/odrive_status__rosidl_typesupport_fastrtps_c.h
[3.570s] -- Installing: /home/qianlab/lassie-turtle/dependencies/install/traveler_msgs/include/traveler_msgs/msg/detail/set_input_position__rosidl_typesupport_fastrtps_c.h
[3.570s] -- Installing: /home/qianlab/lassie-turtle/dependencies/install/traveler_msgs/include/traveler_msgs/msg/detail/traveler_mode__rosidl_typesupport_fastrtps_c.h
[3.570s] -- Installing: /home/qianlab/lassie-turtle/dependencies/install/traveler_msgs/include/traveler_msgs/msg/rosidl_typesupport_fastrtps_c__visibility_control.h
[3.570s] -- Installing: /home/qianlab/lassie-turtle/dependencies/install/traveler_msgs/lib/libtraveler_msgs__rosidl_typesupport_fastrtps_c.so
[3.570s] -- Set runtime path of "/home/qianlab/lassie-turtle/dependencies/install/traveler_msgs/lib/libtraveler_msgs__rosidl_typesupport_fastrtps_c.so" to ""
[3.570s] -- Up-to-date: /home/qianlab/lassie-turtle/dependencies/install/traveler_msgs/include/traveler_msgs
[3.570s] -- Up-to-date: /home/qianlab/lassie-turtle/dependencies/install/traveler_msgs/include/traveler_msgs/msg
[3.570s] -- Up-to-date: /home/qianlab/lassie-turtle/dependencies/install/traveler_msgs/include/traveler_msgs/msg/detail
[3.570s] -- Installing: /home/qianlab/lassie-turtle/dependencies/install/traveler_msgs/include/traveler_msgs/msg/detail/traveler_mode__rosidl_typesupport_fastrtps_cpp.hpp
[3.570s] -- Installing: /home/qianlab/lassie-turtle/dependencies/install/traveler_msgs/include/traveler_msgs/msg/detail/traveler_config__rosidl_typesupport_fastrtps_cpp.hpp
[3.570s] -- Installing: /home/qianlab/lassie-turtle/dependencies/install/traveler_msgs/include/traveler_msgs/msg/detail/set_input_position__rosidl_typesupport_fastrtps_cpp.hpp
[3.570s] -- Installing: /home/qianlab/lassie-turtle/dependencies/install/traveler_msgs/include/traveler_msgs/msg/detail/odrive_status__rosidl_typesupport_fastrtps_cpp.hpp
[3.570s] -- Installing: /home/qianlab/lassie-turtle/dependencies/install/traveler_msgs/include/traveler_msgs/msg/detail/traveler_status__rosidl_typesupport_fastrtps_cpp.hpp
[3.571s] -- Installing: /home/qianlab/lassie-turtle/dependencies/install/traveler_msgs/include/traveler_msgs/msg/detail/dds_fastrtps
[3.571s] -- Installing: /home/qianlab/lassie-turtle/dependencies/install/traveler_msgs/include/traveler_msgs/msg/rosidl_typesupport_fastrtps_cpp__visibility_control.h
[3.571s] -- Installing: /home/qianlab/lassie-turtle/dependencies/install/traveler_msgs/lib/libtraveler_msgs__rosidl_typesupport_fastrtps_cpp.so
[3.571s] -- Set runtime path of "/home/qianlab/lassie-turtle/dependencies/install/traveler_msgs/lib/libtraveler_msgs__rosidl_typesupport_fastrtps_cpp.so" to ""
[3.571s] -- Up-to-date: /home/qianlab/lassie-turtle/dependencies/install/traveler_msgs/include/traveler_msgs
[3.571s] -- Up-to-date: /home/qianlab/lassie-turtle/dependencies/install/traveler_msgs/include/traveler_msgs/msg
[3.571s] -- Installing: /home/qianlab/lassie-turtle/dependencies/install/traveler_msgs/include/traveler_msgs/msg/rosidl_typesupport_introspection_c__visibility_control.h
[3.571s] -- Up-to-date: /home/qianlab/lassie-turtle/dependencies/install/traveler_msgs/include/traveler_msgs/msg/detail
[3.571s] -- Installing: /home/qianlab/lassie-turtle/dependencies/install/traveler_msgs/include/traveler_msgs/msg/detail/odrive_status__rosidl_typesupport_introspection_c.h
[3.571s] -- Installing: /home/qianlab/lassie-turtle/dependencies/install/traveler_msgs/include/traveler_msgs/msg/detail/traveler_config__rosidl_typesupport_introspection_c.h
[3.571s] -- Installing: /home/qianlab/lassie-turtle/dependencies/install/traveler_msgs/include/traveler_msgs/msg/detail/traveler_mode__rosidl_typesupport_introspection_c.h
[3.571s] -- Installing: /home/qianlab/lassie-turtle/dependencies/install/traveler_msgs/include/traveler_msgs/msg/detail/traveler_status__rosidl_typesupport_introspection_c.h
[3.571s] -- Installing: /home/qianlab/lassie-turtle/dependencies/install/traveler_msgs/include/traveler_msgs/msg/detail/traveler_config__type_support.c
[3.571s] -- Installing: /home/qianlab/lassie-turtle/dependencies/install/traveler_msgs/include/traveler_msgs/msg/detail/set_input_position__rosidl_typesupport_introspection_c.h
[3.572s] -- Installing: /home/qianlab/lassie-turtle/dependencies/install/traveler_msgs/include/traveler_msgs/msg/detail/traveler_mode__type_support.c
[3.572s] -- Installing: /home/qianlab/lassie-turtle/dependencies/install/traveler_msgs/include/traveler_msgs/msg/detail/odrive_status__type_support.c
[3.572s] -- Installing: /home/qianlab/lassie-turtle/dependencies/install/traveler_msgs/include/traveler_msgs/msg/detail/traveler_status__type_support.c
[3.572s] -- Installing: /home/qianlab/lassie-turtle/dependencies/install/traveler_msgs/include/traveler_msgs/msg/detail/set_input_position__type_support.c
[3.572s] -- Installing: /home/qianlab/lassie-turtle/dependencies/install/traveler_msgs/lib/libtraveler_msgs__rosidl_typesupport_introspection_c.so
[3.572s] -- Set runtime path of "/home/qianlab/lassie-turtle/dependencies/install/traveler_msgs/lib/libtraveler_msgs__rosidl_typesupport_introspection_c.so" to ""
[3.572s] -- Installing: /home/qianlab/lassie-turtle/dependencies/install/traveler_msgs/lib/libtraveler_msgs__rosidl_typesupport_c.so
[3.572s] -- Set runtime path of "/home/qianlab/lassie-turtle/dependencies/install/traveler_msgs/lib/libtraveler_msgs__rosidl_typesupport_c.so" to ""
[3.572s] -- Up-to-date: /home/qianlab/lassie-turtle/dependencies/install/traveler_msgs/include/traveler_msgs
[3.572s] -- Up-to-date: /home/qianlab/lassie-turtle/dependencies/install/traveler_msgs/include/traveler_msgs/msg
[3.572s] -- Installing: /home/qianlab/lassie-turtle/dependencies/install/traveler_msgs/include/traveler_msgs/msg/set_input_position.hpp
[3.572s] -- Installing: /home/qianlab/lassie-turtle/dependencies/install/traveler_msgs/include/traveler_msgs/msg/traveler_mode.hpp
[3.572s] -- Up-to-date: /home/qianlab/lassie-turtle/dependencies/install/traveler_msgs/include/traveler_msgs/msg/detail
[3.572s] -- Installing: /home/qianlab/lassie-turtle/dependencies/install/traveler_msgs/include/traveler_msgs/msg/detail/odrive_status__traits.hpp
[3.572s] -- Installing: /home/qianlab/lassie-turtle/dependencies/install/traveler_msgs/include/traveler_msgs/msg/detail/odrive_status__builder.hpp
[3.572s] -- Installing: /home/qianlab/lassie-turtle/dependencies/install/traveler_msgs/include/traveler_msgs/msg/detail/traveler_mode__traits.hpp
[3.573s] -- Installing: /home/qianlab/lassie-turtle/dependencies/install/traveler_msgs/include/traveler_msgs/msg/detail/traveler_mode__struct.hpp
[3.573s] -- Installing: /home/qianlab/lassie-turtle/dependencies/install/traveler_msgs/include/traveler_msgs/msg/detail/traveler_config__builder.hpp
[3.573s] -- Installing: /home/qianlab/lassie-turtle/dependencies/install/traveler_msgs/include/traveler_msgs/msg/detail/traveler_mode__builder.hpp
[3.573s] -- Installing: /home/qianlab/lassie-turtle/dependencies/install/traveler_msgs/include/traveler_msgs/msg/detail/set_input_position__struct.hpp
[3.573s] -- Installing: /home/qianlab/lassie-turtle/dependencies/install/traveler_msgs/include/traveler_msgs/msg/detail/set_input_position__traits.hpp
[3.573s] -- Installing: /home/qianlab/lassie-turtle/dependencies/install/traveler_msgs/include/traveler_msgs/msg/detail/traveler_config__traits.hpp
[3.573s] -- Installing: /home/qianlab/lassie-turtle/dependencies/install/traveler_msgs/include/traveler_msgs/msg/detail/traveler_config__type_support.hpp
[3.573s] -- Installing: /home/qianlab/lassie-turtle/dependencies/install/traveler_msgs/include/traveler_msgs/msg/detail/odrive_status__struct.hpp
[3.573s] -- Installing: /home/qianlab/lassie-turtle/dependencies/install/traveler_msgs/include/traveler_msgs/msg/detail/set_input_position__builder.hpp
[3.573s] -- Installing: /home/qianlab/lassie-turtle/dependencies/install/traveler_msgs/include/traveler_msgs/msg/detail/traveler_status__type_support.hpp
[3.573s] -- Installing: /home/qianlab/lassie-turtle/dependencies/install/traveler_msgs/include/traveler_msgs/msg/detail/set_input_position__type_support.hpp
[3.573s] -- Installing: /home/qianlab/lassie-turtle/dependencies/install/traveler_msgs/include/traveler_msgs/msg/detail/traveler_status__builder.hpp
[3.573s] -- Installing: /home/qianlab/lassie-turtle/dependencies/install/traveler_msgs/include/traveler_msgs/msg/detail/traveler_mode__type_support.hpp
[3.573s] -- Installing: /home/qianlab/lassie-turtle/dependencies/install/traveler_msgs/include/traveler_msgs/msg/detail/traveler_status__struct.hpp
[3.573s] -- Installing: /home/qianlab/lassie-turtle/dependencies/install/traveler_msgs/include/traveler_msgs/msg/detail/traveler_config__struct.hpp
[3.574s] -- Installing: /home/qianlab/lassie-turtle/dependencies/install/traveler_msgs/include/traveler_msgs/msg/detail/traveler_status__traits.hpp
[3.574s] -- Installing: /home/qianlab/lassie-turtle/dependencies/install/traveler_msgs/include/traveler_msgs/msg/detail/odrive_status__type_support.hpp
[3.574s] -- Installing: /home/qianlab/lassie-turtle/dependencies/install/traveler_msgs/include/traveler_msgs/msg/traveler_config.hpp
[3.574s] -- Installing: /home/qianlab/lassie-turtle/dependencies/install/traveler_msgs/include/traveler_msgs/msg/odrive_status.hpp
[3.574s] -- Installing: /home/qianlab/lassie-turtle/dependencies/install/traveler_msgs/include/traveler_msgs/msg/traveler_status.hpp
[3.574s] -- Installing: /home/qianlab/lassie-turtle/dependencies/install/traveler_msgs/include/traveler_msgs/msg/rosidl_generator_cpp__visibility_control.hpp
[3.574s] -- Up-to-date: /home/qianlab/lassie-turtle/dependencies/install/traveler_msgs/include/traveler_msgs
[3.574s] -- Up-to-date: /home/qianlab/lassie-turtle/dependencies/install/traveler_msgs/include/traveler_msgs/msg
[3.574s] -- Up-to-date: /home/qianlab/lassie-turtle/dependencies/install/traveler_msgs/include/traveler_msgs/msg/detail
[3.574s] -- Installing: /home/qianlab/lassie-turtle/dependencies/install/traveler_msgs/include/traveler_msgs/msg/detail/traveler_mode__type_support.cpp
[3.574s] -- Installing: /home/qianlab/lassie-turtle/dependencies/install/traveler_msgs/include/traveler_msgs/msg/detail/odrive_status__type_support.cpp
[3.574s] -- Installing: /home/qianlab/lassie-turtle/dependencies/install/traveler_msgs/include/traveler_msgs/msg/detail/traveler_config__type_support.cpp
[3.574s] -- Installing: /home/qianlab/lassie-turtle/dependencies/install/traveler_msgs/include/traveler_msgs/msg/detail/set_input_position__rosidl_typesupport_introspection_cpp.hpp
[3.574s] -- Installing: /home/qianlab/lassie-turtle/dependencies/install/traveler_msgs/include/traveler_msgs/msg/detail/traveler_mode__rosidl_typesupport_introspection_cpp.hpp
[3.574s] -- Installing: /home/qianlab/lassie-turtle/dependencies/install/traveler_msgs/include/traveler_msgs/msg/detail/traveler_config__rosidl_typesupport_introspection_cpp.hpp
[3.574s] -- Installing: /home/qianlab/lassie-turtle/dependencies/install/traveler_msgs/include/traveler_msgs/msg/detail/traveler_status__type_support.cpp
[3.574s] -- Installing: /home/qianlab/lassie-turtle/dependencies/install/traveler_msgs/include/traveler_msgs/msg/detail/odrive_status__rosidl_typesupport_introspection_cpp.hpp
[3.575s] -- Installing: /home/qianlab/lassie-turtle/dependencies/install/traveler_msgs/include/traveler_msgs/msg/detail/set_input_position__type_support.cpp
[3.575s] -- Installing: /home/qianlab/lassie-turtle/dependencies/install/traveler_msgs/include/traveler_msgs/msg/detail/traveler_status__rosidl_typesupport_introspection_cpp.hpp
[3.575s] -- Installing: /home/qianlab/lassie-turtle/dependencies/install/traveler_msgs/lib/libtraveler_msgs__rosidl_typesupport_introspection_cpp.so
[3.575s] -- Set runtime path of "/home/qianlab/lassie-turtle/dependencies/install/traveler_msgs/lib/libtraveler_msgs__rosidl_typesupport_introspection_cpp.so" to ""
[3.575s] -- Installing: /home/qianlab/lassie-turtle/dependencies/install/traveler_msgs/lib/libtraveler_msgs__rosidl_typesupport_cpp.so
[3.575s] -- Set runtime path of "/home/qianlab/lassie-turtle/dependencies/install/traveler_msgs/lib/libtraveler_msgs__rosidl_typesupport_cpp.so" to ""
[3.575s] -- Installing: /home/qianlab/lassie-turtle/dependencies/install/traveler_msgs/share/traveler_msgs/environment/pythonpath.sh
[3.575s] -- Installing: /home/qianlab/lassie-turtle/dependencies/install/traveler_msgs/share/traveler_msgs/environment/pythonpath.dsv
[3.575s] -- Installing: /home/qianlab/lassie-turtle/dependencies/install/traveler_msgs/lib/python3.8/site-packages/traveler_msgs/__init__.py
[3.590s] Compiling '/home/qianlab/lassie-turtle/dependencies/install/traveler_msgs/lib/python3.8/site-packages/traveler_msgs/__init__.py'...
[3.592s] -- Installing: /home/qianlab/lassie-turtle/dependencies/install/traveler_msgs/lib/python3.8/site-packages/traveler_msgs/msg
[3.592s] -- Installing: /home/qianlab/lassie-turtle/dependencies/install/traveler_msgs/lib/python3.8/site-packages/traveler_msgs/msg/_traveler_config.py
[3.593s] -- Installing: /home/qianlab/lassie-turtle/dependencies/install/traveler_msgs/lib/python3.8/site-packages/traveler_msgs/msg/_traveler_config_s.c
[3.593s] -- Installing: /home/qianlab/lassie-turtle/dependencies/install/traveler_msgs/lib/python3.8/site-packages/traveler_msgs/msg/_odrive_status_s.c
[3.593s] -- Installing: /home/qianlab/lassie-turtle/dependencies/install/traveler_msgs/lib/python3.8/site-packages/traveler_msgs/msg/_set_input_position.py
[3.593s] -- Installing: /home/qianlab/lassie-turtle/dependencies/install/traveler_msgs/lib/python3.8/site-packages/traveler_msgs/msg/_traveler_mode_s.c
[3.593s] -- Installing: /home/qianlab/lassie-turtle/dependencies/install/traveler_msgs/lib/python3.8/site-packages/traveler_msgs/msg/_traveler_mode.py
[3.593s] -- Installing: /home/qianlab/lassie-turtle/dependencies/install/traveler_msgs/lib/python3.8/site-packages/traveler_msgs/msg/__init__.py
[3.593s] -- Installing: /home/qianlab/lassie-turtle/dependencies/install/traveler_msgs/lib/python3.8/site-packages/traveler_msgs/msg/_odrive_status.py
[3.593s] -- Installing: /home/qianlab/lassie-turtle/dependencies/install/traveler_msgs/lib/python3.8/site-packages/traveler_msgs/msg/_set_input_position_s.c
[3.593s] -- Installing: /home/qianlab/lassie-turtle/dependencies/install/traveler_msgs/lib/python3.8/site-packages/traveler_msgs/msg/_traveler_status_s.c
[3.593s] -- Installing: /home/qianlab/lassie-turtle/dependencies/install/traveler_msgs/lib/python3.8/site-packages/traveler_msgs/msg/_traveler_status.py
[3.593s] -- Installing: /home/qianlab/lassie-turtle/dependencies/install/traveler_msgs/lib/python3.8/site-packages/traveler_msgs/traveler_msgs_s__rosidl_typesupport_fastrtps_c.cpython-38-x86_64-linux-gnu.so
[3.594s] -- Set runtime path of "/home/qianlab/lassie-turtle/dependencies/install/traveler_msgs/lib/python3.8/site-packages/traveler_msgs/traveler_msgs_s__rosidl_typesupport_fastrtps_c.cpython-38-x86_64-linux-gnu.so" to ""
[3.594s] -- Installing: /home/qianlab/lassie-turtle/dependencies/install/traveler_msgs/lib/python3.8/site-packages/traveler_msgs/traveler_msgs_s__rosidl_typesupport_introspection_c.cpython-38-x86_64-linux-gnu.so
[3.594s] -- Set runtime path of "/home/qianlab/lassie-turtle/dependencies/install/traveler_msgs/lib/python3.8/site-packages/traveler_msgs/traveler_msgs_s__rosidl_typesupport_introspection_c.cpython-38-x86_64-linux-gnu.so" to ""
[3.594s] -- Installing: /home/qianlab/lassie-turtle/dependencies/install/traveler_msgs/lib/python3.8/site-packages/traveler_msgs/traveler_msgs_s__rosidl_typesupport_c.cpython-38-x86_64-linux-gnu.so
[3.594s] -- Set runtime path of "/home/qianlab/lassie-turtle/dependencies/install/traveler_msgs/lib/python3.8/site-packages/traveler_msgs/traveler_msgs_s__rosidl_typesupport_c.cpython-38-x86_64-linux-gnu.so" to ""
[3.594s] -- Installing: /home/qianlab/lassie-turtle/dependencies/install/traveler_msgs/lib/libtraveler_msgs__python.so
[3.594s] -- Set runtime path of "/home/qianlab/lassie-turtle/dependencies/install/traveler_msgs/lib/libtraveler_msgs__python.so" to ""
[3.594s] -- Installing: /home/qianlab/lassie-turtle/dependencies/install/traveler_msgs/share/traveler_msgs/msg/TravelerConfig.idl
[3.594s] -- Installing: /home/qianlab/lassie-turtle/dependencies/install/traveler_msgs/share/traveler_msgs/msg/TravelerMode.idl
[3.594s] -- Installing: /home/qianlab/lassie-turtle/dependencies/install/traveler_msgs/share/traveler_msgs/msg/TravelerStatus.idl
[3.594s] -- Installing: /home/qianlab/lassie-turtle/dependencies/install/traveler_msgs/share/traveler_msgs/msg/OdriveStatus.idl
[3.594s] -- Installing: /home/qianlab/lassie-turtle/dependencies/install/traveler_msgs/share/traveler_msgs/msg/SetInputPosition.idl
[3.595s] -- Installing: /home/qianlab/lassie-turtle/dependencies/install/traveler_msgs/share/traveler_msgs/msg/TravelerConfig.msg
[3.595s] -- Installing: /home/qianlab/lassie-turtle/dependencies/install/traveler_msgs/share/traveler_msgs/msg/TravelerMode.msg
[3.595s] -- Installing: /home/qianlab/lassie-turtle/dependencies/install/traveler_msgs/share/traveler_msgs/msg/TravelerStatus.msg
[3.595s] -- Installing: /home/qianlab/lassie-turtle/dependencies/install/traveler_msgs/share/traveler_msgs/odrivemsg/OdriveStatus.msg
[3.595s] -- Installing: /home/qianlab/lassie-turtle/dependencies/install/traveler_msgs/share/traveler_msgs/odrivemsg/SetInputPosition.msg
[3.595s] -- Installing: /home/qianlab/lassie-turtle/dependencies/install/traveler_msgs/share/ament_index/resource_index/package_run_dependencies/traveler_msgs
[3.595s] -- Installing: /home/qianlab/lassie-turtle/dependencies/install/traveler_msgs/share/ament_index/resource_index/parent_prefix_path/traveler_msgs
[3.595s] -- Installing: /home/qianlab/lassie-turtle/dependencies/install/traveler_msgs/share/traveler_msgs/environment/ament_prefix_path.sh
[3.595s] -- Installing: /home/qianlab/lassie-turtle/dependencies/install/traveler_msgs/share/traveler_msgs/environment/ament_prefix_path.dsv
[3.595s] -- Installing: /home/qianlab/lassie-turtle/dependencies/install/traveler_msgs/share/traveler_msgs/environment/path.sh
[3.595s] -- Installing: /home/qianlab/lassie-turtle/dependencies/install/traveler_msgs/share/traveler_msgs/environment/path.dsv
[3.595s] -- Installing: /home/qianlab/lassie-turtle/dependencies/install/traveler_msgs/share/traveler_msgs/local_setup.bash
[3.595s] -- Installing: /home/qianlab/lassie-turtle/dependencies/install/traveler_msgs/share/traveler_msgs/local_setup.sh
[3.595s] -- Installing: /home/qianlab/lassie-turtle/dependencies/install/traveler_msgs/share/traveler_msgs/local_setup.zsh
[3.596s] -- Installing: /home/qianlab/lassie-turtle/dependencies/install/traveler_msgs/share/traveler_msgs/local_setup.dsv
[3.596s] -- Installing: /home/qianlab/lassie-turtle/dependencies/install/traveler_msgs/share/traveler_msgs/package.dsv
[3.596s] -- Installing: /home/qianlab/lassie-turtle/dependencies/install/traveler_msgs/share/ament_index/resource_index/packages/traveler_msgs
[3.596s] -- Installing: /home/qianlab/lassie-turtle/dependencies/install/traveler_msgs/share/traveler_msgs/cmake/traveler_msgs__rosidl_generator_cExport.cmake
[3.596s] -- Installing: /home/qianlab/lassie-turtle/dependencies/install/traveler_msgs/share/traveler_msgs/cmake/traveler_msgs__rosidl_generator_cExport-noconfig.cmake
[3.596s] -- Installing: /home/qianlab/lassie-turtle/dependencies/install/traveler_msgs/share/traveler_msgs/cmake/traveler_msgs__rosidl_typesupport_introspection_cExport.cmake
[3.596s] -- Installing: /home/qianlab/lassie-turtle/dependencies/install/traveler_msgs/share/traveler_msgs/cmake/traveler_msgs__rosidl_typesupport_introspection_cExport-noconfig.cmake
[3.596s] -- Installing: /home/qianlab/lassie-turtle/dependencies/install/traveler_msgs/share/traveler_msgs/cmake/traveler_msgs__rosidl_typesupport_cExport.cmake
[3.596s] -- Installing: /home/qianlab/lassie-turtle/dependencies/install/traveler_msgs/share/traveler_msgs/cmake/traveler_msgs__rosidl_typesupport_cExport-noconfig.cmake
[3.597s] -- Installing: /home/qianlab/lassie-turtle/dependencies/install/traveler_msgs/share/traveler_msgs/cmake/traveler_msgs__rosidl_generator_cppExport.cmake
[3.597s] -- Installing: /home/qianlab/lassie-turtle/dependencies/install/traveler_msgs/share/traveler_msgs/cmake/traveler_msgs__rosidl_typesupport_introspection_cppExport.cmake
[3.597s] -- Installing: /home/qianlab/lassie-turtle/dependencies/install/traveler_msgs/share/traveler_msgs/cmake/traveler_msgs__rosidl_typesupport_introspection_cppExport-noconfig.cmake
[3.597s] -- Installing: /home/qianlab/lassie-turtle/dependencies/install/traveler_msgs/share/traveler_msgs/cmake/traveler_msgs__rosidl_typesupport_cppExport.cmake
[3.597s] -- Installing: /home/qianlab/lassie-turtle/dependencies/install/traveler_msgs/share/traveler_msgs/cmake/traveler_msgs__rosidl_typesupport_cppExport-noconfig.cmake
[3.597s] -- Installing: /home/qianlab/lassie-turtle/dependencies/install/traveler_msgs/share/traveler_msgs/cmake/rosidl_cmake-extras.cmake
[3.597s] -- Installing: /home/qianlab/lassie-turtle/dependencies/install/traveler_msgs/share/traveler_msgs/cmake/ament_cmake_export_dependencies-extras.cmake
[3.597s] -- Installing: /home/qianlab/lassie-turtle/dependencies/install/traveler_msgs/share/traveler_msgs/cmake/ament_cmake_export_libraries-extras.cmake
[3.597s] -- Installing: /home/qianlab/lassie-turtle/dependencies/install/traveler_msgs/share/traveler_msgs/cmake/ament_cmake_export_targets-extras.cmake
[3.597s] -- Installing: /home/qianlab/lassie-turtle/dependencies/install/traveler_msgs/share/traveler_msgs/cmake/ament_cmake_export_include_directories-extras.cmake
[3.597s] -- Installing: /home/qianlab/lassie-turtle/dependencies/install/traveler_msgs/share/traveler_msgs/cmake/rosidl_cmake_export_typesupport_libraries-extras.cmake
[3.597s] -- Installing: /home/qianlab/lassie-turtle/dependencies/install/traveler_msgs/share/traveler_msgs/cmake/rosidl_cmake_export_typesupport_targets-extras.cmake
[3.598s] -- Installing: /home/qianlab/lassie-turtle/dependencies/install/traveler_msgs/share/traveler_msgs/cmake/traveler_msgsConfig.cmake
[3.598s] -- Installing: /home/qianlab/lassie-turtle/dependencies/install/traveler_msgs/share/traveler_msgs/cmake/traveler_msgsConfig-version.cmake
[3.598s] -- Installing: /home/qianlab/lassie-turtle/dependencies/install/traveler_msgs/share/traveler_msgs/package.xml
[3.598s] Invoked command in '/home/qianlab/lassie-turtle/dependencies/build/traveler_msgs' returned '0': CMAKE_PREFIX_PATH=${CMAKE_PREFIX_PATH}:/opt/ros/foxy /usr/local/bin/cmake --install /home/qianlab/lassie-turtle/dependencies/build/traveler_msgs
