[0.009s] Invoking command in '/home/qianlab/lassie-turtle/dependencies/build/turtle_high_controller': AMENT_PREFIX_PATH=/home/qianlab/lassie-turtle/dependencies/install/traveler_msgs:${AMENT_PREFIX_PATH} CMAKE_PREFIX_PATH=/home/qianlab/lassie-turtle/dependencies/install/traveler_msgs:/opt/ros/traveler/traveler_msgs:/home/qianlab/traveler_workspace/install/traveler_high_controller:/home/qianlab/traveler_workspace/install/odrive_pro_srvs_msgs:/home/qianlab/lassie-spirit/lassie-spirit/dependencies/spirit_msgs/install/spirit_msgs:/opt/ros/foxy LD_LIBRARY_PATH=/home/qianlab/lassie-turtle/dependencies/install/traveler_msgs/lib:${LD_LIBRARY_PATH} PYTHONPATH=/home/qianlab/lassie-turtle/dependencies/install/traveler_msgs/lib/python3.8/site-packages:${PYTHONPATH} /usr/local/bin/cmake --build /home/qianlab/lassie-turtle/dependencies/build/turtle_high_controller -- -j12 -l12
[0.033s] [ 35%] Built target odrive_can_interface
[0.037s] [ 42%] [32mBuilding CXX object CMakeFiles/turtle_high_controller.dir/src/main.cpp.o[0m
[0.037s] [ 50%] [32mBuilding CXX object CMakeFiles/turtle_high_controller.dir/src/controller/controller_monitor.cpp.o[0m
[0.039s] [ 64%] [32mBuilding CXX object CMakeFiles/turtle_high_controller.dir/src/controller/pid_speed_controller.cpp.o[0m
[0.039s] [ 64%] [32mBuilding CXX object CMakeFiles/turtle_high_controller.dir/src/controller/Inverse_kinematics.cpp.o[0m
[0.039s] [ 71%] [32mBuilding CXX object CMakeFiles/turtle_high_controller.dir/src/proxy/lowerproxy.cpp.o[0m
[0.040s] [ 78%] [32mBuilding CXX object CMakeFiles/turtle_high_controller.dir/src/proxy/upperproxy.cpp.o[0m
[0.041s] [ 85%] [32mBuilding CXX object CMakeFiles/turtle_high_controller.dir/src/can_driver/can_driver.cpp.o[0m
[0.220s] In file included from [01m[K/home/qianlab/lassie-turtle/dependencies/traveler_controller/include/controller/inverse_kinematics.h:8[m[K,
[0.220s]                  from [01m[K/home/qianlab/lassie-turtle/dependencies/traveler_controller/src/controller/Inverse_kinematics.cpp:1[m[K:
[0.220s] [01m[K/home/qianlab/lassie-turtle/dependencies/traveler_controller/include/proxy/control_data.h:33:5:[m[K [01;31m[Kerror: [m[K‘[01m[Ktraveler_msgs[m[K’ does not name a type
[0.220s]    33 |     [01;31m[Ktraveler_msgs[m[K::msg::OdriveStatus left_adduction;
[0.220s]       |     [01;31m[K^~~~~~~~~~~~~[m[K
[0.220s] In file included from [01m[K/home/qianlab/lassie-turtle/dependencies/traveler_controller/include/can_driver/can_driver.hpp:4[m[K,
[0.220s]                  from [01m[K/home/qianlab/lassie-turtle/dependencies/traveler_controller/src/can_driver/can_driver.cpp:1[m[K:
[0.220s] [01m[K/home/qianlab/lassie-turtle/dependencies/traveler_controller/include/proxy/control_data.h:33:5:[m[K [01;31m[Kerror: [m[K‘[01m[Ktraveler_msgs[m[K’ does not name a type
[0.220s]    33 |     [01;31m[Ktraveler_msgs[m[K::msg::OdriveStatus left_adduction;
[0.220s]       |     [01;31m[K^~~~~~~~~~~~~[m[K
[0.221s] [01m[K/home/qianlab/lassie-turtle/dependencies/traveler_controller/include/proxy/control_data.h:34:5:[m[K [01;31m[Kerror: [m[K‘[01m[Ktraveler_msgs[m[K’ does not name a type
[0.221s]    34 |     [01;31m[Ktraveler_msgs[m[K::msg::OdriveStatus left_sweeping;
[0.221s]       |     [01;31m[K^~~~~~~~~~~~~[m[K
[0.221s] [01m[K/home/qianlab/lassie-turtle/dependencies/traveler_controller/include/proxy/control_data.h:34:5:[m[K [01;31m[Kerror: [m[K‘[01m[Ktraveler_msgs[m[K’ does not name a type
[0.221s]    34 |     [01;31m[Ktraveler_msgs[m[K::msg::OdriveStatus left_sweeping;
[0.221s]       |     [01;31m[K^~~~~~~~~~~~~[m[K
[0.221s] [01m[K/home/qianlab/lassie-turtle/dependencies/traveler_controller/include/proxy/control_data.h:35:5:[m[K [01;31m[Kerror: [m[K‘[01m[Ktraveler_msgs[m[K’ does not name a type
[0.221s]    35 |     [01;31m[Ktraveler_msgs[m[K::msg::OdriveStatus right_adduction;
[0.221s]       |     [01;31m[K^~~~~~~~~~~~~[m[K
[0.222s] [01m[K/home/qianlab/lassie-turtle/dependencies/traveler_controller/include/proxy/control_data.h:35:5:[m[K [01;31m[Kerror: [m[K‘[01m[Ktraveler_msgs[m[K’ does not name a type
[0.222s]    35 |     [01;31m[Ktraveler_msgs[m[K::msg::OdriveStatus right_adduction;
[0.222s]       |     [01;31m[K^~~~~~~~~~~~~[m[K
[0.222s] [01m[K/home/qianlab/lassie-turtle/dependencies/traveler_controller/include/proxy/control_data.h:36:5:[m[K [01;31m[Kerror: [m[K‘[01m[Ktraveler_msgs[m[K’ does not name a type
[0.222s]    36 |     [01;31m[Ktraveler_msgs[m[K::msg::OdriveStatus right_sweeping;
[0.222s]       |     [01;31m[K^~~~~~~~~~~~~[m[K
[0.223s] [01m[K/home/qianlab/lassie-turtle/dependencies/traveler_controller/include/proxy/control_data.h:43:5:[m[K [01;31m[Kerror: [m[K‘[01m[Ktraveler_msgs[m[K’ does not name a type
[0.223s]    43 |     [01;31m[Ktraveler_msgs[m[K::msg::SetInputPosition set_input_position;
[0.223s]       |     [01;31m[K^~~~~~~~~~~~~[m[K
[0.223s] [01m[K/home/qianlab/lassie-turtle/dependencies/traveler_controller/include/proxy/control_data.h:36:5:[m[K [01;31m[Kerror: [m[K‘[01m[Ktraveler_msgs[m[K’ does not name a type
[0.223s]    36 |     [01;31m[Ktraveler_msgs[m[K::msg::OdriveStatus right_sweeping;
[0.223s]       |     [01;31m[K^~~~~~~~~~~~~[m[K
[0.224s] [01m[K/home/qianlab/lassie-turtle/dependencies/traveler_controller/src/controller/Inverse_kinematics.cpp:[m[K In function ‘[01m[Kvoid checkleft(float&, float&, float&)[m[K’:
[0.224s] [01m[K/home/qianlab/lassie-turtle/dependencies/traveler_controller/src/controller/Inverse_kinematics.cpp:51:11:[m[K [01;35m[Kwarning: [m[Kunused variable ‘[01m[KL[m[K’ [[01;35m[K-Wunused-variable[m[K]
[0.224s]    51 |     float [01;35m[KL[m[K = 0.14;
[0.224s]       |           [01;35m[K^[m[K
[0.224s] [01m[K/home/qianlab/lassie-turtle/dependencies/traveler_controller/src/controller/Inverse_kinematics.cpp:49:38:[m[K [01;35m[Kwarning: [m[Kunused parameter ‘[01m[Kbeta1[m[K’ [[01;35m[K-Wunused-parameter[m[K]
[0.224s]    49 | void checkleft(float &gamma1, [01;35m[Kfloat &beta1[m[K, float &theta1)
[0.224s]       |                               [01;35m[K~~~~~~~^~~~~[m[K
[0.224s] [01m[K/home/qianlab/lassie-turtle/dependencies/traveler_controller/src/controller/Inverse_kinematics.cpp:[m[K In function ‘[01m[Kvoid checkright(float&, float&, float&)[m[K’:
[0.224s] [01m[K/home/qianlab/lassie-turtle/dependencies/traveler_controller/src/controller/Inverse_kinematics.cpp:96:11:[m[K [01;35m[Kwarning: [m[Kunused variable ‘[01m[KL[m[K’ [[01;35m[K-Wunused-variable[m[K]
[0.224s]    96 |     float [01;35m[KL[m[K = 0.14;
[0.224s]       |           [01;35m[K^[m[K
[0.225s] [01m[K/home/qianlab/lassie-turtle/dependencies/traveler_controller/src/controller/Inverse_kinematics.cpp:94:39:[m[K [01;35m[Kwarning: [m[Kunused parameter ‘[01m[Kbeta2[m[K’ [[01;35m[K-Wunused-parameter[m[K]
[0.225s]    94 | void checkright(float &gamma2, [01;35m[Kfloat &beta2[m[K, float &theta2)
[0.225s]       |                                [01;35m[K~~~~~~~^~~~~[m[K
[0.225s] [01m[K/home/qianlab/lassie-turtle/dependencies/traveler_controller/include/proxy/control_data.h:43:5:[m[K [01;31m[Kerror: [m[K‘[01m[Ktraveler_msgs[m[K’ does not name a type
[0.225s]    43 |     [01;31m[Ktraveler_msgs[m[K::msg::SetInputPosition set_input_position;
[0.225s]       |     [01;31m[K^~~~~~~~~~~~~[m[K
[0.229s] In file included from [01m[K/home/qianlab/lassie-turtle/dependencies/traveler_controller/include/controller/basecontroller.h:10[m[K,
[0.229s]                  from [01m[K/home/qianlab/lassie-turtle/dependencies/traveler_controller/include/controller/controller_monitor.h:13[m[K,
[0.229s]                  from [01m[K/home/qianlab/lassie-turtle/dependencies/traveler_controller/include/main.h:12[m[K,
[0.229s]                  from [01m[K/home/qianlab/lassie-turtle/dependencies/traveler_controller/src/main.cpp:8[m[K:
[0.229s] [01m[K/home/qianlab/lassie-turtle/dependencies/traveler_controller/include/proxy/control_data.h:33:5:[m[K [01;31m[Kerror: [m[K‘[01m[Ktraveler_msgs[m[K’ does not name a type
[0.229s]    33 |     [01;31m[Ktraveler_msgs[m[K::msg::OdriveStatus left_adduction;
[0.229s]       |     [01;31m[K^~~~~~~~~~~~~[m[K
[0.230s] [01m[K/home/qianlab/lassie-turtle/dependencies/traveler_controller/include/proxy/control_data.h:34:5:[m[K [01;31m[Kerror: [m[K‘[01m[Ktraveler_msgs[m[K’ does not name a type
[0.230s]    34 |     [01;31m[Ktraveler_msgs[m[K::msg::OdriveStatus left_sweeping;
[0.230s]       |     [01;31m[K^~~~~~~~~~~~~[m[K
[0.231s] [01m[K/home/qianlab/lassie-turtle/dependencies/traveler_controller/include/proxy/control_data.h:35:5:[m[K [01;31m[Kerror: [m[K‘[01m[Ktraveler_msgs[m[K’ does not name a type
[0.231s]    35 |     [01;31m[Ktraveler_msgs[m[K::msg::OdriveStatus right_adduction;
[0.231s]       |     [01;31m[K^~~~~~~~~~~~~[m[K
[0.231s] [01m[K/home/qianlab/lassie-turtle/dependencies/traveler_controller/src/controller/Inverse_kinematics.cpp:[m[K In function ‘[01m[Kvoid rhex_walking(float, float&, float&, float, float)[m[K’:
[0.231s] [01m[K/home/qianlab/lassie-turtle/dependencies/traveler_controller/src/controller/Inverse_kinematics.cpp:883:25:[m[K [01;35m[Kwarning: [m[Kunused parameter ‘[01m[Kt[m[K’ [[01;35m[K-Wunused-parameter[m[K]
[0.231s]   883 | void rhex_walking([01;35m[Kfloat t[m[K, float &theta1, float &theta2, float curr_theta1, float curr_theta2)
[0.231s]       |                   [01;35m[K~~~~~~^[m[K
[0.231s] [01m[K/home/qianlab/lassie-turtle/dependencies/traveler_controller/src/controller/Inverse_kinematics.cpp:883:83:[m[K [01;35m[Kwarning: [m[Kunused parameter ‘[01m[Kcurr_theta2[m[K’ [[01;35m[K-Wunused-parameter[m[K]
[0.231s]   883 | void rhex_walking(float t, float &theta1, float &theta2, float curr_theta1, [01;35m[Kfloat curr_theta2[m[K)
[0.232s]       |                                                                             [01;35m[K~~~~~~^~~~~~~~~~~[m[K
[0.232s] [01m[K/home/qianlab/lassie-turtle/dependencies/traveler_controller/include/proxy/control_data.h:36:5:[m[K [01;31m[Kerror: [m[K‘[01m[Ktraveler_msgs[m[K’ does not name a type
[0.232s]    36 |     [01;31m[Ktraveler_msgs[m[K::msg::OdriveStatus right_sweeping;
[0.232s]       |     [01;31m[K^~~~~~~~~~~~~[m[K
[0.233s] [01m[K/home/qianlab/lassie-turtle/dependencies/traveler_controller/include/proxy/control_data.h:43:5:[m[K [01;31m[Kerror: [m[K‘[01m[Ktraveler_msgs[m[K’ does not name a type
[0.233s]    43 |     [01;31m[Ktraveler_msgs[m[K::msg::SetInputPosition set_input_position;
[0.233s]       |     [01;31m[K^~~~~~~~~~~~~[m[K
[0.254s] make[2]: *** [CMakeFiles/turtle_high_controller.dir/build.make:118: CMakeFiles/turtle_high_controller.dir/src/controller/Inverse_kinematics.cpp.o] Error 1
[0.254s] make[2]: *** Waiting for unfinished jobs....
[0.295s] In file included from [01m[K/home/qianlab/lassie-turtle/dependencies/traveler_controller/include/controller/basecontroller.h:10[m[K,
[0.295s]                  from [01m[K/home/qianlab/lassie-turtle/dependencies/traveler_controller/include/controller/controller_monitor.h:13[m[K,
[0.295s]                  from [01m[K/home/qianlab/lassie-turtle/dependencies/traveler_controller/src/controller/controller_monitor.cpp:8[m[K:
[0.295s] [01m[K/home/qianlab/lassie-turtle/dependencies/traveler_controller/include/proxy/control_data.h:33:5:[m[K [01;31m[Kerror: [m[K‘[01m[Ktraveler_msgs[m[K’ does not name a type
[0.295s]    33 |     [01;31m[Ktraveler_msgs[m[K::msg::OdriveStatus left_adduction;
[0.295s]       |     [01;31m[K^~~~~~~~~~~~~[m[K
[0.296s] [01m[K/home/qianlab/lassie-turtle/dependencies/traveler_controller/include/proxy/control_data.h:34:5:[m[K [01;31m[Kerror: [m[K‘[01m[Ktraveler_msgs[m[K’ does not name a type
[0.296s]    34 |     [01;31m[Ktraveler_msgs[m[K::msg::OdriveStatus left_sweeping;
[0.296s]       |     [01;31m[K^~~~~~~~~~~~~[m[K
[0.297s] [01m[K/home/qianlab/lassie-turtle/dependencies/traveler_controller/include/proxy/control_data.h:35:5:[m[K [01;31m[Kerror: [m[K‘[01m[Ktraveler_msgs[m[K’ does not name a type
[0.297s]    35 |     [01;31m[Ktraveler_msgs[m[K::msg::OdriveStatus right_adduction;
[0.297s]       |     [01;31m[K^~~~~~~~~~~~~[m[K
[0.298s] [01m[K/home/qianlab/lassie-turtle/dependencies/traveler_controller/include/proxy/control_data.h:36:5:[m[K [01;31m[Kerror: [m[K‘[01m[Ktraveler_msgs[m[K’ does not name a type
[0.298s]    36 |     [01;31m[Ktraveler_msgs[m[K::msg::OdriveStatus right_sweeping;
[0.298s]       |     [01;31m[K^~~~~~~~~~~~~[m[K
[0.299s] [01m[K/home/qianlab/lassie-turtle/dependencies/traveler_controller/include/proxy/control_data.h:43:5:[m[K [01;31m[Kerror: [m[K‘[01m[Ktraveler_msgs[m[K’ does not name a type
[0.299s]    43 |     [01;31m[Ktraveler_msgs[m[K::msg::SetInputPosition set_input_position;
[0.299s]       |     [01;31m[K^~~~~~~~~~~~~[m[K
[0.361s] In file included from [01m[K/home/qianlab/lassie-turtle/dependencies/traveler_controller/include/controller/basecontroller.h:10[m[K,
[0.361s]                  from [01m[K/home/qianlab/lassie-turtle/dependencies/traveler_controller/include/controller/pid_speed_controller.h:15[m[K,
[0.361s]                  from [01m[K/home/qianlab/lassie-turtle/dependencies/traveler_controller/src/controller/pid_speed_controller.cpp:8[m[K:
[0.361s] [01m[K/home/qianlab/lassie-turtle/dependencies/traveler_controller/include/proxy/control_data.h:33:5:[m[K [01;31m[Kerror: [m[K‘[01m[Ktraveler_msgs[m[K’ does not name a type
[0.361s]    33 |     [01;31m[Ktraveler_msgs[m[K::msg::OdriveStatus left_adduction;
[0.361s]       |     [01;31m[K^~~~~~~~~~~~~[m[K
[0.362s] [01m[K/home/qianlab/lassie-turtle/dependencies/traveler_controller/include/proxy/control_data.h:34:5:[m[K [01;31m[Kerror: [m[K‘[01m[Ktraveler_msgs[m[K’ does not name a type
[0.362s]    34 |     [01;31m[Ktraveler_msgs[m[K::msg::OdriveStatus left_sweeping;
[0.362s]       |     [01;31m[K^~~~~~~~~~~~~[m[K
[0.363s] [01m[K/home/qianlab/lassie-turtle/dependencies/traveler_controller/include/proxy/control_data.h:35:5:[m[K [01;31m[Kerror: [m[K‘[01m[Ktraveler_msgs[m[K’ does not name a type
[0.363s]    35 |     [01;31m[Ktraveler_msgs[m[K::msg::OdriveStatus right_adduction;
[0.364s]       |     [01;31m[K^~~~~~~~~~~~~[m[K
[0.365s] [01m[K/home/qianlab/lassie-turtle/dependencies/traveler_controller/include/proxy/control_data.h:36:5:[m[K [01;31m[Kerror: [m[K‘[01m[Ktraveler_msgs[m[K’ does not name a type
[0.365s]    36 |     [01;31m[Ktraveler_msgs[m[K::msg::OdriveStatus right_sweeping;
[0.365s]       |     [01;31m[K^~~~~~~~~~~~~[m[K
[0.366s] [01m[K/home/qianlab/lassie-turtle/dependencies/traveler_controller/include/proxy/control_data.h:43:5:[m[K [01;31m[Kerror: [m[K‘[01m[Ktraveler_msgs[m[K’ does not name a type
[0.366s]    43 |     [01;31m[Ktraveler_msgs[m[K::msg::SetInputPosition set_input_position;
[0.366s]       |     [01;31m[K^~~~~~~~~~~~~[m[K
[0.367s] In file included from [01m[K/home/qianlab/lassie-turtle/dependencies/traveler_controller/include/proxy/upperproxy.h:14[m[K,
[0.367s]                  from [01m[K/home/qianlab/lassie-turtle/dependencies/traveler_controller/src/proxy/upperproxy.cpp:8[m[K:
[0.367s] [01m[K/home/qianlab/lassie-turtle/dependencies/traveler_controller/include/proxy/control_data.h:33:5:[m[K [01;31m[Kerror: [m[K‘[01m[Ktraveler_msgs[m[K’ does not name a type
[0.367s]    33 |     [01;31m[Ktraveler_msgs[m[K::msg::OdriveStatus left_adduction;
[0.367s]       |     [01;31m[K^~~~~~~~~~~~~[m[K
[0.368s] [01m[K/home/qianlab/lassie-turtle/dependencies/traveler_controller/include/proxy/control_data.h:34:5:[m[K [01;31m[Kerror: [m[K‘[01m[Ktraveler_msgs[m[K’ does not name a type
[0.368s]    34 |     [01;31m[Ktraveler_msgs[m[K::msg::OdriveStatus left_sweeping;
[0.368s]       |     [01;31m[K^~~~~~~~~~~~~[m[K
[0.369s] [01m[K/home/qianlab/lassie-turtle/dependencies/traveler_controller/include/proxy/control_data.h:35:5:[m[K [01;31m[Kerror: [m[K‘[01m[Ktraveler_msgs[m[K’ does not name a type
[0.369s]    35 |     [01;31m[Ktraveler_msgs[m[K::msg::OdriveStatus right_adduction;
[0.369s]       |     [01;31m[K^~~~~~~~~~~~~[m[K
[0.370s] [01m[K/home/qianlab/lassie-turtle/dependencies/traveler_controller/include/proxy/control_data.h:36:5:[m[K [01;31m[Kerror: [m[K‘[01m[Ktraveler_msgs[m[K’ does not name a type
[0.370s]    36 |     [01;31m[Ktraveler_msgs[m[K::msg::OdriveStatus right_sweeping;
[0.370s]       |     [01;31m[K^~~~~~~~~~~~~[m[K
[0.371s] [01m[K/home/qianlab/lassie-turtle/dependencies/traveler_controller/include/proxy/control_data.h:43:5:[m[K [01;31m[Kerror: [m[K‘[01m[Ktraveler_msgs[m[K’ does not name a type
[0.371s]    43 |     [01;31m[Ktraveler_msgs[m[K::msg::SetInputPosition set_input_position;
[0.371s]       |     [01;31m[K^~~~~~~~~~~~~[m[K
[0.372s] In file included from [01m[K/home/qianlab/lassie-turtle/dependencies/traveler_controller/include/proxy/lowerproxy.h:15[m[K,
[0.372s]                  from [01m[K/home/qianlab/lassie-turtle/dependencies/traveler_controller/src/proxy/lowerproxy.cpp:8[m[K:
[0.372s] [01m[K/home/qianlab/lassie-turtle/dependencies/traveler_controller/include/proxy/control_data.h:33:5:[m[K [01;31m[Kerror: [m[K‘[01m[Ktraveler_msgs[m[K’ does not name a type
[0.372s]    33 |     [01;31m[Ktraveler_msgs[m[K::msg::OdriveStatus left_adduction;
[0.372s]       |     [01;31m[K^~~~~~~~~~~~~[m[K
[0.373s] [01m[K/home/qianlab/lassie-turtle/dependencies/traveler_controller/include/proxy/control_data.h:34:5:[m[K [01;31m[Kerror: [m[K‘[01m[Ktraveler_msgs[m[K’ does not name a type
[0.373s]    34 |     [01;31m[Ktraveler_msgs[m[K::msg::OdriveStatus left_sweeping;
[0.373s]       |     [01;31m[K^~~~~~~~~~~~~[m[K
[0.374s] [01m[K/home/qianlab/lassie-turtle/dependencies/traveler_controller/include/proxy/control_data.h:35:5:[m[K [01;31m[Kerror: [m[K‘[01m[Ktraveler_msgs[m[K’ does not name a type
[0.375s]    35 |     [01;31m[Ktraveler_msgs[m[K::msg::OdriveStatus right_adduction;
[0.375s]       |     [01;31m[K^~~~~~~~~~~~~[m[K
[0.376s] [01m[K/home/qianlab/lassie-turtle/dependencies/traveler_controller/include/proxy/control_data.h:36:5:[m[K [01;31m[Kerror: [m[K‘[01m[Ktraveler_msgs[m[K’ does not name a type
[0.376s]    36 |     [01;31m[Ktraveler_msgs[m[K::msg::OdriveStatus right_sweeping;
[0.376s]       |     [01;31m[K^~~~~~~~~~~~~[m[K
[0.377s] [01m[K/home/qianlab/lassie-turtle/dependencies/traveler_controller/include/proxy/control_data.h:43:5:[m[K [01;31m[Kerror: [m[K‘[01m[Ktraveler_msgs[m[K’ does not name a type
[0.377s]    43 |     [01;31m[Ktraveler_msgs[m[K::msg::SetInputPosition set_input_position;
[0.377s]       |     [01;31m[K^~~~~~~~~~~~~[m[K
[0.989s] [01m[K/home/qianlab/lassie-turtle/dependencies/traveler_controller/src/main.cpp:[m[K In function ‘[01m[Kint main(int, char**)[m[K’:
[0.989s] [01m[K/home/qianlab/lassie-turtle/dependencies/traveler_controller/src/main.cpp:28:18:[m[K [01;31m[Kerror: [m[K‘[01m[Kcan_driver[m[K’ was not declared in this scope
[0.989s]    28 |  std::shared_ptr<[01;31m[Kcan_driver[m[K> Can_driver_  = std::make_shared<can_driver>();
[0.989s]       |                  [01;31m[K^~~~~~~~~~[m[K
[0.989s] [01m[K/home/qianlab/lassie-turtle/dependencies/traveler_controller/src/main.cpp:28:28:[m[K [01;31m[Kerror: [m[Ktemplate argument 1 is invalid
[0.989s]    28 |  std::shared_ptr<can_driver[01;31m[K>[m[K Can_driver_  = std::make_shared<can_driver>();
[0.989s]       |                            [01;31m[K^[m[K
[0.990s] [01m[K/home/qianlab/lassie-turtle/dependencies/traveler_controller/src/main.cpp:28:74:[m[K [01;31m[Kerror: [m[Kno matching function for call to ‘[01m[Kmake_shared<can_driver>()[m[K’
[0.990s]    28 |  std::shared_ptr<can_driver> Can_driver_  = std::make_shared<can_driver>([01;31m[K)[m[K;
[0.990s]       |                                                                          [01;31m[K^[m[K
[0.990s] In file included from [01m[K/usr/include/c++/9/memory:81[m[K,
[0.990s]                  from [01m[K/opt/ros/foxy/include/rclcpp/rclcpp.hpp:144[m[K,
[0.990s]                  from [01m[K/home/qianlab/lassie-turtle/dependencies/traveler_controller/include/controller/pid_speed_controller.h:17[m[K,
[0.990s]                  from [01m[K/home/qianlab/lassie-turtle/dependencies/traveler_controller/include/controller/controller_monitor.h:14[m[K,
[0.990s]                  from [01m[K/home/qianlab/lassie-turtle/dependencies/traveler_controller/include/main.h:12[m[K,
[0.990s]                  from [01m[K/home/qianlab/lassie-turtle/dependencies/traveler_controller/src/main.cpp:8[m[K:
[0.990s] [01m[K/usr/include/c++/9/bits/shared_ptr.h:714:5:[m[K [01;36m[Knote: [m[Kcandidate: ‘[01m[Ktemplate<class _Tp, class ... _Args> std::shared_ptr<_Tp> std::make_shared(_Args&& ...)[m[K’
[0.990s]   714 |     [01;36m[Kmake_shared[m[K(_Args&&... __args)
[0.990s]       |     [01;36m[K^~~~~~~~~~~[m[K
[0.990s] [01m[K/usr/include/c++/9/bits/shared_ptr.h:714:5:[m[K [01;36m[Knote: [m[K  template argument deduction/substitution failed:
[0.991s] [01m[K/home/qianlab/lassie-turtle/dependencies/traveler_controller/src/main.cpp:39:14:[m[K [01;31m[Kerror: [m[Kbase operand of ‘[01m[K->[m[K’ is not a pointer
[0.991s]    39 |   Can_driver_[01;31m[K->[m[Kget_motor_status(turtle_);
[0.991s]       |              [01;31m[K^~[m[K
[0.991s] [01m[K/home/qianlab/lassie-turtle/dependencies/traveler_controller/src/main.cpp:47:14:[m[K [01;31m[Kerror: [m[Kbase operand of ‘[01m[K->[m[K’ is not a pointer
[0.991s]    47 |   Can_driver_[01;31m[K->[m[KsetControl(turtle_);
[0.991s]       |              [01;31m[K^~[m[K
[1.293s] In file included from [01m[K/home/qianlab/lassie-turtle/dependencies/traveler_controller/src/can_driver/can_driver.cpp:1[m[K:
[1.293s] [01m[K/home/qianlab/lassie-turtle/dependencies/traveler_controller/include/can_driver/can_driver.hpp:17:21:[m[K [01;31m[Kerror: [m[K‘[01m[KTraveler[m[K’ has not been declared
[1.293s]    17 |     void setControl([01;31m[KTraveler[m[K& traveler_leg_);
[1.293s]       |                     [01;31m[K^~~~~~~~[m[K
[1.293s] [01m[K/home/qianlab/lassie-turtle/dependencies/traveler_controller/include/can_driver/can_driver.hpp:18:27:[m[K [01;31m[Kerror: [m[K‘[01m[KTraveler[m[K’ has not been declared
[1.293s]    18 |     void get_motor_status([01;31m[KTraveler[m[K& traveler_leg_);
[1.293s]       |                           [01;31m[K^~~~~~~~[m[K
[1.302s] [01m[K/home/qianlab/lassie-turtle/dependencies/traveler_controller/src/can_driver/can_driver.cpp:[m[K In constructor ‘[01m[Kcan_driver::can_driver()[m[K’:
[1.302s] [01m[K/home/qianlab/lassie-turtle/dependencies/traveler_controller/src/can_driver/can_driver.cpp:11:80:[m[K [01;31m[Kerror: [m[K‘[01m[KMG_GET_ENCODER_ESTIMATES[m[K’ is not a member of ‘[01m[Kodrive_can::Msg[m[K’
[1.303s]    11 |                                socket_get_encoder_estimates_1(odrive_can::Msg::[01;31m[KMG_GET_ENCODER_ESTIMATES[m[K | odrive_can::AXIS::AXIS_0_ID,1, 0x7FF, 500),
[1.303s]       |                                                                                [01;31m[K^~~~~~~~~~~~~~~~~~~~~~~~[m[K
[1.326s] In file included from [01m[K/home/qianlab/lassie-turtle/dependencies/traveler_controller/src/main.cpp:8[m[K:
[1.326s] [01m[K/home/qianlab/lassie-turtle/dependencies/traveler_controller/include/main.h:[m[K At global scope:
[1.326s] [01m[K/home/qianlab/lassie-turtle/dependencies/traveler_controller/include/main.h:43:14:[m[K [01;35m[Kwarning: [m[K‘[01m[Ktimer[m[K’ defined but not used [[01;35m[K-Wunused-variable[m[K]
[1.327s]    43 | static float [01;35m[Ktimer[m[K[10] = { 0 };
[1.327s]       |              [01;35m[K^~~~~[m[K
[1.327s] [01m[K/home/qianlab/lassie-turtle/dependencies/traveler_controller/include/main.h:41:12:[m[K [01;35m[Kwarning: [m[K‘[01m[Kinit_done[m[K’ defined but not used [[01;35m[K-Wunused-variable[m[K]
[1.327s]    41 | static int [01;35m[Kinit_done[m[K = 0;
[1.327s]       |            [01;35m[K^~~~~~~~~[m[K
[1.327s] [01m[K/home/qianlab/lassie-turtle/dependencies/traveler_controller/include/main.h:40:14:[m[K [01;35m[Kwarning: [m[K‘[01m[Kinit_cnt[m[K’ defined but not used [[01;35m[K-Wunused-variable[m[K]
[1.327s]    40 | static float [01;35m[Kinit_cnt[m[K = 0;
[1.327s]       |              [01;35m[K^~~~~~~~[m[K
[1.328s] [01m[K/home/qianlab/lassie-turtle/dependencies/traveler_controller/src/can_driver/can_driver.cpp:[m[K At global scope:
[1.328s] [01m[K/home/qianlab/lassie-turtle/dependencies/traveler_controller/src/can_driver/can_driver.cpp:92:6:[m[K [01;31m[Kerror: [m[Kno declaration matches ‘[01m[Kvoid can_driver::get_motor_status(turtle&)[m[K’
[1.328s]    92 | void [01;31m[Kcan_driver[m[K::get_motor_status(turtle& turtle_){
[1.328s]       |      [01;31m[K^~~~~~~~~~[m[K
[1.328s] In file included from [01m[K/home/qianlab/lassie-turtle/dependencies/traveler_controller/src/can_driver/can_driver.cpp:1[m[K:
[1.328s] [01m[K/home/qianlab/lassie-turtle/dependencies/traveler_controller/include/can_driver/can_driver.hpp:18:10:[m[K [01;36m[Knote: [m[Kcandidate is: ‘[01m[Kvoid can_driver::get_motor_status(int&)[m[K’
[1.328s]    18 |     void [01;36m[Kget_motor_status[m[K(Traveler& traveler_leg_);
[1.328s]       |          [01;36m[K^~~~~~~~~~~~~~~~[m[K
[1.328s] [01m[K/home/qianlab/lassie-turtle/dependencies/traveler_controller/include/can_driver/can_driver.hpp:12:7:[m[K [01;36m[Knote: [m[K‘[01m[Kclass can_driver[m[K’ defined here
[1.328s]    12 | class [01;36m[Kcan_driver[m[K : public rclcpp::Node
[1.328s]       |       [01;36m[K^~~~~~~~~~[m[K
[1.328s] [01m[K/home/qianlab/lassie-turtle/dependencies/traveler_controller/src/can_driver/can_driver.cpp:101:6:[m[K [01;31m[Kerror: [m[Kno declaration matches ‘[01m[Kvoid can_driver::setControl(turtle&)[m[K’
[1.328s]   101 | void [01;31m[Kcan_driver[m[K::setControl(turtle& turtle_){
[1.329s]       |      [01;31m[K^~~~~~~~~~[m[K
[1.329s] In file included from [01m[K/home/qianlab/lassie-turtle/dependencies/traveler_controller/src/can_driver/can_driver.cpp:1[m[K:
[1.329s] [01m[K/home/qianlab/lassie-turtle/dependencies/traveler_controller/include/can_driver/can_driver.hpp:17:10:[m[K [01;36m[Knote: [m[Kcandidate is: ‘[01m[Kvoid can_driver::setControl(int&)[m[K’
[1.329s]    17 |     void [01;36m[KsetControl[m[K(Traveler& traveler_leg_);
[1.329s]       |          [01;36m[K^~~~~~~~~~[m[K
[1.329s] [01m[K/home/qianlab/lassie-turtle/dependencies/traveler_controller/include/can_driver/can_driver.hpp:12:7:[m[K [01;36m[Knote: [m[K‘[01m[Kclass can_driver[m[K’ defined here
[1.329s]    12 | class [01;36m[Kcan_driver[m[K : public rclcpp::Node
[1.329s]       |       [01;36m[K^~~~~~~~~~[m[K
[1.345s] make[2]: *** [CMakeFiles/turtle_high_controller.dir/build.make:76: CMakeFiles/turtle_high_controller.dir/src/main.cpp.o] Error 1
[1.441s] make[2]: *** [CMakeFiles/turtle_high_controller.dir/build.make:90: CMakeFiles/turtle_high_controller.dir/src/controller/controller_monitor.cpp.o] Error 1
[1.492s] [01m[K/home/qianlab/lassie-turtle/dependencies/traveler_controller/src/proxy/lowerproxy.cpp:[m[K In member function ‘[01m[Kvoid turtle_namespace::control::lowerproxy::getToeForce()[m[K’:
[1.492s] [01m[K/home/qianlab/lassie-turtle/dependencies/traveler_controller/src/proxy/lowerproxy.cpp:68:45:[m[K [01;31m[Kerror: [m[K‘[01m[Kstruct turtle_status[m[K’ has no member named ‘[01m[Kleft_limb_motor[m[K’
[1.492s]    68 |     float u0 = turtle_inter_.turtle_chassis.[01;31m[Kleft_limb_motor[m[K.effort;
[1.492s]       |                                             [01;31m[K^~~~~~~~~~~~~~~[m[K
[1.492s] [01m[K/home/qianlab/lassie-turtle/dependencies/traveler_controller/src/proxy/lowerproxy.cpp:69:45:[m[K [01;31m[Kerror: [m[K‘[01m[Kstruct turtle_status[m[K’ has no member named ‘[01m[Kleft_limb_motor[m[K’
[1.492s]    69 |     float u1 = turtle_inter_.turtle_chassis.[01;31m[Kleft_limb_motor[m[K.effort;
[1.492s]       |                                             [01;31m[K^~~~~~~~~~~~~~~[m[K
[1.492s] [01m[K/home/qianlab/lassie-turtle/dependencies/traveler_controller/src/proxy/lowerproxy.cpp:72:51:[m[K [01;31m[Kerror: [m[K‘[01m[Kstruct turtle_status[m[K’ has no member named ‘[01m[Kleft_limb_motor[m[K’
[1.492s]    72 |     float mot_pos0 = turtle_inter_.turtle_chassis.[01;31m[Kleft_limb_motor[m[K.position + 1.79;
[1.492s]       |                                                   [01;31m[K^~~~~~~~~~~~~~~[m[K
[1.492s] [01m[K/home/qianlab/lassie-turtle/dependencies/traveler_controller/src/proxy/lowerproxy.cpp:73:51:[m[K [01;31m[Kerror: [m[K‘[01m[Kstruct turtle_status[m[K’ has no member named ‘[01m[Kright_limb_motor[m[K’
[1.492s]    73 |     float mot_pos1 = turtle_inter_.turtle_chassis.[01;31m[Kright_limb_motor[m[K.position + 1.79;
[1.492s]       |                                                   [01;31m[K^~~~~~~~~~~~~~~~[m[K
[1.492s] [01m[K/home/qianlab/lassie-turtle/dependencies/traveler_controller/src/proxy/lowerproxy.cpp:86:34:[m[K [01;31m[Kerror: [m[K‘[01m[Kstruct turtle_status[m[K’ has no member named ‘[01m[Kleft_limb_motor[m[K’
[1.492s]    86 |     turtle_inter_.turtle_chassis.[01;31m[Kleft_limb_motor[m[K.toeforce = dummy * (u0+u1);
[1.493s]       |                                  [01;31m[K^~~~~~~~~~~~~~~[m[K
[1.493s] [01m[K/home/qianlab/lassie-turtle/dependencies/traveler_controller/src/proxy/lowerproxy.cpp:87:34:[m[K [01;31m[Kerror: [m[K‘[01m[Kstruct turtle_status[m[K’ has no member named ‘[01m[Kleft_limb_motor[m[K’
[1.493s]    87 |     turtle_inter_.turtle_chassis.[01;31m[Kleft_limb_motor[m[K.toeforce = u0-u1;
[1.493s]       |                                  [01;31m[K^~~~~~~~~~~~~~~[m[K
[1.495s] [01m[K/home/qianlab/lassie-turtle/dependencies/traveler_controller/src/proxy/lowerproxy.cpp:[m[K In member function ‘[01m[Kvoid turtle_namespace::control::lowerproxy::handle_joint_state(control_msgs::msg::DynamicJointState_<std::allocator<void> >::SharedPtr)[m[K’:
[1.495s] [01m[K/home/qianlab/lassie-turtle/dependencies/traveler_controller/src/proxy/lowerproxy.cpp:95:34:[m[K [01;31m[Kerror: [m[K‘[01m[Kstruct turtle_status[m[K’ has no member named ‘[01m[Kleft_limb_motor[m[K’
[1.495s]    95 |     turtle_inter_.turtle_chassis.[01;31m[Kleft_limb_motor[m[K.effort =
[1.495s]       |                                  [01;31m[K^~~~~~~~~~~~~~~[m[K
[1.495s] [01m[K/home/qianlab/lassie-turtle/dependencies/traveler_controller/src/proxy/lowerproxy.cpp:98:34:[m[K [01;31m[Kerror: [m[K‘[01m[Kstruct turtle_status[m[K’ has no member named ‘[01m[Kleft_limb_motor[m[K’
[1.495s]    98 |     turtle_inter_.turtle_chassis.[01;31m[Kleft_limb_motor[m[K.position =
[1.495s]       |                                  [01;31m[K^~~~~~~~~~~~~~~[m[K
[1.495s] [01m[K/home/qianlab/lassie-turtle/dependencies/traveler_controller/src/proxy/lowerproxy.cpp:101:34:[m[K [01;31m[Kerror: [m[K‘[01m[Kstruct turtle_status[m[K’ has no member named ‘[01m[Kright_limb_motor[m[K’
[1.495s]   101 |     turtle_inter_.turtle_chassis.[01;31m[Kright_limb_motor[m[K.effort =
[1.495s]       |                                  [01;31m[K^~~~~~~~~~~~~~~~[m[K
[1.495s] [01m[K/home/qianlab/lassie-turtle/dependencies/traveler_controller/src/proxy/lowerproxy.cpp:103:34:[m[K [01;31m[Kerror: [m[K‘[01m[Kstruct turtle_status[m[K’ has no member named ‘[01m[Kright_limb_motor[m[K’
[1.495s]   103 |     turtle_inter_.turtle_chassis.[01;31m[Kright_limb_motor[m[K.position =
[1.496s]       |                                  [01;31m[K^~~~~~~~~~~~~~~~[m[K
[1.496s] [01m[K/home/qianlab/lassie-turtle/dependencies/traveler_controller/src/proxy/lowerproxy.cpp:[m[K In member function ‘[01m[Kvoid turtle_namespace::control::lowerproxy::PublishControlCommand(turtle&)[m[K’:
[1.496s] [01m[K/home/qianlab/lassie-turtle/dependencies/traveler_controller/src/proxy/lowerproxy.cpp:118:52:[m[K [01;31m[Kerror: [m[K‘[01m[Kstruct trutle_command[m[K’ has no member named ‘[01m[Kleft_limb_motor[m[K’
[1.496s]   118 |     message1.data.push_back(turtle_.turtle_control.[01;31m[Kleft_limb_motor[m[K.motor_control_position);
[1.496s]       |                                                    [01;31m[K^~~~~~~~~~~~~~~[m[K
[1.496s] [01m[K/home/qianlab/lassie-turtle/dependencies/traveler_controller/src/proxy/lowerproxy.cpp:119:52:[m[K [01;31m[Kerror: [m[K‘[01m[Kstruct trutle_command[m[K’ has no member named ‘[01m[Kright_limb_motor[m[K’
[1.496s]   119 |     message2.data.push_back(turtle_.turtle_control.[01;31m[Kright_limb_motor[m[K.motor_control_position);
[1.496s]       |                                                    [01;31m[K^~~~~~~~~~~~~~~~[m[K
[1.496s] [01m[K/home/qianlab/lassie-turtle/dependencies/traveler_controller/src/proxy/lowerproxy.cpp:120:52:[m[K [01;31m[Kerror: [m[K‘[01m[Kstruct trutle_command[m[K’ has no member named ‘[01m[Kleft_big_servo_command[m[K’
[1.496s]   120 |     message3.data.push_back(turtle_.turtle_control.[01;31m[Kleft_big_servo_command[m[K);
[1.496s]       |                                                    [01;31m[K^~~~~~~~~~~~~~~~~~~~~~[m[K
[1.497s] [01m[K/home/qianlab/lassie-turtle/dependencies/traveler_controller/src/proxy/lowerproxy.cpp:121:52:[m[K [01;31m[Kerror: [m[K‘[01m[Kstruct trutle_command[m[K’ has no member named ‘[01m[Kleft_small_servo_command[m[K’
[1.497s]   121 |     message4.data.push_back(turtle_.turtle_control.[01;31m[Kleft_small_servo_command[m[K);
[1.497s]       |                                                    [01;31m[K^~~~~~~~~~~~~~~~~~~~~~~~[m[K
[1.497s] [01m[K/home/qianlab/lassie-turtle/dependencies/traveler_controller/src/proxy/lowerproxy.cpp:122:52:[m[K [01;31m[Kerror: [m[K‘[01m[Kstruct trutle_command[m[K’ has no member named ‘[01m[Kright_big_servo_command[m[K’
[1.497s]   122 |     message5.data.push_back(turtle_.turtle_control.[01;31m[Kright_big_servo_command[m[K);
[1.497s]       |                                                    [01;31m[K^~~~~~~~~~~~~~~~~~~~~~~[m[K
[1.497s] [01m[K/home/qianlab/lassie-turtle/dependencies/traveler_controller/src/proxy/lowerproxy.cpp:123:52:[m[K [01;31m[Kerror: [m[K‘[01m[Kstruct trutle_command[m[K’ has no member named ‘[01m[Kright_small_servo_command[m[K’
[1.497s]   123 |     message6.data.push_back(turtle_.turtle_control.[01;31m[Kright_small_servo_command[m[K);
[1.497s]       |                                                    [01;31m[K^~~~~~~~~~~~~~~~~~~~~~~~~[m[K
[1.499s] [01m[K/home/qianlab/lassie-turtle/dependencies/traveler_controller/src/controller/pid_speed_controller.cpp:[m[K In member function ‘[01m[Kvirtual void turtle_namespace::control::PID_speed_controller::ComputeControlCommand(turtle&)[m[K’:
[1.499s] [01m[K/home/qianlab/lassie-turtle/dependencies/traveler_controller/src/controller/pid_speed_controller.cpp:40:40:[m[K [01;31m[Kerror: [m[K‘[01m[Kstruct trutle_command[m[K’ has no member named ‘[01m[Kleft_limb_motor[m[K’
[1.499s]    40 |                 turtle_.turtle_control.[01;31m[Kleft_limb_motor[m[K.motor_control_position = theta1;
[1.500s]       |                                        [01;31m[K^~~~~~~~~~~~~~~[m[K
[1.500s] [01m[K/home/qianlab/lassie-turtle/dependencies/traveler_controller/src/controller/pid_speed_controller.cpp:41:40:[m[K [01;31m[Kerror: [m[K‘[01m[Kstruct trutle_command[m[K’ has no member named ‘[01m[Kleft_big_servo_command[m[K’
[1.500s]    41 |                 turtle_.turtle_control.[01;31m[Kleft_big_servo_command[m[K = gamma1;
[1.500s]       |                                        [01;31m[K^~~~~~~~~~~~~~~~~~~~~~[m[K
[1.500s] [01m[K/home/qianlab/lassie-turtle/dependencies/traveler_controller/src/controller/pid_speed_controller.cpp:42:40:[m[K [01;31m[Kerror: [m[K‘[01m[Kstruct trutle_command[m[K’ has no member named ‘[01m[Kleft_small_servo_command[m[K’
[1.500s]    42 |                 turtle_.turtle_control.[01;31m[Kleft_small_servo_command[m[K = beta1;
[1.500s]       |                                        [01;31m[K^~~~~~~~~~~~~~~~~~~~~~~~[m[K
[1.500s] [01m[K/home/qianlab/lassie-turtle/dependencies/traveler_controller/src/controller/pid_speed_controller.cpp:44:40:[m[K [01;31m[Kerror: [m[K‘[01m[Kstruct trutle_command[m[K’ has no member named ‘[01m[Kright_limb_motor[m[K’
[1.500s]    44 |                 turtle_.turtle_control.[01;31m[Kright_limb_motor[m[K.motor_control_position = theta2;
[1.500s]       |                                        [01;31m[K^~~~~~~~~~~~~~~~[m[K
[1.500s] [01m[K/home/qianlab/lassie-turtle/dependencies/traveler_controller/src/controller/pid_speed_controller.cpp:45:40:[m[K [01;31m[Kerror: [m[K‘[01m[Kstruct trutle_command[m[K’ has no member named ‘[01m[Kright_big_servo_command[m[K’
[1.500s]    45 |                 turtle_.turtle_control.[01;31m[Kright_big_servo_command[m[K = gamma2;
[1.500s]       |                                        [01;31m[K^~~~~~~~~~~~~~~~~~~~~~~[m[K
[1.500s] [01m[K/home/qianlab/lassie-turtle/dependencies/traveler_controller/src/controller/pid_speed_controller.cpp:46:40:[m[K [01;31m[Kerror: [m[K‘[01m[Kstruct trutle_command[m[K’ has no member named ‘[01m[Kright_small_servo_command[m[K’
[1.501s]    46 |                 turtle_.turtle_control.[01;31m[Kright_small_servo_command[m[K = beta2;
[1.501s]       |                                        [01;31m[K^~~~~~~~~~~~~~~~~~~~~~~~~[m[K
[1.501s] [01m[K/home/qianlab/lassie-turtle/dependencies/traveler_controller/src/controller/pid_speed_controller.cpp:49:40:[m[K [01;31m[Kerror: [m[K‘[01m[Kstruct turtle_status[m[K’ has no member named ‘[01m[Kleft_big_servo_pos[m[K’
[1.501s]    49 |                 turtle_.turtle_chassis.[01;31m[Kleft_big_servo_pos[m[K = gamma1;
[1.501s]       |                                        [01;31m[K^~~~~~~~~~~~~~~~~~[m[K
[1.501s] [01m[K/home/qianlab/lassie-turtle/dependencies/traveler_controller/src/controller/pid_speed_controller.cpp:50:40:[m[K [01;31m[Kerror: [m[K‘[01m[Kstruct turtle_status[m[K’ has no member named ‘[01m[Kleft_small_servo_pos[m[K’
[1.501s]    50 |                 turtle_.turtle_chassis.[01;31m[Kleft_small_servo_pos[m[K = beta1;
[1.501s]       |                                        [01;31m[K^~~~~~~~~~~~~~~~~~~~[m[K
[1.501s] [01m[K/home/qianlab/lassie-turtle/dependencies/traveler_controller/src/controller/pid_speed_controller.cpp:51:40:[m[K [01;31m[Kerror: [m[K‘[01m[Kstruct turtle_status[m[K’ has no member named ‘[01m[Kright_big_servo_pos[m[K’
[1.501s]    51 |                 turtle_.turtle_chassis.[01;31m[Kright_big_servo_pos[m[K = gamma2;
[1.501s]       |                                        [01;31m[K^~~~~~~~~~~~~~~~~~~[m[K
[1.501s] [01m[K/home/qianlab/lassie-turtle/dependencies/traveler_controller/src/controller/pid_speed_controller.cpp:52:40:[m[K [01;31m[Kerror: [m[K‘[01m[Kstruct turtle_status[m[K’ has no member named ‘[01m[Kright_small_servo_pos[m[K’
[1.501s]    52 |                 turtle_.turtle_chassis.[01;31m[Kright_small_servo_pos[m[K = beta2;
[1.501s]       |                                        [01;31m[K^~~~~~~~~~~~~~~~~~~~~[m[K
[1.501s] [01m[K/home/qianlab/lassie-turtle/dependencies/traveler_controller/src/controller/pid_speed_controller.cpp:60:40:[m[K [01;31m[Kerror: [m[K‘[01m[Kstruct trutle_command[m[K’ has no member named ‘[01m[Kleft_limb_motor[m[K’
[1.502s]    60 |                 turtle_.turtle_control.[01;31m[Kleft_limb_motor[m[K.motor_control_position = 0.12;
[1.502s]       |                                        [01;31m[K^~~~~~~~~~~~~~~[m[K
[1.502s] [01m[K/home/qianlab/lassie-turtle/dependencies/traveler_controller/src/controller/pid_speed_controller.cpp:61:40:[m[K [01;31m[Kerror: [m[K‘[01m[Kstruct trutle_command[m[K’ has no member named ‘[01m[Kleft_big_servo_command[m[K’
[1.502s]    61 |                 turtle_.turtle_control.[01;31m[Kleft_big_servo_command[m[K = 100;
[1.502s]       |                                        [01;31m[K^~~~~~~~~~~~~~~~~~~~~~[m[K
[1.502s] [01m[K/home/qianlab/lassie-turtle/dependencies/traveler_controller/src/controller/pid_speed_controller.cpp:62:40:[m[K [01;31m[Kerror: [m[K‘[01m[Kstruct trutle_command[m[K’ has no member named ‘[01m[Kleft_small_servo_command[m[K’
[1.502s]    62 |                 turtle_.turtle_control.[01;31m[Kleft_small_servo_command[m[K = 0;
[1.502s]       |                                        [01;31m[K^~~~~~~~~~~~~~~~~~~~~~~~[m[K
[1.502s] [01m[K/home/qianlab/lassie-turtle/dependencies/traveler_controller/src/controller/pid_speed_controller.cpp:65:40:[m[K [01;31m[Kerror: [m[K‘[01m[Kstruct trutle_command[m[K’ has no member named ‘[01m[Kright_limb_motor[m[K’
[1.502s]    65 |                 turtle_.turtle_control.[01;31m[Kright_limb_motor[m[K.motor_control_position = 1.2;
[1.502s]       |                                        [01;31m[K^~~~~~~~~~~~~~~~[m[K
[1.502s] [01m[K/home/qianlab/lassie-turtle/dependencies/traveler_controller/src/controller/pid_speed_controller.cpp:66:40:[m[K [01;31m[Kerror: [m[K‘[01m[Kstruct trutle_command[m[K’ has no member named ‘[01m[Kright_big_servo_command[m[K’
[1.502s]    66 |                 turtle_.turtle_control.[01;31m[Kright_big_servo_command[m[K = 23;
[1.502s]       |                                        [01;31m[K^~~~~~~~~~~~~~~~~~~~~~~[m[K
[1.502s] [01m[K/home/qianlab/lassie-turtle/dependencies/traveler_controller/src/controller/pid_speed_controller.cpp:67:40:[m[K [01;31m[Kerror: [m[K‘[01m[Kstruct trutle_command[m[K’ has no member named ‘[01m[Kright_small_servo_command[m[K’
[1.503s]    67 |                 turtle_.turtle_control.[01;31m[Kright_small_servo_command[m[K = 0;
[1.503s]       |                                        [01;31m[K^~~~~~~~~~~~~~~~~~~~~~~~~[m[K
[1.503s] [01m[K/home/qianlab/lassie-turtle/dependencies/traveler_controller/src/controller/pid_speed_controller.cpp:70:40:[m[K [01;31m[Kerror: [m[K‘[01m[Kstruct turtle_status[m[K’ has no member named ‘[01m[Kleft_big_servo_pos[m[K’
[1.503s]    70 |                 turtle_.turtle_chassis.[01;31m[Kleft_big_servo_pos[m[K = 100;
[1.503s]       |                                        [01;31m[K^~~~~~~~~~~~~~~~~~[m[K
[1.503s] [01m[K/home/qianlab/lassie-turtle/dependencies/traveler_controller/src/controller/pid_speed_controller.cpp:71:40:[m[K [01;31m[Kerror: [m[K‘[01m[Kstruct turtle_status[m[K’ has no member named ‘[01m[Kleft_small_servo_pos[m[K’
[1.503s]    71 |                 turtle_.turtle_chassis.[01;31m[Kleft_small_servo_pos[m[K = 0;
[1.503s]       |                                        [01;31m[K^~~~~~~~~~~~~~~~~~~~[m[K
[1.503s] [01m[K/home/qianlab/lassie-turtle/dependencies/traveler_controller/src/controller/pid_speed_controller.cpp:72:40:[m[K [01;31m[Kerror: [m[K‘[01m[Kstruct turtle_status[m[K’ has no member named ‘[01m[Kright_big_servo_pos[m[K’
[1.503s]    72 |                 turtle_.turtle_chassis.[01;31m[Kright_big_servo_pos[m[K = 23;
[1.503s]       |                                        [01;31m[K^~~~~~~~~~~~~~~~~~~[m[K
[1.503s] [01m[K/home/qianlab/lassie-turtle/dependencies/traveler_controller/src/controller/pid_speed_controller.cpp:73:40:[m[K [01;31m[Kerror: [m[K‘[01m[Kstruct turtle_status[m[K’ has no member named ‘[01m[Kright_small_servo_pos[m[K’
[1.503s]    73 |                 turtle_.turtle_chassis.[01;31m[Kright_small_servo_pos[m[K = 0;
[1.503s]       |                                        [01;31m[K^~~~~~~~~~~~~~~~~~~~~[m[K
[1.638s] make[2]: *** [CMakeFiles/turtle_high_controller.dir/build.make:160: CMakeFiles/turtle_high_controller.dir/src/can_driver/can_driver.cpp.o] Error 1
[1.861s] make[2]: *** [CMakeFiles/turtle_high_controller.dir/build.make:104: CMakeFiles/turtle_high_controller.dir/src/controller/pid_speed_controller.cpp.o] Error 1
[2.430s] make[2]: *** [CMakeFiles/turtle_high_controller.dir/build.make:146: CMakeFiles/turtle_high_controller.dir/src/proxy/upperproxy.cpp.o] Error 1
[2.609s] make[2]: *** [CMakeFiles/turtle_high_controller.dir/build.make:132: CMakeFiles/turtle_high_controller.dir/src/proxy/lowerproxy.cpp.o] Error 1
[2.609s] make[1]: *** [CMakeFiles/Makefile2:139: CMakeFiles/turtle_high_controller.dir/all] Error 2
[2.610s] make: *** [Makefile:146: all] Error 2
[2.612s] Invoked command in '/home/qianlab/lassie-turtle/dependencies/build/turtle_high_controller' returned '2': AMENT_PREFIX_PATH=/home/qianlab/lassie-turtle/dependencies/install/traveler_msgs:${AMENT_PREFIX_PATH} CMAKE_PREFIX_PATH=/home/qianlab/lassie-turtle/dependencies/install/traveler_msgs:/opt/ros/traveler/traveler_msgs:/home/qianlab/traveler_workspace/install/traveler_high_controller:/home/qianlab/traveler_workspace/install/odrive_pro_srvs_msgs:/home/qianlab/lassie-spirit/lassie-spirit/dependencies/spirit_msgs/install/spirit_msgs:/opt/ros/foxy LD_LIBRARY_PATH=/home/qianlab/lassie-turtle/dependencies/install/traveler_msgs/lib:${LD_LIBRARY_PATH} PYTHONPATH=/home/qianlab/lassie-turtle/dependencies/install/traveler_msgs/lib/python3.8/site-packages:${PYTHONPATH} /usr/local/bin/cmake --build /home/qianlab/lassie-turtle/dependencies/build/turtle_high_controller -- -j12 -l12
