[0.011s] Invoking command in '/home/qianlab/lassie-turtle/dependencies/build/traveler_msgs': CMAKE_PREFIX_PATH=/opt/ros/humble /usr/local/bin/cmake /home/qianlab/lassie-turtle/dependencies/traveler_msgs -DCMAKE_INSTALL_PREFIX=/home/qianlab/lassie-turtle/dependencies/install/traveler_msgs
[0.208s] -- The C compiler identification is GNU 11.4.0
[0.558s] -- The CXX compiler identification is GNU 11.4.0
[0.855s] -- Detecting C compiler ABI info
[0.992s] -- Detecting C compiler ABI info - done
[1.000s] -- Check for working C compiler: /usr/bin/cc - skipped
[1.000s] -- Detecting C compile features
[1.001s] -- Detecting C compile features - done
[1.051s] -- Detecting CXX compiler ABI info
[1.191s] -- Detecting CXX compiler ABI info - done
[1.198s] -- Check for working CXX compiler: /usr/bin/c++ - skipped
[1.199s] -- Detecting CXX compile features
[1.199s] -- Detecting CXX compile features - done
[1.219s] -- Found ament_cmake: 1.3.10 (/opt/ros/humble/share/ament_cmake/cmake)
[1.332s] -- Found Python3: /usr/bin/python3 (found version "3.10.12") found components: Interpreter 
[1.432s] -- Found rclcpp: 16.0.10 (/opt/ros/humble/share/rclcpp/cmake)
[1.573s] -- Found rosidl_generator_c: 3.1.5 (/opt/ros/humble/share/rosidl_generator_c/cmake)
[1.580s] -- Found rosidl_adapter: 3.1.5 (/opt/ros/humble/share/rosidl_adapter/cmake)
[1.595s] -- Found rosidl_generator_cpp: 3.1.5 (/opt/ros/humble/share/rosidl_generator_cpp/cmake)
[1.620s] -- Using all available rosidl_typesupport_c: rosidl_typesupport_fastrtps_c;rosidl_typesupport_introspection_c
[1.644s] -- Using all available rosidl_typesupport_cpp: rosidl_typesupport_fastrtps_cpp;rosidl_typesupport_introspection_cpp
[1.712s] -- Found rmw_implementation_cmake: 6.1.2 (/opt/ros/humble/share/rmw_implementation_cmake/cmake)
[1.717s] -- Found rmw_fastrtps_cpp: 6.2.7 (/opt/ros/humble/share/rmw_fastrtps_cpp/cmake)
[2.301s] -- Found OpenSSL: /usr/lib/x86_64-linux-gnu/libcrypto.so (found version "3.0.2")  
[2.871s] -- Found FastRTPS: /opt/ros/humble/include  
[3.965s] -- Using RMW implementation 'rmw_fastrtps_cpp' as default
[3.987s] -- Performing Test CMAKE_HAVE_LIBC_PTHREAD
[4.123s] -- Performing Test CMAKE_HAVE_LIBC_PTHREAD - Success
[4.126s] -- Found Threads: TRUE  
[4.241s] -- Found rosidl_default_generators: 1.2.0 (/opt/ros/humble/share/rosidl_default_generators/cmake)
[4.612s] -- Found ament_cmake_ros: 0.10.0 (/opt/ros/humble/share/ament_cmake_ros/cmake)
[5.139s] -- Using all available rosidl_typesupport_c: rosidl_typesupport_fastrtps_c;rosidl_typesupport_introspection_c
[5.347s] -- Using all available rosidl_typesupport_cpp: rosidl_typesupport_fastrtps_cpp;rosidl_typesupport_introspection_cpp
[5.350s] [33mCMake Warning (dev) at /opt/ros/humble/share/rosidl_generator_py/cmake/rosidl_generator_py_generate_interfaces.cmake:20 (find_package):
[5.351s]   Policy CMP0148 is not set: The FindPythonInterp and FindPythonLibs modules
[5.351s]   are removed.  Run "cmake --help-policy CMP0148" for policy details.  Use
[5.351s]   the cmake_policy command to set the policy and suppress this warning.
[5.351s] 
[5.351s] Call Stack (most recent call first):
[5.351s]   /opt/ros/humble/share/ament_cmake_core/cmake/core/ament_execute_extensions.cmake:48 (include)
[5.351s]   /opt/ros/humble/share/rosidl_cmake/cmake/rosidl_generate_interfaces.cmake:286 (ament_execute_extensions)
[5.351s]   CMakeLists.txt:60 (rosidl_generate_interfaces)
[5.351s] This warning is for project developers.  Use -Wno-dev to suppress it.
[5.351s] [0m
[5.414s] -- Found PythonInterp: /usr/bin/python3 (found suitable version "3.10.12", minimum required is "3.6") 
[5.417s] -- Found python_cmake_module: 0.10.0 (/opt/ros/humble/share/python_cmake_module/cmake)
[5.418s] [33mCMake Warning (dev) at /opt/ros/humble/share/python_cmake_module/cmake/Modules/FindPythonExtra.cmake:52 (find_package):
[5.418s]   Policy CMP0148 is not set: The FindPythonInterp and FindPythonLibs modules
[5.418s]   are removed.  Run "cmake --help-policy CMP0148" for policy details.  Use
[5.418s]   the cmake_policy command to set the policy and suppress this warning.
[5.418s] 
[5.418s] Call Stack (most recent call first):
[5.418s]   /opt/ros/humble/share/rosidl_generator_py/cmake/rosidl_generator_py_generate_interfaces.cmake:23 (find_package)
[5.419s]   /opt/ros/humble/share/ament_cmake_core/cmake/core/ament_execute_extensions.cmake:48 (include)
[5.419s]   /opt/ros/humble/share/rosidl_cmake/cmake/rosidl_generate_interfaces.cmake:286 (ament_execute_extensions)
[5.419s]   CMakeLists.txt:60 (rosidl_generate_interfaces)
[5.419s] This warning is for project developers.  Use -Wno-dev to suppress it.
[5.419s] [0m
[5.437s] [33mCMake Warning (dev) at /opt/ros/humble/share/python_cmake_module/cmake/Modules/FindPythonExtra.cmake:140 (find_package):
[5.438s]   Policy CMP0148 is not set: The FindPythonInterp and FindPythonLibs modules
[5.438s]   are removed.  Run "cmake --help-policy CMP0148" for policy details.  Use
[5.438s]   the cmake_policy command to set the policy and suppress this warning.
[5.438s] 
[5.438s] Call Stack (most recent call first):
[5.438s]   /opt/ros/humble/share/rosidl_generator_py/cmake/rosidl_generator_py_generate_interfaces.cmake:23 (find_package)
[5.438s]   /opt/ros/humble/share/ament_cmake_core/cmake/core/ament_execute_extensions.cmake:48 (include)
[5.438s]   /opt/ros/humble/share/rosidl_cmake/cmake/rosidl_generate_interfaces.cmake:286 (ament_execute_extensions)
[5.438s]   CMakeLists.txt:60 (rosidl_generate_interfaces)
[5.438s] This warning is for project developers.  Use -Wno-dev to suppress it.
[5.438s] [0m
[5.624s] -- Found PythonLibs: /usr/lib/x86_64-linux-gnu/libpython3.10.so (found suitable version "3.10.12", minimum required is "3.5") 
[5.625s] -- Using PYTHON_EXECUTABLE: /usr/bin/python3
[5.625s] -- Using PYTHON_INCLUDE_DIRS: /usr/include/python3.10
[5.625s] -- Using PYTHON_LIBRARIES: /usr/lib/x86_64-linux-gnu/libpython3.10.so
[5.644s] -- Found PythonExtra: .so  
[5.699s] -- Found ament_lint_auto: 0.12.11 (/opt/ros/humble/share/ament_lint_auto/cmake)
[5.732s] -- Added test 'lint_cmake' to check CMake code style
[5.736s] -- Added test 'xmllint' to check XML markup files
[5.740s] -- Configuring done (5.7s)
[5.788s] -- Generating done (0.0s)
[5.791s] -- Build files have been written to: /home/qianlab/lassie-turtle/dependencies/build/traveler_msgs
[5.805s] Invoked command in '/home/qianlab/lassie-turtle/dependencies/build/traveler_msgs' returned '0': CMAKE_PREFIX_PATH=/opt/ros/humble /usr/local/bin/cmake /home/qianlab/lassie-turtle/dependencies/traveler_msgs -DCMAKE_INSTALL_PREFIX=/home/qianlab/lassie-turtle/dependencies/install/traveler_msgs
[5.807s] Invoking command in '/home/qianlab/lassie-turtle/dependencies/build/traveler_msgs': CMAKE_PREFIX_PATH=/opt/ros/humble /usr/local/bin/cmake --build /home/qianlab/lassie-turtle/dependencies/build/traveler_msgs -- -j16 -l16
[5.823s] [  1%] [34m[1mGenerating C code for ROS interfaces[0m
[5.826s] [  2%] [34m[1mGenerating C++ code for ROS interfaces[0m
[5.829s] [  2%] Built target ament_cmake_python_copy_traveler_msgs
[6.027s] running egg_info
[6.028s] creating traveler_msgs.egg-info
[6.028s] writing traveler_msgs.egg-info/PKG-INFO
[6.028s] writing dependency_links to traveler_msgs.egg-info/dependency_links.txt
[6.029s] writing top-level names to traveler_msgs.egg-info/top_level.txt
[6.029s] writing manifest file 'traveler_msgs.egg-info/SOURCES.txt'
[6.031s] reading manifest file 'traveler_msgs.egg-info/SOURCES.txt'
[6.031s] writing manifest file 'traveler_msgs.egg-info/SOURCES.txt'
[6.056s] [  2%] Built target ament_cmake_python_build_traveler_msgs_egg
[6.327s] [  2%] Built target traveler_msgs__cpp
[6.333s] [  5%] [34m[1mGenerating C++ type support for eProsima Fast-RTPS[0m
[6.333s] [  5%] [34m[1mGenerating C++ type support dispatch for ROS interfaces[0m
[6.333s] [  7%] [34m[1mGenerating C++ introspection for ROS interfaces[0m
[6.346s] [  9%] [32mBuilding C object CMakeFiles/traveler_msgs__rosidl_generator_c.dir/rosidl_generator_c/traveler_msgs/msg/detail/odrive_status__functions.c.o[0m
[6.346s] [  9%] [32mBuilding C object CMakeFiles/traveler_msgs__rosidl_generator_c.dir/rosidl_generator_c/traveler_msgs/msg/detail/traveler_config__functions.c.o[0m
[6.346s] [ 12%] [32mBuilding C object CMakeFiles/traveler_msgs__rosidl_generator_c.dir/rosidl_generator_c/traveler_msgs/msg/detail/traveler_status__functions.c.o[0m
[6.346s] [ 12%] [32mBuilding C object CMakeFiles/traveler_msgs__rosidl_generator_c.dir/rosidl_generator_c/traveler_msgs/msg/detail/traveler_mode__functions.c.o[0m
[6.346s] [ 14%] [32mBuilding C object CMakeFiles/traveler_msgs__rosidl_generator_c.dir/rosidl_generator_c/traveler_msgs/msg/detail/set_state__functions.c.o[0m
[6.347s] [ 15%] [32mBuilding C object CMakeFiles/traveler_msgs__rosidl_generator_c.dir/rosidl_generator_c/traveler_msgs/msg/detail/set_input_position__functions.c.o[0m
[6.399s] [ 16%] [32m[1mLinking C shared library libtraveler_msgs__rosidl_generator_c.so[0m
[6.459s] [ 16%] Built target traveler_msgs__rosidl_generator_c
[6.463s] [ 19%] [34m[1mGenerating C type support for eProsima Fast-RTPS[0m
[6.463s] [ 19%] [34m[1mGenerating C introspection for ROS interfaces[0m
[6.463s] [ 21%] [34m[1mGenerating C type support dispatch for ROS interfaces[0m
[6.720s] [ 22%] [32mBuilding CXX object CMakeFiles/traveler_msgs__rosidl_typesupport_cpp.dir/rosidl_typesupport_cpp/traveler_msgs/msg/odrive_status__type_support.cpp.o[0m
[6.721s] [ 23%] [32mBuilding CXX object CMakeFiles/traveler_msgs__rosidl_typesupport_cpp.dir/rosidl_typesupport_cpp/traveler_msgs/msg/traveler_config__type_support.cpp.o[0m
[6.721s] [ 25%] [32mBuilding CXX object CMakeFiles/traveler_msgs__rosidl_typesupport_cpp.dir/rosidl_typesupport_cpp/traveler_msgs/msg/traveler_mode__type_support.cpp.o[0m
[6.721s] [ 26%] [32mBuilding CXX object CMakeFiles/traveler_msgs__rosidl_typesupport_cpp.dir/rosidl_typesupport_cpp/traveler_msgs/msg/traveler_status__type_support.cpp.o[0m
[6.721s] [ 28%] [32mBuilding CXX object CMakeFiles/traveler_msgs__rosidl_typesupport_cpp.dir/rosidl_typesupport_cpp/traveler_msgs/msg/set_state__type_support.cpp.o[0m
[6.721s] [ 29%] [32mBuilding CXX object CMakeFiles/traveler_msgs__rosidl_typesupport_cpp.dir/rosidl_typesupport_cpp/traveler_msgs/msg/set_input_position__type_support.cpp.o[0m
[6.774s] [ 32%] [32mBuilding CXX object CMakeFiles/traveler_msgs__rosidl_typesupport_introspection_cpp.dir/rosidl_typesupport_introspection_cpp/traveler_msgs/msg/detail/odrive_status__type_support.cpp.o[0m
[6.774s] [ 32%] [32mBuilding CXX object CMakeFiles/traveler_msgs__rosidl_typesupport_introspection_cpp.dir/rosidl_typesupport_introspection_cpp/traveler_msgs/msg/detail/traveler_config__type_support.cpp.o[0m
[6.775s] [ 35%] [32mBuilding CXX object CMakeFiles/traveler_msgs__rosidl_typesupport_introspection_cpp.dir/rosidl_typesupport_introspection_cpp/traveler_msgs/msg/detail/traveler_mode__type_support.cpp.o[0m
[6.775s] [ 35%] [32mBuilding CXX object CMakeFiles/traveler_msgs__rosidl_typesupport_introspection_cpp.dir/rosidl_typesupport_introspection_cpp/traveler_msgs/msg/detail/traveler_status__type_support.cpp.o[0m
[6.775s] [ 38%] [32mBuilding CXX object CMakeFiles/traveler_msgs__rosidl_typesupport_introspection_cpp.dir/rosidl_typesupport_introspection_cpp/traveler_msgs/msg/detail/set_state__type_support.cpp.o[0m
[6.775s] [ 38%] [32mBuilding CXX object CMakeFiles/traveler_msgs__rosidl_typesupport_introspection_cpp.dir/rosidl_typesupport_introspection_cpp/traveler_msgs/msg/detail/set_input_position__type_support.cpp.o[0m
[6.893s] [ 39%] [32mBuilding CXX object CMakeFiles/traveler_msgs__rosidl_typesupport_fastrtps_cpp.dir/rosidl_typesupport_fastrtps_cpp/traveler_msgs/msg/detail/dds_fastrtps/odrive_status__type_support.cpp.o[0m
[6.989s] [ 40%] [32mBuilding CXX object CMakeFiles/traveler_msgs__rosidl_typesupport_c.dir/rosidl_typesupport_c/traveler_msgs/msg/odrive_status__type_support.cpp.o[0m
[7.067s] [ 42%] [32mBuilding CXX object CMakeFiles/traveler_msgs__rosidl_typesupport_c.dir/rosidl_typesupport_c/traveler_msgs/msg/traveler_config__type_support.cpp.o[0m
[7.098s] [ 43%] [32mBuilding C object CMakeFiles/traveler_msgs__rosidl_typesupport_introspection_c.dir/rosidl_typesupport_introspection_c/traveler_msgs/msg/detail/odrive_status__type_support.c.o[0m
[7.120s] [ 45%] [32mBuilding CXX object CMakeFiles/traveler_msgs__rosidl_typesupport_c.dir/rosidl_typesupport_c/traveler_msgs/msg/traveler_mode__type_support.cpp.o[0m
[7.137s] [ 46%] [32mBuilding CXX object CMakeFiles/traveler_msgs__rosidl_typesupport_fastrtps_c.dir/rosidl_typesupport_fastrtps_c/traveler_msgs/msg/detail/odrive_status__type_support_c.cpp.o[0m
[7.155s] [ 49%] [32mBuilding C object CMakeFiles/traveler_msgs__rosidl_typesupport_introspection_c.dir/rosidl_typesupport_introspection_c/traveler_msgs/msg/detail/traveler_config__type_support.c.o[0m
[7.156s] [ 49%] [32mBuilding CXX object CMakeFiles/traveler_msgs__rosidl_typesupport_c.dir/rosidl_typesupport_c/traveler_msgs/msg/traveler_status__type_support.cpp.o[0m
[7.200s] [ 50%] [32mBuilding CXX object CMakeFiles/traveler_msgs__rosidl_typesupport_c.dir/rosidl_typesupport_c/traveler_msgs/msg/set_state__type_support.cpp.o[0m
[7.201s] [ 52%] [32mBuilding C object CMakeFiles/traveler_msgs__rosidl_typesupport_introspection_c.dir/rosidl_typesupport_introspection_c/traveler_msgs/msg/detail/traveler_mode__type_support.c.o[0m
[7.232s] [ 53%] [32mBuilding CXX object CMakeFiles/traveler_msgs__rosidl_typesupport_c.dir/rosidl_typesupport_c/traveler_msgs/msg/set_input_position__type_support.cpp.o[0m
[7.235s] [ 56%] [32mBuilding CXX object CMakeFiles/traveler_msgs__rosidl_typesupport_fastrtps_c.dir/rosidl_typesupport_fastrtps_c/traveler_msgs/msg/detail/traveler_config__type_support_c.cpp.o[0m
[7.235s] [ 57%] [32mBuilding C object CMakeFiles/traveler_msgs__rosidl_typesupport_introspection_c.dir/rosidl_typesupport_introspection_c/traveler_msgs/msg/detail/traveler_status__type_support.c.o[0m
[7.235s] [ 57%] [32mBuilding CXX object CMakeFiles/traveler_msgs__rosidl_typesupport_fastrtps_cpp.dir/rosidl_typesupport_fastrtps_cpp/traveler_msgs/msg/detail/dds_fastrtps/traveler_config__type_support.cpp.o[0m
[7.238s] [ 59%] [32mBuilding CXX object CMakeFiles/traveler_msgs__rosidl_typesupport_fastrtps_cpp.dir/rosidl_typesupport_fastrtps_cpp/traveler_msgs/msg/detail/dds_fastrtps/traveler_mode__type_support.cpp.o[0m
[7.245s] [ 60%] [32mBuilding CXX object CMakeFiles/traveler_msgs__rosidl_typesupport_fastrtps_c.dir/rosidl_typesupport_fastrtps_c/traveler_msgs/msg/detail/traveler_mode__type_support_c.cpp.o[0m
[7.251s] [ 61%] [32mBuilding C object CMakeFiles/traveler_msgs__rosidl_typesupport_introspection_c.dir/rosidl_typesupport_introspection_c/traveler_msgs/msg/detail/set_state__type_support.c.o[0m
[7.253s] [ 63%] [32m[1mLinking CXX shared library libtraveler_msgs__rosidl_typesupport_cpp.so[0m
[7.265s] [ 64%] [32m[1mLinking CXX shared library libtraveler_msgs__rosidl_typesupport_c.so[0m
[7.285s] [ 66%] [32mBuilding C object CMakeFiles/traveler_msgs__rosidl_typesupport_introspection_c.dir/rosidl_typesupport_introspection_c/traveler_msgs/msg/detail/set_input_position__type_support.c.o[0m
[7.291s] [ 67%] [32mBuilding CXX object CMakeFiles/traveler_msgs__rosidl_typesupport_fastrtps_c.dir/rosidl_typesupport_fastrtps_c/traveler_msgs/msg/detail/traveler_status__type_support_c.cpp.o[0m
[7.330s] [ 69%] [32m[1mLinking C shared library libtraveler_msgs__rosidl_typesupport_introspection_c.so[0m
[7.384s] [ 69%] Built target traveler_msgs__rosidl_typesupport_cpp
[7.388s] [ 70%] [32mBuilding CXX object CMakeFiles/traveler_msgs__rosidl_typesupport_fastrtps_c.dir/rosidl_typesupport_fastrtps_c/traveler_msgs/msg/detail/set_state__type_support_c.cpp.o[0m
[7.396s] [ 70%] Built target traveler_msgs__rosidl_typesupport_c
[7.400s] [ 71%] [32mBuilding CXX object CMakeFiles/traveler_msgs__rosidl_typesupport_fastrtps_c.dir/rosidl_typesupport_fastrtps_c/traveler_msgs/msg/detail/set_input_position__type_support_c.cpp.o[0m
[7.412s] [ 73%] [32mBuilding CXX object CMakeFiles/traveler_msgs__rosidl_typesupport_fastrtps_cpp.dir/rosidl_typesupport_fastrtps_cpp/traveler_msgs/msg/detail/dds_fastrtps/traveler_status__type_support.cpp.o[0m
[7.417s] [ 73%] Built target traveler_msgs__rosidl_typesupport_introspection_c
[7.417s] [ 74%] [32mBuilding CXX object CMakeFiles/traveler_msgs__rosidl_typesupport_fastrtps_cpp.dir/rosidl_typesupport_fastrtps_cpp/traveler_msgs/msg/detail/dds_fastrtps/set_state__type_support.cpp.o[0m
[7.420s] [ 76%] [32mBuilding CXX object CMakeFiles/traveler_msgs__rosidl_typesupport_fastrtps_cpp.dir/rosidl_typesupport_fastrtps_cpp/traveler_msgs/msg/detail/dds_fastrtps/set_input_position__type_support.cpp.o[0m
[7.474s] [ 77%] [32m[1mLinking CXX shared library libtraveler_msgs__rosidl_typesupport_introspection_cpp.so[0m
[7.639s] [ 77%] Built target traveler_msgs__rosidl_typesupport_introspection_cpp
[7.800s] [ 78%] [32m[1mLinking CXX shared library libtraveler_msgs__rosidl_typesupport_fastrtps_c.so[0m
[7.860s] [ 80%] [32m[1mLinking CXX shared library libtraveler_msgs__rosidl_typesupport_fastrtps_cpp.so[0m
[7.889s] [ 80%] Built target traveler_msgs__rosidl_typesupport_fastrtps_c
[7.937s] [ 80%] Built target traveler_msgs__rosidl_typesupport_fastrtps_cpp
[7.945s] [ 80%] Built target traveler_msgs
[7.952s] [ 81%] [34m[1mGenerating Python code for ROS interfaces[0m
[8.721s] [ 81%] Built target traveler_msgs__py
[8.727s] [ 83%] [32mBuilding C object CMakeFiles/traveler_msgs__rosidl_generator_py.dir/rosidl_generator_py/traveler_msgs/msg/_odrive_status_s.c.o[0m
[8.728s] [ 84%] [32mBuilding C object CMakeFiles/traveler_msgs__rosidl_generator_py.dir/rosidl_generator_py/traveler_msgs/msg/_traveler_config_s.c.o[0m
[8.728s] [ 85%] [32mBuilding C object CMakeFiles/traveler_msgs__rosidl_generator_py.dir/rosidl_generator_py/traveler_msgs/msg/_traveler_mode_s.c.o[0m
[8.728s] [ 88%] [32mBuilding C object CMakeFiles/traveler_msgs__rosidl_generator_py.dir/rosidl_generator_py/traveler_msgs/msg/_traveler_status_s.c.o[0m
[8.728s] [ 88%] [32mBuilding C object CMakeFiles/traveler_msgs__rosidl_generator_py.dir/rosidl_generator_py/traveler_msgs/msg/_set_state_s.c.o[0m
[8.729s] [ 90%] [32mBuilding C object CMakeFiles/traveler_msgs__rosidl_generator_py.dir/rosidl_generator_py/traveler_msgs/msg/_set_input_position_s.c.o[0m
[8.869s] [ 91%] [32m[1mLinking C shared library rosidl_generator_py/traveler_msgs/libtraveler_msgs__rosidl_generator_py.so[0m
[8.928s] [ 91%] Built target traveler_msgs__rosidl_generator_py
[8.934s] [ 94%] [32mBuilding C object CMakeFiles/traveler_msgs__rosidl_typesupport_fastrtps_c__pyext.dir/rosidl_generator_py/traveler_msgs/_traveler_msgs_s.ep.rosidl_typesupport_fastrtps_c.c.o[0m
[8.935s] [ 94%] [32mBuilding C object CMakeFiles/traveler_msgs__rosidl_typesupport_introspection_c__pyext.dir/rosidl_generator_py/traveler_msgs/_traveler_msgs_s.ep.rosidl_typesupport_introspection_c.c.o[0m
[8.935s] [ 95%] [32mBuilding C object CMakeFiles/traveler_msgs__rosidl_typesupport_c__pyext.dir/rosidl_generator_py/traveler_msgs/_traveler_msgs_s.ep.rosidl_typesupport_c.c.o[0m
[9.011s] [ 98%] [32m[1mLinking C shared library rosidl_generator_py/traveler_msgs/traveler_msgs_s__rosidl_typesupport_c.cpython-310-x86_64-linux-gnu.so[0m
[9.011s] [ 98%] [32m[1mLinking C shared library rosidl_generator_py/traveler_msgs/traveler_msgs_s__rosidl_typesupport_introspection_c.cpython-310-x86_64-linux-gnu.so[0m
[9.016s] [100%] [32m[1mLinking C shared library rosidl_generator_py/traveler_msgs/traveler_msgs_s__rosidl_typesupport_fastrtps_c.cpython-310-x86_64-linux-gnu.so[0m
[9.055s] [100%] Built target traveler_msgs__rosidl_typesupport_introspection_c__pyext
[9.056s] [100%] Built target traveler_msgs__rosidl_typesupport_c__pyext
[9.067s] [100%] Built target traveler_msgs__rosidl_typesupport_fastrtps_c__pyext
[9.075s] Invoked command in '/home/qianlab/lassie-turtle/dependencies/build/traveler_msgs' returned '0': CMAKE_PREFIX_PATH=/opt/ros/humble /usr/local/bin/cmake --build /home/qianlab/lassie-turtle/dependencies/build/traveler_msgs -- -j16 -l16
[9.206s] Invoking command in '/home/qianlab/lassie-turtle/dependencies/build/traveler_msgs': CMAKE_PREFIX_PATH=/opt/ros/humble /usr/local/bin/cmake --install /home/qianlab/lassie-turtle/dependencies/build/traveler_msgs
[9.207s] -- Install configuration: ""
[9.208s] -- Installing: /home/qianlab/lassie-turtle/dependencies/install/traveler_msgs/share/ament_index/resource_index/rosidl_interfaces/traveler_msgs
[9.209s] -- Installing: /home/qianlab/lassie-turtle/dependencies/install/traveler_msgs/include/traveler_msgs/traveler_msgs
[9.209s] -- Installing: /home/qianlab/lassie-turtle/dependencies/install/traveler_msgs/include/traveler_msgs/traveler_msgs/msg
[9.211s] -- Installing: /home/qianlab/lassie-turtle/dependencies/install/traveler_msgs/include/traveler_msgs/traveler_msgs/msg/set_state.h
[9.211s] -- Installing: /home/qianlab/lassie-turtle/dependencies/install/traveler_msgs/include/traveler_msgs/traveler_msgs/msg/odrive_status.h
[9.212s] -- Installing: /home/qianlab/lassie-turtle/dependencies/install/traveler_msgs/include/traveler_msgs/traveler_msgs/msg/traveler_status.h
[9.212s] -- Installing: /home/qianlab/lassie-turtle/dependencies/install/traveler_msgs/include/traveler_msgs/traveler_msgs/msg/traveler_config.h
[9.212s] -- Installing: /home/qianlab/lassie-turtle/dependencies/install/traveler_msgs/include/traveler_msgs/traveler_msgs/msg/detail
[9.212s] -- Installing: /home/qianlab/lassie-turtle/dependencies/install/traveler_msgs/include/traveler_msgs/traveler_msgs/msg/detail/traveler_mode__functions.c
[9.212s] -- Installing: /home/qianlab/lassie-turtle/dependencies/install/traveler_msgs/include/traveler_msgs/traveler_msgs/msg/detail/set_state__functions.c
[9.212s] -- Installing: /home/qianlab/lassie-turtle/dependencies/install/traveler_msgs/include/traveler_msgs/traveler_msgs/msg/detail/set_state__type_support.h
[9.213s] -- Installing: /home/qianlab/lassie-turtle/dependencies/install/traveler_msgs/include/traveler_msgs/traveler_msgs/msg/detail/odrive_status__struct.h
[9.213s] -- Installing: /home/qianlab/lassie-turtle/dependencies/install/traveler_msgs/include/traveler_msgs/traveler_msgs/msg/detail/traveler_status__type_support.h
[9.213s] -- Installing: /home/qianlab/lassie-turtle/dependencies/install/traveler_msgs/include/traveler_msgs/traveler_msgs/msg/detail/set_input_position__struct.h
[9.213s] -- Installing: /home/qianlab/lassie-turtle/dependencies/install/traveler_msgs/include/traveler_msgs/traveler_msgs/msg/detail/traveler_config__type_support.h
[9.213s] -- Installing: /home/qianlab/lassie-turtle/dependencies/install/traveler_msgs/include/traveler_msgs/traveler_msgs/msg/detail/traveler_mode__struct.h
[9.213s] -- Installing: /home/qianlab/lassie-turtle/dependencies/install/traveler_msgs/include/traveler_msgs/traveler_msgs/msg/detail/set_state__functions.h
[9.214s] -- Installing: /home/qianlab/lassie-turtle/dependencies/install/traveler_msgs/include/traveler_msgs/traveler_msgs/msg/detail/set_input_position__functions.c
[9.214s] -- Installing: /home/qianlab/lassie-turtle/dependencies/install/traveler_msgs/include/traveler_msgs/traveler_msgs/msg/detail/odrive_status__functions.h
[9.214s] -- Installing: /home/qianlab/lassie-turtle/dependencies/install/traveler_msgs/include/traveler_msgs/traveler_msgs/msg/detail/set_input_position__type_support.h
[9.214s] -- Installing: /home/qianlab/lassie-turtle/dependencies/install/traveler_msgs/include/traveler_msgs/traveler_msgs/msg/detail/odrive_status__type_support.h
[9.214s] -- Installing: /home/qianlab/lassie-turtle/dependencies/install/traveler_msgs/include/traveler_msgs/traveler_msgs/msg/detail/traveler_mode__type_support.h
[9.215s] -- Installing: /home/qianlab/lassie-turtle/dependencies/install/traveler_msgs/include/traveler_msgs/traveler_msgs/msg/detail/traveler_status__functions.c
[9.215s] -- Installing: /home/qianlab/lassie-turtle/dependencies/install/traveler_msgs/include/traveler_msgs/traveler_msgs/msg/detail/set_state__struct.h
[9.215s] -- Installing: /home/qianlab/lassie-turtle/dependencies/install/traveler_msgs/include/traveler_msgs/traveler_msgs/msg/detail/traveler_config__functions.h
[9.215s] -- Installing: /home/qianlab/lassie-turtle/dependencies/install/traveler_msgs/include/traveler_msgs/traveler_msgs/msg/detail/traveler_mode__functions.h
[9.215s] -- Installing: /home/qianlab/lassie-turtle/dependencies/install/traveler_msgs/include/traveler_msgs/traveler_msgs/msg/detail/traveler_status__functions.h
[9.215s] -- Installing: /home/qianlab/lassie-turtle/dependencies/install/traveler_msgs/include/traveler_msgs/traveler_msgs/msg/detail/odrive_status__functions.c
[9.215s] -- Installing: /home/qianlab/lassie-turtle/dependencies/install/traveler_msgs/include/traveler_msgs/traveler_msgs/msg/detail/traveler_config__functions.c
[9.215s] -- Installing: /home/qianlab/lassie-turtle/dependencies/install/traveler_msgs/include/traveler_msgs/traveler_msgs/msg/detail/set_input_position__functions.h
[9.216s] -- Installing: /home/qianlab/lassie-turtle/dependencies/install/traveler_msgs/include/traveler_msgs/traveler_msgs/msg/detail/traveler_status__struct.h
[9.216s] -- Installing: /home/qianlab/lassie-turtle/dependencies/install/traveler_msgs/include/traveler_msgs/traveler_msgs/msg/detail/traveler_config__struct.h
[9.216s] -- Installing: /home/qianlab/lassie-turtle/dependencies/install/traveler_msgs/include/traveler_msgs/traveler_msgs/msg/rosidl_generator_c__visibility_control.h
[9.216s] -- Installing: /home/qianlab/lassie-turtle/dependencies/install/traveler_msgs/include/traveler_msgs/traveler_msgs/msg/set_input_position.h
[9.216s] -- Installing: /home/qianlab/lassie-turtle/dependencies/install/traveler_msgs/include/traveler_msgs/traveler_msgs/msg/traveler_mode.h
[9.216s] -- Installing: /home/qianlab/lassie-turtle/dependencies/install/traveler_msgs/share/traveler_msgs/environment/library_path.sh
[9.216s] -- Installing: /home/qianlab/lassie-turtle/dependencies/install/traveler_msgs/share/traveler_msgs/environment/library_path.dsv
[9.216s] -- Installing: /home/qianlab/lassie-turtle/dependencies/install/traveler_msgs/lib/libtraveler_msgs__rosidl_generator_c.so
[9.216s] -- Set runtime path of "/home/qianlab/lassie-turtle/dependencies/install/traveler_msgs/lib/libtraveler_msgs__rosidl_generator_c.so" to ""
[9.217s] -- Up-to-date: /home/qianlab/lassie-turtle/dependencies/install/traveler_msgs/include/traveler_msgs/traveler_msgs
[9.217s] -- Up-to-date: /home/qianlab/lassie-turtle/dependencies/install/traveler_msgs/include/traveler_msgs/traveler_msgs/msg
[9.217s] -- Installing: /home/qianlab/lassie-turtle/dependencies/install/traveler_msgs/include/traveler_msgs/traveler_msgs/msg/rosidl_typesupport_fastrtps_c__visibility_control.h
[9.217s] -- Up-to-date: /home/qianlab/lassie-turtle/dependencies/install/traveler_msgs/include/traveler_msgs/traveler_msgs/msg/detail
[9.217s] -- Installing: /home/qianlab/lassie-turtle/dependencies/install/traveler_msgs/include/traveler_msgs/traveler_msgs/msg/detail/set_state__rosidl_typesupport_fastrtps_c.h
[9.218s] -- Installing: /home/qianlab/lassie-turtle/dependencies/install/traveler_msgs/include/traveler_msgs/traveler_msgs/msg/detail/set_input_position__rosidl_typesupport_fastrtps_c.h
[9.218s] -- Installing: /home/qianlab/lassie-turtle/dependencies/install/traveler_msgs/include/traveler_msgs/traveler_msgs/msg/detail/traveler_config__rosidl_typesupport_fastrtps_c.h
[9.218s] -- Installing: /home/qianlab/lassie-turtle/dependencies/install/traveler_msgs/include/traveler_msgs/traveler_msgs/msg/detail/odrive_status__rosidl_typesupport_fastrtps_c.h
[9.218s] -- Installing: /home/qianlab/lassie-turtle/dependencies/install/traveler_msgs/include/traveler_msgs/traveler_msgs/msg/detail/traveler_status__rosidl_typesupport_fastrtps_c.h
[9.218s] -- Installing: /home/qianlab/lassie-turtle/dependencies/install/traveler_msgs/include/traveler_msgs/traveler_msgs/msg/detail/traveler_mode__rosidl_typesupport_fastrtps_c.h
[9.218s] -- Installing: /home/qianlab/lassie-turtle/dependencies/install/traveler_msgs/lib/libtraveler_msgs__rosidl_typesupport_fastrtps_c.so
[9.219s] -- Set runtime path of "/home/qianlab/lassie-turtle/dependencies/install/traveler_msgs/lib/libtraveler_msgs__rosidl_typesupport_fastrtps_c.so" to ""
[9.219s] -- Up-to-date: /home/qianlab/lassie-turtle/dependencies/install/traveler_msgs/include/traveler_msgs/traveler_msgs
[9.219s] -- Up-to-date: /home/qianlab/lassie-turtle/dependencies/install/traveler_msgs/include/traveler_msgs/traveler_msgs/msg
[9.219s] -- Installing: /home/qianlab/lassie-turtle/dependencies/install/traveler_msgs/include/traveler_msgs/traveler_msgs/msg/traveler_mode.hpp
[9.219s] -- Installing: /home/qianlab/lassie-turtle/dependencies/install/traveler_msgs/include/traveler_msgs/traveler_msgs/msg/set_state.hpp
[9.219s] -- Installing: /home/qianlab/lassie-turtle/dependencies/install/traveler_msgs/include/traveler_msgs/traveler_msgs/msg/traveler_config.hpp
[9.219s] -- Up-to-date: /home/qianlab/lassie-turtle/dependencies/install/traveler_msgs/include/traveler_msgs/traveler_msgs/msg/detail
[9.220s] -- Installing: /home/qianlab/lassie-turtle/dependencies/install/traveler_msgs/include/traveler_msgs/traveler_msgs/msg/detail/traveler_config__builder.hpp
[9.220s] -- Installing: /home/qianlab/lassie-turtle/dependencies/install/traveler_msgs/include/traveler_msgs/traveler_msgs/msg/detail/traveler_status__builder.hpp
[9.220s] -- Installing: /home/qianlab/lassie-turtle/dependencies/install/traveler_msgs/include/traveler_msgs/traveler_msgs/msg/detail/set_state__struct.hpp
[9.220s] -- Installing: /home/qianlab/lassie-turtle/dependencies/install/traveler_msgs/include/traveler_msgs/traveler_msgs/msg/detail/traveler_mode__struct.hpp
[9.220s] -- Installing: /home/qianlab/lassie-turtle/dependencies/install/traveler_msgs/include/traveler_msgs/traveler_msgs/msg/detail/traveler_config__struct.hpp
[9.220s] -- Installing: /home/qianlab/lassie-turtle/dependencies/install/traveler_msgs/include/traveler_msgs/traveler_msgs/msg/detail/traveler_status__struct.hpp
[9.221s] -- Installing: /home/qianlab/lassie-turtle/dependencies/install/traveler_msgs/include/traveler_msgs/traveler_msgs/msg/detail/odrive_status__struct.hpp
[9.221s] -- Installing: /home/qianlab/lassie-turtle/dependencies/install/traveler_msgs/include/traveler_msgs/traveler_msgs/msg/detail/traveler_mode__traits.hpp
[9.221s] -- Installing: /home/qianlab/lassie-turtle/dependencies/install/traveler_msgs/include/traveler_msgs/traveler_msgs/msg/detail/traveler_status__traits.hpp
[9.221s] -- Installing: /home/qianlab/lassie-turtle/dependencies/install/traveler_msgs/include/traveler_msgs/traveler_msgs/msg/detail/traveler_mode__builder.hpp
[9.221s] -- Installing: /home/qianlab/lassie-turtle/dependencies/install/traveler_msgs/include/traveler_msgs/traveler_msgs/msg/detail/traveler_config__traits.hpp
[9.221s] -- Installing: /home/qianlab/lassie-turtle/dependencies/install/traveler_msgs/include/traveler_msgs/traveler_msgs/msg/detail/set_input_position__struct.hpp
[9.222s] -- Installing: /home/qianlab/lassie-turtle/dependencies/install/traveler_msgs/include/traveler_msgs/traveler_msgs/msg/detail/odrive_status__traits.hpp
[9.222s] -- Installing: /home/qianlab/lassie-turtle/dependencies/install/traveler_msgs/include/traveler_msgs/traveler_msgs/msg/detail/set_state__traits.hpp
[9.222s] -- Installing: /home/qianlab/lassie-turtle/dependencies/install/traveler_msgs/include/traveler_msgs/traveler_msgs/msg/detail/set_input_position__builder.hpp
[9.222s] -- Installing: /home/qianlab/lassie-turtle/dependencies/install/traveler_msgs/include/traveler_msgs/traveler_msgs/msg/detail/set_state__builder.hpp
[9.222s] -- Installing: /home/qianlab/lassie-turtle/dependencies/install/traveler_msgs/include/traveler_msgs/traveler_msgs/msg/detail/odrive_status__builder.hpp
[9.222s] -- Installing: /home/qianlab/lassie-turtle/dependencies/install/traveler_msgs/include/traveler_msgs/traveler_msgs/msg/detail/set_input_position__traits.hpp
[9.223s] -- Installing: /home/qianlab/lassie-turtle/dependencies/install/traveler_msgs/include/traveler_msgs/traveler_msgs/msg/set_input_position.hpp
[9.223s] -- Installing: /home/qianlab/lassie-turtle/dependencies/install/traveler_msgs/include/traveler_msgs/traveler_msgs/msg/traveler_status.hpp
[9.223s] -- Installing: /home/qianlab/lassie-turtle/dependencies/install/traveler_msgs/include/traveler_msgs/traveler_msgs/msg/odrive_status.hpp
[9.223s] -- Up-to-date: /home/qianlab/lassie-turtle/dependencies/install/traveler_msgs/include/traveler_msgs/traveler_msgs
[9.223s] -- Up-to-date: /home/qianlab/lassie-turtle/dependencies/install/traveler_msgs/include/traveler_msgs/traveler_msgs/msg
[9.223s] -- Installing: /home/qianlab/lassie-turtle/dependencies/install/traveler_msgs/include/traveler_msgs/traveler_msgs/msg/rosidl_typesupport_fastrtps_cpp__visibility_control.h
[9.223s] -- Up-to-date: /home/qianlab/lassie-turtle/dependencies/install/traveler_msgs/include/traveler_msgs/traveler_msgs/msg/detail
[9.224s] -- Installing: /home/qianlab/lassie-turtle/dependencies/install/traveler_msgs/include/traveler_msgs/traveler_msgs/msg/detail/traveler_config__rosidl_typesupport_fastrtps_cpp.hpp
[9.224s] -- Installing: /home/qianlab/lassie-turtle/dependencies/install/traveler_msgs/include/traveler_msgs/traveler_msgs/msg/detail/odrive_status__rosidl_typesupport_fastrtps_cpp.hpp
[9.224s] -- Installing: /home/qianlab/lassie-turtle/dependencies/install/traveler_msgs/include/traveler_msgs/traveler_msgs/msg/detail/dds_fastrtps
[9.224s] -- Installing: /home/qianlab/lassie-turtle/dependencies/install/traveler_msgs/include/traveler_msgs/traveler_msgs/msg/detail/set_state__rosidl_typesupport_fastrtps_cpp.hpp
[9.224s] -- Installing: /home/qianlab/lassie-turtle/dependencies/install/traveler_msgs/include/traveler_msgs/traveler_msgs/msg/detail/traveler_mode__rosidl_typesupport_fastrtps_cpp.hpp
[9.224s] -- Installing: /home/qianlab/lassie-turtle/dependencies/install/traveler_msgs/include/traveler_msgs/traveler_msgs/msg/detail/set_input_position__rosidl_typesupport_fastrtps_cpp.hpp
[9.224s] -- Installing: /home/qianlab/lassie-turtle/dependencies/install/traveler_msgs/include/traveler_msgs/traveler_msgs/msg/detail/traveler_status__rosidl_typesupport_fastrtps_cpp.hpp
[9.224s] -- Installing: /home/qianlab/lassie-turtle/dependencies/install/traveler_msgs/lib/libtraveler_msgs__rosidl_typesupport_fastrtps_cpp.so
[9.225s] -- Set runtime path of "/home/qianlab/lassie-turtle/dependencies/install/traveler_msgs/lib/libtraveler_msgs__rosidl_typesupport_fastrtps_cpp.so" to ""
[9.225s] -- Up-to-date: /home/qianlab/lassie-turtle/dependencies/install/traveler_msgs/include/traveler_msgs/traveler_msgs
[9.225s] -- Up-to-date: /home/qianlab/lassie-turtle/dependencies/install/traveler_msgs/include/traveler_msgs/traveler_msgs/msg
[9.225s] -- Installing: /home/qianlab/lassie-turtle/dependencies/install/traveler_msgs/include/traveler_msgs/traveler_msgs/msg/rosidl_typesupport_introspection_c__visibility_control.h
[9.225s] -- Up-to-date: /home/qianlab/lassie-turtle/dependencies/install/traveler_msgs/include/traveler_msgs/traveler_msgs/msg/detail
[9.225s] -- Installing: /home/qianlab/lassie-turtle/dependencies/install/traveler_msgs/include/traveler_msgs/traveler_msgs/msg/detail/traveler_mode__rosidl_typesupport_introspection_c.h
[9.226s] -- Installing: /home/qianlab/lassie-turtle/dependencies/install/traveler_msgs/include/traveler_msgs/traveler_msgs/msg/detail/traveler_mode__type_support.c
[9.226s] -- Installing: /home/qianlab/lassie-turtle/dependencies/install/traveler_msgs/include/traveler_msgs/traveler_msgs/msg/detail/traveler_status__type_support.c
[9.226s] -- Installing: /home/qianlab/lassie-turtle/dependencies/install/traveler_msgs/include/traveler_msgs/traveler_msgs/msg/detail/odrive_status__type_support.c
[9.226s] -- Installing: /home/qianlab/lassie-turtle/dependencies/install/traveler_msgs/include/traveler_msgs/traveler_msgs/msg/detail/traveler_status__rosidl_typesupport_introspection_c.h
[9.226s] -- Installing: /home/qianlab/lassie-turtle/dependencies/install/traveler_msgs/include/traveler_msgs/traveler_msgs/msg/detail/odrive_status__rosidl_typesupport_introspection_c.h
[9.227s] -- Installing: /home/qianlab/lassie-turtle/dependencies/install/traveler_msgs/include/traveler_msgs/traveler_msgs/msg/detail/set_state__type_support.c
[9.227s] -- Installing: /home/qianlab/lassie-turtle/dependencies/install/traveler_msgs/include/traveler_msgs/traveler_msgs/msg/detail/traveler_config__type_support.c
[9.227s] -- Installing: /home/qianlab/lassie-turtle/dependencies/install/traveler_msgs/include/traveler_msgs/traveler_msgs/msg/detail/traveler_config__rosidl_typesupport_introspection_c.h
[9.227s] -- Installing: /home/qianlab/lassie-turtle/dependencies/install/traveler_msgs/include/traveler_msgs/traveler_msgs/msg/detail/set_input_position__type_support.c
[9.227s] -- Installing: /home/qianlab/lassie-turtle/dependencies/install/traveler_msgs/include/traveler_msgs/traveler_msgs/msg/detail/set_input_position__rosidl_typesupport_introspection_c.h
[9.227s] -- Installing: /home/qianlab/lassie-turtle/dependencies/install/traveler_msgs/include/traveler_msgs/traveler_msgs/msg/detail/set_state__rosidl_typesupport_introspection_c.h
[9.227s] -- Installing: /home/qianlab/lassie-turtle/dependencies/install/traveler_msgs/lib/libtraveler_msgs__rosidl_typesupport_introspection_c.so
[9.227s] -- Set runtime path of "/home/qianlab/lassie-turtle/dependencies/install/traveler_msgs/lib/libtraveler_msgs__rosidl_typesupport_introspection_c.so" to ""
[9.227s] -- Installing: /home/qianlab/lassie-turtle/dependencies/install/traveler_msgs/lib/libtraveler_msgs__rosidl_typesupport_c.so
[9.227s] -- Set runtime path of "/home/qianlab/lassie-turtle/dependencies/install/traveler_msgs/lib/libtraveler_msgs__rosidl_typesupport_c.so" to ""
[9.227s] -- Up-to-date: /home/qianlab/lassie-turtle/dependencies/install/traveler_msgs/include/traveler_msgs/traveler_msgs
[9.227s] -- Up-to-date: /home/qianlab/lassie-turtle/dependencies/install/traveler_msgs/include/traveler_msgs/traveler_msgs/msg
[9.227s] -- Up-to-date: /home/qianlab/lassie-turtle/dependencies/install/traveler_msgs/include/traveler_msgs/traveler_msgs/msg/detail
[9.227s] -- Installing: /home/qianlab/lassie-turtle/dependencies/install/traveler_msgs/include/traveler_msgs/traveler_msgs/msg/detail/set_state__rosidl_typesupport_introspection_cpp.hpp
[9.227s] -- Installing: /home/qianlab/lassie-turtle/dependencies/install/traveler_msgs/include/traveler_msgs/traveler_msgs/msg/detail/set_input_position__rosidl_typesupport_introspection_cpp.hpp
[9.228s] -- Installing: /home/qianlab/lassie-turtle/dependencies/install/traveler_msgs/include/traveler_msgs/traveler_msgs/msg/detail/traveler_config__rosidl_typesupport_introspection_cpp.hpp
[9.228s] -- Installing: /home/qianlab/lassie-turtle/dependencies/install/traveler_msgs/include/traveler_msgs/traveler_msgs/msg/detail/set_input_position__type_support.cpp
[9.228s] -- Installing: /home/qianlab/lassie-turtle/dependencies/install/traveler_msgs/include/traveler_msgs/traveler_msgs/msg/detail/traveler_status__type_support.cpp
[9.228s] -- Installing: /home/qianlab/lassie-turtle/dependencies/install/traveler_msgs/include/traveler_msgs/traveler_msgs/msg/detail/traveler_mode__type_support.cpp
[9.228s] -- Installing: /home/qianlab/lassie-turtle/dependencies/install/traveler_msgs/include/traveler_msgs/traveler_msgs/msg/detail/traveler_mode__rosidl_typesupport_introspection_cpp.hpp
[9.228s] -- Installing: /home/qianlab/lassie-turtle/dependencies/install/traveler_msgs/include/traveler_msgs/traveler_msgs/msg/detail/odrive_status__type_support.cpp
[9.228s] -- Installing: /home/qianlab/lassie-turtle/dependencies/install/traveler_msgs/include/traveler_msgs/traveler_msgs/msg/detail/odrive_status__rosidl_typesupport_introspection_cpp.hpp
[9.229s] -- Installing: /home/qianlab/lassie-turtle/dependencies/install/traveler_msgs/include/traveler_msgs/traveler_msgs/msg/detail/traveler_config__type_support.cpp
[9.229s] -- Installing: /home/qianlab/lassie-turtle/dependencies/install/traveler_msgs/include/traveler_msgs/traveler_msgs/msg/detail/set_state__type_support.cpp
[9.229s] -- Installing: /home/qianlab/lassie-turtle/dependencies/install/traveler_msgs/include/traveler_msgs/traveler_msgs/msg/detail/traveler_status__rosidl_typesupport_introspection_cpp.hpp
[9.229s] -- Installing: /home/qianlab/lassie-turtle/dependencies/install/traveler_msgs/lib/libtraveler_msgs__rosidl_typesupport_introspection_cpp.so
[9.229s] -- Set runtime path of "/home/qianlab/lassie-turtle/dependencies/install/traveler_msgs/lib/libtraveler_msgs__rosidl_typesupport_introspection_cpp.so" to ""
[9.229s] -- Installing: /home/qianlab/lassie-turtle/dependencies/install/traveler_msgs/lib/libtraveler_msgs__rosidl_typesupport_cpp.so
[9.230s] -- Set runtime path of "/home/qianlab/lassie-turtle/dependencies/install/traveler_msgs/lib/libtraveler_msgs__rosidl_typesupport_cpp.so" to ""
[9.230s] -- Installing: /home/qianlab/lassie-turtle/dependencies/install/traveler_msgs/share/traveler_msgs/environment/pythonpath.sh
[9.230s] -- Installing: /home/qianlab/lassie-turtle/dependencies/install/traveler_msgs/share/traveler_msgs/environment/pythonpath.dsv
[9.230s] -- Installing: /home/qianlab/lassie-turtle/dependencies/install/traveler_msgs/local/lib/python3.10/dist-packages/traveler_msgs-0.0.0-py3.10.egg-info
[9.230s] -- Installing: /home/qianlab/lassie-turtle/dependencies/install/traveler_msgs/local/lib/python3.10/dist-packages/traveler_msgs-0.0.0-py3.10.egg-info/PKG-INFO
[9.230s] -- Installing: /home/qianlab/lassie-turtle/dependencies/install/traveler_msgs/local/lib/python3.10/dist-packages/traveler_msgs-0.0.0-py3.10.egg-info/dependency_links.txt
[9.230s] -- Installing: /home/qianlab/lassie-turtle/dependencies/install/traveler_msgs/local/lib/python3.10/dist-packages/traveler_msgs-0.0.0-py3.10.egg-info/SOURCES.txt
[9.230s] -- Installing: /home/qianlab/lassie-turtle/dependencies/install/traveler_msgs/local/lib/python3.10/dist-packages/traveler_msgs-0.0.0-py3.10.egg-info/top_level.txt
[9.231s] -- Installing: /home/qianlab/lassie-turtle/dependencies/install/traveler_msgs/local/lib/python3.10/dist-packages/traveler_msgs
[9.231s] -- Installing: /home/qianlab/lassie-turtle/dependencies/install/traveler_msgs/local/lib/python3.10/dist-packages/traveler_msgs/libtraveler_msgs__rosidl_generator_py.so
[9.231s] -- Installing: /home/qianlab/lassie-turtle/dependencies/install/traveler_msgs/local/lib/python3.10/dist-packages/traveler_msgs/__init__.py
[9.231s] -- Installing: /home/qianlab/lassie-turtle/dependencies/install/traveler_msgs/local/lib/python3.10/dist-packages/traveler_msgs/traveler_msgs_s__rosidl_typesupport_c.cpython-310-x86_64-linux-gnu.so
[9.231s] -- Installing: /home/qianlab/lassie-turtle/dependencies/install/traveler_msgs/local/lib/python3.10/dist-packages/traveler_msgs/msg
[9.231s] -- Installing: /home/qianlab/lassie-turtle/dependencies/install/traveler_msgs/local/lib/python3.10/dist-packages/traveler_msgs/msg/__init__.py
[9.231s] -- Installing: /home/qianlab/lassie-turtle/dependencies/install/traveler_msgs/local/lib/python3.10/dist-packages/traveler_msgs/msg/_traveler_mode.py
[9.232s] -- Installing: /home/qianlab/lassie-turtle/dependencies/install/traveler_msgs/local/lib/python3.10/dist-packages/traveler_msgs/msg/_set_state_s.c
[9.232s] -- Installing: /home/qianlab/lassie-turtle/dependencies/install/traveler_msgs/local/lib/python3.10/dist-packages/traveler_msgs/msg/_odrive_status_s.c
[9.232s] -- Installing: /home/qianlab/lassie-turtle/dependencies/install/traveler_msgs/local/lib/python3.10/dist-packages/traveler_msgs/msg/_odrive_status.py
[9.232s] -- Installing: /home/qianlab/lassie-turtle/dependencies/install/traveler_msgs/local/lib/python3.10/dist-packages/traveler_msgs/msg/_set_input_position.py
[9.232s] -- Installing: /home/qianlab/lassie-turtle/dependencies/install/traveler_msgs/local/lib/python3.10/dist-packages/traveler_msgs/msg/_traveler_config.py
[9.232s] -- Installing: /home/qianlab/lassie-turtle/dependencies/install/traveler_msgs/local/lib/python3.10/dist-packages/traveler_msgs/msg/_traveler_status_s.c
[9.232s] -- Installing: /home/qianlab/lassie-turtle/dependencies/install/traveler_msgs/local/lib/python3.10/dist-packages/traveler_msgs/msg/_set_input_position_s.c
[9.232s] -- Installing: /home/qianlab/lassie-turtle/dependencies/install/traveler_msgs/local/lib/python3.10/dist-packages/traveler_msgs/msg/_traveler_mode_s.c
[9.232s] -- Installing: /home/qianlab/lassie-turtle/dependencies/install/traveler_msgs/local/lib/python3.10/dist-packages/traveler_msgs/msg/_traveler_config_s.c
[9.232s] -- Installing: /home/qianlab/lassie-turtle/dependencies/install/traveler_msgs/local/lib/python3.10/dist-packages/traveler_msgs/msg/_set_state.py
[9.232s] -- Installing: /home/qianlab/lassie-turtle/dependencies/install/traveler_msgs/local/lib/python3.10/dist-packages/traveler_msgs/msg/_traveler_status.py
[9.232s] -- Installing: /home/qianlab/lassie-turtle/dependencies/install/traveler_msgs/local/lib/python3.10/dist-packages/traveler_msgs/traveler_msgs_s__rosidl_typesupport_fastrtps_c.cpython-310-x86_64-linux-gnu.so
[9.232s] -- Installing: /home/qianlab/lassie-turtle/dependencies/install/traveler_msgs/local/lib/python3.10/dist-packages/traveler_msgs/traveler_msgs_s__rosidl_typesupport_introspection_c.cpython-310-x86_64-linux-gnu.so
[9.232s] -- Installing: /home/qianlab/lassie-turtle/dependencies/install/traveler_msgs/local/lib/python3.10/dist-packages/traveler_msgs/_traveler_msgs_s.ep.rosidl_typesupport_c.c
[9.232s] -- Installing: /home/qianlab/lassie-turtle/dependencies/install/traveler_msgs/local/lib/python3.10/dist-packages/traveler_msgs/_traveler_msgs_s.ep.rosidl_typesupport_fastrtps_c.c
[9.232s] -- Installing: /home/qianlab/lassie-turtle/dependencies/install/traveler_msgs/local/lib/python3.10/dist-packages/traveler_msgs/_traveler_msgs_s.ep.rosidl_typesupport_introspection_c.c
[9.263s] Listing '/home/qianlab/lassie-turtle/dependencies/install/traveler_msgs/local/lib/python3.10/dist-packages/traveler_msgs'...
[9.264s] Compiling '/home/qianlab/lassie-turtle/dependencies/install/traveler_msgs/local/lib/python3.10/dist-packages/traveler_msgs/__init__.py'...
[9.264s] Listing '/home/qianlab/lassie-turtle/dependencies/install/traveler_msgs/local/lib/python3.10/dist-packages/traveler_msgs/msg'...
[9.264s] Compiling '/home/qianlab/lassie-turtle/dependencies/install/traveler_msgs/local/lib/python3.10/dist-packages/traveler_msgs/msg/__init__.py'...
[9.264s] Compiling '/home/qianlab/lassie-turtle/dependencies/install/traveler_msgs/local/lib/python3.10/dist-packages/traveler_msgs/msg/_odrive_status.py'...
[9.264s] Compiling '/home/qianlab/lassie-turtle/dependencies/install/traveler_msgs/local/lib/python3.10/dist-packages/traveler_msgs/msg/_set_input_position.py'...
[9.264s] Compiling '/home/qianlab/lassie-turtle/dependencies/install/traveler_msgs/local/lib/python3.10/dist-packages/traveler_msgs/msg/_set_state.py'...
[9.264s] Compiling '/home/qianlab/lassie-turtle/dependencies/install/traveler_msgs/local/lib/python3.10/dist-packages/traveler_msgs/msg/_traveler_config.py'...
[9.264s] Compiling '/home/qianlab/lassie-turtle/dependencies/install/traveler_msgs/local/lib/python3.10/dist-packages/traveler_msgs/msg/_traveler_mode.py'...
[9.264s] Compiling '/home/qianlab/lassie-turtle/dependencies/install/traveler_msgs/local/lib/python3.10/dist-packages/traveler_msgs/msg/_traveler_status.py'...
[9.272s] -- Installing: /home/qianlab/lassie-turtle/dependencies/install/traveler_msgs/local/lib/python3.10/dist-packages/traveler_msgs/traveler_msgs_s__rosidl_typesupport_fastrtps_c.cpython-310-x86_64-linux-gnu.so
[9.273s] -- Set runtime path of "/home/qianlab/lassie-turtle/dependencies/install/traveler_msgs/local/lib/python3.10/dist-packages/traveler_msgs/traveler_msgs_s__rosidl_typesupport_fastrtps_c.cpython-310-x86_64-linux-gnu.so" to ""
[9.273s] -- Installing: /home/qianlab/lassie-turtle/dependencies/install/traveler_msgs/local/lib/python3.10/dist-packages/traveler_msgs/traveler_msgs_s__rosidl_typesupport_introspection_c.cpython-310-x86_64-linux-gnu.so
[9.273s] -- Set runtime path of "/home/qianlab/lassie-turtle/dependencies/install/traveler_msgs/local/lib/python3.10/dist-packages/traveler_msgs/traveler_msgs_s__rosidl_typesupport_introspection_c.cpython-310-x86_64-linux-gnu.so" to ""
[9.273s] -- Installing: /home/qianlab/lassie-turtle/dependencies/install/traveler_msgs/local/lib/python3.10/dist-packages/traveler_msgs/traveler_msgs_s__rosidl_typesupport_c.cpython-310-x86_64-linux-gnu.so
[9.274s] -- Set runtime path of "/home/qianlab/lassie-turtle/dependencies/install/traveler_msgs/local/lib/python3.10/dist-packages/traveler_msgs/traveler_msgs_s__rosidl_typesupport_c.cpython-310-x86_64-linux-gnu.so" to ""
[9.274s] -- Installing: /home/qianlab/lassie-turtle/dependencies/install/traveler_msgs/lib/libtraveler_msgs__rosidl_generator_py.so
[9.274s] -- Set runtime path of "/home/qianlab/lassie-turtle/dependencies/install/traveler_msgs/lib/libtraveler_msgs__rosidl_generator_py.so" to ""
[9.275s] -- Installing: /home/qianlab/lassie-turtle/dependencies/install/traveler_msgs/share/traveler_msgs/msg/OdriveStatus.idl
[9.275s] -- Installing: /home/qianlab/lassie-turtle/dependencies/install/traveler_msgs/share/traveler_msgs/msg/TravelerConfig.idl
[9.275s] -- Installing: /home/qianlab/lassie-turtle/dependencies/install/traveler_msgs/share/traveler_msgs/msg/TravelerMode.idl
[9.275s] -- Installing: /home/qianlab/lassie-turtle/dependencies/install/traveler_msgs/share/traveler_msgs/msg/TravelerStatus.idl
[9.275s] -- Installing: /home/qianlab/lassie-turtle/dependencies/install/traveler_msgs/share/traveler_msgs/msg/SetState.idl
[9.275s] -- Installing: /home/qianlab/lassie-turtle/dependencies/install/traveler_msgs/share/traveler_msgs/msg/SetInputPosition.idl
[9.276s] -- Installing: /home/qianlab/lassie-turtle/dependencies/install/traveler_msgs/share/traveler_msgs/msg/OdriveStatus.msg
[9.276s] -- Installing: /home/qianlab/lassie-turtle/dependencies/install/traveler_msgs/share/traveler_msgs/msg/TravelerConfig.msg
[9.276s] -- Installing: /home/qianlab/lassie-turtle/dependencies/install/traveler_msgs/share/traveler_msgs/msg/TravelerMode.msg
[9.276s] -- Installing: /home/qianlab/lassie-turtle/dependencies/install/traveler_msgs/share/traveler_msgs/msg/TravelerStatus.msg
[9.276s] -- Installing: /home/qianlab/lassie-turtle/dependencies/install/traveler_msgs/share/traveler_msgs/odrivemsg/SetState.msg
[9.276s] -- Installing: /home/qianlab/lassie-turtle/dependencies/install/traveler_msgs/share/traveler_msgs/odrivemsg/SetInputPosition.msg
[9.276s] -- Installing: /home/qianlab/lassie-turtle/dependencies/install/traveler_msgs/share/ament_index/resource_index/package_run_dependencies/traveler_msgs
[9.277s] -- Installing: /home/qianlab/lassie-turtle/dependencies/install/traveler_msgs/share/ament_index/resource_index/parent_prefix_path/traveler_msgs
[9.277s] -- Installing: /home/qianlab/lassie-turtle/dependencies/install/traveler_msgs/share/traveler_msgs/environment/ament_prefix_path.sh
[9.277s] -- Installing: /home/qianlab/lassie-turtle/dependencies/install/traveler_msgs/share/traveler_msgs/environment/ament_prefix_path.dsv
[9.277s] -- Installing: /home/qianlab/lassie-turtle/dependencies/install/traveler_msgs/share/traveler_msgs/environment/path.sh
[9.277s] -- Installing: /home/qianlab/lassie-turtle/dependencies/install/traveler_msgs/share/traveler_msgs/environment/path.dsv
[9.278s] -- Installing: /home/qianlab/lassie-turtle/dependencies/install/traveler_msgs/share/traveler_msgs/local_setup.bash
[9.278s] -- Installing: /home/qianlab/lassie-turtle/dependencies/install/traveler_msgs/share/traveler_msgs/local_setup.sh
[9.278s] -- Installing: /home/qianlab/lassie-turtle/dependencies/install/traveler_msgs/share/traveler_msgs/local_setup.zsh
[9.278s] -- Installing: /home/qianlab/lassie-turtle/dependencies/install/traveler_msgs/share/traveler_msgs/local_setup.dsv
[9.278s] -- Installing: /home/qianlab/lassie-turtle/dependencies/install/traveler_msgs/share/traveler_msgs/package.dsv
[9.278s] -- Installing: /home/qianlab/lassie-turtle/dependencies/install/traveler_msgs/share/ament_index/resource_index/packages/traveler_msgs
[9.279s] -- Installing: /home/qianlab/lassie-turtle/dependencies/install/traveler_msgs/share/traveler_msgs/cmake/export_traveler_msgs__rosidl_generator_cExport.cmake
[9.279s] -- Installing: /home/qianlab/lassie-turtle/dependencies/install/traveler_msgs/share/traveler_msgs/cmake/export_traveler_msgs__rosidl_generator_cExport-noconfig.cmake
[9.279s] -- Installing: /home/qianlab/lassie-turtle/dependencies/install/traveler_msgs/share/traveler_msgs/cmake/export_traveler_msgs__rosidl_typesupport_fastrtps_cExport.cmake
[9.279s] -- Installing: /home/qianlab/lassie-turtle/dependencies/install/traveler_msgs/share/traveler_msgs/cmake/export_traveler_msgs__rosidl_typesupport_fastrtps_cExport-noconfig.cmake
[9.279s] -- Installing: /home/qianlab/lassie-turtle/dependencies/install/traveler_msgs/share/traveler_msgs/cmake/export_traveler_msgs__rosidl_generator_cppExport.cmake
[9.280s] -- Installing: /home/qianlab/lassie-turtle/dependencies/install/traveler_msgs/share/traveler_msgs/cmake/export_traveler_msgs__rosidl_typesupport_fastrtps_cppExport.cmake
[9.280s] -- Installing: /home/qianlab/lassie-turtle/dependencies/install/traveler_msgs/share/traveler_msgs/cmake/export_traveler_msgs__rosidl_typesupport_fastrtps_cppExport-noconfig.cmake
[9.280s] -- Installing: /home/qianlab/lassie-turtle/dependencies/install/traveler_msgs/share/traveler_msgs/cmake/traveler_msgs__rosidl_typesupport_introspection_cExport.cmake
[9.280s] -- Installing: /home/qianlab/lassie-turtle/dependencies/install/traveler_msgs/share/traveler_msgs/cmake/traveler_msgs__rosidl_typesupport_introspection_cExport-noconfig.cmake
[9.280s] -- Installing: /home/qianlab/lassie-turtle/dependencies/install/traveler_msgs/share/traveler_msgs/cmake/traveler_msgs__rosidl_typesupport_cExport.cmake
[9.280s] -- Installing: /home/qianlab/lassie-turtle/dependencies/install/traveler_msgs/share/traveler_msgs/cmake/traveler_msgs__rosidl_typesupport_cExport-noconfig.cmake
[9.281s] -- Installing: /home/qianlab/lassie-turtle/dependencies/install/traveler_msgs/share/traveler_msgs/cmake/traveler_msgs__rosidl_typesupport_introspection_cppExport.cmake
[9.281s] -- Installing: /home/qianlab/lassie-turtle/dependencies/install/traveler_msgs/share/traveler_msgs/cmake/traveler_msgs__rosidl_typesupport_introspection_cppExport-noconfig.cmake
[9.281s] -- Installing: /home/qianlab/lassie-turtle/dependencies/install/traveler_msgs/share/traveler_msgs/cmake/traveler_msgs__rosidl_typesupport_cppExport.cmake
[9.281s] -- Installing: /home/qianlab/lassie-turtle/dependencies/install/traveler_msgs/share/traveler_msgs/cmake/traveler_msgs__rosidl_typesupport_cppExport-noconfig.cmake
[9.281s] -- Installing: /home/qianlab/lassie-turtle/dependencies/install/traveler_msgs/share/traveler_msgs/cmake/export_traveler_msgs__rosidl_generator_pyExport.cmake
[9.281s] -- Installing: /home/qianlab/lassie-turtle/dependencies/install/traveler_msgs/share/traveler_msgs/cmake/export_traveler_msgs__rosidl_generator_pyExport-noconfig.cmake
[9.282s] -- Installing: /home/qianlab/lassie-turtle/dependencies/install/traveler_msgs/share/traveler_msgs/cmake/rosidl_cmake-extras.cmake
[9.282s] -- Installing: /home/qianlab/lassie-turtle/dependencies/install/traveler_msgs/share/traveler_msgs/cmake/ament_cmake_export_include_directories-extras.cmake
[9.282s] -- Installing: /home/qianlab/lassie-turtle/dependencies/install/traveler_msgs/share/traveler_msgs/cmake/ament_cmake_export_libraries-extras.cmake
[9.282s] -- Installing: /home/qianlab/lassie-turtle/dependencies/install/traveler_msgs/share/traveler_msgs/cmake/ament_cmake_export_targets-extras.cmake
[9.282s] -- Installing: /home/qianlab/lassie-turtle/dependencies/install/traveler_msgs/share/traveler_msgs/cmake/rosidl_cmake_export_typesupport_targets-extras.cmake
[9.282s] -- Installing: /home/qianlab/lassie-turtle/dependencies/install/traveler_msgs/share/traveler_msgs/cmake/ament_cmake_export_dependencies-extras.cmake
[9.282s] -- Installing: /home/qianlab/lassie-turtle/dependencies/install/traveler_msgs/share/traveler_msgs/cmake/rosidl_cmake_export_typesupport_libraries-extras.cmake
[9.283s] -- Installing: /home/qianlab/lassie-turtle/dependencies/install/traveler_msgs/share/traveler_msgs/cmake/traveler_msgsConfig.cmake
[9.283s] -- Installing: /home/qianlab/lassie-turtle/dependencies/install/traveler_msgs/share/traveler_msgs/cmake/traveler_msgsConfig-version.cmake
[9.283s] -- Installing: /home/qianlab/lassie-turtle/dependencies/install/traveler_msgs/share/traveler_msgs/package.xml
[9.286s] Invoked command in '/home/qianlab/lassie-turtle/dependencies/build/traveler_msgs' returned '0': CMAKE_PREFIX_PATH=/opt/ros/humble /usr/local/bin/cmake --install /home/qianlab/lassie-turtle/dependencies/build/traveler_msgs
