[0.143s] DEBUG:colcon:Command line arguments: ['/usr/bin/colcon', 'build']
[0.143s] DEBUG:colcon:Parsed command line arguments: Namespace(allow_overriding=[], ament_cmake_args=None, base_paths=['.'], build_base='build', catkin_cmake_args=None, catkin_skip_building_tests=False, cmake_args=None, cmake_clean_cache=False, cmake_clean_first=False, cmake_force_configure=False, cmake_target=None, cmake_target_skip_unavailable=False, continue_on_error=False, event_handlers=None, executor='parallel', ignore_user_meta=False, install_base='install', log_base=None, log_level=None, main=<bound method BuildVerb.main of <colcon_core.verb.build.BuildVerb object at 0x7fd8f494ff70>>, merge_install=False, metas=['./colcon.meta'], mixin=None, mixin_files=None, mixin_verb=('build',), packages_above=None, packages_above_and_dependencies=None, packages_above_depth=None, packages_end=None, packages_ignore=None, packages_ignore_regex=None, packages_select=None, packages_select_build_failed=False, packages_select_by_dep=None, packages_select_regex=None, packages_select_test_failures=False, packages_skip=None, packages_skip_build_finished=False, packages_skip_by_dep=None, packages_skip_regex=None, packages_skip_test_passed=False, packages_skip_up_to=None, packages_start=None, packages_up_to=None, packages_up_to_regex=None, parallel_workers=12, paths=None, symlink_install=False, test_result_base=None, verb_extension=<colcon_core.verb.build.BuildVerb object at 0x7fd8f494ff70>, verb_name='build', verb_parser=<colcon_mixin.mixin.mixin_argument.MixinArgumentDecorator object at 0x7fd8f495c400>)
[0.246s] Level 1:colcon.colcon_core.package_discovery:discover_packages(colcon_meta) check parameters
[0.246s] Level 1:colcon.colcon_core.package_discovery:discover_packages(recursive) check parameters
[0.246s] Level 1:colcon.colcon_core.package_discovery:discover_packages(ignore) check parameters
[0.246s] Level 1:colcon.colcon_core.package_discovery:discover_packages(path) check parameters
[0.246s] Level 1:colcon.colcon_core.package_discovery:discover_packages(colcon_meta) discover
[0.246s] Level 1:colcon.colcon_core.package_discovery:discover_packages(recursive) discover
[0.246s] INFO:colcon.colcon_core.package_discovery:Crawling recursively for packages in '/home/qianlab/Desktop/lassie-turtle'
[0.246s] Level 1:colcon.colcon_core.package_identification:_identify(.) by extensions ['ignore', 'ignore_ament_install']
[0.246s] Level 1:colcon.colcon_core.package_identification:_identify(.) by extension 'ignore'
[0.246s] Level 1:colcon.colcon_core.package_identification:_identify(.) by extension 'ignore_ament_install'
[0.246s] Level 1:colcon.colcon_core.package_identification:_identify(.) by extensions ['colcon_pkg']
[0.246s] Level 1:colcon.colcon_core.package_identification:_identify(.) by extension 'colcon_pkg'
[0.246s] Level 1:colcon.colcon_core.package_identification:_identify(.) by extensions ['colcon_meta']
[0.246s] Level 1:colcon.colcon_core.package_identification:_identify(.) by extension 'colcon_meta'
[0.246s] Level 1:colcon.colcon_core.package_identification:_identify(.) by extensions ['ros']
[0.246s] Level 1:colcon.colcon_core.package_identification:_identify(.) by extension 'ros'
[0.253s] Level 1:colcon.colcon_core.package_identification:_identify(.) by extensions ['cmake', 'python']
[0.253s] Level 1:colcon.colcon_core.package_identification:_identify(.) by extension 'cmake'
[0.253s] Level 1:colcon.colcon_core.package_identification:_identify(.) by extension 'python'
[0.253s] Level 1:colcon.colcon_core.package_identification:_identify(.) by extensions ['python_setup_py']
[0.253s] Level 1:colcon.colcon_core.package_identification:_identify(.) by extension 'python_setup_py'
[0.253s] Level 1:colcon.colcon_core.package_identification:_identify(build) by extensions ['ignore', 'ignore_ament_install']
[0.253s] Level 1:colcon.colcon_core.package_identification:_identify(build) by extension 'ignore'
[0.253s] Level 1:colcon.colcon_core.package_identification:_identify(build) ignored
[0.253s] Level 1:colcon.colcon_core.package_identification:_identify(dataanalysis) by extensions ['ignore', 'ignore_ament_install']
[0.253s] Level 1:colcon.colcon_core.package_identification:_identify(dataanalysis) by extension 'ignore'
[0.253s] Level 1:colcon.colcon_core.package_identification:_identify(dataanalysis) by extension 'ignore_ament_install'
[0.253s] Level 1:colcon.colcon_core.package_identification:_identify(dataanalysis) by extensions ['colcon_pkg']
[0.253s] Level 1:colcon.colcon_core.package_identification:_identify(dataanalysis) by extension 'colcon_pkg'
[0.253s] Level 1:colcon.colcon_core.package_identification:_identify(dataanalysis) by extensions ['colcon_meta']
[0.253s] Level 1:colcon.colcon_core.package_identification:_identify(dataanalysis) by extension 'colcon_meta'
[0.253s] Level 1:colcon.colcon_core.package_identification:_identify(dataanalysis) by extensions ['ros']
[0.253s] Level 1:colcon.colcon_core.package_identification:_identify(dataanalysis) by extension 'ros'
[0.253s] Level 1:colcon.colcon_core.package_identification:_identify(dataanalysis) by extensions ['cmake', 'python']
[0.253s] Level 1:colcon.colcon_core.package_identification:_identify(dataanalysis) by extension 'cmake'
[0.253s] Level 1:colcon.colcon_core.package_identification:_identify(dataanalysis) by extension 'python'
[0.253s] Level 1:colcon.colcon_core.package_identification:_identify(dataanalysis) by extensions ['python_setup_py']
[0.253s] Level 1:colcon.colcon_core.package_identification:_identify(dataanalysis) by extension 'python_setup_py'
[0.254s] Level 1:colcon.colcon_core.package_identification:_identify(dependencies) by extensions ['ignore', 'ignore_ament_install']
[0.254s] Level 1:colcon.colcon_core.package_identification:_identify(dependencies) by extension 'ignore'
[0.254s] Level 1:colcon.colcon_core.package_identification:_identify(dependencies) by extension 'ignore_ament_install'
[0.254s] Level 1:colcon.colcon_core.package_identification:_identify(dependencies) by extensions ['colcon_pkg']
[0.254s] Level 1:colcon.colcon_core.package_identification:_identify(dependencies) by extension 'colcon_pkg'
[0.254s] Level 1:colcon.colcon_core.package_identification:_identify(dependencies) by extensions ['colcon_meta']
[0.254s] Level 1:colcon.colcon_core.package_identification:_identify(dependencies) by extension 'colcon_meta'
[0.254s] Level 1:colcon.colcon_core.package_identification:_identify(dependencies) by extensions ['ros']
[0.254s] Level 1:colcon.colcon_core.package_identification:_identify(dependencies) by extension 'ros'
[0.254s] Level 1:colcon.colcon_core.package_identification:_identify(dependencies) by extensions ['cmake', 'python']
[0.254s] Level 1:colcon.colcon_core.package_identification:_identify(dependencies) by extension 'cmake'
[0.254s] Level 1:colcon.colcon_core.package_identification:_identify(dependencies) by extension 'python'
[0.254s] Level 1:colcon.colcon_core.package_identification:_identify(dependencies) by extensions ['python_setup_py']
[0.254s] Level 1:colcon.colcon_core.package_identification:_identify(dependencies) by extension 'python_setup_py'
[0.254s] Level 1:colcon.colcon_core.package_identification:_identify(dependencies/build) by extensions ['ignore', 'ignore_ament_install']
[0.254s] Level 1:colcon.colcon_core.package_identification:_identify(dependencies/build) by extension 'ignore'
[0.254s] Level 1:colcon.colcon_core.package_identification:_identify(dependencies/build) ignored
[0.254s] Level 1:colcon.colcon_core.package_identification:_identify(dependencies/install) by extensions ['ignore', 'ignore_ament_install']
[0.254s] Level 1:colcon.colcon_core.package_identification:_identify(dependencies/install) by extension 'ignore'
[0.254s] Level 1:colcon.colcon_core.package_identification:_identify(dependencies/install) ignored
[0.254s] Level 1:colcon.colcon_core.package_identification:_identify(dependencies/log) by extensions ['ignore', 'ignore_ament_install']
[0.254s] Level 1:colcon.colcon_core.package_identification:_identify(dependencies/log) by extension 'ignore'
[0.254s] Level 1:colcon.colcon_core.package_identification:_identify(dependencies/log) ignored
[0.254s] Level 1:colcon.colcon_core.package_identification:_identify(dependencies/traveler_controller) by extensions ['ignore', 'ignore_ament_install']
[0.254s] Level 1:colcon.colcon_core.package_identification:_identify(dependencies/traveler_controller) by extension 'ignore'
[0.254s] Level 1:colcon.colcon_core.package_identification:_identify(dependencies/traveler_controller) by extension 'ignore_ament_install'
[0.254s] Level 1:colcon.colcon_core.package_identification:_identify(dependencies/traveler_controller) by extensions ['colcon_pkg']
[0.254s] Level 1:colcon.colcon_core.package_identification:_identify(dependencies/traveler_controller) by extension 'colcon_pkg'
[0.254s] Level 1:colcon.colcon_core.package_identification:_identify(dependencies/traveler_controller) by extensions ['colcon_meta']
[0.254s] Level 1:colcon.colcon_core.package_identification:_identify(dependencies/traveler_controller) by extension 'colcon_meta'
[0.254s] Level 1:colcon.colcon_core.package_identification:_identify(dependencies/traveler_controller) by extensions ['ros']
[0.254s] Level 1:colcon.colcon_core.package_identification:_identify(dependencies/traveler_controller) by extension 'ros'
[0.256s] DEBUG:colcon.colcon_core.package_identification:Package 'dependencies/traveler_controller' with type 'ros.ament_cmake' and name 'turtle_high_controller'
[0.256s] Level 1:colcon.colcon_core.package_identification:_identify(dependencies/traveler_msgs) by extensions ['ignore', 'ignore_ament_install']
[0.256s] Level 1:colcon.colcon_core.package_identification:_identify(dependencies/traveler_msgs) by extension 'ignore'
[0.256s] Level 1:colcon.colcon_core.package_identification:_identify(dependencies/traveler_msgs) by extension 'ignore_ament_install'
[0.256s] Level 1:colcon.colcon_core.package_identification:_identify(dependencies/traveler_msgs) by extensions ['colcon_pkg']
[0.256s] Level 1:colcon.colcon_core.package_identification:_identify(dependencies/traveler_msgs) by extension 'colcon_pkg'
[0.256s] Level 1:colcon.colcon_core.package_identification:_identify(dependencies/traveler_msgs) by extensions ['colcon_meta']
[0.256s] Level 1:colcon.colcon_core.package_identification:_identify(dependencies/traveler_msgs) by extension 'colcon_meta'
[0.256s] Level 1:colcon.colcon_core.package_identification:_identify(dependencies/traveler_msgs) by extensions ['ros']
[0.256s] Level 1:colcon.colcon_core.package_identification:_identify(dependencies/traveler_msgs) by extension 'ros'
[0.257s] DEBUG:colcon.colcon_core.package_identification:Package 'dependencies/traveler_msgs' with type 'ros.ament_cmake' and name 'traveler_msgs'
[0.257s] Level 1:colcon.colcon_core.package_identification:_identify(highlevel) by extensions ['ignore', 'ignore_ament_install']
[0.257s] Level 1:colcon.colcon_core.package_identification:_identify(highlevel) by extension 'ignore'
[0.257s] Level 1:colcon.colcon_core.package_identification:_identify(highlevel) by extension 'ignore_ament_install'
[0.257s] Level 1:colcon.colcon_core.package_identification:_identify(highlevel) by extensions ['colcon_pkg']
[0.257s] Level 1:colcon.colcon_core.package_identification:_identify(highlevel) by extension 'colcon_pkg'
[0.257s] Level 1:colcon.colcon_core.package_identification:_identify(highlevel) by extensions ['colcon_meta']
[0.257s] Level 1:colcon.colcon_core.package_identification:_identify(highlevel) by extension 'colcon_meta'
[0.257s] Level 1:colcon.colcon_core.package_identification:_identify(highlevel) by extensions ['ros']
[0.257s] Level 1:colcon.colcon_core.package_identification:_identify(highlevel) by extension 'ros'
[0.257s] Level 1:colcon.colcon_core.package_identification:_identify(highlevel) by extensions ['cmake', 'python']
[0.257s] Level 1:colcon.colcon_core.package_identification:_identify(highlevel) by extension 'cmake'
[0.257s] Level 1:colcon.colcon_core.package_identification:_identify(highlevel) by extension 'python'
[0.257s] Level 1:colcon.colcon_core.package_identification:_identify(highlevel) by extensions ['python_setup_py']
[0.257s] Level 1:colcon.colcon_core.package_identification:_identify(highlevel) by extension 'python_setup_py'
[0.257s] Level 1:colcon.colcon_core.package_identification:_identify(highlevel/LASSIE_GUI) by extensions ['ignore', 'ignore_ament_install']
[0.257s] Level 1:colcon.colcon_core.package_identification:_identify(highlevel/LASSIE_GUI) by extension 'ignore'
[0.257s] Level 1:colcon.colcon_core.package_identification:_identify(highlevel/LASSIE_GUI) by extension 'ignore_ament_install'
[0.257s] Level 1:colcon.colcon_core.package_identification:_identify(highlevel/LASSIE_GUI) by extensions ['colcon_pkg']
[0.257s] Level 1:colcon.colcon_core.package_identification:_identify(highlevel/LASSIE_GUI) by extension 'colcon_pkg'
[0.257s] Level 1:colcon.colcon_core.package_identification:_identify(highlevel/LASSIE_GUI) by extensions ['colcon_meta']
[0.257s] Level 1:colcon.colcon_core.package_identification:_identify(highlevel/LASSIE_GUI) by extension 'colcon_meta'
[0.257s] Level 1:colcon.colcon_core.package_identification:_identify(highlevel/LASSIE_GUI) by extensions ['ros']
[0.257s] Level 1:colcon.colcon_core.package_identification:_identify(highlevel/LASSIE_GUI) by extension 'ros'
[0.257s] Level 1:colcon.colcon_core.package_identification:_identify(highlevel/LASSIE_GUI) by extensions ['cmake', 'python']
[0.257s] Level 1:colcon.colcon_core.package_identification:_identify(highlevel/LASSIE_GUI) by extension 'cmake'
[0.257s] Level 1:colcon.colcon_core.package_identification:_identify(highlevel/LASSIE_GUI) by extension 'python'
[0.257s] Level 1:colcon.colcon_core.package_identification:_identify(highlevel/LASSIE_GUI) by extensions ['python_setup_py']
[0.257s] Level 1:colcon.colcon_core.package_identification:_identify(highlevel/LASSIE_GUI) by extension 'python_setup_py'
[0.258s] Level 1:colcon.colcon_core.package_identification:_identify(highlevel/LASSIE_GUI/__pycache__) by extensions ['ignore', 'ignore_ament_install']
[0.258s] Level 1:colcon.colcon_core.package_identification:_identify(highlevel/LASSIE_GUI/__pycache__) by extension 'ignore'
[0.258s] Level 1:colcon.colcon_core.package_identification:_identify(highlevel/LASSIE_GUI/__pycache__) by extension 'ignore_ament_install'
[0.258s] Level 1:colcon.colcon_core.package_identification:_identify(highlevel/LASSIE_GUI/__pycache__) by extensions ['colcon_pkg']
[0.258s] Level 1:colcon.colcon_core.package_identification:_identify(highlevel/LASSIE_GUI/__pycache__) by extension 'colcon_pkg'
[0.258s] Level 1:colcon.colcon_core.package_identification:_identify(highlevel/LASSIE_GUI/__pycache__) by extensions ['colcon_meta']
[0.258s] Level 1:colcon.colcon_core.package_identification:_identify(highlevel/LASSIE_GUI/__pycache__) by extension 'colcon_meta'
[0.258s] Level 1:colcon.colcon_core.package_identification:_identify(highlevel/LASSIE_GUI/__pycache__) by extensions ['ros']
[0.258s] Level 1:colcon.colcon_core.package_identification:_identify(highlevel/LASSIE_GUI/__pycache__) by extension 'ros'
[0.258s] Level 1:colcon.colcon_core.package_identification:_identify(highlevel/LASSIE_GUI/__pycache__) by extensions ['cmake', 'python']
[0.258s] Level 1:colcon.colcon_core.package_identification:_identify(highlevel/LASSIE_GUI/__pycache__) by extension 'cmake'
[0.258s] Level 1:colcon.colcon_core.package_identification:_identify(highlevel/LASSIE_GUI/__pycache__) by extension 'python'
[0.258s] Level 1:colcon.colcon_core.package_identification:_identify(highlevel/LASSIE_GUI/__pycache__) by extensions ['python_setup_py']
[0.258s] Level 1:colcon.colcon_core.package_identification:_identify(highlevel/LASSIE_GUI/__pycache__) by extension 'python_setup_py'
[0.258s] Level 1:colcon.colcon_core.package_identification:_identify(highlevel/LASSIE_GUI/config) by extensions ['ignore', 'ignore_ament_install']
[0.258s] Level 1:colcon.colcon_core.package_identification:_identify(highlevel/LASSIE_GUI/config) by extension 'ignore'
[0.258s] Level 1:colcon.colcon_core.package_identification:_identify(highlevel/LASSIE_GUI/config) by extension 'ignore_ament_install'
[0.258s] Level 1:colcon.colcon_core.package_identification:_identify(highlevel/LASSIE_GUI/config) by extensions ['colcon_pkg']
[0.258s] Level 1:colcon.colcon_core.package_identification:_identify(highlevel/LASSIE_GUI/config) by extension 'colcon_pkg'
[0.258s] Level 1:colcon.colcon_core.package_identification:_identify(highlevel/LASSIE_GUI/config) by extensions ['colcon_meta']
[0.258s] Level 1:colcon.colcon_core.package_identification:_identify(highlevel/LASSIE_GUI/config) by extension 'colcon_meta'
[0.258s] Level 1:colcon.colcon_core.package_identification:_identify(highlevel/LASSIE_GUI/config) by extensions ['ros']
[0.258s] Level 1:colcon.colcon_core.package_identification:_identify(highlevel/LASSIE_GUI/config) by extension 'ros'
[0.258s] Level 1:colcon.colcon_core.package_identification:_identify(highlevel/LASSIE_GUI/config) by extensions ['cmake', 'python']
[0.258s] Level 1:colcon.colcon_core.package_identification:_identify(highlevel/LASSIE_GUI/config) by extension 'cmake'
[0.258s] Level 1:colcon.colcon_core.package_identification:_identify(highlevel/LASSIE_GUI/config) by extension 'python'
[0.258s] Level 1:colcon.colcon_core.package_identification:_identify(highlevel/LASSIE_GUI/config) by extensions ['python_setup_py']
[0.258s] Level 1:colcon.colcon_core.package_identification:_identify(highlevel/LASSIE_GUI/config) by extension 'python_setup_py'
[0.258s] Level 1:colcon.colcon_core.package_identification:_identify(highlevel/LASSIE_GUI/experiment_data) by extensions ['ignore', 'ignore_ament_install']
[0.258s] Level 1:colcon.colcon_core.package_identification:_identify(highlevel/LASSIE_GUI/experiment_data) by extension 'ignore'
[0.258s] Level 1:colcon.colcon_core.package_identification:_identify(highlevel/LASSIE_GUI/experiment_data) by extension 'ignore_ament_install'
[0.258s] Level 1:colcon.colcon_core.package_identification:_identify(highlevel/LASSIE_GUI/experiment_data) by extensions ['colcon_pkg']
[0.258s] Level 1:colcon.colcon_core.package_identification:_identify(highlevel/LASSIE_GUI/experiment_data) by extension 'colcon_pkg'
[0.258s] Level 1:colcon.colcon_core.package_identification:_identify(highlevel/LASSIE_GUI/experiment_data) by extensions ['colcon_meta']
[0.258s] Level 1:colcon.colcon_core.package_identification:_identify(highlevel/LASSIE_GUI/experiment_data) by extension 'colcon_meta'
[0.258s] Level 1:colcon.colcon_core.package_identification:_identify(highlevel/LASSIE_GUI/experiment_data) by extensions ['ros']
[0.258s] Level 1:colcon.colcon_core.package_identification:_identify(highlevel/LASSIE_GUI/experiment_data) by extension 'ros'
[0.258s] Level 1:colcon.colcon_core.package_identification:_identify(highlevel/LASSIE_GUI/experiment_data) by extensions ['cmake', 'python']
[0.258s] Level 1:colcon.colcon_core.package_identification:_identify(highlevel/LASSIE_GUI/experiment_data) by extension 'cmake'
[0.258s] Level 1:colcon.colcon_core.package_identification:_identify(highlevel/LASSIE_GUI/experiment_data) by extension 'python'
[0.258s] Level 1:colcon.colcon_core.package_identification:_identify(highlevel/LASSIE_GUI/experiment_data) by extensions ['python_setup_py']
[0.258s] Level 1:colcon.colcon_core.package_identification:_identify(highlevel/LASSIE_GUI/experiment_data) by extension 'python_setup_py'
[0.259s] Level 1:colcon.colcon_core.package_identification:_identify(highlevel/LASSIE_GUI/experiment_data/turtle) by extensions ['ignore', 'ignore_ament_install']
[0.259s] Level 1:colcon.colcon_core.package_identification:_identify(highlevel/LASSIE_GUI/experiment_data/turtle) by extension 'ignore'
[0.259s] Level 1:colcon.colcon_core.package_identification:_identify(highlevel/LASSIE_GUI/experiment_data/turtle) by extension 'ignore_ament_install'
[0.259s] Level 1:colcon.colcon_core.package_identification:_identify(highlevel/LASSIE_GUI/experiment_data/turtle) by extensions ['colcon_pkg']
[0.259s] Level 1:colcon.colcon_core.package_identification:_identify(highlevel/LASSIE_GUI/experiment_data/turtle) by extension 'colcon_pkg'
[0.259s] Level 1:colcon.colcon_core.package_identification:_identify(highlevel/LASSIE_GUI/experiment_data/turtle) by extensions ['colcon_meta']
[0.259s] Level 1:colcon.colcon_core.package_identification:_identify(highlevel/LASSIE_GUI/experiment_data/turtle) by extension 'colcon_meta'
[0.259s] Level 1:colcon.colcon_core.package_identification:_identify(highlevel/LASSIE_GUI/experiment_data/turtle) by extensions ['ros']
[0.259s] Level 1:colcon.colcon_core.package_identification:_identify(highlevel/LASSIE_GUI/experiment_data/turtle) by extension 'ros'
[0.259s] Level 1:colcon.colcon_core.package_identification:_identify(highlevel/LASSIE_GUI/experiment_data/turtle) by extensions ['cmake', 'python']
[0.259s] Level 1:colcon.colcon_core.package_identification:_identify(highlevel/LASSIE_GUI/experiment_data/turtle) by extension 'cmake'
[0.259s] Level 1:colcon.colcon_core.package_identification:_identify(highlevel/LASSIE_GUI/experiment_data/turtle) by extension 'python'
[0.259s] Level 1:colcon.colcon_core.package_identification:_identify(highlevel/LASSIE_GUI/experiment_data/turtle) by extensions ['python_setup_py']
[0.259s] Level 1:colcon.colcon_core.package_identification:_identify(highlevel/LASSIE_GUI/experiment_data/turtle) by extension 'python_setup_py'
[0.259s] Level 1:colcon.colcon_core.package_identification:_identify(highlevel/config) by extensions ['ignore', 'ignore_ament_install']
[0.259s] Level 1:colcon.colcon_core.package_identification:_identify(highlevel/config) by extension 'ignore'
[0.259s] Level 1:colcon.colcon_core.package_identification:_identify(highlevel/config) by extension 'ignore_ament_install'
[0.259s] Level 1:colcon.colcon_core.package_identification:_identify(highlevel/config) by extensions ['colcon_pkg']
[0.259s] Level 1:colcon.colcon_core.package_identification:_identify(highlevel/config) by extension 'colcon_pkg'
[0.259s] Level 1:colcon.colcon_core.package_identification:_identify(highlevel/config) by extensions ['colcon_meta']
[0.259s] Level 1:colcon.colcon_core.package_identification:_identify(highlevel/config) by extension 'colcon_meta'
[0.259s] Level 1:colcon.colcon_core.package_identification:_identify(highlevel/config) by extensions ['ros']
[0.259s] Level 1:colcon.colcon_core.package_identification:_identify(highlevel/config) by extension 'ros'
[0.259s] Level 1:colcon.colcon_core.package_identification:_identify(highlevel/config) by extensions ['cmake', 'python']
[0.259s] Level 1:colcon.colcon_core.package_identification:_identify(highlevel/config) by extension 'cmake'
[0.259s] Level 1:colcon.colcon_core.package_identification:_identify(highlevel/config) by extension 'python'
[0.259s] Level 1:colcon.colcon_core.package_identification:_identify(highlevel/config) by extensions ['python_setup_py']
[0.259s] Level 1:colcon.colcon_core.package_identification:_identify(highlevel/config) by extension 'python_setup_py'
[0.259s] Level 1:colcon.colcon_core.package_identification:_identify(highlevel/experiment_data) by extensions ['ignore', 'ignore_ament_install']
[0.259s] Level 1:colcon.colcon_core.package_identification:_identify(highlevel/experiment_data) by extension 'ignore'
[0.259s] Level 1:colcon.colcon_core.package_identification:_identify(highlevel/experiment_data) by extension 'ignore_ament_install'
[0.259s] Level 1:colcon.colcon_core.package_identification:_identify(highlevel/experiment_data) by extensions ['colcon_pkg']
[0.259s] Level 1:colcon.colcon_core.package_identification:_identify(highlevel/experiment_data) by extension 'colcon_pkg'
[0.259s] Level 1:colcon.colcon_core.package_identification:_identify(highlevel/experiment_data) by extensions ['colcon_meta']
[0.259s] Level 1:colcon.colcon_core.package_identification:_identify(highlevel/experiment_data) by extension 'colcon_meta'
[0.259s] Level 1:colcon.colcon_core.package_identification:_identify(highlevel/experiment_data) by extensions ['ros']
[0.259s] Level 1:colcon.colcon_core.package_identification:_identify(highlevel/experiment_data) by extension 'ros'
[0.259s] Level 1:colcon.colcon_core.package_identification:_identify(highlevel/experiment_data) by extensions ['cmake', 'python']
[0.259s] Level 1:colcon.colcon_core.package_identification:_identify(highlevel/experiment_data) by extension 'cmake'
[0.259s] Level 1:colcon.colcon_core.package_identification:_identify(highlevel/experiment_data) by extension 'python'
[0.259s] Level 1:colcon.colcon_core.package_identification:_identify(highlevel/experiment_data) by extensions ['python_setup_py']
[0.259s] Level 1:colcon.colcon_core.package_identification:_identify(highlevel/experiment_data) by extension 'python_setup_py'
[0.260s] Level 1:colcon.colcon_core.package_identification:_identify(highlevel/experiment_data/turtle) by extensions ['ignore', 'ignore_ament_install']
[0.260s] Level 1:colcon.colcon_core.package_identification:_identify(highlevel/experiment_data/turtle) by extension 'ignore'
[0.260s] Level 1:colcon.colcon_core.package_identification:_identify(highlevel/experiment_data/turtle) by extension 'ignore_ament_install'
[0.260s] Level 1:colcon.colcon_core.package_identification:_identify(highlevel/experiment_data/turtle) by extensions ['colcon_pkg']
[0.260s] Level 1:colcon.colcon_core.package_identification:_identify(highlevel/experiment_data/turtle) by extension 'colcon_pkg'
[0.260s] Level 1:colcon.colcon_core.package_identification:_identify(highlevel/experiment_data/turtle) by extensions ['colcon_meta']
[0.260s] Level 1:colcon.colcon_core.package_identification:_identify(highlevel/experiment_data/turtle) by extension 'colcon_meta'
[0.260s] Level 1:colcon.colcon_core.package_identification:_identify(highlevel/experiment_data/turtle) by extensions ['ros']
[0.260s] Level 1:colcon.colcon_core.package_identification:_identify(highlevel/experiment_data/turtle) by extension 'ros'
[0.260s] Level 1:colcon.colcon_core.package_identification:_identify(highlevel/experiment_data/turtle) by extensions ['cmake', 'python']
[0.260s] Level 1:colcon.colcon_core.package_identification:_identify(highlevel/experiment_data/turtle) by extension 'cmake'
[0.260s] Level 1:colcon.colcon_core.package_identification:_identify(highlevel/experiment_data/turtle) by extension 'python'
[0.260s] Level 1:colcon.colcon_core.package_identification:_identify(highlevel/experiment_data/turtle) by extensions ['python_setup_py']
[0.260s] Level 1:colcon.colcon_core.package_identification:_identify(highlevel/experiment_data/turtle) by extension 'python_setup_py'
[0.260s] Level 1:colcon.colcon_core.package_identification:_identify(highlevel/resource) by extensions ['ignore', 'ignore_ament_install']
[0.260s] Level 1:colcon.colcon_core.package_identification:_identify(highlevel/resource) by extension 'ignore'
[0.260s] Level 1:colcon.colcon_core.package_identification:_identify(highlevel/resource) by extension 'ignore_ament_install'
[0.260s] Level 1:colcon.colcon_core.package_identification:_identify(highlevel/resource) by extensions ['colcon_pkg']
[0.260s] Level 1:colcon.colcon_core.package_identification:_identify(highlevel/resource) by extension 'colcon_pkg'
[0.260s] Level 1:colcon.colcon_core.package_identification:_identify(highlevel/resource) by extensions ['colcon_meta']
[0.260s] Level 1:colcon.colcon_core.package_identification:_identify(highlevel/resource) by extension 'colcon_meta'
[0.260s] Level 1:colcon.colcon_core.package_identification:_identify(highlevel/resource) by extensions ['ros']
[0.260s] Level 1:colcon.colcon_core.package_identification:_identify(highlevel/resource) by extension 'ros'
[0.260s] Level 1:colcon.colcon_core.package_identification:_identify(highlevel/resource) by extensions ['cmake', 'python']
[0.260s] Level 1:colcon.colcon_core.package_identification:_identify(highlevel/resource) by extension 'cmake'
[0.260s] Level 1:colcon.colcon_core.package_identification:_identify(highlevel/resource) by extension 'python'
[0.260s] Level 1:colcon.colcon_core.package_identification:_identify(highlevel/resource) by extensions ['python_setup_py']
[0.260s] Level 1:colcon.colcon_core.package_identification:_identify(highlevel/resource) by extension 'python_setup_py'
[0.260s] Level 1:colcon.colcon_core.package_identification:_identify(highlevel/traveler_optitrack) by extensions ['ignore', 'ignore_ament_install']
[0.260s] Level 1:colcon.colcon_core.package_identification:_identify(highlevel/traveler_optitrack) by extension 'ignore'
[0.260s] Level 1:colcon.colcon_core.package_identification:_identify(highlevel/traveler_optitrack) by extension 'ignore_ament_install'
[0.260s] Level 1:colcon.colcon_core.package_identification:_identify(highlevel/traveler_optitrack) by extensions ['colcon_pkg']
[0.260s] Level 1:colcon.colcon_core.package_identification:_identify(highlevel/traveler_optitrack) by extension 'colcon_pkg'
[0.260s] Level 1:colcon.colcon_core.package_identification:_identify(highlevel/traveler_optitrack) by extensions ['colcon_meta']
[0.260s] Level 1:colcon.colcon_core.package_identification:_identify(highlevel/traveler_optitrack) by extension 'colcon_meta'
[0.260s] Level 1:colcon.colcon_core.package_identification:_identify(highlevel/traveler_optitrack) by extensions ['ros']
[0.260s] Level 1:colcon.colcon_core.package_identification:_identify(highlevel/traveler_optitrack) by extension 'ros'
[0.261s] DEBUG:colcon.colcon_core.package_identification:Package 'highlevel/traveler_optitrack' with type 'ros.ament_python' and name 'traveler_optitrack'
[0.261s] Level 1:colcon.colcon_core.package_identification:_identify(install) by extensions ['ignore', 'ignore_ament_install']
[0.261s] Level 1:colcon.colcon_core.package_identification:_identify(install) by extension 'ignore'
[0.261s] Level 1:colcon.colcon_core.package_identification:_identify(install) ignored
[0.261s] Level 1:colcon.colcon_core.package_identification:_identify(log) by extensions ['ignore', 'ignore_ament_install']
[0.261s] Level 1:colcon.colcon_core.package_identification:_identify(log) by extension 'ignore'
[0.261s] Level 1:colcon.colcon_core.package_identification:_identify(log) ignored
[0.261s] Level 1:colcon.colcon_core.package_discovery:discover_packages(recursive) using defaults
[0.261s] Level 1:colcon.colcon_core.package_discovery:discover_packages(ignore) discover
[0.261s] Level 1:colcon.colcon_core.package_discovery:discover_packages(ignore) using defaults
[0.261s] Level 1:colcon.colcon_core.package_discovery:discover_packages(path) discover
[0.261s] Level 1:colcon.colcon_core.package_discovery:discover_packages(path) using defaults
[0.280s] Level 1:colcon.colcon_core.package_discovery:discover_packages(prefix_path) check parameters
[0.280s] Level 1:colcon.colcon_core.package_discovery:discover_packages(prefix_path) discover
[0.281s] DEBUG:colcon.colcon_installed_package_information.package_discovery:Found 3 installed packages in /home/qianlab/Turtle_workspace/lassie-turtle/install
[0.282s] DEBUG:colcon.colcon_installed_package_information.package_discovery:Found 3 installed packages in /home/qianlab/Turtle_workspace/install
[0.282s] DEBUG:colcon.colcon_installed_package_information.package_discovery:Found 295 installed packages in /opt/ros/foxy
[0.283s] Level 1:colcon.colcon_core.package_discovery:discover_packages(prefix_path) using defaults
[0.319s] Level 5:colcon.colcon_core.verb:set package 'traveler_msgs' build argument 'cmake_args' from command line to 'None'
[0.320s] Level 5:colcon.colcon_core.verb:set package 'traveler_msgs' build argument 'cmake_target' from command line to 'None'
[0.320s] Level 5:colcon.colcon_core.verb:set package 'traveler_msgs' build argument 'cmake_target_skip_unavailable' from command line to 'False'
[0.320s] Level 5:colcon.colcon_core.verb:set package 'traveler_msgs' build argument 'cmake_clean_cache' from command line to 'False'
[0.320s] Level 5:colcon.colcon_core.verb:set package 'traveler_msgs' build argument 'cmake_clean_first' from command line to 'False'
[0.320s] Level 5:colcon.colcon_core.verb:set package 'traveler_msgs' build argument 'cmake_force_configure' from command line to 'False'
[0.320s] Level 5:colcon.colcon_core.verb:set package 'traveler_msgs' build argument 'ament_cmake_args' from command line to 'None'
[0.320s] Level 5:colcon.colcon_core.verb:set package 'traveler_msgs' build argument 'catkin_cmake_args' from command line to 'None'
[0.320s] Level 5:colcon.colcon_core.verb:set package 'traveler_msgs' build argument 'catkin_skip_building_tests' from command line to 'False'
[0.320s] DEBUG:colcon.colcon_core.verb:Building package 'traveler_msgs' with the following arguments: {'ament_cmake_args': None, 'build_base': '/home/qianlab/Desktop/lassie-turtle/build/traveler_msgs', 'catkin_cmake_args': None, 'catkin_skip_building_tests': False, 'cmake_args': None, 'cmake_clean_cache': False, 'cmake_clean_first': False, 'cmake_force_configure': False, 'cmake_target': None, 'cmake_target_skip_unavailable': False, 'install_base': '/home/qianlab/Desktop/lassie-turtle/install/traveler_msgs', 'merge_install': False, 'path': '/home/qianlab/Desktop/lassie-turtle/dependencies/traveler_msgs', 'symlink_install': False, 'test_result_base': None}
[0.320s] Level 5:colcon.colcon_core.verb:set package 'traveler_optitrack' build argument 'cmake_args' from command line to 'None'
[0.320s] Level 5:colcon.colcon_core.verb:set package 'traveler_optitrack' build argument 'cmake_target' from command line to 'None'
[0.320s] Level 5:colcon.colcon_core.verb:set package 'traveler_optitrack' build argument 'cmake_target_skip_unavailable' from command line to 'False'
[0.320s] Level 5:colcon.colcon_core.verb:set package 'traveler_optitrack' build argument 'cmake_clean_cache' from command line to 'False'
[0.320s] Level 5:colcon.colcon_core.verb:set package 'traveler_optitrack' build argument 'cmake_clean_first' from command line to 'False'
[0.320s] Level 5:colcon.colcon_core.verb:set package 'traveler_optitrack' build argument 'cmake_force_configure' from command line to 'False'
[0.320s] Level 5:colcon.colcon_core.verb:set package 'traveler_optitrack' build argument 'ament_cmake_args' from command line to 'None'
[0.320s] Level 5:colcon.colcon_core.verb:set package 'traveler_optitrack' build argument 'catkin_cmake_args' from command line to 'None'
[0.320s] Level 5:colcon.colcon_core.verb:set package 'traveler_optitrack' build argument 'catkin_skip_building_tests' from command line to 'False'
[0.320s] DEBUG:colcon.colcon_core.verb:Building package 'traveler_optitrack' with the following arguments: {'ament_cmake_args': None, 'build_base': '/home/qianlab/Desktop/lassie-turtle/build/traveler_optitrack', 'catkin_cmake_args': None, 'catkin_skip_building_tests': False, 'cmake_args': None, 'cmake_clean_cache': False, 'cmake_clean_first': False, 'cmake_force_configure': False, 'cmake_target': None, 'cmake_target_skip_unavailable': False, 'install_base': '/home/qianlab/Desktop/lassie-turtle/install/traveler_optitrack', 'merge_install': False, 'path': '/home/qianlab/Desktop/lassie-turtle/highlevel/traveler_optitrack', 'symlink_install': False, 'test_result_base': None}
[0.320s] Level 5:colcon.colcon_core.verb:set package 'turtle_high_controller' build argument 'cmake_args' from command line to 'None'
[0.320s] Level 5:colcon.colcon_core.verb:set package 'turtle_high_controller' build argument 'cmake_target' from command line to 'None'
[0.320s] Level 5:colcon.colcon_core.verb:set package 'turtle_high_controller' build argument 'cmake_target_skip_unavailable' from command line to 'False'
[0.320s] Level 5:colcon.colcon_core.verb:set package 'turtle_high_controller' build argument 'cmake_clean_cache' from command line to 'False'
[0.320s] Level 5:colcon.colcon_core.verb:set package 'turtle_high_controller' build argument 'cmake_clean_first' from command line to 'False'
[0.320s] Level 5:colcon.colcon_core.verb:set package 'turtle_high_controller' build argument 'cmake_force_configure' from command line to 'False'
[0.320s] Level 5:colcon.colcon_core.verb:set package 'turtle_high_controller' build argument 'ament_cmake_args' from command line to 'None'
[0.320s] Level 5:colcon.colcon_core.verb:set package 'turtle_high_controller' build argument 'catkin_cmake_args' from command line to 'None'
[0.320s] Level 5:colcon.colcon_core.verb:set package 'turtle_high_controller' build argument 'catkin_skip_building_tests' from command line to 'False'
[0.320s] DEBUG:colcon.colcon_core.verb:Building package 'turtle_high_controller' with the following arguments: {'ament_cmake_args': None, 'build_base': '/home/qianlab/Desktop/lassie-turtle/build/turtle_high_controller', 'catkin_cmake_args': None, 'catkin_skip_building_tests': False, 'cmake_args': None, 'cmake_clean_cache': False, 'cmake_clean_first': False, 'cmake_force_configure': False, 'cmake_target': None, 'cmake_target_skip_unavailable': False, 'install_base': '/home/qianlab/Desktop/lassie-turtle/install/turtle_high_controller', 'merge_install': False, 'path': '/home/qianlab/Desktop/lassie-turtle/dependencies/traveler_controller', 'symlink_install': False, 'test_result_base': None}
[0.320s] INFO:colcon.colcon_core.executor:Executing jobs using 'parallel' executor
[0.321s] DEBUG:colcon.colcon_parallel_executor.executor.parallel:run_until_complete
[0.321s] INFO:colcon.colcon_ros.task.ament_cmake.build:Building ROS package in '/home/qianlab/Desktop/lassie-turtle/dependencies/traveler_msgs' with build type 'ament_cmake'
[0.322s] INFO:colcon.colcon_cmake.task.cmake.build:Building CMake package in '/home/qianlab/Desktop/lassie-turtle/dependencies/traveler_msgs'
[0.323s] INFO:colcon.colcon_core.plugin_system:Skipping extension 'colcon_core.shell.bat': Not used on non-Windows systems
[0.324s] INFO:colcon.colcon_core.shell:Skip shell extension 'powershell' for command environment: Not usable outside of PowerShell
[0.324s] DEBUG:colcon.colcon_core.shell:Skip shell extension 'dsv' for command environment
[0.329s] INFO:colcon.colcon_ros.task.ament_python.build:Building ROS package in '/home/qianlab/Desktop/lassie-turtle/highlevel/traveler_optitrack' with build type 'ament_python'
[0.329s] Level 1:colcon.colcon_core.shell:create_environment_hook('traveler_optitrack', 'ament_prefix_path')
[0.330s] INFO:colcon.colcon_core.shell:Creating environment hook '/home/qianlab/Desktop/lassie-turtle/install/traveler_optitrack/share/traveler_optitrack/hook/ament_prefix_path.ps1'
[0.331s] INFO:colcon.colcon_core.shell:Creating environment descriptor '/home/qianlab/Desktop/lassie-turtle/install/traveler_optitrack/share/traveler_optitrack/hook/ament_prefix_path.dsv'
[0.331s] INFO:colcon.colcon_core.shell:Creating environment hook '/home/qianlab/Desktop/lassie-turtle/install/traveler_optitrack/share/traveler_optitrack/hook/ament_prefix_path.sh'
[0.332s] INFO:colcon.colcon_core.shell:Skip shell extension 'powershell' for command environment: Not usable outside of PowerShell
[0.332s] DEBUG:colcon.colcon_core.shell:Skip shell extension 'dsv' for command environment
[0.344s] DEBUG:colcon.colcon_core.event_handler.log_command:Invoking command in '/home/qianlab/Desktop/lassie-turtle/build/traveler_msgs': CMAKE_PREFIX_PATH=${CMAKE_PREFIX_PATH}:/home/qianlab/Turtle_workspace/lassie-turtle/install/traveler_optitrack:/home/qianlab/Turtle_workspace/install/traveler_optitrack:/opt/ros/foxy /usr/bin/cmake --build /home/qianlab/Desktop/lassie-turtle/build/traveler_msgs -- -j12 -l12
[0.542s] INFO:colcon.colcon_core.task.python.build:Building Python package in '/home/qianlab/Desktop/lassie-turtle/highlevel/traveler_optitrack'
[0.543s] INFO:colcon.colcon_core.shell:Skip shell extension 'powershell' for command environment: Not usable outside of PowerShell
[0.543s] DEBUG:colcon.colcon_core.shell:Skip shell extension 'dsv' for command environment
[0.551s] DEBUG:colcon.colcon_core.event_handler.log_command:Invoked command in '/home/qianlab/Desktop/lassie-turtle/build/traveler_msgs' returned '0': CMAKE_PREFIX_PATH=${CMAKE_PREFIX_PATH}:/home/qianlab/Turtle_workspace/lassie-turtle/install/traveler_optitrack:/home/qianlab/Turtle_workspace/install/traveler_optitrack:/opt/ros/foxy /usr/bin/cmake --build /home/qianlab/Desktop/lassie-turtle/build/traveler_msgs -- -j12 -l12
[0.655s] DEBUG:colcon.colcon_core.event_handler.log_command:Invoking command in '/home/qianlab/Desktop/lassie-turtle/build/traveler_msgs': CMAKE_PREFIX_PATH=${CMAKE_PREFIX_PATH}:/home/qianlab/Turtle_workspace/lassie-turtle/install/traveler_optitrack:/home/qianlab/Turtle_workspace/install/traveler_optitrack:/opt/ros/foxy /usr/bin/cmake --install /home/qianlab/Desktop/lassie-turtle/build/traveler_msgs
[0.712s] Level 1:colcon.colcon_core.environment:create_environment_scripts_only(traveler_msgs)
[0.713s] DEBUG:colcon.colcon_core.event_handler.log_command:Invoked command in '/home/qianlab/Desktop/lassie-turtle/build/traveler_msgs' returned '0': CMAKE_PREFIX_PATH=${CMAKE_PREFIX_PATH}:/home/qianlab/Turtle_workspace/lassie-turtle/install/traveler_optitrack:/home/qianlab/Turtle_workspace/install/traveler_optitrack:/opt/ros/foxy /usr/bin/cmake --install /home/qianlab/Desktop/lassie-turtle/build/traveler_msgs
[0.715s] Level 1:colcon.colcon_core.environment:checking '/home/qianlab/Desktop/lassie-turtle/install/traveler_msgs' for CMake module files
[0.716s] Level 1:colcon.colcon_core.environment:checking '/home/qianlab/Desktop/lassie-turtle/install/traveler_msgs' for CMake config files
[0.716s] Level 1:colcon.colcon_core.shell:create_environment_hook('traveler_msgs', 'cmake_prefix_path')
[0.716s] INFO:colcon.colcon_core.shell:Creating environment hook '/home/qianlab/Desktop/lassie-turtle/install/traveler_msgs/share/traveler_msgs/hook/cmake_prefix_path.ps1'
[0.717s] INFO:colcon.colcon_core.shell:Creating environment descriptor '/home/qianlab/Desktop/lassie-turtle/install/traveler_msgs/share/traveler_msgs/hook/cmake_prefix_path.dsv'
[0.717s] INFO:colcon.colcon_core.shell:Creating environment hook '/home/qianlab/Desktop/lassie-turtle/install/traveler_msgs/share/traveler_msgs/hook/cmake_prefix_path.sh'
[0.718s] Level 1:colcon.colcon_core.environment:checking '/home/qianlab/Desktop/lassie-turtle/install/traveler_msgs/lib'
[0.718s] Level 1:colcon.colcon_core.shell:create_environment_hook('traveler_msgs', 'ld_library_path_lib')
[0.718s] INFO:colcon.colcon_core.shell:Creating environment hook '/home/qianlab/Desktop/lassie-turtle/install/traveler_msgs/share/traveler_msgs/hook/ld_library_path_lib.ps1'
[0.718s] INFO:colcon.colcon_core.shell:Creating environment descriptor '/home/qianlab/Desktop/lassie-turtle/install/traveler_msgs/share/traveler_msgs/hook/ld_library_path_lib.dsv'
[0.719s] INFO:colcon.colcon_core.shell:Creating environment hook '/home/qianlab/Desktop/lassie-turtle/install/traveler_msgs/share/traveler_msgs/hook/ld_library_path_lib.sh'
[0.719s] Level 1:colcon.colcon_core.environment:checking '/home/qianlab/Desktop/lassie-turtle/install/traveler_msgs/bin'
[0.719s] Level 1:colcon.colcon_core.environment:checking '/home/qianlab/Desktop/lassie-turtle/install/traveler_msgs/lib/pkgconfig/traveler_msgs.pc'
[0.719s] Level 1:colcon.colcon_core.environment:checking '/home/qianlab/Desktop/lassie-turtle/install/traveler_msgs/lib/python3.8/site-packages'
[0.719s] Level 1:colcon.colcon_core.shell:create_environment_hook('traveler_msgs', 'pythonpath')
[0.720s] INFO:colcon.colcon_core.shell:Creating environment hook '/home/qianlab/Desktop/lassie-turtle/install/traveler_msgs/share/traveler_msgs/hook/pythonpath.ps1'
[0.720s] INFO:colcon.colcon_core.shell:Creating environment descriptor '/home/qianlab/Desktop/lassie-turtle/install/traveler_msgs/share/traveler_msgs/hook/pythonpath.dsv'
[0.720s] INFO:colcon.colcon_core.shell:Creating environment hook '/home/qianlab/Desktop/lassie-turtle/install/traveler_msgs/share/traveler_msgs/hook/pythonpath.sh'
[0.721s] Level 1:colcon.colcon_core.environment:checking '/home/qianlab/Desktop/lassie-turtle/install/traveler_msgs/bin'
[0.721s] INFO:colcon.colcon_core.shell:Creating package script '/home/qianlab/Desktop/lassie-turtle/install/traveler_msgs/share/traveler_msgs/package.ps1'
[0.722s] INFO:colcon.colcon_core.shell:Creating package descriptor '/home/qianlab/Desktop/lassie-turtle/install/traveler_msgs/share/traveler_msgs/package.dsv'
[0.723s] INFO:colcon.colcon_core.shell:Creating package script '/home/qianlab/Desktop/lassie-turtle/install/traveler_msgs/share/traveler_msgs/package.sh'
[0.724s] INFO:colcon.colcon_core.shell:Creating package script '/home/qianlab/Desktop/lassie-turtle/install/traveler_msgs/share/traveler_msgs/package.bash'
[0.724s] INFO:colcon.colcon_core.shell:Creating package script '/home/qianlab/Desktop/lassie-turtle/install/traveler_msgs/share/traveler_msgs/package.zsh'
[0.725s] Level 1:colcon.colcon_core.environment:create_file_with_runtime_dependencies(/home/qianlab/Desktop/lassie-turtle/install/traveler_msgs/share/colcon-core/packages/traveler_msgs)
[0.804s] Level 1:colcon.colcon_core.environment:create_environment_scripts_only(traveler_msgs)
[0.804s] Level 1:colcon.colcon_core.environment:checking '/home/qianlab/Desktop/lassie-turtle/install/traveler_msgs' for CMake module files
[0.805s] Level 1:colcon.colcon_core.environment:checking '/home/qianlab/Desktop/lassie-turtle/install/traveler_msgs' for CMake config files
[0.805s] Level 1:colcon.colcon_core.shell:create_environment_hook('traveler_msgs', 'cmake_prefix_path')
[0.805s] INFO:colcon.colcon_core.shell:Creating environment hook '/home/qianlab/Desktop/lassie-turtle/install/traveler_msgs/share/traveler_msgs/hook/cmake_prefix_path.ps1'
[0.806s] INFO:colcon.colcon_core.shell:Creating environment descriptor '/home/qianlab/Desktop/lassie-turtle/install/traveler_msgs/share/traveler_msgs/hook/cmake_prefix_path.dsv'
[0.806s] INFO:colcon.colcon_core.shell:Creating environment hook '/home/qianlab/Desktop/lassie-turtle/install/traveler_msgs/share/traveler_msgs/hook/cmake_prefix_path.sh'
[0.807s] Level 1:colcon.colcon_core.environment:checking '/home/qianlab/Desktop/lassie-turtle/install/traveler_msgs/lib'
[0.807s] Level 1:colcon.colcon_core.shell:create_environment_hook('traveler_msgs', 'ld_library_path_lib')
[0.807s] INFO:colcon.colcon_core.shell:Creating environment hook '/home/qianlab/Desktop/lassie-turtle/install/traveler_msgs/share/traveler_msgs/hook/ld_library_path_lib.ps1'
[0.807s] INFO:colcon.colcon_core.shell:Creating environment descriptor '/home/qianlab/Desktop/lassie-turtle/install/traveler_msgs/share/traveler_msgs/hook/ld_library_path_lib.dsv'
[0.808s] INFO:colcon.colcon_core.shell:Creating environment hook '/home/qianlab/Desktop/lassie-turtle/install/traveler_msgs/share/traveler_msgs/hook/ld_library_path_lib.sh'
[0.808s] Level 1:colcon.colcon_core.environment:checking '/home/qianlab/Desktop/lassie-turtle/install/traveler_msgs/bin'
[0.808s] Level 1:colcon.colcon_core.environment:checking '/home/qianlab/Desktop/lassie-turtle/install/traveler_msgs/lib/pkgconfig/traveler_msgs.pc'
[0.808s] Level 1:colcon.colcon_core.environment:checking '/home/qianlab/Desktop/lassie-turtle/install/traveler_msgs/lib/python3.8/site-packages'
[0.808s] Level 1:colcon.colcon_core.shell:create_environment_hook('traveler_msgs', 'pythonpath')
[0.809s] INFO:colcon.colcon_core.shell:Creating environment hook '/home/qianlab/Desktop/lassie-turtle/install/traveler_msgs/share/traveler_msgs/hook/pythonpath.ps1'
[0.809s] INFO:colcon.colcon_core.shell:Creating environment descriptor '/home/qianlab/Desktop/lassie-turtle/install/traveler_msgs/share/traveler_msgs/hook/pythonpath.dsv'
[0.809s] INFO:colcon.colcon_core.shell:Creating environment hook '/home/qianlab/Desktop/lassie-turtle/install/traveler_msgs/share/traveler_msgs/hook/pythonpath.sh'
[0.810s] Level 1:colcon.colcon_core.environment:checking '/home/qianlab/Desktop/lassie-turtle/install/traveler_msgs/bin'
[0.810s] INFO:colcon.colcon_core.shell:Creating package script '/home/qianlab/Desktop/lassie-turtle/install/traveler_msgs/share/traveler_msgs/package.ps1'
[0.811s] INFO:colcon.colcon_core.shell:Creating package descriptor '/home/qianlab/Desktop/lassie-turtle/install/traveler_msgs/share/traveler_msgs/package.dsv'
[0.811s] INFO:colcon.colcon_core.shell:Creating package script '/home/qianlab/Desktop/lassie-turtle/install/traveler_msgs/share/traveler_msgs/package.sh'
[0.812s] INFO:colcon.colcon_core.shell:Creating package script '/home/qianlab/Desktop/lassie-turtle/install/traveler_msgs/share/traveler_msgs/package.bash'
[0.812s] INFO:colcon.colcon_core.shell:Creating package script '/home/qianlab/Desktop/lassie-turtle/install/traveler_msgs/share/traveler_msgs/package.zsh'
[0.812s] Level 1:colcon.colcon_core.environment:create_file_with_runtime_dependencies(/home/qianlab/Desktop/lassie-turtle/install/traveler_msgs/share/colcon-core/packages/traveler_msgs)
[0.813s] INFO:colcon.colcon_ros.task.ament_cmake.build:Building ROS package in '/home/qianlab/Desktop/lassie-turtle/dependencies/traveler_controller' with build type 'ament_cmake'
[0.813s] INFO:colcon.colcon_cmake.task.cmake.build:Building CMake package in '/home/qianlab/Desktop/lassie-turtle/dependencies/traveler_controller'
[0.813s] INFO:colcon.colcon_core.shell:Skip shell extension 'powershell' for command environment: Not usable outside of PowerShell
[0.813s] DEBUG:colcon.colcon_core.shell:Skip shell extension 'dsv' for command environment
[0.828s] DEBUG:colcon.colcon_core.event_handler.log_command:Invoking command in '/home/qianlab/Desktop/lassie-turtle/build/turtle_high_controller': AMENT_PREFIX_PATH=/home/qianlab/Desktop/lassie-turtle/install/traveler_msgs:${AMENT_PREFIX_PATH} CMAKE_PREFIX_PATH=/home/qianlab/Desktop/lassie-turtle/install/traveler_msgs:/home/qianlab/Turtle_workspace/lassie-turtle/install/turtle_high_controller:/home/qianlab/Turtle_workspace/lassie-turtle/install/traveler_msgs:/home/qianlab/Turtle_workspace/install/turtle_high_controller:/home/qianlab/Turtle_workspace/install/traveler_msgs:/home/qianlab/Turtle_workspace/lassie-turtle/install/traveler_optitrack:/home/qianlab/Turtle_workspace/install/traveler_optitrack:/opt/ros/foxy LD_LIBRARY_PATH=/home/qianlab/Desktop/lassie-turtle/install/traveler_msgs/lib:${LD_LIBRARY_PATH} PYTHONPATH=/home/qianlab/Desktop/lassie-turtle/install/traveler_msgs/lib/python3.8/site-packages:${PYTHONPATH} /usr/bin/cmake --build /home/qianlab/Desktop/lassie-turtle/build/turtle_high_controller -- -j12 -l12
[0.832s] DEBUG:colcon.colcon_core.event_handler.log_command:Invoking command in '/home/qianlab/Desktop/lassie-turtle/highlevel/traveler_optitrack': PYTHONPATH=/home/qianlab/Desktop/lassie-turtle/build/traveler_optitrack/prefix_override:/home/qianlab/Desktop/lassie-turtle/install/traveler_optitrack/lib/python3.8/site-packages:${PYTHONPATH} /usr/bin/python3 -W ignore:setup.py install is deprecated setup.py egg_info --egg-base ../../build/traveler_optitrack build --build-base /home/qianlab/Desktop/lassie-turtle/build/traveler_optitrack/build install --record /home/qianlab/Desktop/lassie-turtle/build/traveler_optitrack/install.log --install-scripts $base/lib/traveler_optitrack --single-version-externally-managed install_data
[1.166s] Level 1:colcon.colcon_core.environment:checking '/home/qianlab/Desktop/lassie-turtle/install/traveler_optitrack' for CMake module files
[1.167s] DEBUG:colcon.colcon_core.event_handler.log_command:Invoked command in '/home/qianlab/Desktop/lassie-turtle/highlevel/traveler_optitrack' returned '0': PYTHONPATH=/home/qianlab/Desktop/lassie-turtle/build/traveler_optitrack/prefix_override:/home/qianlab/Desktop/lassie-turtle/install/traveler_optitrack/lib/python3.8/site-packages:${PYTHONPATH} /usr/bin/python3 -W ignore:setup.py install is deprecated setup.py egg_info --egg-base ../../build/traveler_optitrack build --build-base /home/qianlab/Desktop/lassie-turtle/build/traveler_optitrack/build install --record /home/qianlab/Desktop/lassie-turtle/build/traveler_optitrack/install.log --install-scripts $base/lib/traveler_optitrack --single-version-externally-managed install_data
[1.167s] Level 1:colcon.colcon_core.environment:checking '/home/qianlab/Desktop/lassie-turtle/install/traveler_optitrack' for CMake config files
[1.168s] Level 1:colcon.colcon_core.environment:checking '/home/qianlab/Desktop/lassie-turtle/install/traveler_optitrack/lib'
[1.168s] Level 1:colcon.colcon_core.environment:checking '/home/qianlab/Desktop/lassie-turtle/install/traveler_optitrack/bin'
[1.168s] Level 1:colcon.colcon_core.environment:checking '/home/qianlab/Desktop/lassie-turtle/install/traveler_optitrack/lib/pkgconfig/traveler_optitrack.pc'
[1.168s] Level 1:colcon.colcon_core.environment:checking '/home/qianlab/Desktop/lassie-turtle/install/traveler_optitrack/lib/python3.8/site-packages'
[1.169s] Level 1:colcon.colcon_core.shell:create_environment_hook('traveler_optitrack', 'pythonpath')
[1.169s] INFO:colcon.colcon_core.shell:Creating environment hook '/home/qianlab/Desktop/lassie-turtle/install/traveler_optitrack/share/traveler_optitrack/hook/pythonpath.ps1'
[1.169s] INFO:colcon.colcon_core.shell:Creating environment descriptor '/home/qianlab/Desktop/lassie-turtle/install/traveler_optitrack/share/traveler_optitrack/hook/pythonpath.dsv'
[1.170s] INFO:colcon.colcon_core.shell:Creating environment hook '/home/qianlab/Desktop/lassie-turtle/install/traveler_optitrack/share/traveler_optitrack/hook/pythonpath.sh'
[1.170s] Level 1:colcon.colcon_core.environment:checking '/home/qianlab/Desktop/lassie-turtle/install/traveler_optitrack/bin'
[1.170s] Level 1:colcon.colcon_core.environment:create_environment_scripts_only(traveler_optitrack)
[1.171s] INFO:colcon.colcon_core.shell:Creating package script '/home/qianlab/Desktop/lassie-turtle/install/traveler_optitrack/share/traveler_optitrack/package.ps1'
[1.171s] INFO:colcon.colcon_core.shell:Creating package descriptor '/home/qianlab/Desktop/lassie-turtle/install/traveler_optitrack/share/traveler_optitrack/package.dsv'
[1.172s] INFO:colcon.colcon_core.shell:Creating package script '/home/qianlab/Desktop/lassie-turtle/install/traveler_optitrack/share/traveler_optitrack/package.sh'
[1.172s] INFO:colcon.colcon_core.shell:Creating package script '/home/qianlab/Desktop/lassie-turtle/install/traveler_optitrack/share/traveler_optitrack/package.bash'
[1.173s] INFO:colcon.colcon_core.shell:Creating package script '/home/qianlab/Desktop/lassie-turtle/install/traveler_optitrack/share/traveler_optitrack/package.zsh'
[1.173s] Level 1:colcon.colcon_core.environment:create_file_with_runtime_dependencies(/home/qianlab/Desktop/lassie-turtle/install/traveler_optitrack/share/colcon-core/packages/traveler_optitrack)
[3.620s] DEBUG:colcon.colcon_core.event_handler.log_command:Invoked command in '/home/qianlab/Desktop/lassie-turtle/build/turtle_high_controller' returned '0': AMENT_PREFIX_PATH=/home/qianlab/Desktop/lassie-turtle/install/traveler_msgs:${AMENT_PREFIX_PATH} CMAKE_PREFIX_PATH=/home/qianlab/Desktop/lassie-turtle/install/traveler_msgs:/home/qianlab/Turtle_workspace/lassie-turtle/install/turtle_high_controller:/home/qianlab/Turtle_workspace/lassie-turtle/install/traveler_msgs:/home/qianlab/Turtle_workspace/install/turtle_high_controller:/home/qianlab/Turtle_workspace/install/traveler_msgs:/home/qianlab/Turtle_workspace/lassie-turtle/install/traveler_optitrack:/home/qianlab/Turtle_workspace/install/traveler_optitrack:/opt/ros/foxy LD_LIBRARY_PATH=/home/qianlab/Desktop/lassie-turtle/install/traveler_msgs/lib:${LD_LIBRARY_PATH} PYTHONPATH=/home/qianlab/Desktop/lassie-turtle/install/traveler_msgs/lib/python3.8/site-packages:${PYTHONPATH} /usr/bin/cmake --build /home/qianlab/Desktop/lassie-turtle/build/turtle_high_controller -- -j12 -l12
[3.644s] DEBUG:colcon.colcon_core.event_handler.log_command:Invoking command in '/home/qianlab/Desktop/lassie-turtle/build/turtle_high_controller': AMENT_PREFIX_PATH=/home/qianlab/Desktop/lassie-turtle/install/traveler_msgs:${AMENT_PREFIX_PATH} CMAKE_PREFIX_PATH=/home/qianlab/Desktop/lassie-turtle/install/traveler_msgs:/home/qianlab/Turtle_workspace/lassie-turtle/install/turtle_high_controller:/home/qianlab/Turtle_workspace/lassie-turtle/install/traveler_msgs:/home/qianlab/Turtle_workspace/install/turtle_high_controller:/home/qianlab/Turtle_workspace/install/traveler_msgs:/home/qianlab/Turtle_workspace/lassie-turtle/install/traveler_optitrack:/home/qianlab/Turtle_workspace/install/traveler_optitrack:/opt/ros/foxy LD_LIBRARY_PATH=/home/qianlab/Desktop/lassie-turtle/install/traveler_msgs/lib:${LD_LIBRARY_PATH} PYTHONPATH=/home/qianlab/Desktop/lassie-turtle/install/traveler_msgs/lib/python3.8/site-packages:${PYTHONPATH} /usr/bin/cmake --install /home/qianlab/Desktop/lassie-turtle/build/turtle_high_controller
[3.659s] Level 1:colcon.colcon_core.environment:create_environment_scripts_only(turtle_high_controller)
[3.659s] Level 1:colcon.colcon_core.environment:checking '/home/qianlab/Desktop/lassie-turtle/install/turtle_high_controller' for CMake module files
[3.660s] DEBUG:colcon.colcon_core.event_handler.log_command:Invoked command in '/home/qianlab/Desktop/lassie-turtle/build/turtle_high_controller' returned '0': AMENT_PREFIX_PATH=/home/qianlab/Desktop/lassie-turtle/install/traveler_msgs:${AMENT_PREFIX_PATH} CMAKE_PREFIX_PATH=/home/qianlab/Desktop/lassie-turtle/install/traveler_msgs:/home/qianlab/Turtle_workspace/lassie-turtle/install/turtle_high_controller:/home/qianlab/Turtle_workspace/lassie-turtle/install/traveler_msgs:/home/qianlab/Turtle_workspace/install/turtle_high_controller:/home/qianlab/Turtle_workspace/install/traveler_msgs:/home/qianlab/Turtle_workspace/lassie-turtle/install/traveler_optitrack:/home/qianlab/Turtle_workspace/install/traveler_optitrack:/opt/ros/foxy LD_LIBRARY_PATH=/home/qianlab/Desktop/lassie-turtle/install/traveler_msgs/lib:${LD_LIBRARY_PATH} PYTHONPATH=/home/qianlab/Desktop/lassie-turtle/install/traveler_msgs/lib/python3.8/site-packages:${PYTHONPATH} /usr/bin/cmake --install /home/qianlab/Desktop/lassie-turtle/build/turtle_high_controller
[3.660s] Level 1:colcon.colcon_core.environment:checking '/home/qianlab/Desktop/lassie-turtle/install/turtle_high_controller' for CMake config files
[3.661s] Level 1:colcon.colcon_core.shell:create_environment_hook('turtle_high_controller', 'cmake_prefix_path')
[3.661s] INFO:colcon.colcon_core.shell:Creating environment hook '/home/qianlab/Desktop/lassie-turtle/install/turtle_high_controller/share/turtle_high_controller/hook/cmake_prefix_path.ps1'
[3.661s] INFO:colcon.colcon_core.shell:Creating environment descriptor '/home/qianlab/Desktop/lassie-turtle/install/turtle_high_controller/share/turtle_high_controller/hook/cmake_prefix_path.dsv'
[3.662s] INFO:colcon.colcon_core.shell:Creating environment hook '/home/qianlab/Desktop/lassie-turtle/install/turtle_high_controller/share/turtle_high_controller/hook/cmake_prefix_path.sh'
[3.662s] Level 1:colcon.colcon_core.environment:checking '/home/qianlab/Desktop/lassie-turtle/install/turtle_high_controller/lib'
[3.662s] Level 1:colcon.colcon_core.environment:checking '/home/qianlab/Desktop/lassie-turtle/install/turtle_high_controller/bin'
[3.662s] Level 1:colcon.colcon_core.environment:checking '/home/qianlab/Desktop/lassie-turtle/install/turtle_high_controller/lib/pkgconfig/turtle_high_controller.pc'
[3.663s] Level 1:colcon.colcon_core.environment:checking '/home/qianlab/Desktop/lassie-turtle/install/turtle_high_controller/lib/python3.8/site-packages'
[3.663s] Level 1:colcon.colcon_core.environment:checking '/home/qianlab/Desktop/lassie-turtle/install/turtle_high_controller/bin'
[3.663s] INFO:colcon.colcon_core.shell:Creating package script '/home/qianlab/Desktop/lassie-turtle/install/turtle_high_controller/share/turtle_high_controller/package.ps1'
[3.663s] INFO:colcon.colcon_core.shell:Creating package descriptor '/home/qianlab/Desktop/lassie-turtle/install/turtle_high_controller/share/turtle_high_controller/package.dsv'
[3.664s] INFO:colcon.colcon_core.shell:Creating package script '/home/qianlab/Desktop/lassie-turtle/install/turtle_high_controller/share/turtle_high_controller/package.sh'
[3.664s] INFO:colcon.colcon_core.shell:Creating package script '/home/qianlab/Desktop/lassie-turtle/install/turtle_high_controller/share/turtle_high_controller/package.bash'
[3.664s] INFO:colcon.colcon_core.shell:Creating package script '/home/qianlab/Desktop/lassie-turtle/install/turtle_high_controller/share/turtle_high_controller/package.zsh'
[3.665s] Level 1:colcon.colcon_core.environment:create_file_with_runtime_dependencies(/home/qianlab/Desktop/lassie-turtle/install/turtle_high_controller/share/colcon-core/packages/turtle_high_controller)
[3.688s] Level 1:colcon.colcon_core.environment:create_environment_scripts_only(turtle_high_controller)
[3.689s] Level 1:colcon.colcon_core.environment:checking '/home/qianlab/Desktop/lassie-turtle/install/turtle_high_controller' for CMake module files
[3.689s] Level 1:colcon.colcon_core.environment:checking '/home/qianlab/Desktop/lassie-turtle/install/turtle_high_controller' for CMake config files
[3.689s] Level 1:colcon.colcon_core.shell:create_environment_hook('turtle_high_controller', 'cmake_prefix_path')
[3.690s] INFO:colcon.colcon_core.shell:Creating environment hook '/home/qianlab/Desktop/lassie-turtle/install/turtle_high_controller/share/turtle_high_controller/hook/cmake_prefix_path.ps1'
[3.690s] INFO:colcon.colcon_core.shell:Creating environment descriptor '/home/qianlab/Desktop/lassie-turtle/install/turtle_high_controller/share/turtle_high_controller/hook/cmake_prefix_path.dsv'
[3.690s] INFO:colcon.colcon_core.shell:Creating environment hook '/home/qianlab/Desktop/lassie-turtle/install/turtle_high_controller/share/turtle_high_controller/hook/cmake_prefix_path.sh'
[3.690s] Level 1:colcon.colcon_core.environment:checking '/home/qianlab/Desktop/lassie-turtle/install/turtle_high_controller/lib'
[3.691s] Level 1:colcon.colcon_core.environment:checking '/home/qianlab/Desktop/lassie-turtle/install/turtle_high_controller/bin'
[3.691s] Level 1:colcon.colcon_core.environment:checking '/home/qianlab/Desktop/lassie-turtle/install/turtle_high_controller/lib/pkgconfig/turtle_high_controller.pc'
[3.691s] Level 1:colcon.colcon_core.environment:checking '/home/qianlab/Desktop/lassie-turtle/install/turtle_high_controller/lib/python3.8/site-packages'
[3.691s] Level 1:colcon.colcon_core.environment:checking '/home/qianlab/Desktop/lassie-turtle/install/turtle_high_controller/bin'
[3.691s] INFO:colcon.colcon_core.shell:Creating package script '/home/qianlab/Desktop/lassie-turtle/install/turtle_high_controller/share/turtle_high_controller/package.ps1'
[3.691s] INFO:colcon.colcon_core.shell:Creating package descriptor '/home/qianlab/Desktop/lassie-turtle/install/turtle_high_controller/share/turtle_high_controller/package.dsv'
[3.692s] INFO:colcon.colcon_core.shell:Creating package script '/home/qianlab/Desktop/lassie-turtle/install/turtle_high_controller/share/turtle_high_controller/package.sh'
[3.692s] INFO:colcon.colcon_core.shell:Creating package script '/home/qianlab/Desktop/lassie-turtle/install/turtle_high_controller/share/turtle_high_controller/package.bash'
[3.692s] INFO:colcon.colcon_core.shell:Creating package script '/home/qianlab/Desktop/lassie-turtle/install/turtle_high_controller/share/turtle_high_controller/package.zsh'
[3.692s] Level 1:colcon.colcon_core.environment:create_file_with_runtime_dependencies(/home/qianlab/Desktop/lassie-turtle/install/turtle_high_controller/share/colcon-core/packages/turtle_high_controller)
[3.692s] DEBUG:colcon.colcon_parallel_executor.executor.parallel:closing loop
[3.693s] DEBUG:colcon.colcon_parallel_executor.executor.parallel:loop closed
[3.693s] DEBUG:colcon.colcon_parallel_executor.executor.parallel:run_until_complete finished with '0'
[3.693s] DEBUG:colcon.colcon_core.event_reactor:joining thread
[3.699s] INFO:colcon.colcon_core.plugin_system:Skipping extension 'colcon_notification.desktop_notification.terminal_notifier': Not used on non-Darwin systems
[3.699s] INFO:colcon.colcon_core.plugin_system:Skipping extension 'colcon_notification.desktop_notification.win32': Not used on non-Windows systems
[3.699s] INFO:colcon.colcon_notification.desktop_notification:Sending desktop notification using 'notify2'
[3.711s] DEBUG:colcon.colcon_core.event_reactor:joined thread
[3.711s] INFO:colcon.colcon_core.shell:Creating prefix script '/home/qianlab/Desktop/lassie-turtle/install/local_setup.ps1'
[3.712s] INFO:colcon.colcon_core.shell:Creating prefix util module '/home/qianlab/Desktop/lassie-turtle/install/_local_setup_util_ps1.py'
[3.712s] INFO:colcon.colcon_core.shell:Creating prefix chain script '/home/qianlab/Desktop/lassie-turtle/install/setup.ps1'
[3.713s] INFO:colcon.colcon_core.shell:Creating prefix script '/home/qianlab/Desktop/lassie-turtle/install/local_setup.sh'
[3.713s] INFO:colcon.colcon_core.shell:Creating prefix util module '/home/qianlab/Desktop/lassie-turtle/install/_local_setup_util_sh.py'
[3.714s] INFO:colcon.colcon_core.shell:Creating prefix chain script '/home/qianlab/Desktop/lassie-turtle/install/setup.sh'
[3.714s] INFO:colcon.colcon_core.shell:Creating prefix script '/home/qianlab/Desktop/lassie-turtle/install/local_setup.bash'
[3.715s] INFO:colcon.colcon_core.shell:Creating prefix chain script '/home/qianlab/Desktop/lassie-turtle/install/setup.bash'
[3.715s] INFO:colcon.colcon_core.shell:Creating prefix script '/home/qianlab/Desktop/lassie-turtle/install/local_setup.zsh'
[3.715s] INFO:colcon.colcon_core.shell:Creating prefix chain script '/home/qianlab/Desktop/lassie-turtle/install/setup.zsh'
