[ 35%] Built target odrive_can_interface
[ 42%] [32mBuilding CXX object CMakeFiles/turtle_high_controller.dir/src/proxy/lowerproxy.cpp.o[0m
[ 50%] [32m[1mLinking CXX executable turtle_high_controller[0m
[100%] Built target turtle_high_controller
-- Install configuration: "Debug"
-- Installing: /home/qianlab/lassie-turtle/dependencies/install/turtle_high_controller/lib/turtle_high_controller/turtle_high_controller
-- Set runtime path of "/home/qianlab/lassie-turtle/dependencies/install/turtle_high_controller/lib/turtle_high_controller/turtle_high_controller" to ""
-- Installing: /home/qianlab/lassie-turtle/dependencies/install/turtle_high_controller/lib/turtle_high_controller/odrive_can_interface
-- Set runtime path of "/home/qianlab/lassie-turtle/dependencies/install/turtle_high_controller/lib/turtle_high_controller/odrive_can_interface" to ""
-- Installing: /home/qianlab/lassie-turtle/dependencies/install/turtle_high_controller/share/ament_index/resource_index/package_run_dependencies/turtle_high_controller
-- Installing: /home/qianlab/lassie-turtle/dependencies/install/turtle_high_controller/share/ament_index/resource_index/parent_prefix_path/turtle_high_controller
-- Installing: /home/qianlab/lassie-turtle/dependencies/install/turtle_high_controller/share/turtle_high_controller/environment/ament_prefix_path.sh
-- Installing: /home/qianlab/lassie-turtle/dependencies/install/turtle_high_controller/share/turtle_high_controller/environment/ament_prefix_path.dsv
-- Installing: /home/qianlab/lassie-turtle/dependencies/install/turtle_high_controller/share/turtle_high_controller/environment/path.sh
-- Installing: /home/qianlab/lassie-turtle/dependencies/install/turtle_high_controller/share/turtle_high_controller/environment/path.dsv
-- Installing: /home/qianlab/lassie-turtle/dependencies/install/turtle_high_controller/share/turtle_high_controller/local_setup.bash
-- Installing: /home/qianlab/lassie-turtle/dependencies/install/turtle_high_controller/share/turtle_high_controller/local_setup.sh
-- Installing: /home/qianlab/lassie-turtle/dependencies/install/turtle_high_controller/share/turtle_high_controller/local_setup.zsh
-- Installing: /home/qianlab/lassie-turtle/dependencies/install/turtle_high_controller/share/turtle_high_controller/local_setup.dsv
-- Installing: /home/qianlab/lassie-turtle/dependencies/install/turtle_high_controller/share/turtle_high_controller/package.dsv
-- Installing: /home/qianlab/lassie-turtle/dependencies/install/turtle_high_controller/share/ament_index/resource_index/packages/turtle_high_controller
-- Installing: /home/qianlab/lassie-turtle/dependencies/install/turtle_high_controller/share/turtle_high_controller/cmake/turtle_high_controllerConfig.cmake
-- Installing: /home/qianlab/lassie-turtle/dependencies/install/turtle_high_controller/share/turtle_high_controller/cmake/turtle_high_controllerConfig-version.cmake
-- Installing: /home/qianlab/lassie-turtle/dependencies/install/turtle_high_controller/share/turtle_high_controller/package.xml
