[0.014s] Invoking command in '/home/qianlab/lassie-turtle/dependencies/build/turtle_high_controller': AMENT_PREFIX_PATH=/home/qianlab/lassie-turtle/dependencies/install/traveler_msgs:${AMENT_PREFIX_PATH} CMAKE_PREFIX_PATH=/home/qianlab/lassie-turtle/dependencies/install/traveler_msgs:/opt/ros/traveler/traveler_msgs:/home/qianlab/traveler_workspace/install/traveler_high_controller:/home/qianlab/traveler_workspace/install/odrive_pro_srvs_msgs:/home/qianlab/lassie-spirit/lassie-spirit/dependencies/spirit_msgs/install/spirit_msgs:/opt/ros/foxy LD_LIBRARY_PATH=/home/qianlab/lassie-turtle/dependencies/install/traveler_msgs/lib:${LD_LIBRARY_PATH} PYTHONPATH=/home/qianlab/lassie-turtle/dependencies/install/traveler_msgs/lib/python3.8/site-packages:${PYTHONPATH} /usr/local/bin/cmake --build /home/qianlab/lassie-turtle/dependencies/build/turtle_high_controller -- -j12 -l12
[0.040s] [ 35%] Built target odrive_can_interface
[0.046s] [ 42%] [32mBuilding CXX object CMakeFiles/turtle_high_controller.dir/src/proxy/lowerproxy.cpp.o[0m
[0.935s] [01m[K/home/qianlab/lassie-turtle/dependencies/traveler_controller/src/proxy/lowerproxy.cpp:[m[K In member function ‘[01m[Kvoid turtle_namespace::control::lowerproxy::calculate_position(turtle&)[m[K’:
[0.935s] [01m[K/home/qianlab/lassie-turtle/dependencies/traveler_controller/src/proxy/lowerproxy.cpp:76:45:[m[K [01;35m[Kwarning: [m[Kunused parameter ‘[01m[Kturtle_[m[K’ [[01;35m[K-Wunused-parameter[m[K]
[0.935s]    76 | void lowerproxy::calculate_position([01;35m[Kturtle &turtle_[m[K )
[0.935s]       |                                     [01;35m[K~~~~~~~~^~~~~~~[m[K
[0.935s] [01m[K/home/qianlab/lassie-turtle/dependencies/traveler_controller/src/proxy/lowerproxy.cpp:[m[K In member function ‘[01m[Kvoid turtle_namespace::control::lowerproxy::UpdateJoystickStatus(turtle&)[m[K’:
[0.935s] [01m[K/home/qianlab/lassie-turtle/dependencies/traveler_controller/src/proxy/lowerproxy.cpp:172:10:[m[K [01;35m[Kwarning: [m[Kvariable ‘[01m[Kodrive0[m[K’ set but not used [[01;35m[K-Wunused-but-set-variable[m[K]
[0.935s]   172 |     auto [01;35m[Kodrive0[m[K = turtle_inter_.turtle_chassis.left_adduction;
[0.935s]       |          [01;35m[K^~~~~~~[m[K
[0.935s] [01m[K/home/qianlab/lassie-turtle/dependencies/traveler_controller/src/proxy/lowerproxy.cpp:173:10:[m[K [01;35m[Kwarning: [m[Kvariable ‘[01m[Kodrive1[m[K’ set but not used [[01;35m[K-Wunused-but-set-variable[m[K]
[0.936s]   173 |     auto [01;35m[Kodrive1[m[K = turtle_inter_.turtle_chassis.left_sweeping;
[0.936s]       |          [01;35m[K^~~~~~~[m[K
[0.936s] [01m[K/home/qianlab/lassie-turtle/dependencies/traveler_controller/src/proxy/lowerproxy.cpp:174:10:[m[K [01;35m[Kwarning: [m[Kvariable ‘[01m[Kodrive2[m[K’ set but not used [[01;35m[K-Wunused-but-set-variable[m[K]
[0.936s]   174 |     auto [01;35m[Kodrive2[m[K = turtle_inter_.turtle_chassis.left_adduction;
[0.936s]       |          [01;35m[K^~~~~~~[m[K
[0.936s] [01m[K/home/qianlab/lassie-turtle/dependencies/traveler_controller/src/proxy/lowerproxy.cpp:175:10:[m[K [01;35m[Kwarning: [m[Kvariable ‘[01m[Kodrive3[m[K’ set but not used [[01;35m[K-Wunused-but-set-variable[m[K]
[0.936s]   175 |     auto [01;35m[Kodrive3[m[K = turtle_inter_.turtle_chassis.left_sweeping;
[0.936s]       |          [01;35m[K^~~~~~~[m[K
[2.155s] [ 50%] [32m[1mLinking CXX executable turtle_high_controller[0m
[2.407s] [100%] Built target turtle_high_controller
[2.410s] Invoked command in '/home/qianlab/lassie-turtle/dependencies/build/turtle_high_controller' returned '0': AMENT_PREFIX_PATH=/home/qianlab/lassie-turtle/dependencies/install/traveler_msgs:${AMENT_PREFIX_PATH} CMAKE_PREFIX_PATH=/home/qianlab/lassie-turtle/dependencies/install/traveler_msgs:/opt/ros/traveler/traveler_msgs:/home/qianlab/traveler_workspace/install/traveler_high_controller:/home/qianlab/traveler_workspace/install/odrive_pro_srvs_msgs:/home/qianlab/lassie-spirit/lassie-spirit/dependencies/spirit_msgs/install/spirit_msgs:/opt/ros/foxy LD_LIBRARY_PATH=/home/qianlab/lassie-turtle/dependencies/install/traveler_msgs/lib:${LD_LIBRARY_PATH} PYTHONPATH=/home/qianlab/lassie-turtle/dependencies/install/traveler_msgs/lib/python3.8/site-packages:${PYTHONPATH} /usr/local/bin/cmake --build /home/qianlab/lassie-turtle/dependencies/build/turtle_high_controller -- -j12 -l12
[2.432s] Invoking command in '/home/qianlab/lassie-turtle/dependencies/build/turtle_high_controller': AMENT_PREFIX_PATH=/home/qianlab/lassie-turtle/dependencies/install/traveler_msgs:${AMENT_PREFIX_PATH} CMAKE_PREFIX_PATH=/home/qianlab/lassie-turtle/dependencies/install/traveler_msgs:/opt/ros/traveler/traveler_msgs:/home/qianlab/traveler_workspace/install/traveler_high_controller:/home/qianlab/traveler_workspace/install/odrive_pro_srvs_msgs:/home/qianlab/lassie-spirit/lassie-spirit/dependencies/spirit_msgs/install/spirit_msgs:/opt/ros/foxy LD_LIBRARY_PATH=/home/qianlab/lassie-turtle/dependencies/install/traveler_msgs/lib:${LD_LIBRARY_PATH} PYTHONPATH=/home/qianlab/lassie-turtle/dependencies/install/traveler_msgs/lib/python3.8/site-packages:${PYTHONPATH} /usr/local/bin/cmake --install /home/qianlab/lassie-turtle/dependencies/build/turtle_high_controller
[2.434s] -- Install configuration: "Debug"
[2.434s] -- Installing: /home/qianlab/lassie-turtle/dependencies/install/turtle_high_controller/lib/turtle_high_controller/turtle_high_controller
[2.438s] -- Set runtime path of "/home/qianlab/lassie-turtle/dependencies/install/turtle_high_controller/lib/turtle_high_controller/turtle_high_controller" to ""
[2.438s] -- Installing: /home/qianlab/lassie-turtle/dependencies/install/turtle_high_controller/lib/turtle_high_controller/odrive_can_interface
[2.445s] -- Set runtime path of "/home/qianlab/lassie-turtle/dependencies/install/turtle_high_controller/lib/turtle_high_controller/odrive_can_interface" to ""
[2.445s] -- Installing: /home/qianlab/lassie-turtle/dependencies/install/turtle_high_controller/share/ament_index/resource_index/package_run_dependencies/turtle_high_controller
[2.445s] -- Installing: /home/qianlab/lassie-turtle/dependencies/install/turtle_high_controller/share/ament_index/resource_index/parent_prefix_path/turtle_high_controller
[2.445s] -- Installing: /home/qianlab/lassie-turtle/dependencies/install/turtle_high_controller/share/turtle_high_controller/environment/ament_prefix_path.sh
[2.446s] -- Installing: /home/qianlab/lassie-turtle/dependencies/install/turtle_high_controller/share/turtle_high_controller/environment/ament_prefix_path.dsv
[2.446s] -- Installing: /home/qianlab/lassie-turtle/dependencies/install/turtle_high_controller/share/turtle_high_controller/environment/path.sh
[2.446s] -- Installing: /home/qianlab/lassie-turtle/dependencies/install/turtle_high_controller/share/turtle_high_controller/environment/path.dsv
[2.446s] -- Installing: /home/qianlab/lassie-turtle/dependencies/install/turtle_high_controller/share/turtle_high_controller/local_setup.bash
[2.446s] -- Installing: /home/qianlab/lassie-turtle/dependencies/install/turtle_high_controller/share/turtle_high_controller/local_setup.sh
[2.446s] -- Installing: /home/qianlab/lassie-turtle/dependencies/install/turtle_high_controller/share/turtle_high_controller/local_setup.zsh
[2.446s] -- Installing: /home/qianlab/lassie-turtle/dependencies/install/turtle_high_controller/share/turtle_high_controller/local_setup.dsv
[2.446s] -- Installing: /home/qianlab/lassie-turtle/dependencies/install/turtle_high_controller/share/turtle_high_controller/package.dsv
[2.446s] -- Installing: /home/qianlab/lassie-turtle/dependencies/install/turtle_high_controller/share/ament_index/resource_index/packages/turtle_high_controller
[2.446s] -- Installing: /home/qianlab/lassie-turtle/dependencies/install/turtle_high_controller/share/turtle_high_controller/cmake/turtle_high_controllerConfig.cmake
[2.446s] -- Installing: /home/qianlab/lassie-turtle/dependencies/install/turtle_high_controller/share/turtle_high_controller/cmake/turtle_high_controllerConfig-version.cmake
[2.446s] -- Installing: /home/qianlab/lassie-turtle/dependencies/install/turtle_high_controller/share/turtle_high_controller/package.xml
[2.451s] Invoked command in '/home/qianlab/lassie-turtle/dependencies/build/turtle_high_controller' returned '0': AMENT_PREFIX_PATH=/home/qianlab/lassie-turtle/dependencies/install/traveler_msgs:${AMENT_PREFIX_PATH} CMAKE_PREFIX_PATH=/home/qianlab/lassie-turtle/dependencies/install/traveler_msgs:/opt/ros/traveler/traveler_msgs:/home/qianlab/traveler_workspace/install/traveler_high_controller:/home/qianlab/traveler_workspace/install/odrive_pro_srvs_msgs:/home/qianlab/lassie-spirit/lassie-spirit/dependencies/spirit_msgs/install/spirit_msgs:/opt/ros/foxy LD_LIBRARY_PATH=/home/qianlab/lassie-turtle/dependencies/install/traveler_msgs/lib:${LD_LIBRARY_PATH} PYTHONPATH=/home/qianlab/lassie-turtle/dependencies/install/traveler_msgs/lib/python3.8/site-packages:${PYTHONPATH} /usr/local/bin/cmake --install /home/qianlab/lassie-turtle/dependencies/build/turtle_high_controller
