[0.011s] Invoking command in '/home/qianlab/dependencies/build/traveler_msgs': CMAKE_PREFIX_PATH=/opt/ros/foxy /usr/bin/cmake /home/qianlab/dependencies/traveler_msgs -DCMAKE_INSTALL_PREFIX=/home/qianlab/dependencies/install/traveler_msgs
[0.092s] -- The C compiler identification is GNU 9.4.0
[0.156s] -- The CXX compiler identification is GNU 9.4.0
[0.161s] -- Check for working C compiler: /usr/bin/cc
[0.203s] -- Check for working C compiler: /usr/bin/cc -- works
[0.204s] -- Detecting C compiler ABI info
[0.247s] -- Detecting C compiler ABI info - done
[0.254s] -- Detecting C compile features
[0.254s] -- Detecting C compile features - done
[0.256s] -- Check for working CXX compiler: /usr/bin/c++
[0.302s] -- Check for working CXX compiler: /usr/bin/c++ -- works
[0.303s] -- Detecting CXX compiler ABI info
[0.353s] -- Detecting CXX compiler ABI info - done
[0.360s] -- Detecting CXX compile features
[0.361s] -- Detecting CXX compile features - done
[0.365s] -- Found ament_cmake: 0.9.12 (/opt/ros/foxy/share/ament_cmake/cmake)
[0.381s] -- Found PythonInterp: /usr/bin/python3 (found suitable version "3.8.10", minimum required is "3") 
[0.381s] -- Using PYTHON_EXECUTABLE: /usr/bin/python3
[0.505s] -- Found rclcpp: 2.4.3 (/opt/ros/foxy/share/rclcpp/cmake)
[0.555s] -- Using all available rosidl_typesupport_c: rosidl_typesupport_fastrtps_c;rosidl_typesupport_introspection_c
[0.563s] -- Found rosidl_adapter: 1.3.1 (/opt/ros/foxy/share/rosidl_adapter/cmake)
[0.630s] -- Found OpenSSL: /usr/lib/x86_64-linux-gnu/libcrypto.so (found version "1.1.1f")  
[0.652s] -- Found FastRTPS: /opt/ros/foxy/include  
[0.700s] -- Using all available rosidl_typesupport_cpp: rosidl_typesupport_fastrtps_cpp;rosidl_typesupport_introspection_cpp
[0.741s] -- Found rmw_implementation_cmake: 1.0.4 (/opt/ros/foxy/share/rmw_implementation_cmake/cmake)
[0.742s] -- Using RMW implementation 'rmw_fastrtps_cpp' as default
[0.743s] -- Looking for pthread.h
[0.786s] -- Looking for pthread.h - found
[0.786s] -- Performing Test CMAKE_HAVE_LIBC_PTHREAD
[0.831s] -- Performing Test CMAKE_HAVE_LIBC_PTHREAD - Failed
[0.831s] -- Looking for pthread_create in pthreads
[0.867s] -- Looking for pthread_create in pthreads - not found
[0.867s] -- Looking for pthread_create in pthread
[0.907s] -- Looking for pthread_create in pthread - found
[0.908s] -- Found Threads: TRUE  
[1.003s] -- Found rosidl_default_generators: 1.0.1 (/opt/ros/foxy/share/rosidl_default_generators/cmake)
[1.026s] -- Found PythonInterp: /usr/bin/python3 (found version "3.8.10") 
[1.120s] -- Found ament_cmake_ros: 0.9.2 (/opt/ros/foxy/share/ament_cmake_ros/cmake)
[1.186s] -- Using all available rosidl_typesupport_c: rosidl_typesupport_fastrtps_c;rosidl_typesupport_introspection_c
[1.192s] -- Using all available rosidl_typesupport_cpp: rosidl_typesupport_fastrtps_cpp;rosidl_typesupport_introspection_cpp
[1.208s] -- Found PythonInterp: /usr/bin/python3 (found suitable version "3.8.10", minimum required is "3.5") 
[1.209s] -- Found python_cmake_module: 0.8.1 (/opt/ros/foxy/share/python_cmake_module/cmake)
[1.229s] -- Found PythonLibs: /usr/lib/x86_64-linux-gnu/libpython3.8.so (found suitable version "3.8.10", minimum required is "3.5") 
[1.229s] -- Using PYTHON_EXECUTABLE: /usr/bin/python3
[1.229s] -- Using PYTHON_INCLUDE_DIRS: /usr/include/python3.8
[1.229s] -- Using PYTHON_LIBRARIES: /usr/lib/x86_64-linux-gnu/libpython3.8.so
[1.243s] -- Found PythonExtra: .so  
[1.272s] -- Found ament_lint_auto: 0.9.8 (/opt/ros/foxy/share/ament_lint_auto/cmake)
[1.286s] -- Added test 'lint_cmake' to check CMake code style
[1.287s] -- Added test 'xmllint' to check XML markup files
[1.290s] -- Configuring done
[1.313s] -- Generating done
[1.315s] -- Build files have been written to: /home/qianlab/dependencies/build/traveler_msgs
[1.322s] Invoked command in '/home/qianlab/dependencies/build/traveler_msgs' returned '0': CMAKE_PREFIX_PATH=/opt/ros/foxy /usr/bin/cmake /home/qianlab/dependencies/traveler_msgs -DCMAKE_INSTALL_PREFIX=/home/qianlab/dependencies/install/traveler_msgs
[1.325s] Invoking command in '/home/qianlab/dependencies/build/traveler_msgs': CMAKE_PREFIX_PATH=/opt/ros/foxy /usr/bin/cmake --build /home/qianlab/dependencies/build/traveler_msgs -- -j12 -l12
[1.353s] [  1%] [34m[1mGenerating C code for ROS interfaces[0m
[1.354s] [35m[1mScanning dependencies of target traveler_msgs__cpp[0m
[1.361s] [  3%] [34m[1mGenerating C++ code for ROS interfaces[0m
[1.634s] [  3%] Built target traveler_msgs__cpp
[1.646s] [  4%] [34m[1mGenerating C++ type support dispatch for ROS interfaces[0m
[1.648s] [  6%] [34m[1mGenerating C++ type support for eProsima Fast-RTPS[0m
[1.651s] [  7%] [34m[1mGenerating C++ introspection for ROS interfaces[0m
[1.656s] [35m[1mScanning dependencies of target traveler_msgs__rosidl_generator_c[0m
[1.671s] [ 15%] [32mBuilding C object CMakeFiles/traveler_msgs__rosidl_generator_c.dir/rosidl_generator_c/traveler_msgs/msg/detail/traveler_status__functions.c.o[0m
[1.671s] [ 15%] [32mBuilding C object CMakeFiles/traveler_msgs__rosidl_generator_c.dir/rosidl_generator_c/traveler_msgs/msg/detail/traveler_mode__functions.c.o[0m
[1.671s] [ 15%] [32mBuilding C object CMakeFiles/traveler_msgs__rosidl_generator_c.dir/rosidl_generator_c/traveler_msgs/msg/detail/traveler_config__functions.c.o[0m
[1.671s] [ 15%] [32mBuilding C object CMakeFiles/traveler_msgs__rosidl_generator_c.dir/rosidl_generator_c/traveler_msgs/msg/detail/odrive_status__functions.c.o[0m
[1.671s] [ 15%] [32mBuilding C object CMakeFiles/traveler_msgs__rosidl_generator_c.dir/rosidl_generator_c/traveler_msgs/msg/detail/set_input_position__functions.c.o[0m
[1.719s] [ 17%] [32m[1mLinking C shared library libtraveler_msgs__rosidl_generator_c.so[0m
[1.752s] [ 17%] Built target traveler_msgs__rosidl_generator_c
[1.763s] [ 20%] [34m[1mGenerating C type support dispatch for ROS interfaces[0m
[1.763s] [ 20%] [34m[1mGenerating C introspection for ROS interfaces[0m
[1.848s] [35m[1mScanning dependencies of target traveler_msgs__rosidl_typesupport_cpp[0m
[1.859s] [ 22%] [32mBuilding CXX object CMakeFiles/traveler_msgs__rosidl_typesupport_cpp.dir/rosidl_typesupport_cpp/traveler_msgs/msg/traveler_mode__type_support.cpp.o[0m
[1.860s] [ 28%] [32mBuilding CXX object CMakeFiles/traveler_msgs__rosidl_typesupport_cpp.dir/rosidl_typesupport_cpp/traveler_msgs/msg/traveler_status__type_support.cpp.o[0m
[1.860s] [ 28%] [32mBuilding CXX object CMakeFiles/traveler_msgs__rosidl_typesupport_cpp.dir/rosidl_typesupport_cpp/traveler_msgs/msg/odrive_status__type_support.cpp.o[0m
[1.860s] [ 28%] [32mBuilding CXX object CMakeFiles/traveler_msgs__rosidl_typesupport_cpp.dir/rosidl_typesupport_cpp/traveler_msgs/msg/traveler_config__type_support.cpp.o[0m
[1.860s] [ 28%] [32mBuilding CXX object CMakeFiles/traveler_msgs__rosidl_typesupport_cpp.dir/rosidl_typesupport_cpp/traveler_msgs/msg/set_input_position__type_support.cpp.o[0m
[1.912s] [35m[1mScanning dependencies of target traveler_msgs__rosidl_typesupport_fastrtps_cpp[0m
[1.930s] [ 30%] [32mBuilding CXX object CMakeFiles/traveler_msgs__rosidl_typesupport_fastrtps_cpp.dir/rosidl_typesupport_fastrtps_cpp/traveler_msgs/msg/detail/dds_fastrtps/odrive_status__type_support.cpp.o[0m
[1.931s] [ 31%] [32mBuilding CXX object CMakeFiles/traveler_msgs__rosidl_typesupport_fastrtps_cpp.dir/rosidl_typesupport_fastrtps_cpp/traveler_msgs/msg/detail/dds_fastrtps/traveler_mode__type_support.cpp.o[0m
[1.938s] [ 33%] [32mBuilding CXX object CMakeFiles/traveler_msgs__rosidl_typesupport_fastrtps_cpp.dir/rosidl_typesupport_fastrtps_cpp/traveler_msgs/msg/detail/dds_fastrtps/traveler_status__type_support.cpp.o[0m
[1.949s] [ 34%] [32mBuilding CXX object CMakeFiles/traveler_msgs__rosidl_typesupport_fastrtps_cpp.dir/rosidl_typesupport_fastrtps_cpp/traveler_msgs/msg/detail/dds_fastrtps/traveler_config__type_support.cpp.o[0m
[2.085s] [35m[1mScanning dependencies of target traveler_msgs__rosidl_typesupport_introspection_cpp[0m
[2.116s] [35m[1mScanning dependencies of target traveler_msgs__rosidl_typesupport_c[0m
[2.128s] [ 36%] [32mBuilding CXX object CMakeFiles/traveler_msgs__rosidl_typesupport_fastrtps_cpp.dir/rosidl_typesupport_fastrtps_cpp/traveler_msgs/msg/detail/dds_fastrtps/set_input_position__type_support.cpp.o[0m
[2.130s] [ 38%] [32mBuilding CXX object CMakeFiles/traveler_msgs__rosidl_typesupport_c.dir/rosidl_typesupport_c/traveler_msgs/msg/odrive_status__type_support.cpp.o[0m
[2.140s] [ 39%] [32mBuilding CXX object CMakeFiles/traveler_msgs__rosidl_typesupport_introspection_cpp.dir/rosidl_typesupport_introspection_cpp/traveler_msgs/msg/detail/odrive_status__type_support.cpp.o[0m
[2.152s] [ 41%] [32mBuilding CXX object CMakeFiles/traveler_msgs__rosidl_typesupport_c.dir/rosidl_typesupport_c/traveler_msgs/msg/traveler_config__type_support.cpp.o[0m
[2.154s] [ 42%] [32mBuilding CXX object CMakeFiles/traveler_msgs__rosidl_typesupport_introspection_cpp.dir/rosidl_typesupport_introspection_cpp/traveler_msgs/msg/detail/traveler_config__type_support.cpp.o[0m
[2.163s] [ 44%] [32mBuilding CXX object CMakeFiles/traveler_msgs__rosidl_typesupport_introspection_cpp.dir/rosidl_typesupport_introspection_cpp/traveler_msgs/msg/detail/traveler_mode__type_support.cpp.o[0m
[2.174s] [ 46%] [32mBuilding CXX object CMakeFiles/traveler_msgs__rosidl_typesupport_introspection_cpp.dir/rosidl_typesupport_introspection_cpp/traveler_msgs/msg/detail/traveler_status__type_support.cpp.o[0m
[2.198s] [ 47%] [32mBuilding CXX object CMakeFiles/traveler_msgs__rosidl_typesupport_c.dir/rosidl_typesupport_c/traveler_msgs/msg/traveler_mode__type_support.cpp.o[0m
[2.203s] [ 49%] [32m[1mLinking CXX shared library libtraveler_msgs__rosidl_typesupport_cpp.so[0m
[2.231s] [ 50%] [32mBuilding CXX object CMakeFiles/traveler_msgs__rosidl_typesupport_c.dir/rosidl_typesupport_c/traveler_msgs/msg/traveler_status__type_support.cpp.o[0m
[2.236s] [35m[1mScanning dependencies of target traveler_msgs__rosidl_typesupport_introspection_c[0m
[2.251s] [ 52%] [32mBuilding C object CMakeFiles/traveler_msgs__rosidl_typesupport_introspection_c.dir/rosidl_typesupport_introspection_c/traveler_msgs/msg/detail/odrive_status__type_support.c.o[0m
[2.273s] [ 52%] Built target traveler_msgs__rosidl_typesupport_cpp
[2.279s] [ 53%] [32mBuilding CXX object CMakeFiles/traveler_msgs__rosidl_typesupport_c.dir/rosidl_typesupport_c/traveler_msgs/msg/set_input_position__type_support.cpp.o[0m
[2.284s] [ 55%] [32mBuilding CXX object CMakeFiles/traveler_msgs__rosidl_typesupport_introspection_cpp.dir/rosidl_typesupport_introspection_cpp/traveler_msgs/msg/detail/set_input_position__type_support.cpp.o[0m
[2.289s] [ 57%] [32mBuilding C object CMakeFiles/traveler_msgs__rosidl_typesupport_introspection_c.dir/rosidl_typesupport_introspection_c/traveler_msgs/msg/detail/traveler_config__type_support.c.o[0m
[2.326s] [ 58%] [32m[1mLinking CXX shared library libtraveler_msgs__rosidl_typesupport_c.so[0m
[2.328s] [ 60%] [32mBuilding C object CMakeFiles/traveler_msgs__rosidl_typesupport_introspection_c.dir/rosidl_typesupport_introspection_c/traveler_msgs/msg/detail/traveler_mode__type_support.c.o[0m
[2.366s] [ 61%] [32mBuilding C object CMakeFiles/traveler_msgs__rosidl_typesupport_introspection_c.dir/rosidl_typesupport_introspection_c/traveler_msgs/msg/detail/traveler_status__type_support.c.o[0m
[2.384s] [ 63%] Built target traveler_msgs__rosidl_typesupport_c
[2.385s] [ 63%] [32mBuilding C object CMakeFiles/traveler_msgs__rosidl_typesupport_introspection_c.dir/rosidl_typesupport_introspection_c/traveler_msgs/msg/detail/set_input_position__type_support.c.o[0m
[2.428s] [ 65%] [32m[1mLinking C shared library libtraveler_msgs__rosidl_typesupport_introspection_c.so[0m
[2.459s] [ 65%] Built target traveler_msgs__rosidl_typesupport_introspection_c
[2.514s] [ 66%] [32m[1mLinking CXX shared library libtraveler_msgs__rosidl_typesupport_fastrtps_cpp.so[0m
[2.575s] [ 66%] Built target traveler_msgs__rosidl_typesupport_fastrtps_cpp
[2.584s] [ 68%] [34m[1mGenerating C type support for eProsima Fast-RTPS[0m
[2.584s] [ 69%] [32m[1mLinking CXX shared library libtraveler_msgs__rosidl_typesupport_introspection_cpp.so[0m
[2.637s] [ 69%] Built target traveler_msgs__rosidl_typesupport_introspection_cpp
[2.813s] [35m[1mScanning dependencies of target traveler_msgs__rosidl_typesupport_fastrtps_c[0m
[2.831s] [ 77%] [32mBuilding CXX object CMakeFiles/traveler_msgs__rosidl_typesupport_fastrtps_c.dir/rosidl_typesupport_fastrtps_c/traveler_msgs/msg/detail/traveler_mode__type_support_c.cpp.o[0m
[2.831s] [ 77%] [32mBuilding CXX object CMakeFiles/traveler_msgs__rosidl_typesupport_fastrtps_c.dir/rosidl_typesupport_fastrtps_c/traveler_msgs/msg/detail/set_input_position__type_support_c.cpp.o[0m
[2.831s] [ 77%] [32mBuilding CXX object CMakeFiles/traveler_msgs__rosidl_typesupport_fastrtps_c.dir/rosidl_typesupport_fastrtps_c/traveler_msgs/msg/detail/odrive_status__type_support_c.cpp.o[0m
[2.831s] [ 77%] [32mBuilding CXX object CMakeFiles/traveler_msgs__rosidl_typesupport_fastrtps_c.dir/rosidl_typesupport_fastrtps_c/traveler_msgs/msg/detail/traveler_config__type_support_c.cpp.o[0m
[2.831s] [ 77%] [32mBuilding CXX object CMakeFiles/traveler_msgs__rosidl_typesupport_fastrtps_c.dir/rosidl_typesupport_fastrtps_c/traveler_msgs/msg/detail/traveler_status__type_support_c.cpp.o[0m
[3.177s] [ 79%] [32m[1mLinking CXX shared library libtraveler_msgs__rosidl_typesupport_fastrtps_c.so[0m
[3.232s] [ 79%] Built target traveler_msgs__rosidl_typesupport_fastrtps_c
[3.239s] [35m[1mScanning dependencies of target traveler_msgs[0m
[3.246s] [ 79%] Built target traveler_msgs
[3.253s] [35m[1mScanning dependencies of target traveler_msgs__py[0m
[3.260s] [ 80%] [34m[1mGenerating Python code for ROS interfaces[0m
[3.779s] [ 80%] Built target traveler_msgs__py
[3.785s] [35m[1mScanning dependencies of target traveler_msgs__python[0m
[3.808s] [ 82%] [32mBuilding C object CMakeFiles/traveler_msgs__python.dir/rosidl_generator_py/traveler_msgs/msg/_traveler_mode_s.c.o[0m
[3.809s] [ 85%] [32mBuilding C object CMakeFiles/traveler_msgs__python.dir/rosidl_generator_py/traveler_msgs/msg/_traveler_config_s.c.o[0m
[3.810s] [ 85%] [32mBuilding C object CMakeFiles/traveler_msgs__python.dir/rosidl_generator_py/traveler_msgs/msg/_odrive_status_s.c.o[0m
[3.810s] [ 87%] [32mBuilding C object CMakeFiles/traveler_msgs__python.dir/rosidl_generator_py/traveler_msgs/msg/_traveler_status_s.c.o[0m
[3.810s] [ 88%] [32mBuilding C object CMakeFiles/traveler_msgs__python.dir/rosidl_generator_py/traveler_msgs/msg/_set_input_position_s.c.o[0m
[3.904s] [ 90%] [32m[1mLinking C shared library rosidl_generator_py/traveler_msgs/libtraveler_msgs__python.so[0m
[3.934s] [ 90%] Built target traveler_msgs__python
[3.940s] [35m[1mScanning dependencies of target traveler_msgs__rosidl_typesupport_introspection_c__pyext[0m
[3.944s] [35m[1mScanning dependencies of target traveler_msgs__rosidl_typesupport_c__pyext[0m
[3.944s] [35m[1mScanning dependencies of target traveler_msgs__rosidl_typesupport_fastrtps_c__pyext[0m
[3.954s] [ 92%] [32mBuilding C object CMakeFiles/traveler_msgs__rosidl_typesupport_introspection_c__pyext.dir/rosidl_generator_py/traveler_msgs/_traveler_msgs_s.ep.rosidl_typesupport_introspection_c.c.o[0m
[3.959s] [ 95%] [32mBuilding C object CMakeFiles/traveler_msgs__rosidl_typesupport_c__pyext.dir/rosidl_generator_py/traveler_msgs/_traveler_msgs_s.ep.rosidl_typesupport_c.c.o[0m
[3.959s] [ 95%] [32mBuilding C object CMakeFiles/traveler_msgs__rosidl_typesupport_fastrtps_c__pyext.dir/rosidl_generator_py/traveler_msgs/_traveler_msgs_s.ep.rosidl_typesupport_fastrtps_c.c.o[0m
[4.011s] [ 96%] [32m[1mLinking C shared library rosidl_generator_py/traveler_msgs/traveler_msgs_s__rosidl_typesupport_introspection_c.cpython-38-x86_64-linux-gnu.so[0m
[4.035s] [ 98%] [32m[1mLinking CXX shared library rosidl_generator_py/traveler_msgs/traveler_msgs_s__rosidl_typesupport_fastrtps_c.cpython-38-x86_64-linux-gnu.so[0m
[4.039s] [ 98%] Built target traveler_msgs__rosidl_typesupport_introspection_c__pyext
[4.044s] [100%] [32m[1mLinking C shared library rosidl_generator_py/traveler_msgs/traveler_msgs_s__rosidl_typesupport_c.cpython-38-x86_64-linux-gnu.so[0m
[4.073s] [100%] Built target traveler_msgs__rosidl_typesupport_fastrtps_c__pyext
[4.073s] [100%] Built target traveler_msgs__rosidl_typesupport_c__pyext
[4.081s] Invoked command in '/home/qianlab/dependencies/build/traveler_msgs' returned '0': CMAKE_PREFIX_PATH=/opt/ros/foxy /usr/bin/cmake --build /home/qianlab/dependencies/build/traveler_msgs -- -j12 -l12
[4.143s] Invoking command in '/home/qianlab/dependencies/build/traveler_msgs': CMAKE_PREFIX_PATH=/opt/ros/foxy /usr/bin/cmake --install /home/qianlab/dependencies/build/traveler_msgs
[4.149s] -- Install configuration: ""
[4.149s] -- Installing: /home/qianlab/dependencies/install/traveler_msgs/share/ament_index/resource_index/rosidl_interfaces/traveler_msgs
[4.149s] -- Installing: /home/qianlab/dependencies/install/traveler_msgs/include/traveler_msgs
[4.150s] -- Installing: /home/qianlab/dependencies/install/traveler_msgs/include/traveler_msgs/msg
[4.150s] -- Installing: /home/qianlab/dependencies/install/traveler_msgs/include/traveler_msgs/msg/rosidl_generator_c__visibility_control.h
[4.150s] -- Installing: /home/qianlab/dependencies/install/traveler_msgs/include/traveler_msgs/msg/traveler_mode.h
[4.150s] -- Installing: /home/qianlab/dependencies/install/traveler_msgs/include/traveler_msgs/msg/odrive_status.h
[4.150s] -- Installing: /home/qianlab/dependencies/install/traveler_msgs/include/traveler_msgs/msg/traveler_config.h
[4.150s] -- Installing: /home/qianlab/dependencies/install/traveler_msgs/include/traveler_msgs/msg/traveler_status.h
[4.150s] -- Installing: /home/qianlab/dependencies/install/traveler_msgs/include/traveler_msgs/msg/set_input_position.h
[4.150s] -- Installing: /home/qianlab/dependencies/install/traveler_msgs/include/traveler_msgs/msg/detail
[4.150s] -- Installing: /home/qianlab/dependencies/install/traveler_msgs/include/traveler_msgs/msg/detail/traveler_config__struct.h
[4.150s] -- Installing: /home/qianlab/dependencies/install/traveler_msgs/include/traveler_msgs/msg/detail/odrive_status__struct.h
[4.151s] -- Installing: /home/qianlab/dependencies/install/traveler_msgs/include/traveler_msgs/msg/detail/odrive_status__functions.c
[4.151s] -- Installing: /home/qianlab/dependencies/install/traveler_msgs/include/traveler_msgs/msg/detail/traveler_config__functions.h
[4.151s] -- Installing: /home/qianlab/dependencies/install/traveler_msgs/include/traveler_msgs/msg/detail/traveler_config__functions.c
[4.151s] -- Installing: /home/qianlab/dependencies/install/traveler_msgs/include/traveler_msgs/msg/detail/traveler_status__functions.h
[4.151s] -- Installing: /home/qianlab/dependencies/install/traveler_msgs/include/traveler_msgs/msg/detail/odrive_status__type_support.h
[4.151s] -- Installing: /home/qianlab/dependencies/install/traveler_msgs/include/traveler_msgs/msg/detail/traveler_mode__functions.h
[4.151s] -- Installing: /home/qianlab/dependencies/install/traveler_msgs/include/traveler_msgs/msg/detail/set_input_position__functions.c
[4.151s] -- Installing: /home/qianlab/dependencies/install/traveler_msgs/include/traveler_msgs/msg/detail/traveler_status__struct.h
[4.151s] -- Installing: /home/qianlab/dependencies/install/traveler_msgs/include/traveler_msgs/msg/detail/traveler_status__functions.c
[4.151s] -- Installing: /home/qianlab/dependencies/install/traveler_msgs/include/traveler_msgs/msg/detail/traveler_mode__struct.h
[4.151s] -- Installing: /home/qianlab/dependencies/install/traveler_msgs/include/traveler_msgs/msg/detail/set_input_position__functions.h
[4.151s] -- Installing: /home/qianlab/dependencies/install/traveler_msgs/include/traveler_msgs/msg/detail/set_input_position__type_support.h
[4.151s] -- Installing: /home/qianlab/dependencies/install/traveler_msgs/include/traveler_msgs/msg/detail/odrive_status__functions.h
[4.151s] -- Installing: /home/qianlab/dependencies/install/traveler_msgs/include/traveler_msgs/msg/detail/traveler_mode__type_support.h
[4.152s] -- Installing: /home/qianlab/dependencies/install/traveler_msgs/include/traveler_msgs/msg/detail/traveler_mode__functions.c
[4.152s] -- Installing: /home/qianlab/dependencies/install/traveler_msgs/include/traveler_msgs/msg/detail/set_input_position__struct.h
[4.152s] -- Installing: /home/qianlab/dependencies/install/traveler_msgs/include/traveler_msgs/msg/detail/traveler_status__type_support.h
[4.152s] -- Installing: /home/qianlab/dependencies/install/traveler_msgs/include/traveler_msgs/msg/detail/traveler_config__type_support.h
[4.152s] -- Installing: /home/qianlab/dependencies/install/traveler_msgs/share/traveler_msgs/environment/library_path.sh
[4.152s] -- Installing: /home/qianlab/dependencies/install/traveler_msgs/share/traveler_msgs/environment/library_path.dsv
[4.152s] -- Installing: /home/qianlab/dependencies/install/traveler_msgs/lib/libtraveler_msgs__rosidl_generator_c.so
[4.152s] -- Set runtime path of "/home/qianlab/dependencies/install/traveler_msgs/lib/libtraveler_msgs__rosidl_generator_c.so" to ""
[4.152s] -- Up-to-date: /home/qianlab/dependencies/install/traveler_msgs/include/traveler_msgs
[4.152s] -- Up-to-date: /home/qianlab/dependencies/install/traveler_msgs/include/traveler_msgs/msg
[4.152s] -- Installing: /home/qianlab/dependencies/install/traveler_msgs/include/traveler_msgs/msg/rosidl_typesupport_fastrtps_c__visibility_control.h
[4.152s] -- Up-to-date: /home/qianlab/dependencies/install/traveler_msgs/include/traveler_msgs/msg/detail
[4.152s] -- Installing: /home/qianlab/dependencies/install/traveler_msgs/include/traveler_msgs/msg/detail/traveler_config__rosidl_typesupport_fastrtps_c.h
[4.152s] -- Installing: /home/qianlab/dependencies/install/traveler_msgs/include/traveler_msgs/msg/detail/traveler_mode__rosidl_typesupport_fastrtps_c.h
[4.153s] -- Installing: /home/qianlab/dependencies/install/traveler_msgs/include/traveler_msgs/msg/detail/traveler_status__rosidl_typesupport_fastrtps_c.h
[4.153s] -- Installing: /home/qianlab/dependencies/install/traveler_msgs/include/traveler_msgs/msg/detail/set_input_position__rosidl_typesupport_fastrtps_c.h
[4.153s] -- Installing: /home/qianlab/dependencies/install/traveler_msgs/include/traveler_msgs/msg/detail/odrive_status__rosidl_typesupport_fastrtps_c.h
[4.153s] -- Installing: /home/qianlab/dependencies/install/traveler_msgs/lib/libtraveler_msgs__rosidl_typesupport_fastrtps_c.so
[4.153s] -- Set runtime path of "/home/qianlab/dependencies/install/traveler_msgs/lib/libtraveler_msgs__rosidl_typesupport_fastrtps_c.so" to ""
[4.153s] -- Up-to-date: /home/qianlab/dependencies/install/traveler_msgs/include/traveler_msgs
[4.153s] -- Up-to-date: /home/qianlab/dependencies/install/traveler_msgs/include/traveler_msgs/msg
[4.153s] -- Up-to-date: /home/qianlab/dependencies/install/traveler_msgs/include/traveler_msgs/msg/detail
[4.153s] -- Installing: /home/qianlab/dependencies/install/traveler_msgs/include/traveler_msgs/msg/detail/traveler_config__rosidl_typesupport_fastrtps_cpp.hpp
[4.153s] -- Installing: /home/qianlab/dependencies/install/traveler_msgs/include/traveler_msgs/msg/detail/traveler_mode__rosidl_typesupport_fastrtps_cpp.hpp
[4.154s] -- Installing: /home/qianlab/dependencies/install/traveler_msgs/include/traveler_msgs/msg/detail/set_input_position__rosidl_typesupport_fastrtps_cpp.hpp
[4.154s] -- Installing: /home/qianlab/dependencies/install/traveler_msgs/include/traveler_msgs/msg/detail/dds_fastrtps
[4.154s] -- Installing: /home/qianlab/dependencies/install/traveler_msgs/include/traveler_msgs/msg/detail/traveler_status__rosidl_typesupport_fastrtps_cpp.hpp
[4.154s] -- Installing: /home/qianlab/dependencies/install/traveler_msgs/include/traveler_msgs/msg/detail/odrive_status__rosidl_typesupport_fastrtps_cpp.hpp
[4.154s] -- Installing: /home/qianlab/dependencies/install/traveler_msgs/include/traveler_msgs/msg/rosidl_typesupport_fastrtps_cpp__visibility_control.h
[4.154s] -- Installing: /home/qianlab/dependencies/install/traveler_msgs/lib/libtraveler_msgs__rosidl_typesupport_fastrtps_cpp.so
[4.154s] -- Set runtime path of "/home/qianlab/dependencies/install/traveler_msgs/lib/libtraveler_msgs__rosidl_typesupport_fastrtps_cpp.so" to ""
[4.154s] -- Up-to-date: /home/qianlab/dependencies/install/traveler_msgs/include/traveler_msgs
[4.154s] -- Up-to-date: /home/qianlab/dependencies/install/traveler_msgs/include/traveler_msgs/msg
[4.154s] -- Installing: /home/qianlab/dependencies/install/traveler_msgs/include/traveler_msgs/msg/rosidl_typesupport_introspection_c__visibility_control.h
[4.154s] -- Up-to-date: /home/qianlab/dependencies/install/traveler_msgs/include/traveler_msgs/msg/detail
[4.154s] -- Installing: /home/qianlab/dependencies/install/traveler_msgs/include/traveler_msgs/msg/detail/traveler_status__rosidl_typesupport_introspection_c.h
[4.155s] -- Installing: /home/qianlab/dependencies/install/traveler_msgs/include/traveler_msgs/msg/detail/traveler_config__rosidl_typesupport_introspection_c.h
[4.155s] -- Installing: /home/qianlab/dependencies/install/traveler_msgs/include/traveler_msgs/msg/detail/traveler_mode__rosidl_typesupport_introspection_c.h
[4.155s] -- Installing: /home/qianlab/dependencies/install/traveler_msgs/include/traveler_msgs/msg/detail/set_input_position__rosidl_typesupport_introspection_c.h
[4.155s] -- Installing: /home/qianlab/dependencies/install/traveler_msgs/include/traveler_msgs/msg/detail/odrive_status__rosidl_typesupport_introspection_c.h
[4.155s] -- Installing: /home/qianlab/dependencies/install/traveler_msgs/include/traveler_msgs/msg/detail/traveler_mode__type_support.c
[4.155s] -- Installing: /home/qianlab/dependencies/install/traveler_msgs/include/traveler_msgs/msg/detail/set_input_position__type_support.c
[4.155s] -- Installing: /home/qianlab/dependencies/install/traveler_msgs/include/traveler_msgs/msg/detail/traveler_status__type_support.c
[4.155s] -- Installing: /home/qianlab/dependencies/install/traveler_msgs/include/traveler_msgs/msg/detail/traveler_config__type_support.c
[4.155s] -- Installing: /home/qianlab/dependencies/install/traveler_msgs/include/traveler_msgs/msg/detail/odrive_status__type_support.c
[4.155s] -- Installing: /home/qianlab/dependencies/install/traveler_msgs/lib/libtraveler_msgs__rosidl_typesupport_introspection_c.so
[4.155s] -- Set runtime path of "/home/qianlab/dependencies/install/traveler_msgs/lib/libtraveler_msgs__rosidl_typesupport_introspection_c.so" to ""
[4.155s] -- Installing: /home/qianlab/dependencies/install/traveler_msgs/lib/libtraveler_msgs__rosidl_typesupport_c.so
[4.155s] -- Set runtime path of "/home/qianlab/dependencies/install/traveler_msgs/lib/libtraveler_msgs__rosidl_typesupport_c.so" to ""
[4.155s] -- Up-to-date: /home/qianlab/dependencies/install/traveler_msgs/include/traveler_msgs
[4.156s] -- Up-to-date: /home/qianlab/dependencies/install/traveler_msgs/include/traveler_msgs/msg
[4.156s] -- Installing: /home/qianlab/dependencies/install/traveler_msgs/include/traveler_msgs/msg/rosidl_generator_cpp__visibility_control.hpp
[4.156s] -- Installing: /home/qianlab/dependencies/install/traveler_msgs/include/traveler_msgs/msg/traveler_status.hpp
[4.156s] -- Installing: /home/qianlab/dependencies/install/traveler_msgs/include/traveler_msgs/msg/traveler_mode.hpp
[4.156s] -- Installing: /home/qianlab/dependencies/install/traveler_msgs/include/traveler_msgs/msg/traveler_config.hpp
[4.156s] -- Installing: /home/qianlab/dependencies/install/traveler_msgs/include/traveler_msgs/msg/set_input_position.hpp
[4.156s] -- Installing: /home/qianlab/dependencies/install/traveler_msgs/include/traveler_msgs/msg/odrive_status.hpp
[4.156s] -- Up-to-date: /home/qianlab/dependencies/install/traveler_msgs/include/traveler_msgs/msg/detail
[4.156s] -- Installing: /home/qianlab/dependencies/install/traveler_msgs/include/traveler_msgs/msg/detail/traveler_config__builder.hpp
[4.156s] -- Installing: /home/qianlab/dependencies/install/traveler_msgs/include/traveler_msgs/msg/detail/traveler_status__builder.hpp
[4.156s] -- Installing: /home/qianlab/dependencies/install/traveler_msgs/include/traveler_msgs/msg/detail/traveler_config__type_support.hpp
[4.156s] -- Installing: /home/qianlab/dependencies/install/traveler_msgs/include/traveler_msgs/msg/detail/traveler_config__traits.hpp
[4.156s] -- Installing: /home/qianlab/dependencies/install/traveler_msgs/include/traveler_msgs/msg/detail/traveler_mode__builder.hpp
[4.156s] -- Installing: /home/qianlab/dependencies/install/traveler_msgs/include/traveler_msgs/msg/detail/odrive_status__traits.hpp
[4.156s] -- Installing: /home/qianlab/dependencies/install/traveler_msgs/include/traveler_msgs/msg/detail/set_input_position__struct.hpp
[4.156s] -- Installing: /home/qianlab/dependencies/install/traveler_msgs/include/traveler_msgs/msg/detail/odrive_status__builder.hpp
[4.157s] -- Installing: /home/qianlab/dependencies/install/traveler_msgs/include/traveler_msgs/msg/detail/traveler_mode__struct.hpp
[4.157s] -- Installing: /home/qianlab/dependencies/install/traveler_msgs/include/traveler_msgs/msg/detail/set_input_position__type_support.hpp
[4.157s] -- Installing: /home/qianlab/dependencies/install/traveler_msgs/include/traveler_msgs/msg/detail/traveler_status__traits.hpp
[4.157s] -- Installing: /home/qianlab/dependencies/install/traveler_msgs/include/traveler_msgs/msg/detail/traveler_mode__type_support.hpp
[4.157s] -- Installing: /home/qianlab/dependencies/install/traveler_msgs/include/traveler_msgs/msg/detail/traveler_config__struct.hpp
[4.157s] -- Installing: /home/qianlab/dependencies/install/traveler_msgs/include/traveler_msgs/msg/detail/odrive_status__type_support.hpp
[4.157s] -- Installing: /home/qianlab/dependencies/install/traveler_msgs/include/traveler_msgs/msg/detail/odrive_status__struct.hpp
[4.157s] -- Installing: /home/qianlab/dependencies/install/traveler_msgs/include/traveler_msgs/msg/detail/traveler_status__type_support.hpp
[4.157s] -- Installing: /home/qianlab/dependencies/install/traveler_msgs/include/traveler_msgs/msg/detail/set_input_position__builder.hpp
[4.157s] -- Installing: /home/qianlab/dependencies/install/traveler_msgs/include/traveler_msgs/msg/detail/traveler_status__struct.hpp
[4.157s] -- Installing: /home/qianlab/dependencies/install/traveler_msgs/include/traveler_msgs/msg/detail/traveler_mode__traits.hpp
[4.157s] -- Installing: /home/qianlab/dependencies/install/traveler_msgs/include/traveler_msgs/msg/detail/set_input_position__traits.hpp
[4.157s] -- Up-to-date: /home/qianlab/dependencies/install/traveler_msgs/include/traveler_msgs
[4.157s] -- Up-to-date: /home/qianlab/dependencies/install/traveler_msgs/include/traveler_msgs/msg
[4.157s] -- Up-to-date: /home/qianlab/dependencies/install/traveler_msgs/include/traveler_msgs/msg/detail
[4.157s] -- Installing: /home/qianlab/dependencies/install/traveler_msgs/include/traveler_msgs/msg/detail/traveler_mode__type_support.cpp
[4.158s] -- Installing: /home/qianlab/dependencies/install/traveler_msgs/include/traveler_msgs/msg/detail/odrive_status__rosidl_typesupport_introspection_cpp.hpp
[4.158s] -- Installing: /home/qianlab/dependencies/install/traveler_msgs/include/traveler_msgs/msg/detail/traveler_status__type_support.cpp
[4.158s] -- Installing: /home/qianlab/dependencies/install/traveler_msgs/include/traveler_msgs/msg/detail/traveler_status__rosidl_typesupport_introspection_cpp.hpp
[4.158s] -- Installing: /home/qianlab/dependencies/install/traveler_msgs/include/traveler_msgs/msg/detail/set_input_position__rosidl_typesupport_introspection_cpp.hpp
[4.158s] -- Installing: /home/qianlab/dependencies/install/traveler_msgs/include/traveler_msgs/msg/detail/odrive_status__type_support.cpp
[4.158s] -- Installing: /home/qianlab/dependencies/install/traveler_msgs/include/traveler_msgs/msg/detail/traveler_mode__rosidl_typesupport_introspection_cpp.hpp
[4.158s] -- Installing: /home/qianlab/dependencies/install/traveler_msgs/include/traveler_msgs/msg/detail/traveler_config__type_support.cpp
[4.158s] -- Installing: /home/qianlab/dependencies/install/traveler_msgs/include/traveler_msgs/msg/detail/set_input_position__type_support.cpp
[4.158s] -- Installing: /home/qianlab/dependencies/install/traveler_msgs/include/traveler_msgs/msg/detail/traveler_config__rosidl_typesupport_introspection_cpp.hpp
[4.158s] -- Installing: /home/qianlab/dependencies/install/traveler_msgs/lib/libtraveler_msgs__rosidl_typesupport_introspection_cpp.so
[4.158s] -- Set runtime path of "/home/qianlab/dependencies/install/traveler_msgs/lib/libtraveler_msgs__rosidl_typesupport_introspection_cpp.so" to ""
[4.158s] -- Installing: /home/qianlab/dependencies/install/traveler_msgs/lib/libtraveler_msgs__rosidl_typesupport_cpp.so
[4.158s] -- Set runtime path of "/home/qianlab/dependencies/install/traveler_msgs/lib/libtraveler_msgs__rosidl_typesupport_cpp.so" to ""
[4.158s] -- Installing: /home/qianlab/dependencies/install/traveler_msgs/share/traveler_msgs/environment/pythonpath.sh
[4.158s] -- Installing: /home/qianlab/dependencies/install/traveler_msgs/share/traveler_msgs/environment/pythonpath.dsv
[4.158s] -- Installing: /home/qianlab/dependencies/install/traveler_msgs/lib/python3.8/site-packages/traveler_msgs/__init__.py
[4.179s] Compiling '/home/qianlab/dependencies/install/traveler_msgs/lib/python3.8/site-packages/traveler_msgs/__init__.py'...
[4.182s] -- Installing: /home/qianlab/dependencies/install/traveler_msgs/lib/python3.8/site-packages/traveler_msgs/msg
[4.182s] -- Installing: /home/qianlab/dependencies/install/traveler_msgs/lib/python3.8/site-packages/traveler_msgs/msg/_set_input_position_s.c
[4.182s] -- Installing: /home/qianlab/dependencies/install/traveler_msgs/lib/python3.8/site-packages/traveler_msgs/msg/_traveler_mode.py
[4.182s] -- Installing: /home/qianlab/dependencies/install/traveler_msgs/lib/python3.8/site-packages/traveler_msgs/msg/_odrive_status_s.c
[4.182s] -- Installing: /home/qianlab/dependencies/install/traveler_msgs/lib/python3.8/site-packages/traveler_msgs/msg/_traveler_mode_s.c
[4.182s] -- Installing: /home/qianlab/dependencies/install/traveler_msgs/lib/python3.8/site-packages/traveler_msgs/msg/_traveler_status.py
[4.182s] -- Installing: /home/qianlab/dependencies/install/traveler_msgs/lib/python3.8/site-packages/traveler_msgs/msg/_set_input_position.py
[4.182s] -- Installing: /home/qianlab/dependencies/install/traveler_msgs/lib/python3.8/site-packages/traveler_msgs/msg/_odrive_status.py
[4.182s] -- Installing: /home/qianlab/dependencies/install/traveler_msgs/lib/python3.8/site-packages/traveler_msgs/msg/_traveler_config_s.c
[4.183s] -- Installing: /home/qianlab/dependencies/install/traveler_msgs/lib/python3.8/site-packages/traveler_msgs/msg/_traveler_status_s.c
[4.183s] -- Installing: /home/qianlab/dependencies/install/traveler_msgs/lib/python3.8/site-packages/traveler_msgs/msg/_traveler_config.py
[4.183s] -- Installing: /home/qianlab/dependencies/install/traveler_msgs/lib/python3.8/site-packages/traveler_msgs/msg/__init__.py
[4.183s] -- Installing: /home/qianlab/dependencies/install/traveler_msgs/lib/python3.8/site-packages/traveler_msgs/traveler_msgs_s__rosidl_typesupport_fastrtps_c.cpython-38-x86_64-linux-gnu.so
[4.183s] -- Set runtime path of "/home/qianlab/dependencies/install/traveler_msgs/lib/python3.8/site-packages/traveler_msgs/traveler_msgs_s__rosidl_typesupport_fastrtps_c.cpython-38-x86_64-linux-gnu.so" to ""
[4.183s] -- Installing: /home/qianlab/dependencies/install/traveler_msgs/lib/python3.8/site-packages/traveler_msgs/traveler_msgs_s__rosidl_typesupport_introspection_c.cpython-38-x86_64-linux-gnu.so
[4.183s] -- Set runtime path of "/home/qianlab/dependencies/install/traveler_msgs/lib/python3.8/site-packages/traveler_msgs/traveler_msgs_s__rosidl_typesupport_introspection_c.cpython-38-x86_64-linux-gnu.so" to ""
[4.183s] -- Installing: /home/qianlab/dependencies/install/traveler_msgs/lib/python3.8/site-packages/traveler_msgs/traveler_msgs_s__rosidl_typesupport_c.cpython-38-x86_64-linux-gnu.so
[4.184s] -- Set runtime path of "/home/qianlab/dependencies/install/traveler_msgs/lib/python3.8/site-packages/traveler_msgs/traveler_msgs_s__rosidl_typesupport_c.cpython-38-x86_64-linux-gnu.so" to ""
[4.184s] -- Installing: /home/qianlab/dependencies/install/traveler_msgs/lib/libtraveler_msgs__python.so
[4.184s] -- Set runtime path of "/home/qianlab/dependencies/install/traveler_msgs/lib/libtraveler_msgs__python.so" to ""
[4.184s] -- Installing: /home/qianlab/dependencies/install/traveler_msgs/share/traveler_msgs/msg/OdriveStatus.idl
[4.184s] -- Installing: /home/qianlab/dependencies/install/traveler_msgs/share/traveler_msgs/msg/TravelerConfig.idl
[4.184s] -- Installing: /home/qianlab/dependencies/install/traveler_msgs/share/traveler_msgs/msg/TravelerMode.idl
[4.184s] -- Installing: /home/qianlab/dependencies/install/traveler_msgs/share/traveler_msgs/msg/TravelerStatus.idl
[4.185s] -- Installing: /home/qianlab/dependencies/install/traveler_msgs/share/traveler_msgs/msg/SetInputPosition.idl
[4.185s] -- Installing: /home/qianlab/dependencies/install/traveler_msgs/share/traveler_msgs/msg/OdriveStatus.msg
[4.185s] -- Installing: /home/qianlab/dependencies/install/traveler_msgs/share/traveler_msgs/msg/TravelerConfig.msg
[4.185s] -- Installing: /home/qianlab/dependencies/install/traveler_msgs/share/traveler_msgs/msg/TravelerMode.msg
[4.185s] -- Installing: /home/qianlab/dependencies/install/traveler_msgs/share/traveler_msgs/msg/TravelerStatus.msg
[4.185s] -- Installing: /home/qianlab/dependencies/install/traveler_msgs/share/traveler_msgs/odrivemsg/SetInputPosition.msg
[4.185s] -- Installing: /home/qianlab/dependencies/install/traveler_msgs/share/ament_index/resource_index/package_run_dependencies/traveler_msgs
[4.185s] -- Installing: /home/qianlab/dependencies/install/traveler_msgs/share/ament_index/resource_index/parent_prefix_path/traveler_msgs
[4.185s] -- Installing: /home/qianlab/dependencies/install/traveler_msgs/share/traveler_msgs/environment/ament_prefix_path.sh
[4.185s] -- Installing: /home/qianlab/dependencies/install/traveler_msgs/share/traveler_msgs/environment/ament_prefix_path.dsv
[4.185s] -- Installing: /home/qianlab/dependencies/install/traveler_msgs/share/traveler_msgs/environment/path.sh
[4.185s] -- Installing: /home/qianlab/dependencies/install/traveler_msgs/share/traveler_msgs/environment/path.dsv
[4.185s] -- Installing: /home/qianlab/dependencies/install/traveler_msgs/share/traveler_msgs/local_setup.bash
[4.185s] -- Installing: /home/qianlab/dependencies/install/traveler_msgs/share/traveler_msgs/local_setup.sh
[4.186s] -- Installing: /home/qianlab/dependencies/install/traveler_msgs/share/traveler_msgs/local_setup.zsh
[4.186s] -- Installing: /home/qianlab/dependencies/install/traveler_msgs/share/traveler_msgs/local_setup.dsv
[4.186s] -- Installing: /home/qianlab/dependencies/install/traveler_msgs/share/traveler_msgs/package.dsv
[4.186s] -- Installing: /home/qianlab/dependencies/install/traveler_msgs/share/ament_index/resource_index/packages/traveler_msgs
[4.186s] -- Installing: /home/qianlab/dependencies/install/traveler_msgs/share/traveler_msgs/cmake/traveler_msgs__rosidl_generator_cExport.cmake
[4.186s] -- Installing: /home/qianlab/dependencies/install/traveler_msgs/share/traveler_msgs/cmake/traveler_msgs__rosidl_generator_cExport-noconfig.cmake
[4.186s] -- Installing: /home/qianlab/dependencies/install/traveler_msgs/share/traveler_msgs/cmake/traveler_msgs__rosidl_typesupport_introspection_cExport.cmake
[4.186s] -- Installing: /home/qianlab/dependencies/install/traveler_msgs/share/traveler_msgs/cmake/traveler_msgs__rosidl_typesupport_introspection_cExport-noconfig.cmake
[4.186s] -- Installing: /home/qianlab/dependencies/install/traveler_msgs/share/traveler_msgs/cmake/traveler_msgs__rosidl_typesupport_cExport.cmake
[4.186s] -- Installing: /home/qianlab/dependencies/install/traveler_msgs/share/traveler_msgs/cmake/traveler_msgs__rosidl_typesupport_cExport-noconfig.cmake
[4.186s] -- Installing: /home/qianlab/dependencies/install/traveler_msgs/share/traveler_msgs/cmake/traveler_msgs__rosidl_generator_cppExport.cmake
[4.186s] -- Installing: /home/qianlab/dependencies/install/traveler_msgs/share/traveler_msgs/cmake/traveler_msgs__rosidl_typesupport_introspection_cppExport.cmake
[4.186s] -- Installing: /home/qianlab/dependencies/install/traveler_msgs/share/traveler_msgs/cmake/traveler_msgs__rosidl_typesupport_introspection_cppExport-noconfig.cmake
[4.186s] -- Installing: /home/qianlab/dependencies/install/traveler_msgs/share/traveler_msgs/cmake/traveler_msgs__rosidl_typesupport_cppExport.cmake
[4.187s] -- Installing: /home/qianlab/dependencies/install/traveler_msgs/share/traveler_msgs/cmake/traveler_msgs__rosidl_typesupport_cppExport-noconfig.cmake
[4.187s] -- Installing: /home/qianlab/dependencies/install/traveler_msgs/share/traveler_msgs/cmake/rosidl_cmake-extras.cmake
[4.187s] -- Installing: /home/qianlab/dependencies/install/traveler_msgs/share/traveler_msgs/cmake/ament_cmake_export_dependencies-extras.cmake
[4.187s] -- Installing: /home/qianlab/dependencies/install/traveler_msgs/share/traveler_msgs/cmake/ament_cmake_export_libraries-extras.cmake
[4.187s] -- Installing: /home/qianlab/dependencies/install/traveler_msgs/share/traveler_msgs/cmake/ament_cmake_export_targets-extras.cmake
[4.187s] -- Installing: /home/qianlab/dependencies/install/traveler_msgs/share/traveler_msgs/cmake/ament_cmake_export_include_directories-extras.cmake
[4.187s] -- Installing: /home/qianlab/dependencies/install/traveler_msgs/share/traveler_msgs/cmake/rosidl_cmake_export_typesupport_libraries-extras.cmake
[4.187s] -- Installing: /home/qianlab/dependencies/install/traveler_msgs/share/traveler_msgs/cmake/rosidl_cmake_export_typesupport_targets-extras.cmake
[4.187s] -- Installing: /home/qianlab/dependencies/install/traveler_msgs/share/traveler_msgs/cmake/traveler_msgsConfig.cmake
[4.187s] -- Installing: /home/qianlab/dependencies/install/traveler_msgs/share/traveler_msgs/cmake/traveler_msgsConfig-version.cmake
[4.187s] -- Installing: /home/qianlab/dependencies/install/traveler_msgs/share/traveler_msgs/package.xml
[4.189s] Invoked command in '/home/qianlab/dependencies/build/traveler_msgs' returned '0': CMAKE_PREFIX_PATH=/opt/ros/foxy /usr/bin/cmake --install /home/qianlab/dependencies/build/traveler_msgs
