[01m[K/home/qianlab/Desktop/lassie-turtle/dependencies/traveler_controller/src/controller/Inverse_kinematics.cpp:[m[K In function ‘[01m[Kvoid fixed_insertion_depth_gait_lower_point_version_3_analytic_solution(turtle&, float)[m[K’:
[01m[K/home/qianlab/Desktop/lassie-turtle/dependencies/traveler_controller/src/controller/Inverse_kinematics.cpp:200:12:[m[K [01;35m[Kwarning: [m[Kunused variable ‘[01m[Kinitial_insertion_depth_deg[m[K’ [[01;35m[K-Wunused-variable[m[K]
  200 |     double [01;35m[Kinitial_insertion_depth_deg[m[K = initial_insertion_depth_rad * 180 / M_PI;
      |            [01;35m[K^~~~~~~~~~~~~~~~~~~~~~~~~~~[m[K
[01m[K/home/qianlab/Desktop/lassie-turtle/dependencies/traveler_controller/src/proxy/lowerproxy.cpp:[m[K In member function ‘[01m[Kvoid turtle_namespace::control::lowerproxy::calculate_position(turtle&)[m[K’:
[01m[K/home/qianlab/Desktop/lassie-turtle/dependencies/traveler_controller/src/proxy/lowerproxy.cpp:126:24:[m[K [01;35m[Kwarning: [m[Kvariable ‘[01m[Krunning_t[m[K’ set but not used [[01;35m[K-Wunused-but-set-variable[m[K]
  126 |                 double [01;35m[Krunning_t[m[K;
      |                        [01;35m[K^~~~~~~~~[m[K
[01m[K/home/qianlab/Desktop/lassie-turtle/dependencies/traveler_controller/src/proxy/lowerproxy.cpp:372:24:[m[K [01;35m[Kwarning: [m[Kunused variable ‘[01m[Kback_curr_time[m[K’ [[01;35m[K-Wunused-variable[m[K]
  372 |                 double [01;35m[Kback_curr_time[m[K = deltaTime.count();
      |                        [01;35m[K^~~~~~~~~~~~~~[m[K
In file included from [01m[K/home/qianlab/Desktop/lassie-turtle/dependencies/traveler_controller/src/main.cpp:8[m[K:
[01m[K/home/qianlab/Desktop/lassie-turtle/dependencies/traveler_controller/include/main.h:46:14:[m[K [01;35m[Kwarning: [m[K‘[01m[Ktimer[m[K’ defined but not used [[01;35m[K-Wunused-variable[m[K]
   46 | static float [01;35m[Ktimer[m[K[10] = { 0 };
      |              [01;35m[K^~~~~[m[K
[01m[K/home/qianlab/Desktop/lassie-turtle/dependencies/traveler_controller/include/main.h:44:12:[m[K [01;35m[Kwarning: [m[K‘[01m[Kinit_done[m[K’ defined but not used [[01;35m[K-Wunused-variable[m[K]
   44 | static int [01;35m[Kinit_done[m[K = 0;
      |            [01;35m[K^~~~~~~~~[m[K
[01m[K/home/qianlab/Desktop/lassie-turtle/dependencies/traveler_controller/include/main.h:43:14:[m[K [01;35m[Kwarning: [m[K‘[01m[Kinit_cnt[m[K’ defined but not used [[01;35m[K-Wunused-variable[m[K]
   43 | static float [01;35m[Kinit_cnt[m[K = 0;
      |              [01;35m[K^~~~~~~~[m[K
