[01m[K/home/qianlab/dependencies/traveler_controller/src/controller/Inverse_kinematics.cpp:[m[K In function ‘[01m[Kvoid checkleft(float&, float&, float&)[m[K’:
[01m[K/home/qianlab/dependencies/traveler_controller/src/controller/Inverse_kinematics.cpp:52:11:[m[K [01;35m[Kwarning: [m[Kunused variable ‘[01m[KL[m[K’ [[01;35m[K-Wunused-variable[m[K]
   52 |     float [01;35m[KL[m[K = 0.14;
      |           [01;35m[K^[m[K
[01m[K/home/qianlab/dependencies/traveler_controller/src/controller/Inverse_kinematics.cpp:50:38:[m[K [01;35m[Kwarning: [m[Kunused parameter ‘[01m[Kbeta1[m[K’ [[01;35m[K-Wunused-parameter[m[K]
   50 | void checkleft(float &gamma1, [01;35m[Kfloat &beta1[m[K, float &theta1)
      |                               [01;35m[K~~~~~~~^~~~~[m[K
[01m[K/home/qianlab/dependencies/traveler_controller/src/controller/Inverse_kinematics.cpp:[m[K In function ‘[01m[Kvoid checkright(float&, float&, float&)[m[K’:
[01m[K/home/qianlab/dependencies/traveler_controller/src/controller/Inverse_kinematics.cpp:97:11:[m[K [01;35m[Kwarning: [m[Kunused variable ‘[01m[KL[m[K’ [[01;35m[K-Wunused-variable[m[K]
   97 |     float [01;35m[KL[m[K = 0.14;
      |           [01;35m[K^[m[K
[01m[K/home/qianlab/dependencies/traveler_controller/src/controller/Inverse_kinematics.cpp:95:39:[m[K [01;35m[Kwarning: [m[Kunused parameter ‘[01m[Kbeta2[m[K’ [[01;35m[K-Wunused-parameter[m[K]
   95 | void checkright(float &gamma2, [01;35m[Kfloat &beta2[m[K, float &theta2)
      |                                [01;35m[K~~~~~~~^~~~~[m[K
[01m[K/home/qianlab/dependencies/traveler_controller/src/controller/Inverse_kinematics.cpp:[m[K In function ‘[01m[Kvoid rhex_walking(float, float&, float&, float, float)[m[K’:
[01m[K/home/qianlab/dependencies/traveler_controller/src/controller/Inverse_kinematics.cpp:998:25:[m[K [01;35m[Kwarning: [m[Kunused parameter ‘[01m[Kt[m[K’ [[01;35m[K-Wunused-parameter[m[K]
  998 | void rhex_walking([01;35m[Kfloat t[m[K, float &theta1, float &theta2, float curr_theta1, float curr_theta2)
      |                   [01;35m[K~~~~~~^[m[K
[01m[K/home/qianlab/dependencies/traveler_controller/src/controller/Inverse_kinematics.cpp:998:83:[m[K [01;35m[Kwarning: [m[Kunused parameter ‘[01m[Kcurr_theta2[m[K’ [[01;35m[K-Wunused-parameter[m[K]
  998 | void rhex_walking(float t, float &theta1, float &theta2, float curr_theta1, [01;35m[Kfloat curr_theta2[m[K)
      |                                                                             [01;35m[K~~~~~~^~~~~~~~~~~[m[K
