[1.263s] DEBUG:colcon:Command line arguments: ['/usr/bin/colcon', 'build']
[1.263s] DEBUG:colcon:Parsed command line arguments: Namespace(allow_overriding=[], ament_cmake_args=None, base_paths=['.'], build_base='build', catkin_cmake_args=None, catkin_skip_building_tests=False, cmake_args=None, cmake_clean_cache=False, cmake_clean_first=False, cmake_force_configure=False, cmake_target=None, cmake_target_skip_unavailable=False, continue_on_error=False, event_handlers=None, executor='parallel', ignore_user_meta=False, install_base='install', log_base=None, log_level=None, main=<bound method BuildVerb.main of <colcon_core.verb.build.BuildVerb object at 0x7f8c03bfa220>>, merge_install=False, metas=['./colcon.meta'], packages_above=None, packages_above_and_dependencies=None, packages_above_depth=None, packages_end=None, packages_ignore=None, packages_ignore_regex=None, packages_select=None, packages_select_build_failed=False, packages_select_by_dep=None, packages_select_regex=None, packages_select_test_failures=False, packages_skip=None, packages_skip_build_finished=False, packages_skip_by_dep=None, packages_skip_regex=None, packages_skip_test_passed=False, packages_skip_up_to=None, packages_start=None, packages_up_to=None, packages_up_to_regex=None, parallel_workers=12, paths=None, symlink_install=False, test_result_base=None, verb_extension=<colcon_core.verb.build.BuildVerb object at 0x7f8c03bfa220>, verb_name='build', verb_parser=<colcon_defaults.argument_parser.defaults.DefaultArgumentsDecorator object at 0x7f8c03842d90>)
[1.317s] Level 1:colcon.colcon_core.package_discovery:discover_packages(colcon_meta) check parameters
[1.317s] Level 1:colcon.colcon_core.package_discovery:discover_packages(recursive) check parameters
[1.317s] Level 1:colcon.colcon_core.package_discovery:discover_packages(ignore) check parameters
[1.317s] Level 1:colcon.colcon_core.package_discovery:discover_packages(path) check parameters
[1.317s] Level 1:colcon.colcon_core.package_discovery:discover_packages(colcon_meta) discover
[1.317s] Level 1:colcon.colcon_core.package_discovery:discover_packages(recursive) discover
[1.317s] INFO:colcon.colcon_core.package_discovery:Crawling recursively for packages in '/home/qianlab/Turtle_workspace/lassie-turtle'
[1.317s] Level 1:colcon.colcon_core.package_identification:_identify(.) by extensions ['ignore', 'ignore_ament_install']
[1.317s] Level 1:colcon.colcon_core.package_identification:_identify(.) by extension 'ignore'
[1.317s] Level 1:colcon.colcon_core.package_identification:_identify(.) by extension 'ignore_ament_install'
[1.317s] Level 1:colcon.colcon_core.package_identification:_identify(.) by extensions ['colcon_pkg']
[1.317s] Level 1:colcon.colcon_core.package_identification:_identify(.) by extension 'colcon_pkg'
[1.317s] Level 1:colcon.colcon_core.package_identification:_identify(.) by extensions ['colcon_meta']
[1.317s] Level 1:colcon.colcon_core.package_identification:_identify(.) by extension 'colcon_meta'
[1.317s] Level 1:colcon.colcon_core.package_identification:_identify(.) by extensions ['ros']
[1.317s] Level 1:colcon.colcon_core.package_identification:_identify(.) by extension 'ros'
[1.323s] Level 1:colcon.colcon_core.package_identification:_identify(.) by extensions ['cmake', 'python']
[1.323s] Level 1:colcon.colcon_core.package_identification:_identify(.) by extension 'cmake'
[1.323s] Level 1:colcon.colcon_core.package_identification:_identify(.) by extension 'python'
[1.323s] Level 1:colcon.colcon_core.package_identification:_identify(.) by extensions ['python_setup_py']
[1.323s] Level 1:colcon.colcon_core.package_identification:_identify(.) by extension 'python_setup_py'
[1.323s] Level 1:colcon.colcon_core.package_identification:_identify(build) by extensions ['ignore', 'ignore_ament_install']
[1.324s] Level 1:colcon.colcon_core.package_identification:_identify(build) by extension 'ignore'
[1.324s] Level 1:colcon.colcon_core.package_identification:_identify(build) ignored
[1.324s] Level 1:colcon.colcon_core.package_identification:_identify(dataanalysis) by extensions ['ignore', 'ignore_ament_install']
[1.324s] Level 1:colcon.colcon_core.package_identification:_identify(dataanalysis) by extension 'ignore'
[1.324s] Level 1:colcon.colcon_core.package_identification:_identify(dataanalysis) by extension 'ignore_ament_install'
[1.324s] Level 1:colcon.colcon_core.package_identification:_identify(dataanalysis) by extensions ['colcon_pkg']
[1.324s] Level 1:colcon.colcon_core.package_identification:_identify(dataanalysis) by extension 'colcon_pkg'
[1.324s] Level 1:colcon.colcon_core.package_identification:_identify(dataanalysis) by extensions ['colcon_meta']
[1.324s] Level 1:colcon.colcon_core.package_identification:_identify(dataanalysis) by extension 'colcon_meta'
[1.324s] Level 1:colcon.colcon_core.package_identification:_identify(dataanalysis) by extensions ['ros']
[1.324s] Level 1:colcon.colcon_core.package_identification:_identify(dataanalysis) by extension 'ros'
[1.324s] Level 1:colcon.colcon_core.package_identification:_identify(dataanalysis) by extensions ['cmake', 'python']
[1.324s] Level 1:colcon.colcon_core.package_identification:_identify(dataanalysis) by extension 'cmake'
[1.324s] Level 1:colcon.colcon_core.package_identification:_identify(dataanalysis) by extension 'python'
[1.324s] Level 1:colcon.colcon_core.package_identification:_identify(dataanalysis) by extensions ['python_setup_py']
[1.324s] Level 1:colcon.colcon_core.package_identification:_identify(dataanalysis) by extension 'python_setup_py'
[1.324s] Level 1:colcon.colcon_core.package_identification:_identify(dependencies) by extensions ['ignore', 'ignore_ament_install']
[1.324s] Level 1:colcon.colcon_core.package_identification:_identify(dependencies) by extension 'ignore'
[1.324s] Level 1:colcon.colcon_core.package_identification:_identify(dependencies) by extension 'ignore_ament_install'
[1.324s] Level 1:colcon.colcon_core.package_identification:_identify(dependencies) by extensions ['colcon_pkg']
[1.324s] Level 1:colcon.colcon_core.package_identification:_identify(dependencies) by extension 'colcon_pkg'
[1.324s] Level 1:colcon.colcon_core.package_identification:_identify(dependencies) by extensions ['colcon_meta']
[1.324s] Level 1:colcon.colcon_core.package_identification:_identify(dependencies) by extension 'colcon_meta'
[1.324s] Level 1:colcon.colcon_core.package_identification:_identify(dependencies) by extensions ['ros']
[1.324s] Level 1:colcon.colcon_core.package_identification:_identify(dependencies) by extension 'ros'
[1.324s] Level 1:colcon.colcon_core.package_identification:_identify(dependencies) by extensions ['cmake', 'python']
[1.324s] Level 1:colcon.colcon_core.package_identification:_identify(dependencies) by extension 'cmake'
[1.324s] Level 1:colcon.colcon_core.package_identification:_identify(dependencies) by extension 'python'
[1.324s] Level 1:colcon.colcon_core.package_identification:_identify(dependencies) by extensions ['python_setup_py']
[1.324s] Level 1:colcon.colcon_core.package_identification:_identify(dependencies) by extension 'python_setup_py'
[1.324s] Level 1:colcon.colcon_core.package_identification:_identify(dependencies/traveler_controller) by extensions ['ignore', 'ignore_ament_install']
[1.324s] Level 1:colcon.colcon_core.package_identification:_identify(dependencies/traveler_controller) by extension 'ignore'
[1.324s] Level 1:colcon.colcon_core.package_identification:_identify(dependencies/traveler_controller) by extension 'ignore_ament_install'
[1.324s] Level 1:colcon.colcon_core.package_identification:_identify(dependencies/traveler_controller) by extensions ['colcon_pkg']
[1.324s] Level 1:colcon.colcon_core.package_identification:_identify(dependencies/traveler_controller) by extension 'colcon_pkg'
[1.324s] Level 1:colcon.colcon_core.package_identification:_identify(dependencies/traveler_controller) by extensions ['colcon_meta']
[1.324s] Level 1:colcon.colcon_core.package_identification:_identify(dependencies/traveler_controller) by extension 'colcon_meta'
[1.324s] Level 1:colcon.colcon_core.package_identification:_identify(dependencies/traveler_controller) by extensions ['ros']
[1.324s] Level 1:colcon.colcon_core.package_identification:_identify(dependencies/traveler_controller) by extension 'ros'
[1.326s] DEBUG:colcon.colcon_core.package_identification:Package 'dependencies/traveler_controller' with type 'ros.ament_cmake' and name 'turtle_high_controller'
[1.326s] Level 1:colcon.colcon_core.package_identification:_identify(dependencies/traveler_msgs) by extensions ['ignore', 'ignore_ament_install']
[1.326s] Level 1:colcon.colcon_core.package_identification:_identify(dependencies/traveler_msgs) by extension 'ignore'
[1.326s] Level 1:colcon.colcon_core.package_identification:_identify(dependencies/traveler_msgs) by extension 'ignore_ament_install'
[1.326s] Level 1:colcon.colcon_core.package_identification:_identify(dependencies/traveler_msgs) by extensions ['colcon_pkg']
[1.326s] Level 1:colcon.colcon_core.package_identification:_identify(dependencies/traveler_msgs) by extension 'colcon_pkg'
[1.326s] Level 1:colcon.colcon_core.package_identification:_identify(dependencies/traveler_msgs) by extensions ['colcon_meta']
[1.326s] Level 1:colcon.colcon_core.package_identification:_identify(dependencies/traveler_msgs) by extension 'colcon_meta'
[1.326s] Level 1:colcon.colcon_core.package_identification:_identify(dependencies/traveler_msgs) by extensions ['ros']
[1.326s] Level 1:colcon.colcon_core.package_identification:_identify(dependencies/traveler_msgs) by extension 'ros'
[1.326s] DEBUG:colcon.colcon_core.package_identification:Package 'dependencies/traveler_msgs' with type 'ros.ament_cmake' and name 'traveler_msgs'
[1.327s] Level 1:colcon.colcon_core.package_identification:_identify(highlevel) by extensions ['ignore', 'ignore_ament_install']
[1.327s] Level 1:colcon.colcon_core.package_identification:_identify(highlevel) by extension 'ignore'
[1.327s] Level 1:colcon.colcon_core.package_identification:_identify(highlevel) by extension 'ignore_ament_install'
[1.327s] Level 1:colcon.colcon_core.package_identification:_identify(highlevel) by extensions ['colcon_pkg']
[1.327s] Level 1:colcon.colcon_core.package_identification:_identify(highlevel) by extension 'colcon_pkg'
[1.327s] Level 1:colcon.colcon_core.package_identification:_identify(highlevel) by extensions ['colcon_meta']
[1.327s] Level 1:colcon.colcon_core.package_identification:_identify(highlevel) by extension 'colcon_meta'
[1.327s] Level 1:colcon.colcon_core.package_identification:_identify(highlevel) by extensions ['ros']
[1.327s] Level 1:colcon.colcon_core.package_identification:_identify(highlevel) by extension 'ros'
[1.327s] Level 1:colcon.colcon_core.package_identification:_identify(highlevel) by extensions ['cmake', 'python']
[1.327s] Level 1:colcon.colcon_core.package_identification:_identify(highlevel) by extension 'cmake'
[1.327s] Level 1:colcon.colcon_core.package_identification:_identify(highlevel) by extension 'python'
[1.327s] Level 1:colcon.colcon_core.package_identification:_identify(highlevel) by extensions ['python_setup_py']
[1.327s] Level 1:colcon.colcon_core.package_identification:_identify(highlevel) by extension 'python_setup_py'
[1.327s] Level 1:colcon.colcon_core.package_identification:_identify(highlevel/LASSIE_GUI) by extensions ['ignore', 'ignore_ament_install']
[1.327s] Level 1:colcon.colcon_core.package_identification:_identify(highlevel/LASSIE_GUI) by extension 'ignore'
[1.327s] Level 1:colcon.colcon_core.package_identification:_identify(highlevel/LASSIE_GUI) by extension 'ignore_ament_install'
[1.327s] Level 1:colcon.colcon_core.package_identification:_identify(highlevel/LASSIE_GUI) by extensions ['colcon_pkg']
[1.327s] Level 1:colcon.colcon_core.package_identification:_identify(highlevel/LASSIE_GUI) by extension 'colcon_pkg'
[1.327s] Level 1:colcon.colcon_core.package_identification:_identify(highlevel/LASSIE_GUI) by extensions ['colcon_meta']
[1.327s] Level 1:colcon.colcon_core.package_identification:_identify(highlevel/LASSIE_GUI) by extension 'colcon_meta'
[1.327s] Level 1:colcon.colcon_core.package_identification:_identify(highlevel/LASSIE_GUI) by extensions ['ros']
[1.327s] Level 1:colcon.colcon_core.package_identification:_identify(highlevel/LASSIE_GUI) by extension 'ros'
[1.327s] Level 1:colcon.colcon_core.package_identification:_identify(highlevel/LASSIE_GUI) by extensions ['cmake', 'python']
[1.327s] Level 1:colcon.colcon_core.package_identification:_identify(highlevel/LASSIE_GUI) by extension 'cmake'
[1.327s] Level 1:colcon.colcon_core.package_identification:_identify(highlevel/LASSIE_GUI) by extension 'python'
[1.327s] Level 1:colcon.colcon_core.package_identification:_identify(highlevel/LASSIE_GUI) by extensions ['python_setup_py']
[1.327s] Level 1:colcon.colcon_core.package_identification:_identify(highlevel/LASSIE_GUI) by extension 'python_setup_py'
[1.327s] Level 1:colcon.colcon_core.package_identification:_identify(highlevel/LASSIE_GUI/__pycache__) by extensions ['ignore', 'ignore_ament_install']
[1.327s] Level 1:colcon.colcon_core.package_identification:_identify(highlevel/LASSIE_GUI/__pycache__) by extension 'ignore'
[1.327s] Level 1:colcon.colcon_core.package_identification:_identify(highlevel/LASSIE_GUI/__pycache__) by extension 'ignore_ament_install'
[1.327s] Level 1:colcon.colcon_core.package_identification:_identify(highlevel/LASSIE_GUI/__pycache__) by extensions ['colcon_pkg']
[1.327s] Level 1:colcon.colcon_core.package_identification:_identify(highlevel/LASSIE_GUI/__pycache__) by extension 'colcon_pkg'
[1.327s] Level 1:colcon.colcon_core.package_identification:_identify(highlevel/LASSIE_GUI/__pycache__) by extensions ['colcon_meta']
[1.327s] Level 1:colcon.colcon_core.package_identification:_identify(highlevel/LASSIE_GUI/__pycache__) by extension 'colcon_meta'
[1.327s] Level 1:colcon.colcon_core.package_identification:_identify(highlevel/LASSIE_GUI/__pycache__) by extensions ['ros']
[1.327s] Level 1:colcon.colcon_core.package_identification:_identify(highlevel/LASSIE_GUI/__pycache__) by extension 'ros'
[1.327s] Level 1:colcon.colcon_core.package_identification:_identify(highlevel/LASSIE_GUI/__pycache__) by extensions ['cmake', 'python']
[1.327s] Level 1:colcon.colcon_core.package_identification:_identify(highlevel/LASSIE_GUI/__pycache__) by extension 'cmake'
[1.327s] Level 1:colcon.colcon_core.package_identification:_identify(highlevel/LASSIE_GUI/__pycache__) by extension 'python'
[1.327s] Level 1:colcon.colcon_core.package_identification:_identify(highlevel/LASSIE_GUI/__pycache__) by extensions ['python_setup_py']
[1.327s] Level 1:colcon.colcon_core.package_identification:_identify(highlevel/LASSIE_GUI/__pycache__) by extension 'python_setup_py'
[1.327s] Level 1:colcon.colcon_core.package_identification:_identify(highlevel/LASSIE_GUI/config) by extensions ['ignore', 'ignore_ament_install']
[1.328s] Level 1:colcon.colcon_core.package_identification:_identify(highlevel/LASSIE_GUI/config) by extension 'ignore'
[1.328s] Level 1:colcon.colcon_core.package_identification:_identify(highlevel/LASSIE_GUI/config) by extension 'ignore_ament_install'
[1.328s] Level 1:colcon.colcon_core.package_identification:_identify(highlevel/LASSIE_GUI/config) by extensions ['colcon_pkg']
[1.328s] Level 1:colcon.colcon_core.package_identification:_identify(highlevel/LASSIE_GUI/config) by extension 'colcon_pkg'
[1.328s] Level 1:colcon.colcon_core.package_identification:_identify(highlevel/LASSIE_GUI/config) by extensions ['colcon_meta']
[1.328s] Level 1:colcon.colcon_core.package_identification:_identify(highlevel/LASSIE_GUI/config) by extension 'colcon_meta'
[1.328s] Level 1:colcon.colcon_core.package_identification:_identify(highlevel/LASSIE_GUI/config) by extensions ['ros']
[1.328s] Level 1:colcon.colcon_core.package_identification:_identify(highlevel/LASSIE_GUI/config) by extension 'ros'
[1.328s] Level 1:colcon.colcon_core.package_identification:_identify(highlevel/LASSIE_GUI/config) by extensions ['cmake', 'python']
[1.328s] Level 1:colcon.colcon_core.package_identification:_identify(highlevel/LASSIE_GUI/config) by extension 'cmake'
[1.328s] Level 1:colcon.colcon_core.package_identification:_identify(highlevel/LASSIE_GUI/config) by extension 'python'
[1.328s] Level 1:colcon.colcon_core.package_identification:_identify(highlevel/LASSIE_GUI/config) by extensions ['python_setup_py']
[1.328s] Level 1:colcon.colcon_core.package_identification:_identify(highlevel/LASSIE_GUI/config) by extension 'python_setup_py'
[1.328s] Level 1:colcon.colcon_core.package_identification:_identify(highlevel/LASSIE_GUI/experiment_video) by extensions ['ignore', 'ignore_ament_install']
[1.328s] Level 1:colcon.colcon_core.package_identification:_identify(highlevel/LASSIE_GUI/experiment_video) by extension 'ignore'
[1.328s] Level 1:colcon.colcon_core.package_identification:_identify(highlevel/LASSIE_GUI/experiment_video) by extension 'ignore_ament_install'
[1.328s] Level 1:colcon.colcon_core.package_identification:_identify(highlevel/LASSIE_GUI/experiment_video) by extensions ['colcon_pkg']
[1.328s] Level 1:colcon.colcon_core.package_identification:_identify(highlevel/LASSIE_GUI/experiment_video) by extension 'colcon_pkg'
[1.328s] Level 1:colcon.colcon_core.package_identification:_identify(highlevel/LASSIE_GUI/experiment_video) by extensions ['colcon_meta']
[1.328s] Level 1:colcon.colcon_core.package_identification:_identify(highlevel/LASSIE_GUI/experiment_video) by extension 'colcon_meta'
[1.328s] Level 1:colcon.colcon_core.package_identification:_identify(highlevel/LASSIE_GUI/experiment_video) by extensions ['ros']
[1.328s] Level 1:colcon.colcon_core.package_identification:_identify(highlevel/LASSIE_GUI/experiment_video) by extension 'ros'
[1.328s] Level 1:colcon.colcon_core.package_identification:_identify(highlevel/LASSIE_GUI/experiment_video) by extensions ['cmake', 'python']
[1.328s] Level 1:colcon.colcon_core.package_identification:_identify(highlevel/LASSIE_GUI/experiment_video) by extension 'cmake'
[1.328s] Level 1:colcon.colcon_core.package_identification:_identify(highlevel/LASSIE_GUI/experiment_video) by extension 'python'
[1.328s] Level 1:colcon.colcon_core.package_identification:_identify(highlevel/LASSIE_GUI/experiment_video) by extensions ['python_setup_py']
[1.328s] Level 1:colcon.colcon_core.package_identification:_identify(highlevel/LASSIE_GUI/experiment_video) by extension 'python_setup_py'
[1.328s] Level 1:colcon.colcon_core.package_identification:_identify(highlevel/config) by extensions ['ignore', 'ignore_ament_install']
[1.328s] Level 1:colcon.colcon_core.package_identification:_identify(highlevel/config) by extension 'ignore'
[1.328s] Level 1:colcon.colcon_core.package_identification:_identify(highlevel/config) by extension 'ignore_ament_install'
[1.328s] Level 1:colcon.colcon_core.package_identification:_identify(highlevel/config) by extensions ['colcon_pkg']
[1.328s] Level 1:colcon.colcon_core.package_identification:_identify(highlevel/config) by extension 'colcon_pkg'
[1.328s] Level 1:colcon.colcon_core.package_identification:_identify(highlevel/config) by extensions ['colcon_meta']
[1.328s] Level 1:colcon.colcon_core.package_identification:_identify(highlevel/config) by extension 'colcon_meta'
[1.328s] Level 1:colcon.colcon_core.package_identification:_identify(highlevel/config) by extensions ['ros']
[1.328s] Level 1:colcon.colcon_core.package_identification:_identify(highlevel/config) by extension 'ros'
[1.328s] Level 1:colcon.colcon_core.package_identification:_identify(highlevel/config) by extensions ['cmake', 'python']
[1.328s] Level 1:colcon.colcon_core.package_identification:_identify(highlevel/config) by extension 'cmake'
[1.328s] Level 1:colcon.colcon_core.package_identification:_identify(highlevel/config) by extension 'python'
[1.328s] Level 1:colcon.colcon_core.package_identification:_identify(highlevel/config) by extensions ['python_setup_py']
[1.328s] Level 1:colcon.colcon_core.package_identification:_identify(highlevel/config) by extension 'python_setup_py'
[1.328s] Level 1:colcon.colcon_core.package_identification:_identify(highlevel/experiment_data) by extensions ['ignore', 'ignore_ament_install']
[1.328s] Level 1:colcon.colcon_core.package_identification:_identify(highlevel/experiment_data) by extension 'ignore'
[1.328s] Level 1:colcon.colcon_core.package_identification:_identify(highlevel/experiment_data) by extension 'ignore_ament_install'
[1.329s] Level 1:colcon.colcon_core.package_identification:_identify(highlevel/experiment_data) by extensions ['colcon_pkg']
[1.329s] Level 1:colcon.colcon_core.package_identification:_identify(highlevel/experiment_data) by extension 'colcon_pkg'
[1.329s] Level 1:colcon.colcon_core.package_identification:_identify(highlevel/experiment_data) by extensions ['colcon_meta']
[1.329s] Level 1:colcon.colcon_core.package_identification:_identify(highlevel/experiment_data) by extension 'colcon_meta'
[1.329s] Level 1:colcon.colcon_core.package_identification:_identify(highlevel/experiment_data) by extensions ['ros']
[1.329s] Level 1:colcon.colcon_core.package_identification:_identify(highlevel/experiment_data) by extension 'ros'
[1.329s] Level 1:colcon.colcon_core.package_identification:_identify(highlevel/experiment_data) by extensions ['cmake', 'python']
[1.329s] Level 1:colcon.colcon_core.package_identification:_identify(highlevel/experiment_data) by extension 'cmake'
[1.329s] Level 1:colcon.colcon_core.package_identification:_identify(highlevel/experiment_data) by extension 'python'
[1.329s] Level 1:colcon.colcon_core.package_identification:_identify(highlevel/experiment_data) by extensions ['python_setup_py']
[1.329s] Level 1:colcon.colcon_core.package_identification:_identify(highlevel/experiment_data) by extension 'python_setup_py'
[1.329s] Level 1:colcon.colcon_core.package_identification:_identify(highlevel/experiment_data/turtle) by extensions ['ignore', 'ignore_ament_install']
[1.329s] Level 1:colcon.colcon_core.package_identification:_identify(highlevel/experiment_data/turtle) by extension 'ignore'
[1.329s] Level 1:colcon.colcon_core.package_identification:_identify(highlevel/experiment_data/turtle) by extension 'ignore_ament_install'
[1.329s] Level 1:colcon.colcon_core.package_identification:_identify(highlevel/experiment_data/turtle) by extensions ['colcon_pkg']
[1.329s] Level 1:colcon.colcon_core.package_identification:_identify(highlevel/experiment_data/turtle) by extension 'colcon_pkg'
[1.329s] Level 1:colcon.colcon_core.package_identification:_identify(highlevel/experiment_data/turtle) by extensions ['colcon_meta']
[1.329s] Level 1:colcon.colcon_core.package_identification:_identify(highlevel/experiment_data/turtle) by extension 'colcon_meta'
[1.329s] Level 1:colcon.colcon_core.package_identification:_identify(highlevel/experiment_data/turtle) by extensions ['ros']
[1.329s] Level 1:colcon.colcon_core.package_identification:_identify(highlevel/experiment_data/turtle) by extension 'ros'
[1.329s] Level 1:colcon.colcon_core.package_identification:_identify(highlevel/experiment_data/turtle) by extensions ['cmake', 'python']
[1.329s] Level 1:colcon.colcon_core.package_identification:_identify(highlevel/experiment_data/turtle) by extension 'cmake'
[1.329s] Level 1:colcon.colcon_core.package_identification:_identify(highlevel/experiment_data/turtle) by extension 'python'
[1.329s] Level 1:colcon.colcon_core.package_identification:_identify(highlevel/experiment_data/turtle) by extensions ['python_setup_py']
[1.329s] Level 1:colcon.colcon_core.package_identification:_identify(highlevel/experiment_data/turtle) by extension 'python_setup_py'
[1.329s] Level 1:colcon.colcon_core.package_identification:_identify(highlevel/resource) by extensions ['ignore', 'ignore_ament_install']
[1.329s] Level 1:colcon.colcon_core.package_identification:_identify(highlevel/resource) by extension 'ignore'
[1.329s] Level 1:colcon.colcon_core.package_identification:_identify(highlevel/resource) by extension 'ignore_ament_install'
[1.329s] Level 1:colcon.colcon_core.package_identification:_identify(highlevel/resource) by extensions ['colcon_pkg']
[1.329s] Level 1:colcon.colcon_core.package_identification:_identify(highlevel/resource) by extension 'colcon_pkg'
[1.329s] Level 1:colcon.colcon_core.package_identification:_identify(highlevel/resource) by extensions ['colcon_meta']
[1.329s] Level 1:colcon.colcon_core.package_identification:_identify(highlevel/resource) by extension 'colcon_meta'
[1.329s] Level 1:colcon.colcon_core.package_identification:_identify(highlevel/resource) by extensions ['ros']
[1.329s] Level 1:colcon.colcon_core.package_identification:_identify(highlevel/resource) by extension 'ros'
[1.329s] Level 1:colcon.colcon_core.package_identification:_identify(highlevel/resource) by extensions ['cmake', 'python']
[1.329s] Level 1:colcon.colcon_core.package_identification:_identify(highlevel/resource) by extension 'cmake'
[1.329s] Level 1:colcon.colcon_core.package_identification:_identify(highlevel/resource) by extension 'python'
[1.329s] Level 1:colcon.colcon_core.package_identification:_identify(highlevel/resource) by extensions ['python_setup_py']
[1.330s] Level 1:colcon.colcon_core.package_identification:_identify(highlevel/resource) by extension 'python_setup_py'
[1.330s] Level 1:colcon.colcon_core.package_identification:_identify(highlevel/traveler_optitrack) by extensions ['ignore', 'ignore_ament_install']
[1.330s] Level 1:colcon.colcon_core.package_identification:_identify(highlevel/traveler_optitrack) by extension 'ignore'
[1.330s] Level 1:colcon.colcon_core.package_identification:_identify(highlevel/traveler_optitrack) by extension 'ignore_ament_install'
[1.330s] Level 1:colcon.colcon_core.package_identification:_identify(highlevel/traveler_optitrack) by extensions ['colcon_pkg']
[1.330s] Level 1:colcon.colcon_core.package_identification:_identify(highlevel/traveler_optitrack) by extension 'colcon_pkg'
[1.330s] Level 1:colcon.colcon_core.package_identification:_identify(highlevel/traveler_optitrack) by extensions ['colcon_meta']
[1.330s] Level 1:colcon.colcon_core.package_identification:_identify(highlevel/traveler_optitrack) by extension 'colcon_meta'
[1.330s] Level 1:colcon.colcon_core.package_identification:_identify(highlevel/traveler_optitrack) by extensions ['ros']
[1.330s] Level 1:colcon.colcon_core.package_identification:_identify(highlevel/traveler_optitrack) by extension 'ros'
[1.330s] DEBUG:colcon.colcon_core.package_identification:Package 'highlevel/traveler_optitrack' with type 'ros.ament_python' and name 'traveler_optitrack'
[1.330s] Level 1:colcon.colcon_core.package_identification:_identify(install) by extensions ['ignore', 'ignore_ament_install']
[1.330s] Level 1:colcon.colcon_core.package_identification:_identify(install) by extension 'ignore'
[1.330s] Level 1:colcon.colcon_core.package_identification:_identify(install) ignored
[1.330s] Level 1:colcon.colcon_core.package_identification:_identify(log) by extensions ['ignore', 'ignore_ament_install']
[1.330s] Level 1:colcon.colcon_core.package_identification:_identify(log) by extension 'ignore'
[1.330s] Level 1:colcon.colcon_core.package_identification:_identify(log) ignored
[1.330s] Level 1:colcon.colcon_core.package_discovery:discover_packages(recursive) using defaults
[1.330s] Level 1:colcon.colcon_core.package_discovery:discover_packages(ignore) discover
[1.330s] Level 1:colcon.colcon_core.package_discovery:discover_packages(ignore) using defaults
[1.330s] Level 1:colcon.colcon_core.package_discovery:discover_packages(path) discover
[1.330s] Level 1:colcon.colcon_core.package_discovery:discover_packages(path) using defaults
[1.452s] Level 1:colcon.colcon_core.package_discovery:discover_packages(prefix_path) check parameters
[1.452s] Level 1:colcon.colcon_core.package_discovery:discover_packages(prefix_path) discover
[1.496s] DEBUG:colcon.colcon_installed_package_information.package_discovery:Found 295 installed packages in /opt/ros/foxy
[1.497s] Level 1:colcon.colcon_core.package_discovery:discover_packages(prefix_path) using defaults
[1.578s] Level 5:colcon.colcon_core.verb:set package 'traveler_msgs' build argument 'cmake_args' from command line to 'None'
[1.578s] Level 5:colcon.colcon_core.verb:set package 'traveler_msgs' build argument 'cmake_target' from command line to 'None'
[1.578s] Level 5:colcon.colcon_core.verb:set package 'traveler_msgs' build argument 'cmake_target_skip_unavailable' from command line to 'False'
[1.578s] Level 5:colcon.colcon_core.verb:set package 'traveler_msgs' build argument 'cmake_clean_cache' from command line to 'False'
[1.578s] Level 5:colcon.colcon_core.verb:set package 'traveler_msgs' build argument 'cmake_clean_first' from command line to 'False'
[1.578s] Level 5:colcon.colcon_core.verb:set package 'traveler_msgs' build argument 'cmake_force_configure' from command line to 'False'
[1.578s] Level 5:colcon.colcon_core.verb:set package 'traveler_msgs' build argument 'ament_cmake_args' from command line to 'None'
[1.578s] Level 5:colcon.colcon_core.verb:set package 'traveler_msgs' build argument 'catkin_cmake_args' from command line to 'None'
[1.578s] Level 5:colcon.colcon_core.verb:set package 'traveler_msgs' build argument 'catkin_skip_building_tests' from command line to 'False'
[1.578s] DEBUG:colcon.colcon_core.verb:Building package 'traveler_msgs' with the following arguments: {'ament_cmake_args': None, 'build_base': '/home/qianlab/Turtle_workspace/lassie-turtle/build/traveler_msgs', 'catkin_cmake_args': None, 'catkin_skip_building_tests': False, 'cmake_args': None, 'cmake_clean_cache': False, 'cmake_clean_first': False, 'cmake_force_configure': False, 'cmake_target': None, 'cmake_target_skip_unavailable': False, 'install_base': '/home/qianlab/Turtle_workspace/lassie-turtle/install/traveler_msgs', 'merge_install': False, 'path': '/home/qianlab/Turtle_workspace/lassie-turtle/dependencies/traveler_msgs', 'symlink_install': False, 'test_result_base': None}
[1.600s] Level 5:colcon.colcon_core.verb:set package 'traveler_optitrack' build argument 'cmake_args' from command line to 'None'
[1.600s] Level 5:colcon.colcon_core.verb:set package 'traveler_optitrack' build argument 'cmake_target' from command line to 'None'
[1.600s] Level 5:colcon.colcon_core.verb:set package 'traveler_optitrack' build argument 'cmake_target_skip_unavailable' from command line to 'False'
[1.600s] Level 5:colcon.colcon_core.verb:set package 'traveler_optitrack' build argument 'cmake_clean_cache' from command line to 'False'
[1.600s] Level 5:colcon.colcon_core.verb:set package 'traveler_optitrack' build argument 'cmake_clean_first' from command line to 'False'
[1.600s] Level 5:colcon.colcon_core.verb:set package 'traveler_optitrack' build argument 'cmake_force_configure' from command line to 'False'
[1.600s] Level 5:colcon.colcon_core.verb:set package 'traveler_optitrack' build argument 'ament_cmake_args' from command line to 'None'
[1.600s] Level 5:colcon.colcon_core.verb:set package 'traveler_optitrack' build argument 'catkin_cmake_args' from command line to 'None'
[1.600s] Level 5:colcon.colcon_core.verb:set package 'traveler_optitrack' build argument 'catkin_skip_building_tests' from command line to 'False'
[1.600s] DEBUG:colcon.colcon_core.verb:Building package 'traveler_optitrack' with the following arguments: {'ament_cmake_args': None, 'build_base': '/home/qianlab/Turtle_workspace/lassie-turtle/build/traveler_optitrack', 'catkin_cmake_args': None, 'catkin_skip_building_tests': False, 'cmake_args': None, 'cmake_clean_cache': False, 'cmake_clean_first': False, 'cmake_force_configure': False, 'cmake_target': None, 'cmake_target_skip_unavailable': False, 'install_base': '/home/qianlab/Turtle_workspace/lassie-turtle/install/traveler_optitrack', 'merge_install': False, 'path': '/home/qianlab/Turtle_workspace/lassie-turtle/highlevel/traveler_optitrack', 'symlink_install': False, 'test_result_base': None}
[1.621s] Level 5:colcon.colcon_core.verb:set package 'turtle_high_controller' build argument 'cmake_args' from command line to 'None'
[1.621s] Level 5:colcon.colcon_core.verb:set package 'turtle_high_controller' build argument 'cmake_target' from command line to 'None'
[1.621s] Level 5:colcon.colcon_core.verb:set package 'turtle_high_controller' build argument 'cmake_target_skip_unavailable' from command line to 'False'
[1.621s] Level 5:colcon.colcon_core.verb:set package 'turtle_high_controller' build argument 'cmake_clean_cache' from command line to 'False'
[1.621s] Level 5:colcon.colcon_core.verb:set package 'turtle_high_controller' build argument 'cmake_clean_first' from command line to 'False'
[1.621s] Level 5:colcon.colcon_core.verb:set package 'turtle_high_controller' build argument 'cmake_force_configure' from command line to 'False'
[1.621s] Level 5:colcon.colcon_core.verb:set package 'turtle_high_controller' build argument 'ament_cmake_args' from command line to 'None'
[1.621s] Level 5:colcon.colcon_core.verb:set package 'turtle_high_controller' build argument 'catkin_cmake_args' from command line to 'None'
[1.621s] Level 5:colcon.colcon_core.verb:set package 'turtle_high_controller' build argument 'catkin_skip_building_tests' from command line to 'False'
[1.621s] DEBUG:colcon.colcon_core.verb:Building package 'turtle_high_controller' with the following arguments: {'ament_cmake_args': None, 'build_base': '/home/qianlab/Turtle_workspace/lassie-turtle/build/turtle_high_controller', 'catkin_cmake_args': None, 'catkin_skip_building_tests': False, 'cmake_args': None, 'cmake_clean_cache': False, 'cmake_clean_first': False, 'cmake_force_configure': False, 'cmake_target': None, 'cmake_target_skip_unavailable': False, 'install_base': '/home/qianlab/Turtle_workspace/lassie-turtle/install/turtle_high_controller', 'merge_install': False, 'path': '/home/qianlab/Turtle_workspace/lassie-turtle/dependencies/traveler_controller', 'symlink_install': False, 'test_result_base': None}
[1.642s] INFO:colcon.colcon_core.executor:Executing jobs using 'parallel' executor
[1.669s] DEBUG:colcon.colcon_parallel_executor.executor.parallel:run_until_complete
[1.670s] INFO:colcon.colcon_ros.task.ament_cmake.build:Building ROS package in '/home/qianlab/Turtle_workspace/lassie-turtle/dependencies/traveler_msgs' with build type 'ament_cmake'
[1.670s] INFO:colcon.colcon_cmake.task.cmake.build:Building CMake package in '/home/qianlab/Turtle_workspace/lassie-turtle/dependencies/traveler_msgs'
[1.694s] INFO:colcon.colcon_core.plugin_system:Skipping extension 'colcon_core.shell.bat': Not used on non-Windows systems
[1.694s] INFO:colcon.colcon_core.shell:Skip shell extension 'powershell' for command environment: Not usable outside of PowerShell
[1.694s] DEBUG:colcon.colcon_core.shell:Skip shell extension 'dsv' for command environment
[1.743s] INFO:colcon.colcon_ros.task.ament_python.build:Building ROS package in '/home/qianlab/Turtle_workspace/lassie-turtle/highlevel/traveler_optitrack' with build type 'ament_python'
[1.743s] Level 1:colcon.colcon_core.shell:create_environment_hook('traveler_optitrack', 'ament_prefix_path')
[1.767s] INFO:colcon.colcon_core.shell:Creating environment hook '/home/qianlab/Turtle_workspace/lassie-turtle/install/traveler_optitrack/share/traveler_optitrack/hook/ament_prefix_path.ps1'
[1.767s] INFO:colcon.colcon_core.shell:Creating environment descriptor '/home/qianlab/Turtle_workspace/lassie-turtle/install/traveler_optitrack/share/traveler_optitrack/hook/ament_prefix_path.dsv'
[1.768s] INFO:colcon.colcon_core.shell:Creating environment hook '/home/qianlab/Turtle_workspace/lassie-turtle/install/traveler_optitrack/share/traveler_optitrack/hook/ament_prefix_path.sh'
[1.791s] INFO:colcon.colcon_core.shell:Skip shell extension 'powershell' for command environment: Not usable outside of PowerShell
[1.791s] DEBUG:colcon.colcon_core.shell:Skip shell extension 'dsv' for command environment
[1.846s] DEBUG:colcon.colcon_core.event_handler.log_command:Invoking command in '/home/qianlab/Turtle_workspace/lassie-turtle/build/traveler_msgs': CMAKE_PREFIX_PATH=/opt/ros/foxy /usr/bin/cmake --build /home/qianlab/Turtle_workspace/lassie-turtle/build/traveler_msgs -- -j12 -l12
[1.998s] INFO:colcon.colcon_core.task.python.build:Building Python package in '/home/qianlab/Turtle_workspace/lassie-turtle/highlevel/traveler_optitrack'
[2.027s] INFO:colcon.colcon_core.shell:Skip shell extension 'powershell' for command environment: Not usable outside of PowerShell
[2.027s] DEBUG:colcon.colcon_core.shell:Skip shell extension 'dsv' for command environment
[2.081s] DEBUG:colcon.colcon_core.event_handler.log_command:Invoked command in '/home/qianlab/Turtle_workspace/lassie-turtle/build/traveler_msgs' returned '0': CMAKE_PREFIX_PATH=/opt/ros/foxy /usr/bin/cmake --build /home/qianlab/Turtle_workspace/lassie-turtle/build/traveler_msgs -- -j12 -l12
[2.143s] DEBUG:colcon.colcon_core.event_handler.log_command:Invoking command in '/home/qianlab/Turtle_workspace/lassie-turtle/build/traveler_msgs': CMAKE_PREFIX_PATH=/opt/ros/foxy /usr/bin/cmake --install /home/qianlab/Turtle_workspace/lassie-turtle/build/traveler_msgs
[2.177s] Level 1:colcon.colcon_core.environment:create_environment_scripts_only(traveler_msgs)
[2.178s] DEBUG:colcon.colcon_core.event_handler.log_command:Invoked command in '/home/qianlab/Turtle_workspace/lassie-turtle/build/traveler_msgs' returned '0': CMAKE_PREFIX_PATH=/opt/ros/foxy /usr/bin/cmake --install /home/qianlab/Turtle_workspace/lassie-turtle/build/traveler_msgs
[2.207s] Level 1:colcon.colcon_core.environment:checking '/home/qianlab/Turtle_workspace/lassie-turtle/install/traveler_msgs' for CMake module files
[2.207s] Level 1:colcon.colcon_core.environment:checking '/home/qianlab/Turtle_workspace/lassie-turtle/install/traveler_msgs' for CMake config files
[2.207s] Level 1:colcon.colcon_core.shell:create_environment_hook('traveler_msgs', 'cmake_prefix_path')
[2.232s] INFO:colcon.colcon_core.shell:Creating environment hook '/home/qianlab/Turtle_workspace/lassie-turtle/install/traveler_msgs/share/traveler_msgs/hook/cmake_prefix_path.ps1'
[2.232s] INFO:colcon.colcon_core.shell:Creating environment descriptor '/home/qianlab/Turtle_workspace/lassie-turtle/install/traveler_msgs/share/traveler_msgs/hook/cmake_prefix_path.dsv'
[2.232s] INFO:colcon.colcon_core.shell:Creating environment hook '/home/qianlab/Turtle_workspace/lassie-turtle/install/traveler_msgs/share/traveler_msgs/hook/cmake_prefix_path.sh'
[2.233s] Level 1:colcon.colcon_core.environment:checking '/home/qianlab/Turtle_workspace/lassie-turtle/install/traveler_msgs/lib'
[2.233s] Level 1:colcon.colcon_core.shell:create_environment_hook('traveler_msgs', 'ld_library_path_lib')
[2.257s] INFO:colcon.colcon_core.shell:Creating environment hook '/home/qianlab/Turtle_workspace/lassie-turtle/install/traveler_msgs/share/traveler_msgs/hook/ld_library_path_lib.ps1'
[2.257s] INFO:colcon.colcon_core.shell:Creating environment descriptor '/home/qianlab/Turtle_workspace/lassie-turtle/install/traveler_msgs/share/traveler_msgs/hook/ld_library_path_lib.dsv'
[2.258s] INFO:colcon.colcon_core.shell:Creating environment hook '/home/qianlab/Turtle_workspace/lassie-turtle/install/traveler_msgs/share/traveler_msgs/hook/ld_library_path_lib.sh'
[2.258s] Level 1:colcon.colcon_core.environment:checking '/home/qianlab/Turtle_workspace/lassie-turtle/install/traveler_msgs/bin'
[2.258s] Level 1:colcon.colcon_core.environment:checking '/home/qianlab/Turtle_workspace/lassie-turtle/install/traveler_msgs/lib/pkgconfig/traveler_msgs.pc'
[2.258s] Level 1:colcon.colcon_core.environment:checking '/home/qianlab/Turtle_workspace/lassie-turtle/install/traveler_msgs/lib/python3.8/site-packages'
[2.258s] Level 1:colcon.colcon_core.shell:create_environment_hook('traveler_msgs', 'pythonpath')
[2.283s] INFO:colcon.colcon_core.shell:Creating environment hook '/home/qianlab/Turtle_workspace/lassie-turtle/install/traveler_msgs/share/traveler_msgs/hook/pythonpath.ps1'
[2.283s] INFO:colcon.colcon_core.shell:Creating environment descriptor '/home/qianlab/Turtle_workspace/lassie-turtle/install/traveler_msgs/share/traveler_msgs/hook/pythonpath.dsv'
[2.284s] INFO:colcon.colcon_core.shell:Creating environment hook '/home/qianlab/Turtle_workspace/lassie-turtle/install/traveler_msgs/share/traveler_msgs/hook/pythonpath.sh'
[2.284s] Level 1:colcon.colcon_core.environment:checking '/home/qianlab/Turtle_workspace/lassie-turtle/install/traveler_msgs/bin'
[2.321s] INFO:colcon.colcon_core.shell:Creating package script '/home/qianlab/Turtle_workspace/lassie-turtle/install/traveler_msgs/share/traveler_msgs/package.ps1'
[2.322s] INFO:colcon.colcon_core.shell:Creating package descriptor '/home/qianlab/Turtle_workspace/lassie-turtle/install/traveler_msgs/share/traveler_msgs/package.dsv'
[2.322s] INFO:colcon.colcon_core.shell:Creating package script '/home/qianlab/Turtle_workspace/lassie-turtle/install/traveler_msgs/share/traveler_msgs/package.sh'
[2.322s] INFO:colcon.colcon_core.shell:Creating package script '/home/qianlab/Turtle_workspace/lassie-turtle/install/traveler_msgs/share/traveler_msgs/package.bash'
[2.323s] INFO:colcon.colcon_core.shell:Creating package script '/home/qianlab/Turtle_workspace/lassie-turtle/install/traveler_msgs/share/traveler_msgs/package.zsh'
[2.323s] Level 1:colcon.colcon_core.environment:create_file_with_runtime_dependencies(/home/qianlab/Turtle_workspace/lassie-turtle/install/traveler_msgs/share/colcon-core/packages/traveler_msgs)
[2.328s] DEBUG:colcon.colcon_core.event_handler.log_command:Invoking command in '/home/qianlab/Turtle_workspace/lassie-turtle/highlevel/traveler_optitrack': PYTHONPATH=/home/qianlab/Turtle_workspace/lassie-turtle/build/traveler_optitrack/prefix_override:/home/qianlab/Turtle_workspace/lassie-turtle/install/traveler_optitrack/lib/python3.8/site-packages:${PYTHONPATH} /usr/bin/python3 setup.py egg_info --egg-base ../../build/traveler_optitrack build --build-base /home/qianlab/Turtle_workspace/lassie-turtle/build/traveler_optitrack/build install --record /home/qianlab/Turtle_workspace/lassie-turtle/build/traveler_optitrack/install.log --install-scripts $base/lib/traveler_optitrack --single-version-externally-managed
[2.409s] Level 1:colcon.colcon_core.environment:create_environment_scripts_only(traveler_msgs)
[2.434s] Level 1:colcon.colcon_core.environment:checking '/home/qianlab/Turtle_workspace/lassie-turtle/install/traveler_msgs' for CMake module files
[2.434s] Level 1:colcon.colcon_core.environment:checking '/home/qianlab/Turtle_workspace/lassie-turtle/install/traveler_msgs' for CMake config files
[2.434s] Level 1:colcon.colcon_core.shell:create_environment_hook('traveler_msgs', 'cmake_prefix_path')
[2.458s] INFO:colcon.colcon_core.shell:Creating environment hook '/home/qianlab/Turtle_workspace/lassie-turtle/install/traveler_msgs/share/traveler_msgs/hook/cmake_prefix_path.ps1'
[2.458s] INFO:colcon.colcon_core.shell:Creating environment descriptor '/home/qianlab/Turtle_workspace/lassie-turtle/install/traveler_msgs/share/traveler_msgs/hook/cmake_prefix_path.dsv'
[2.458s] INFO:colcon.colcon_core.shell:Creating environment hook '/home/qianlab/Turtle_workspace/lassie-turtle/install/traveler_msgs/share/traveler_msgs/hook/cmake_prefix_path.sh'
[2.458s] Level 1:colcon.colcon_core.environment:checking '/home/qianlab/Turtle_workspace/lassie-turtle/install/traveler_msgs/lib'
[2.459s] Level 1:colcon.colcon_core.shell:create_environment_hook('traveler_msgs', 'ld_library_path_lib')
[2.484s] INFO:colcon.colcon_core.shell:Creating environment hook '/home/qianlab/Turtle_workspace/lassie-turtle/install/traveler_msgs/share/traveler_msgs/hook/ld_library_path_lib.ps1'
[2.484s] INFO:colcon.colcon_core.shell:Creating environment descriptor '/home/qianlab/Turtle_workspace/lassie-turtle/install/traveler_msgs/share/traveler_msgs/hook/ld_library_path_lib.dsv'
[2.485s] INFO:colcon.colcon_core.shell:Creating environment hook '/home/qianlab/Turtle_workspace/lassie-turtle/install/traveler_msgs/share/traveler_msgs/hook/ld_library_path_lib.sh'
[2.485s] Level 1:colcon.colcon_core.environment:checking '/home/qianlab/Turtle_workspace/lassie-turtle/install/traveler_msgs/bin'
[2.485s] Level 1:colcon.colcon_core.environment:checking '/home/qianlab/Turtle_workspace/lassie-turtle/install/traveler_msgs/lib/pkgconfig/traveler_msgs.pc'
[2.485s] Level 1:colcon.colcon_core.environment:checking '/home/qianlab/Turtle_workspace/lassie-turtle/install/traveler_msgs/lib/python3.8/site-packages'
[2.485s] Level 1:colcon.colcon_core.shell:create_environment_hook('traveler_msgs', 'pythonpath')
[2.513s] INFO:colcon.colcon_core.shell:Creating environment hook '/home/qianlab/Turtle_workspace/lassie-turtle/install/traveler_msgs/share/traveler_msgs/hook/pythonpath.ps1'
[2.513s] INFO:colcon.colcon_core.shell:Creating environment descriptor '/home/qianlab/Turtle_workspace/lassie-turtle/install/traveler_msgs/share/traveler_msgs/hook/pythonpath.dsv'
[2.513s] INFO:colcon.colcon_core.shell:Creating environment hook '/home/qianlab/Turtle_workspace/lassie-turtle/install/traveler_msgs/share/traveler_msgs/hook/pythonpath.sh'
[2.514s] Level 1:colcon.colcon_core.environment:checking '/home/qianlab/Turtle_workspace/lassie-turtle/install/traveler_msgs/bin'
[2.537s] INFO:colcon.colcon_core.shell:Creating package script '/home/qianlab/Turtle_workspace/lassie-turtle/install/traveler_msgs/share/traveler_msgs/package.ps1'
[2.537s] INFO:colcon.colcon_core.shell:Creating package descriptor '/home/qianlab/Turtle_workspace/lassie-turtle/install/traveler_msgs/share/traveler_msgs/package.dsv'
[2.537s] INFO:colcon.colcon_core.shell:Creating package script '/home/qianlab/Turtle_workspace/lassie-turtle/install/traveler_msgs/share/traveler_msgs/package.sh'
[2.538s] INFO:colcon.colcon_core.shell:Creating package script '/home/qianlab/Turtle_workspace/lassie-turtle/install/traveler_msgs/share/traveler_msgs/package.bash'
[2.538s] INFO:colcon.colcon_core.shell:Creating package script '/home/qianlab/Turtle_workspace/lassie-turtle/install/traveler_msgs/share/traveler_msgs/package.zsh'
[2.538s] Level 1:colcon.colcon_core.environment:create_file_with_runtime_dependencies(/home/qianlab/Turtle_workspace/lassie-turtle/install/traveler_msgs/share/colcon-core/packages/traveler_msgs)
[2.538s] INFO:colcon.colcon_ros.task.ament_cmake.build:Building ROS package in '/home/qianlab/Turtle_workspace/lassie-turtle/dependencies/traveler_controller' with build type 'ament_cmake'
[2.538s] INFO:colcon.colcon_cmake.task.cmake.build:Building CMake package in '/home/qianlab/Turtle_workspace/lassie-turtle/dependencies/traveler_controller'
[2.562s] INFO:colcon.colcon_core.shell:Skip shell extension 'powershell' for command environment: Not usable outside of PowerShell
[2.562s] DEBUG:colcon.colcon_core.shell:Skip shell extension 'dsv' for command environment
[2.613s] DEBUG:colcon.colcon_core.event_handler.log_command:Invoked command in '/home/qianlab/Turtle_workspace/lassie-turtle/highlevel/traveler_optitrack' returned '0': PYTHONPATH=/home/qianlab/Turtle_workspace/lassie-turtle/build/traveler_optitrack/prefix_override:/home/qianlab/Turtle_workspace/lassie-turtle/install/traveler_optitrack/lib/python3.8/site-packages:${PYTHONPATH} /usr/bin/python3 setup.py egg_info --egg-base ../../build/traveler_optitrack build --build-base /home/qianlab/Turtle_workspace/lassie-turtle/build/traveler_optitrack/build install --record /home/qianlab/Turtle_workspace/lassie-turtle/build/traveler_optitrack/install.log --install-scripts $base/lib/traveler_optitrack --single-version-externally-managed
[2.637s] Level 1:colcon.colcon_core.environment:checking '/home/qianlab/Turtle_workspace/lassie-turtle/install/traveler_optitrack' for CMake module files
[2.637s] Level 1:colcon.colcon_core.environment:checking '/home/qianlab/Turtle_workspace/lassie-turtle/install/traveler_optitrack' for CMake config files
[2.637s] Level 1:colcon.colcon_core.environment:checking '/home/qianlab/Turtle_workspace/lassie-turtle/install/traveler_optitrack/lib'
[2.637s] Level 1:colcon.colcon_core.environment:checking '/home/qianlab/Turtle_workspace/lassie-turtle/install/traveler_optitrack/bin'
[2.637s] Level 1:colcon.colcon_core.environment:checking '/home/qianlab/Turtle_workspace/lassie-turtle/install/traveler_optitrack/lib/pkgconfig/traveler_optitrack.pc'
[2.637s] Level 1:colcon.colcon_core.environment:checking '/home/qianlab/Turtle_workspace/lassie-turtle/install/traveler_optitrack/lib/python3.8/site-packages'
[2.638s] Level 1:colcon.colcon_core.shell:create_environment_hook('traveler_optitrack', 'pythonpath')
[2.661s] INFO:colcon.colcon_core.shell:Creating environment hook '/home/qianlab/Turtle_workspace/lassie-turtle/install/traveler_optitrack/share/traveler_optitrack/hook/pythonpath.ps1'
[2.661s] INFO:colcon.colcon_core.shell:Creating environment descriptor '/home/qianlab/Turtle_workspace/lassie-turtle/install/traveler_optitrack/share/traveler_optitrack/hook/pythonpath.dsv'
[2.662s] INFO:colcon.colcon_core.shell:Creating environment hook '/home/qianlab/Turtle_workspace/lassie-turtle/install/traveler_optitrack/share/traveler_optitrack/hook/pythonpath.sh'
[2.662s] Level 1:colcon.colcon_core.environment:checking '/home/qianlab/Turtle_workspace/lassie-turtle/install/traveler_optitrack/bin'
[2.662s] Level 1:colcon.colcon_core.environment:create_environment_scripts_only(traveler_optitrack)
[2.686s] INFO:colcon.colcon_core.shell:Creating package script '/home/qianlab/Turtle_workspace/lassie-turtle/install/traveler_optitrack/share/traveler_optitrack/package.ps1'
[2.686s] INFO:colcon.colcon_core.shell:Creating package descriptor '/home/qianlab/Turtle_workspace/lassie-turtle/install/traveler_optitrack/share/traveler_optitrack/package.dsv'
[2.687s] INFO:colcon.colcon_core.shell:Creating package script '/home/qianlab/Turtle_workspace/lassie-turtle/install/traveler_optitrack/share/traveler_optitrack/package.sh'
[2.687s] INFO:colcon.colcon_core.shell:Creating package script '/home/qianlab/Turtle_workspace/lassie-turtle/install/traveler_optitrack/share/traveler_optitrack/package.bash'
[2.687s] INFO:colcon.colcon_core.shell:Creating package script '/home/qianlab/Turtle_workspace/lassie-turtle/install/traveler_optitrack/share/traveler_optitrack/package.zsh'
[2.687s] Level 1:colcon.colcon_core.environment:create_file_with_runtime_dependencies(/home/qianlab/Turtle_workspace/lassie-turtle/install/traveler_optitrack/share/colcon-core/packages/traveler_optitrack)
[2.691s] DEBUG:colcon.colcon_core.event_handler.log_command:Invoking command in '/home/qianlab/Turtle_workspace/lassie-turtle/build/turtle_high_controller': AMENT_PREFIX_PATH=/home/qianlab/Turtle_workspace/lassie-turtle/install/traveler_msgs:${AMENT_PREFIX_PATH} CMAKE_PREFIX_PATH=/home/qianlab/Turtle_workspace/lassie-turtle/install/traveler_msgs:/opt/ros/foxy LD_LIBRARY_PATH=/home/qianlab/Turtle_workspace/lassie-turtle/install/traveler_msgs/lib:${LD_LIBRARY_PATH} PYTHONPATH=/home/qianlab/Turtle_workspace/lassie-turtle/install/traveler_msgs/lib/python3.8/site-packages:${PYTHONPATH} /usr/bin/cmake --build /home/qianlab/Turtle_workspace/lassie-turtle/build/turtle_high_controller -- -j12 -l12
[7.450s] DEBUG:colcon.colcon_core.event_handler.log_command:Invoked command in '/home/qianlab/Turtle_workspace/lassie-turtle/build/turtle_high_controller' returned '0': AMENT_PREFIX_PATH=/home/qianlab/Turtle_workspace/lassie-turtle/install/traveler_msgs:${AMENT_PREFIX_PATH} CMAKE_PREFIX_PATH=/home/qianlab/Turtle_workspace/lassie-turtle/install/traveler_msgs:/opt/ros/foxy LD_LIBRARY_PATH=/home/qianlab/Turtle_workspace/lassie-turtle/install/traveler_msgs/lib:${LD_LIBRARY_PATH} PYTHONPATH=/home/qianlab/Turtle_workspace/lassie-turtle/install/traveler_msgs/lib/python3.8/site-packages:${PYTHONPATH} /usr/bin/cmake --build /home/qianlab/Turtle_workspace/lassie-turtle/build/turtle_high_controller -- -j12 -l12
[7.476s] DEBUG:colcon.colcon_core.event_handler.log_command:Invoking command in '/home/qianlab/Turtle_workspace/lassie-turtle/build/turtle_high_controller': AMENT_PREFIX_PATH=/home/qianlab/Turtle_workspace/lassie-turtle/install/traveler_msgs:${AMENT_PREFIX_PATH} CMAKE_PREFIX_PATH=/home/qianlab/Turtle_workspace/lassie-turtle/install/traveler_msgs:/opt/ros/foxy LD_LIBRARY_PATH=/home/qianlab/Turtle_workspace/lassie-turtle/install/traveler_msgs/lib:${LD_LIBRARY_PATH} PYTHONPATH=/home/qianlab/Turtle_workspace/lassie-turtle/install/traveler_msgs/lib/python3.8/site-packages:${PYTHONPATH} /usr/bin/cmake --install /home/qianlab/Turtle_workspace/lassie-turtle/build/turtle_high_controller
[7.491s] Level 1:colcon.colcon_core.environment:create_environment_scripts_only(turtle_high_controller)
[7.491s] DEBUG:colcon.colcon_core.event_handler.log_command:Invoked command in '/home/qianlab/Turtle_workspace/lassie-turtle/build/turtle_high_controller' returned '0': AMENT_PREFIX_PATH=/home/qianlab/Turtle_workspace/lassie-turtle/install/traveler_msgs:${AMENT_PREFIX_PATH} CMAKE_PREFIX_PATH=/home/qianlab/Turtle_workspace/lassie-turtle/install/traveler_msgs:/opt/ros/foxy LD_LIBRARY_PATH=/home/qianlab/Turtle_workspace/lassie-turtle/install/traveler_msgs/lib:${LD_LIBRARY_PATH} PYTHONPATH=/home/qianlab/Turtle_workspace/lassie-turtle/install/traveler_msgs/lib/python3.8/site-packages:${PYTHONPATH} /usr/bin/cmake --install /home/qianlab/Turtle_workspace/lassie-turtle/build/turtle_high_controller
[7.519s] Level 1:colcon.colcon_core.environment:checking '/home/qianlab/Turtle_workspace/lassie-turtle/install/turtle_high_controller' for CMake module files
[7.519s] Level 1:colcon.colcon_core.environment:checking '/home/qianlab/Turtle_workspace/lassie-turtle/install/turtle_high_controller' for CMake config files
[7.519s] Level 1:colcon.colcon_core.shell:create_environment_hook('turtle_high_controller', 'cmake_prefix_path')
[7.542s] INFO:colcon.colcon_core.shell:Creating environment hook '/home/qianlab/Turtle_workspace/lassie-turtle/install/turtle_high_controller/share/turtle_high_controller/hook/cmake_prefix_path.ps1'
[7.542s] INFO:colcon.colcon_core.shell:Creating environment descriptor '/home/qianlab/Turtle_workspace/lassie-turtle/install/turtle_high_controller/share/turtle_high_controller/hook/cmake_prefix_path.dsv'
[7.543s] INFO:colcon.colcon_core.shell:Creating environment hook '/home/qianlab/Turtle_workspace/lassie-turtle/install/turtle_high_controller/share/turtle_high_controller/hook/cmake_prefix_path.sh'
[7.543s] Level 1:colcon.colcon_core.environment:checking '/home/qianlab/Turtle_workspace/lassie-turtle/install/turtle_high_controller/lib'
[7.543s] Level 1:colcon.colcon_core.environment:checking '/home/qianlab/Turtle_workspace/lassie-turtle/install/turtle_high_controller/bin'
[7.543s] Level 1:colcon.colcon_core.environment:checking '/home/qianlab/Turtle_workspace/lassie-turtle/install/turtle_high_controller/lib/pkgconfig/turtle_high_controller.pc'
[7.543s] Level 1:colcon.colcon_core.environment:checking '/home/qianlab/Turtle_workspace/lassie-turtle/install/turtle_high_controller/lib/python3.8/site-packages'
[7.544s] Level 1:colcon.colcon_core.environment:checking '/home/qianlab/Turtle_workspace/lassie-turtle/install/turtle_high_controller/bin'
[7.566s] INFO:colcon.colcon_core.shell:Creating package script '/home/qianlab/Turtle_workspace/lassie-turtle/install/turtle_high_controller/share/turtle_high_controller/package.ps1'
[7.566s] INFO:colcon.colcon_core.shell:Creating package descriptor '/home/qianlab/Turtle_workspace/lassie-turtle/install/turtle_high_controller/share/turtle_high_controller/package.dsv'
[7.566s] INFO:colcon.colcon_core.shell:Creating package script '/home/qianlab/Turtle_workspace/lassie-turtle/install/turtle_high_controller/share/turtle_high_controller/package.sh'
[7.566s] INFO:colcon.colcon_core.shell:Creating package script '/home/qianlab/Turtle_workspace/lassie-turtle/install/turtle_high_controller/share/turtle_high_controller/package.bash'
[7.566s] INFO:colcon.colcon_core.shell:Creating package script '/home/qianlab/Turtle_workspace/lassie-turtle/install/turtle_high_controller/share/turtle_high_controller/package.zsh'
[7.567s] Level 1:colcon.colcon_core.environment:create_file_with_runtime_dependencies(/home/qianlab/Turtle_workspace/lassie-turtle/install/turtle_high_controller/share/colcon-core/packages/turtle_high_controller)
[7.610s] Level 1:colcon.colcon_core.environment:create_environment_scripts_only(turtle_high_controller)
[7.632s] Level 1:colcon.colcon_core.environment:checking '/home/qianlab/Turtle_workspace/lassie-turtle/install/turtle_high_controller' for CMake module files
[7.632s] Level 1:colcon.colcon_core.environment:checking '/home/qianlab/Turtle_workspace/lassie-turtle/install/turtle_high_controller' for CMake config files
[7.632s] Level 1:colcon.colcon_core.shell:create_environment_hook('turtle_high_controller', 'cmake_prefix_path')
[7.654s] INFO:colcon.colcon_core.shell:Creating environment hook '/home/qianlab/Turtle_workspace/lassie-turtle/install/turtle_high_controller/share/turtle_high_controller/hook/cmake_prefix_path.ps1'
[7.654s] INFO:colcon.colcon_core.shell:Creating environment descriptor '/home/qianlab/Turtle_workspace/lassie-turtle/install/turtle_high_controller/share/turtle_high_controller/hook/cmake_prefix_path.dsv'
[7.655s] INFO:colcon.colcon_core.shell:Creating environment hook '/home/qianlab/Turtle_workspace/lassie-turtle/install/turtle_high_controller/share/turtle_high_controller/hook/cmake_prefix_path.sh'
[7.655s] Level 1:colcon.colcon_core.environment:checking '/home/qianlab/Turtle_workspace/lassie-turtle/install/turtle_high_controller/lib'
[7.655s] Level 1:colcon.colcon_core.environment:checking '/home/qianlab/Turtle_workspace/lassie-turtle/install/turtle_high_controller/bin'
[7.655s] Level 1:colcon.colcon_core.environment:checking '/home/qianlab/Turtle_workspace/lassie-turtle/install/turtle_high_controller/lib/pkgconfig/turtle_high_controller.pc'
[7.655s] Level 1:colcon.colcon_core.environment:checking '/home/qianlab/Turtle_workspace/lassie-turtle/install/turtle_high_controller/lib/python3.8/site-packages'
[7.655s] Level 1:colcon.colcon_core.environment:checking '/home/qianlab/Turtle_workspace/lassie-turtle/install/turtle_high_controller/bin'
[7.677s] INFO:colcon.colcon_core.shell:Creating package script '/home/qianlab/Turtle_workspace/lassie-turtle/install/turtle_high_controller/share/turtle_high_controller/package.ps1'
[7.677s] INFO:colcon.colcon_core.shell:Creating package descriptor '/home/qianlab/Turtle_workspace/lassie-turtle/install/turtle_high_controller/share/turtle_high_controller/package.dsv'
[7.677s] INFO:colcon.colcon_core.shell:Creating package script '/home/qianlab/Turtle_workspace/lassie-turtle/install/turtle_high_controller/share/turtle_high_controller/package.sh'
[7.677s] INFO:colcon.colcon_core.shell:Creating package script '/home/qianlab/Turtle_workspace/lassie-turtle/install/turtle_high_controller/share/turtle_high_controller/package.bash'
[7.678s] INFO:colcon.colcon_core.shell:Creating package script '/home/qianlab/Turtle_workspace/lassie-turtle/install/turtle_high_controller/share/turtle_high_controller/package.zsh'
[7.678s] Level 1:colcon.colcon_core.environment:create_file_with_runtime_dependencies(/home/qianlab/Turtle_workspace/lassie-turtle/install/turtle_high_controller/share/colcon-core/packages/turtle_high_controller)
[7.678s] DEBUG:colcon.colcon_parallel_executor.executor.parallel:closing loop
[7.678s] DEBUG:colcon.colcon_parallel_executor.executor.parallel:loop closed
[7.678s] DEBUG:colcon.colcon_parallel_executor.executor.parallel:run_until_complete finished with '0'
[7.678s] DEBUG:colcon.colcon_core.event_reactor:joining thread
[7.718s] INFO:colcon.colcon_core.plugin_system:Skipping extension 'colcon_notification.desktop_notification.terminal_notifier': Not used on non-Darwin systems
[7.718s] INFO:colcon.colcon_core.plugin_system:Skipping extension 'colcon_notification.desktop_notification.win32': Not used on non-Windows systems
[7.718s] INFO:colcon.colcon_notification.desktop_notification:Sending desktop notification using 'notify2'
[7.736s] DEBUG:colcon.colcon_core.event_reactor:joined thread
[7.763s] INFO:colcon.colcon_core.shell:Creating prefix script '/home/qianlab/Turtle_workspace/lassie-turtle/install/local_setup.ps1'
[7.763s] INFO:colcon.colcon_core.shell:Creating prefix util module '/home/qianlab/Turtle_workspace/lassie-turtle/install/_local_setup_util_ps1.py'
[7.764s] INFO:colcon.colcon_core.shell:Creating prefix chain script '/home/qianlab/Turtle_workspace/lassie-turtle/install/setup.ps1'
[7.786s] INFO:colcon.colcon_core.shell:Creating prefix script '/home/qianlab/Turtle_workspace/lassie-turtle/install/local_setup.sh'
[7.787s] INFO:colcon.colcon_core.shell:Creating prefix util module '/home/qianlab/Turtle_workspace/lassie-turtle/install/_local_setup_util_sh.py'
[7.787s] INFO:colcon.colcon_core.shell:Creating prefix chain script '/home/qianlab/Turtle_workspace/lassie-turtle/install/setup.sh'
[7.810s] INFO:colcon.colcon_core.shell:Creating prefix script '/home/qianlab/Turtle_workspace/lassie-turtle/install/local_setup.bash'
[7.811s] INFO:colcon.colcon_core.shell:Creating prefix chain script '/home/qianlab/Turtle_workspace/lassie-turtle/install/setup.bash'
[7.833s] INFO:colcon.colcon_core.shell:Creating prefix script '/home/qianlab/Turtle_workspace/lassie-turtle/install/local_setup.zsh'
[7.833s] INFO:colcon.colcon_core.shell:Creating prefix chain script '/home/qianlab/Turtle_workspace/lassie-turtle/install/setup.zsh'
