[35m[1mScanning dependencies of target odrive_can_interface[0m
[35m[1mScanning dependencies of target turtle_high_controller[0m
[  7%] [32mBuilding CXX object CMakeFiles/odrive_can_interface.dir/src/can_driver/can_driver.cpp.o[0m
[ 14%] [32mBuilding CXX object CMakeFiles/turtle_high_controller.dir/src/can_driver/can_driver.cpp.o[0m
[ 21%] [32m[1mLinking CXX executable turtle_high_controller[0m
[ 28%] [32m[1mLinking CXX executable odrive_can_interface[0m
[ 78%] Built target turtle_high_controller
[100%] Built target odrive_can_interface
-- Install configuration: "Debug"
-- Installing: /home/qianlab/dependencies/install/turtle_high_controller/lib/turtle_high_controller/turtle_high_controller
-- Set runtime path of "/home/qianlab/dependencies/install/turtle_high_controller/lib/turtle_high_controller/turtle_high_controller" to ""
-- Installing: /home/qianlab/dependencies/install/turtle_high_controller/lib/turtle_high_controller/odrive_can_interface
-- Set runtime path of "/home/qianlab/dependencies/install/turtle_high_controller/lib/turtle_high_controller/odrive_can_interface" to ""
-- Up-to-date: /home/qianlab/dependencies/install/turtle_high_controller/share/ament_index/resource_index/package_run_dependencies/turtle_high_controller
-- Up-to-date: /home/qianlab/dependencies/install/turtle_high_controller/share/ament_index/resource_index/parent_prefix_path/turtle_high_controller
-- Up-to-date: /home/qianlab/dependencies/install/turtle_high_controller/share/turtle_high_controller/environment/ament_prefix_path.sh
-- Up-to-date: /home/qianlab/dependencies/install/turtle_high_controller/share/turtle_high_controller/environment/ament_prefix_path.dsv
-- Up-to-date: /home/qianlab/dependencies/install/turtle_high_controller/share/turtle_high_controller/environment/path.sh
-- Up-to-date: /home/qianlab/dependencies/install/turtle_high_controller/share/turtle_high_controller/environment/path.dsv
-- Up-to-date: /home/qianlab/dependencies/install/turtle_high_controller/share/turtle_high_controller/local_setup.bash
-- Up-to-date: /home/qianlab/dependencies/install/turtle_high_controller/share/turtle_high_controller/local_setup.sh
-- Up-to-date: /home/qianlab/dependencies/install/turtle_high_controller/share/turtle_high_controller/local_setup.zsh
-- Up-to-date: /home/qianlab/dependencies/install/turtle_high_controller/share/turtle_high_controller/local_setup.dsv
-- Installing: /home/qianlab/dependencies/install/turtle_high_controller/share/turtle_high_controller/package.dsv
-- Up-to-date: /home/qianlab/dependencies/install/turtle_high_controller/share/ament_index/resource_index/packages/turtle_high_controller
-- Up-to-date: /home/qianlab/dependencies/install/turtle_high_controller/share/turtle_high_controller/cmake/turtle_high_controllerConfig.cmake
-- Up-to-date: /home/qianlab/dependencies/install/turtle_high_controller/share/turtle_high_controller/cmake/turtle_high_controllerConfig-version.cmake
-- Up-to-date: /home/qianlab/dependencies/install/turtle_high_controller/share/turtle_high_controller/package.xml
