[0.007s] Invoking command in '/home/qianlab/dependencies/build/turtle_high_controller': AMENT_PREFIX_PATH=/home/qianlab/dependencies/install/traveler_msgs:${AMENT_PREFIX_PATH} CMAKE_PREFIX_PATH=/home/qianlab/dependencies/install/traveler_msgs:/opt/ros/foxy LD_LIBRARY_PATH=/home/qianlab/dependencies/install/traveler_msgs/lib:${LD_LIBRARY_PATH} PYTHONPATH=/home/qianlab/dependencies/install/traveler_msgs/lib/python3.8/site-packages:${PYTHONPATH} /usr/bin/cmake --build /home/qianlab/dependencies/build/turtle_high_controller -- -j12 -l12
[0.036s] [35m[1mScanning dependencies of target odrive_can_interface[0m
[0.038s] [35m[1mScanning dependencies of target turtle_high_controller[0m
[0.062s] [  7%] [32mBuilding CXX object CMakeFiles/odrive_can_interface.dir/src/can_driver/can_driver.cpp.o[0m
[0.099s] [ 14%] [32mBuilding CXX object CMakeFiles/turtle_high_controller.dir/src/can_driver/can_driver.cpp.o[0m
[0.941s] [01m[K/home/qianlab/dependencies/traveler_controller/src/can_driver/can_driver.cpp:30:2:[m[K [01;35m[Kwarning: [m[Kextra ‘[01m[K;[m[K’ [[01;35m[K-Wpedantic[m[K]
[0.941s]    30 | }[01;35m[K;[m[K
[0.941s]       |  [01;35m[K^[m[K
[1.039s] [01m[K/home/qianlab/dependencies/traveler_controller/src/can_driver/can_driver.cpp:30:2:[m[K [01;35m[Kwarning: [m[Kextra ‘[01m[K;[m[K’ [[01;35m[K-Wpedantic[m[K]
[1.039s]    30 | }[01;35m[K;[m[K
[1.039s]       |  [01;35m[K^[m[K
[2.216s] [ 21%] [32m[1mLinking CXX executable turtle_high_controller[0m
[2.338s] [ 28%] [32m[1mLinking CXX executable odrive_can_interface[0m
[2.483s] [ 78%] Built target turtle_high_controller
[2.565s] [100%] Built target odrive_can_interface
[2.574s] Invoked command in '/home/qianlab/dependencies/build/turtle_high_controller' returned '0': AMENT_PREFIX_PATH=/home/qianlab/dependencies/install/traveler_msgs:${AMENT_PREFIX_PATH} CMAKE_PREFIX_PATH=/home/qianlab/dependencies/install/traveler_msgs:/opt/ros/foxy LD_LIBRARY_PATH=/home/qianlab/dependencies/install/traveler_msgs/lib:${LD_LIBRARY_PATH} PYTHONPATH=/home/qianlab/dependencies/install/traveler_msgs/lib/python3.8/site-packages:${PYTHONPATH} /usr/bin/cmake --build /home/qianlab/dependencies/build/turtle_high_controller -- -j12 -l12
[2.596s] Invoking command in '/home/qianlab/dependencies/build/turtle_high_controller': AMENT_PREFIX_PATH=/home/qianlab/dependencies/install/traveler_msgs:${AMENT_PREFIX_PATH} CMAKE_PREFIX_PATH=/home/qianlab/dependencies/install/traveler_msgs:/opt/ros/foxy LD_LIBRARY_PATH=/home/qianlab/dependencies/install/traveler_msgs/lib:${LD_LIBRARY_PATH} PYTHONPATH=/home/qianlab/dependencies/install/traveler_msgs/lib/python3.8/site-packages:${PYTHONPATH} /usr/bin/cmake --install /home/qianlab/dependencies/build/turtle_high_controller
[2.601s] -- Install configuration: "Debug"
[2.601s] -- Installing: /home/qianlab/dependencies/install/turtle_high_controller/lib/turtle_high_controller/turtle_high_controller
[2.607s] -- Set runtime path of "/home/qianlab/dependencies/install/turtle_high_controller/lib/turtle_high_controller/turtle_high_controller" to ""
[2.607s] -- Installing: /home/qianlab/dependencies/install/turtle_high_controller/lib/turtle_high_controller/odrive_can_interface
[2.612s] -- Set runtime path of "/home/qianlab/dependencies/install/turtle_high_controller/lib/turtle_high_controller/odrive_can_interface" to ""
[2.612s] -- Up-to-date: /home/qianlab/dependencies/install/turtle_high_controller/share/ament_index/resource_index/package_run_dependencies/turtle_high_controller
[2.612s] -- Up-to-date: /home/qianlab/dependencies/install/turtle_high_controller/share/ament_index/resource_index/parent_prefix_path/turtle_high_controller
[2.612s] -- Up-to-date: /home/qianlab/dependencies/install/turtle_high_controller/share/turtle_high_controller/environment/ament_prefix_path.sh
[2.612s] -- Up-to-date: /home/qianlab/dependencies/install/turtle_high_controller/share/turtle_high_controller/environment/ament_prefix_path.dsv
[2.612s] -- Up-to-date: /home/qianlab/dependencies/install/turtle_high_controller/share/turtle_high_controller/environment/path.sh
[2.612s] -- Up-to-date: /home/qianlab/dependencies/install/turtle_high_controller/share/turtle_high_controller/environment/path.dsv
[2.612s] -- Up-to-date: /home/qianlab/dependencies/install/turtle_high_controller/share/turtle_high_controller/local_setup.bash
[2.612s] -- Up-to-date: /home/qianlab/dependencies/install/turtle_high_controller/share/turtle_high_controller/local_setup.sh
[2.612s] -- Up-to-date: /home/qianlab/dependencies/install/turtle_high_controller/share/turtle_high_controller/local_setup.zsh
[2.612s] -- Up-to-date: /home/qianlab/dependencies/install/turtle_high_controller/share/turtle_high_controller/local_setup.dsv
[2.612s] -- Installing: /home/qianlab/dependencies/install/turtle_high_controller/share/turtle_high_controller/package.dsv
[2.612s] -- Up-to-date: /home/qianlab/dependencies/install/turtle_high_controller/share/ament_index/resource_index/packages/turtle_high_controller
[2.612s] -- Up-to-date: /home/qianlab/dependencies/install/turtle_high_controller/share/turtle_high_controller/cmake/turtle_high_controllerConfig.cmake
[2.612s] -- Up-to-date: /home/qianlab/dependencies/install/turtle_high_controller/share/turtle_high_controller/cmake/turtle_high_controllerConfig-version.cmake
[2.612s] -- Up-to-date: /home/qianlab/dependencies/install/turtle_high_controller/share/turtle_high_controller/package.xml
[2.615s] Invoked command in '/home/qianlab/dependencies/build/turtle_high_controller' returned '0': AMENT_PREFIX_PATH=/home/qianlab/dependencies/install/traveler_msgs:${AMENT_PREFIX_PATH} CMAKE_PREFIX_PATH=/home/qianlab/dependencies/install/traveler_msgs:/opt/ros/foxy LD_LIBRARY_PATH=/home/qianlab/dependencies/install/traveler_msgs/lib:${LD_LIBRARY_PATH} PYTHONPATH=/home/qianlab/dependencies/install/traveler_msgs/lib/python3.8/site-packages:${PYTHONPATH} /usr/bin/cmake --install /home/qianlab/dependencies/build/turtle_high_controller
