[0.017s] Invoking command in '/home/qianlab/lassie-turtle/dependencies/build/traveler_msgs': CMAKE_PREFIX_PATH=/opt/ros/humble /usr/local/bin/cmake --build /home/qianlab/lassie-turtle/dependencies/build/traveler_msgs -- -j16 -l16
[0.146s] [  1%] Built target traveler_msgs__cpp
[0.155s] [  1%] Built target ament_cmake_python_copy_traveler_msgs
[0.165s] [ 12%] Built target traveler_msgs__rosidl_generator_c
[0.178s] [ 49%] Built target traveler_msgs__rosidl_typesupport_cpp
[0.178s] [ 49%] Built target traveler_msgs__rosidl_typesupport_fastrtps_cpp
[0.178s] [ 53%] Built target traveler_msgs__rosidl_typesupport_introspection_cpp
[0.178s] [ 57%] Built target traveler_msgs__rosidl_typesupport_c
[0.178s] [ 69%] Built target traveler_msgs__rosidl_typesupport_introspection_c
[0.186s] [ 80%] Built target traveler_msgs__rosidl_typesupport_fastrtps_c
[0.192s] [ 80%] Built target traveler_msgs
[0.200s] [ 81%] Built target traveler_msgs__py
[0.228s] [ 91%] Built target traveler_msgs__rosidl_generator_py
[0.241s] [ 97%] Built target traveler_msgs__rosidl_typesupport_c__pyext
[0.241s] [ 97%] Built target traveler_msgs__rosidl_typesupport_introspection_c__pyext
[0.241s] [100%] Built target traveler_msgs__rosidl_typesupport_fastrtps_c__pyext
[0.345s] running egg_info
[0.346s] writing traveler_msgs.egg-info/PKG-INFO
[0.347s] writing dependency_links to traveler_msgs.egg-info/dependency_links.txt
[0.347s] writing top-level names to traveler_msgs.egg-info/top_level.txt
[0.349s] reading manifest file 'traveler_msgs.egg-info/SOURCES.txt'
[0.350s] writing manifest file 'traveler_msgs.egg-info/SOURCES.txt'
[0.373s] [100%] Built target ament_cmake_python_build_traveler_msgs_egg
[0.377s] Invoked command in '/home/qianlab/lassie-turtle/dependencies/build/traveler_msgs' returned '0': CMAKE_PREFIX_PATH=/opt/ros/humble /usr/local/bin/cmake --build /home/qianlab/lassie-turtle/dependencies/build/traveler_msgs -- -j16 -l16
[0.496s] Invoking command in '/home/qianlab/lassie-turtle/dependencies/build/traveler_msgs': CMAKE_PREFIX_PATH=/opt/ros/humble /usr/local/bin/cmake --install /home/qianlab/lassie-turtle/dependencies/build/traveler_msgs
[0.498s] -- Install configuration: ""
[0.498s] -- Up-to-date: /home/qianlab/lassie-turtle/dependencies/install/traveler_msgs/share/ament_index/resource_index/rosidl_interfaces/traveler_msgs
[0.499s] -- Up-to-date: /home/qianlab/lassie-turtle/dependencies/install/traveler_msgs/include/traveler_msgs/traveler_msgs
[0.499s] -- Up-to-date: /home/qianlab/lassie-turtle/dependencies/install/traveler_msgs/include/traveler_msgs/traveler_msgs/msg
[0.499s] -- Up-to-date: /home/qianlab/lassie-turtle/dependencies/install/traveler_msgs/include/traveler_msgs/traveler_msgs/msg/set_state.h
[0.499s] -- Up-to-date: /home/qianlab/lassie-turtle/dependencies/install/traveler_msgs/include/traveler_msgs/traveler_msgs/msg/odrive_status.h
[0.500s] -- Up-to-date: /home/qianlab/lassie-turtle/dependencies/install/traveler_msgs/include/traveler_msgs/traveler_msgs/msg/traveler_status.h
[0.500s] -- Up-to-date: /home/qianlab/lassie-turtle/dependencies/install/traveler_msgs/include/traveler_msgs/traveler_msgs/msg/traveler_config.h
[0.500s] -- Up-to-date: /home/qianlab/lassie-turtle/dependencies/install/traveler_msgs/include/traveler_msgs/traveler_msgs/msg/detail
[0.500s] -- Up-to-date: /home/qianlab/lassie-turtle/dependencies/install/traveler_msgs/include/traveler_msgs/traveler_msgs/msg/detail/traveler_mode__functions.c
[0.500s] -- Up-to-date: /home/qianlab/lassie-turtle/dependencies/install/traveler_msgs/include/traveler_msgs/traveler_msgs/msg/detail/set_state__functions.c
[0.500s] -- Up-to-date: /home/qianlab/lassie-turtle/dependencies/install/traveler_msgs/include/traveler_msgs/traveler_msgs/msg/detail/set_state__type_support.h
[0.501s] -- Up-to-date: /home/qianlab/lassie-turtle/dependencies/install/traveler_msgs/include/traveler_msgs/traveler_msgs/msg/detail/odrive_status__struct.h
[0.501s] -- Up-to-date: /home/qianlab/lassie-turtle/dependencies/install/traveler_msgs/include/traveler_msgs/traveler_msgs/msg/detail/traveler_status__type_support.h
[0.501s] -- Up-to-date: /home/qianlab/lassie-turtle/dependencies/install/traveler_msgs/include/traveler_msgs/traveler_msgs/msg/detail/set_input_position__struct.h
[0.501s] -- Up-to-date: /home/qianlab/lassie-turtle/dependencies/install/traveler_msgs/include/traveler_msgs/traveler_msgs/msg/detail/traveler_config__type_support.h
[0.501s] -- Up-to-date: /home/qianlab/lassie-turtle/dependencies/install/traveler_msgs/include/traveler_msgs/traveler_msgs/msg/detail/traveler_mode__struct.h
[0.501s] -- Up-to-date: /home/qianlab/lassie-turtle/dependencies/install/traveler_msgs/include/traveler_msgs/traveler_msgs/msg/detail/set_state__functions.h
[0.501s] -- Up-to-date: /home/qianlab/lassie-turtle/dependencies/install/traveler_msgs/include/traveler_msgs/traveler_msgs/msg/detail/set_input_position__functions.c
[0.501s] -- Up-to-date: /home/qianlab/lassie-turtle/dependencies/install/traveler_msgs/include/traveler_msgs/traveler_msgs/msg/detail/odrive_status__functions.h
[0.501s] -- Up-to-date: /home/qianlab/lassie-turtle/dependencies/install/traveler_msgs/include/traveler_msgs/traveler_msgs/msg/detail/set_input_position__type_support.h
[0.501s] -- Up-to-date: /home/qianlab/lassie-turtle/dependencies/install/traveler_msgs/include/traveler_msgs/traveler_msgs/msg/detail/odrive_status__type_support.h
[0.501s] -- Up-to-date: /home/qianlab/lassie-turtle/dependencies/install/traveler_msgs/include/traveler_msgs/traveler_msgs/msg/detail/traveler_mode__type_support.h
[0.502s] -- Up-to-date: /home/qianlab/lassie-turtle/dependencies/install/traveler_msgs/include/traveler_msgs/traveler_msgs/msg/detail/traveler_status__functions.c
[0.502s] -- Up-to-date: /home/qianlab/lassie-turtle/dependencies/install/traveler_msgs/include/traveler_msgs/traveler_msgs/msg/detail/set_state__struct.h
[0.502s] -- Up-to-date: /home/qianlab/lassie-turtle/dependencies/install/traveler_msgs/include/traveler_msgs/traveler_msgs/msg/detail/traveler_config__functions.h
[0.502s] -- Up-to-date: /home/qianlab/lassie-turtle/dependencies/install/traveler_msgs/include/traveler_msgs/traveler_msgs/msg/detail/traveler_mode__functions.h
[0.502s] -- Up-to-date: /home/qianlab/lassie-turtle/dependencies/install/traveler_msgs/include/traveler_msgs/traveler_msgs/msg/detail/traveler_status__functions.h
[0.502s] -- Up-to-date: /home/qianlab/lassie-turtle/dependencies/install/traveler_msgs/include/traveler_msgs/traveler_msgs/msg/detail/odrive_status__functions.c
[0.502s] -- Up-to-date: /home/qianlab/lassie-turtle/dependencies/install/traveler_msgs/include/traveler_msgs/traveler_msgs/msg/detail/traveler_config__functions.c
[0.502s] -- Up-to-date: /home/qianlab/lassie-turtle/dependencies/install/traveler_msgs/include/traveler_msgs/traveler_msgs/msg/detail/set_input_position__functions.h
[0.502s] -- Up-to-date: /home/qianlab/lassie-turtle/dependencies/install/traveler_msgs/include/traveler_msgs/traveler_msgs/msg/detail/traveler_status__struct.h
[0.502s] -- Up-to-date: /home/qianlab/lassie-turtle/dependencies/install/traveler_msgs/include/traveler_msgs/traveler_msgs/msg/detail/traveler_config__struct.h
[0.502s] -- Up-to-date: /home/qianlab/lassie-turtle/dependencies/install/traveler_msgs/include/traveler_msgs/traveler_msgs/msg/rosidl_generator_c__visibility_control.h
[0.502s] -- Up-to-date: /home/qianlab/lassie-turtle/dependencies/install/traveler_msgs/include/traveler_msgs/traveler_msgs/msg/set_input_position.h
[0.502s] -- Up-to-date: /home/qianlab/lassie-turtle/dependencies/install/traveler_msgs/include/traveler_msgs/traveler_msgs/msg/traveler_mode.h
[0.502s] -- Up-to-date: /home/qianlab/lassie-turtle/dependencies/install/traveler_msgs/share/traveler_msgs/environment/library_path.sh
[0.503s] -- Up-to-date: /home/qianlab/lassie-turtle/dependencies/install/traveler_msgs/share/traveler_msgs/environment/library_path.dsv
[0.503s] -- Installing: /home/qianlab/lassie-turtle/dependencies/install/traveler_msgs/lib/libtraveler_msgs__rosidl_generator_c.so
[0.503s] -- Set runtime path of "/home/qianlab/lassie-turtle/dependencies/install/traveler_msgs/lib/libtraveler_msgs__rosidl_generator_c.so" to ""
[0.504s] -- Up-to-date: /home/qianlab/lassie-turtle/dependencies/install/traveler_msgs/include/traveler_msgs/traveler_msgs
[0.504s] -- Up-to-date: /home/qianlab/lassie-turtle/dependencies/install/traveler_msgs/include/traveler_msgs/traveler_msgs/msg
[0.504s] -- Up-to-date: /home/qianlab/lassie-turtle/dependencies/install/traveler_msgs/include/traveler_msgs/traveler_msgs/msg/rosidl_typesupport_fastrtps_c__visibility_control.h
[0.504s] -- Up-to-date: /home/qianlab/lassie-turtle/dependencies/install/traveler_msgs/include/traveler_msgs/traveler_msgs/msg/detail
[0.504s] -- Up-to-date: /home/qianlab/lassie-turtle/dependencies/install/traveler_msgs/include/traveler_msgs/traveler_msgs/msg/detail/set_state__rosidl_typesupport_fastrtps_c.h
[0.504s] -- Up-to-date: /home/qianlab/lassie-turtle/dependencies/install/traveler_msgs/include/traveler_msgs/traveler_msgs/msg/detail/set_input_position__rosidl_typesupport_fastrtps_c.h
[0.504s] -- Up-to-date: /home/qianlab/lassie-turtle/dependencies/install/traveler_msgs/include/traveler_msgs/traveler_msgs/msg/detail/traveler_config__rosidl_typesupport_fastrtps_c.h
[0.504s] -- Up-to-date: /home/qianlab/lassie-turtle/dependencies/install/traveler_msgs/include/traveler_msgs/traveler_msgs/msg/detail/odrive_status__rosidl_typesupport_fastrtps_c.h
[0.504s] -- Up-to-date: /home/qianlab/lassie-turtle/dependencies/install/traveler_msgs/include/traveler_msgs/traveler_msgs/msg/detail/traveler_status__rosidl_typesupport_fastrtps_c.h
[0.505s] -- Up-to-date: /home/qianlab/lassie-turtle/dependencies/install/traveler_msgs/include/traveler_msgs/traveler_msgs/msg/detail/traveler_mode__rosidl_typesupport_fastrtps_c.h
[0.505s] -- Installing: /home/qianlab/lassie-turtle/dependencies/install/traveler_msgs/lib/libtraveler_msgs__rosidl_typesupport_fastrtps_c.so
[0.505s] -- Set runtime path of "/home/qianlab/lassie-turtle/dependencies/install/traveler_msgs/lib/libtraveler_msgs__rosidl_typesupport_fastrtps_c.so" to ""
[0.505s] -- Up-to-date: /home/qianlab/lassie-turtle/dependencies/install/traveler_msgs/include/traveler_msgs/traveler_msgs
[0.505s] -- Up-to-date: /home/qianlab/lassie-turtle/dependencies/install/traveler_msgs/include/traveler_msgs/traveler_msgs/msg
[0.505s] -- Up-to-date: /home/qianlab/lassie-turtle/dependencies/install/traveler_msgs/include/traveler_msgs/traveler_msgs/msg/traveler_mode.hpp
[0.505s] -- Up-to-date: /home/qianlab/lassie-turtle/dependencies/install/traveler_msgs/include/traveler_msgs/traveler_msgs/msg/set_state.hpp
[0.505s] -- Up-to-date: /home/qianlab/lassie-turtle/dependencies/install/traveler_msgs/include/traveler_msgs/traveler_msgs/msg/traveler_config.hpp
[0.505s] -- Up-to-date: /home/qianlab/lassie-turtle/dependencies/install/traveler_msgs/include/traveler_msgs/traveler_msgs/msg/detail
[0.505s] -- Up-to-date: /home/qianlab/lassie-turtle/dependencies/install/traveler_msgs/include/traveler_msgs/traveler_msgs/msg/detail/traveler_config__builder.hpp
[0.505s] -- Up-to-date: /home/qianlab/lassie-turtle/dependencies/install/traveler_msgs/include/traveler_msgs/traveler_msgs/msg/detail/traveler_status__builder.hpp
[0.506s] -- Up-to-date: /home/qianlab/lassie-turtle/dependencies/install/traveler_msgs/include/traveler_msgs/traveler_msgs/msg/detail/set_state__struct.hpp
[0.506s] -- Up-to-date: /home/qianlab/lassie-turtle/dependencies/install/traveler_msgs/include/traveler_msgs/traveler_msgs/msg/detail/traveler_mode__struct.hpp
[0.506s] -- Up-to-date: /home/qianlab/lassie-turtle/dependencies/install/traveler_msgs/include/traveler_msgs/traveler_msgs/msg/detail/traveler_config__struct.hpp
[0.506s] -- Up-to-date: /home/qianlab/lassie-turtle/dependencies/install/traveler_msgs/include/traveler_msgs/traveler_msgs/msg/detail/traveler_status__struct.hpp
[0.506s] -- Up-to-date: /home/qianlab/lassie-turtle/dependencies/install/traveler_msgs/include/traveler_msgs/traveler_msgs/msg/detail/odrive_status__struct.hpp
[0.506s] -- Up-to-date: /home/qianlab/lassie-turtle/dependencies/install/traveler_msgs/include/traveler_msgs/traveler_msgs/msg/detail/traveler_mode__traits.hpp
[0.506s] -- Up-to-date: /home/qianlab/lassie-turtle/dependencies/install/traveler_msgs/include/traveler_msgs/traveler_msgs/msg/detail/traveler_status__traits.hpp
[0.506s] -- Up-to-date: /home/qianlab/lassie-turtle/dependencies/install/traveler_msgs/include/traveler_msgs/traveler_msgs/msg/detail/traveler_mode__builder.hpp
[0.506s] -- Up-to-date: /home/qianlab/lassie-turtle/dependencies/install/traveler_msgs/include/traveler_msgs/traveler_msgs/msg/detail/traveler_config__traits.hpp
[0.506s] -- Up-to-date: /home/qianlab/lassie-turtle/dependencies/install/traveler_msgs/include/traveler_msgs/traveler_msgs/msg/detail/set_input_position__struct.hpp
[0.506s] -- Up-to-date: /home/qianlab/lassie-turtle/dependencies/install/traveler_msgs/include/traveler_msgs/traveler_msgs/msg/detail/odrive_status__traits.hpp
[0.506s] -- Up-to-date: /home/qianlab/lassie-turtle/dependencies/install/traveler_msgs/include/traveler_msgs/traveler_msgs/msg/detail/set_state__traits.hpp
[0.507s] -- Up-to-date: /home/qianlab/lassie-turtle/dependencies/install/traveler_msgs/include/traveler_msgs/traveler_msgs/msg/detail/set_input_position__builder.hpp
[0.507s] -- Up-to-date: /home/qianlab/lassie-turtle/dependencies/install/traveler_msgs/include/traveler_msgs/traveler_msgs/msg/detail/set_state__builder.hpp
[0.507s] -- Up-to-date: /home/qianlab/lassie-turtle/dependencies/install/traveler_msgs/include/traveler_msgs/traveler_msgs/msg/detail/odrive_status__builder.hpp
[0.507s] -- Up-to-date: /home/qianlab/lassie-turtle/dependencies/install/traveler_msgs/include/traveler_msgs/traveler_msgs/msg/detail/set_input_position__traits.hpp
[0.507s] -- Up-to-date: /home/qianlab/lassie-turtle/dependencies/install/traveler_msgs/include/traveler_msgs/traveler_msgs/msg/set_input_position.hpp
[0.507s] -- Up-to-date: /home/qianlab/lassie-turtle/dependencies/install/traveler_msgs/include/traveler_msgs/traveler_msgs/msg/traveler_status.hpp
[0.507s] -- Up-to-date: /home/qianlab/lassie-turtle/dependencies/install/traveler_msgs/include/traveler_msgs/traveler_msgs/msg/odrive_status.hpp
[0.507s] -- Up-to-date: /home/qianlab/lassie-turtle/dependencies/install/traveler_msgs/include/traveler_msgs/traveler_msgs
[0.507s] -- Up-to-date: /home/qianlab/lassie-turtle/dependencies/install/traveler_msgs/include/traveler_msgs/traveler_msgs/msg
[0.507s] -- Up-to-date: /home/qianlab/lassie-turtle/dependencies/install/traveler_msgs/include/traveler_msgs/traveler_msgs/msg/rosidl_typesupport_fastrtps_cpp__visibility_control.h
[0.507s] -- Up-to-date: /home/qianlab/lassie-turtle/dependencies/install/traveler_msgs/include/traveler_msgs/traveler_msgs/msg/detail
[0.507s] -- Up-to-date: /home/qianlab/lassie-turtle/dependencies/install/traveler_msgs/include/traveler_msgs/traveler_msgs/msg/detail/traveler_config__rosidl_typesupport_fastrtps_cpp.hpp
[0.507s] -- Up-to-date: /home/qianlab/lassie-turtle/dependencies/install/traveler_msgs/include/traveler_msgs/traveler_msgs/msg/detail/odrive_status__rosidl_typesupport_fastrtps_cpp.hpp
[0.507s] -- Up-to-date: /home/qianlab/lassie-turtle/dependencies/install/traveler_msgs/include/traveler_msgs/traveler_msgs/msg/detail/dds_fastrtps
[0.507s] -- Up-to-date: /home/qianlab/lassie-turtle/dependencies/install/traveler_msgs/include/traveler_msgs/traveler_msgs/msg/detail/set_state__rosidl_typesupport_fastrtps_cpp.hpp
[0.508s] -- Up-to-date: /home/qianlab/lassie-turtle/dependencies/install/traveler_msgs/include/traveler_msgs/traveler_msgs/msg/detail/traveler_mode__rosidl_typesupport_fastrtps_cpp.hpp
[0.508s] -- Up-to-date: /home/qianlab/lassie-turtle/dependencies/install/traveler_msgs/include/traveler_msgs/traveler_msgs/msg/detail/set_input_position__rosidl_typesupport_fastrtps_cpp.hpp
[0.508s] -- Up-to-date: /home/qianlab/lassie-turtle/dependencies/install/traveler_msgs/include/traveler_msgs/traveler_msgs/msg/detail/traveler_status__rosidl_typesupport_fastrtps_cpp.hpp
[0.508s] -- Installing: /home/qianlab/lassie-turtle/dependencies/install/traveler_msgs/lib/libtraveler_msgs__rosidl_typesupport_fastrtps_cpp.so
[0.508s] -- Set runtime path of "/home/qianlab/lassie-turtle/dependencies/install/traveler_msgs/lib/libtraveler_msgs__rosidl_typesupport_fastrtps_cpp.so" to ""
[0.508s] -- Up-to-date: /home/qianlab/lassie-turtle/dependencies/install/traveler_msgs/include/traveler_msgs/traveler_msgs
[0.508s] -- Up-to-date: /home/qianlab/lassie-turtle/dependencies/install/traveler_msgs/include/traveler_msgs/traveler_msgs/msg
[0.509s] -- Up-to-date: /home/qianlab/lassie-turtle/dependencies/install/traveler_msgs/include/traveler_msgs/traveler_msgs/msg/rosidl_typesupport_introspection_c__visibility_control.h
[0.509s] -- Up-to-date: /home/qianlab/lassie-turtle/dependencies/install/traveler_msgs/include/traveler_msgs/traveler_msgs/msg/detail
[0.509s] -- Up-to-date: /home/qianlab/lassie-turtle/dependencies/install/traveler_msgs/include/traveler_msgs/traveler_msgs/msg/detail/traveler_mode__rosidl_typesupport_introspection_c.h
[0.509s] -- Up-to-date: /home/qianlab/lassie-turtle/dependencies/install/traveler_msgs/include/traveler_msgs/traveler_msgs/msg/detail/traveler_mode__type_support.c
[0.509s] -- Up-to-date: /home/qianlab/lassie-turtle/dependencies/install/traveler_msgs/include/traveler_msgs/traveler_msgs/msg/detail/traveler_status__type_support.c
[0.509s] -- Up-to-date: /home/qianlab/lassie-turtle/dependencies/install/traveler_msgs/include/traveler_msgs/traveler_msgs/msg/detail/odrive_status__type_support.c
[0.509s] -- Up-to-date: /home/qianlab/lassie-turtle/dependencies/install/traveler_msgs/include/traveler_msgs/traveler_msgs/msg/detail/traveler_status__rosidl_typesupport_introspection_c.h
[0.509s] -- Up-to-date: /home/qianlab/lassie-turtle/dependencies/install/traveler_msgs/include/traveler_msgs/traveler_msgs/msg/detail/odrive_status__rosidl_typesupport_introspection_c.h
[0.509s] -- Up-to-date: /home/qianlab/lassie-turtle/dependencies/install/traveler_msgs/include/traveler_msgs/traveler_msgs/msg/detail/set_state__type_support.c
[0.509s] -- Up-to-date: /home/qianlab/lassie-turtle/dependencies/install/traveler_msgs/include/traveler_msgs/traveler_msgs/msg/detail/traveler_config__type_support.c
[0.509s] -- Up-to-date: /home/qianlab/lassie-turtle/dependencies/install/traveler_msgs/include/traveler_msgs/traveler_msgs/msg/detail/traveler_config__rosidl_typesupport_introspection_c.h
[0.509s] -- Up-to-date: /home/qianlab/lassie-turtle/dependencies/install/traveler_msgs/include/traveler_msgs/traveler_msgs/msg/detail/set_input_position__type_support.c
[0.509s] -- Up-to-date: /home/qianlab/lassie-turtle/dependencies/install/traveler_msgs/include/traveler_msgs/traveler_msgs/msg/detail/set_input_position__rosidl_typesupport_introspection_c.h
[0.509s] -- Up-to-date: /home/qianlab/lassie-turtle/dependencies/install/traveler_msgs/include/traveler_msgs/traveler_msgs/msg/detail/set_state__rosidl_typesupport_introspection_c.h
[0.509s] -- Installing: /home/qianlab/lassie-turtle/dependencies/install/traveler_msgs/lib/libtraveler_msgs__rosidl_typesupport_introspection_c.so
[0.509s] -- Set runtime path of "/home/qianlab/lassie-turtle/dependencies/install/traveler_msgs/lib/libtraveler_msgs__rosidl_typesupport_introspection_c.so" to ""
[0.510s] -- Installing: /home/qianlab/lassie-turtle/dependencies/install/traveler_msgs/lib/libtraveler_msgs__rosidl_typesupport_c.so
[0.510s] -- Set runtime path of "/home/qianlab/lassie-turtle/dependencies/install/traveler_msgs/lib/libtraveler_msgs__rosidl_typesupport_c.so" to ""
[0.510s] -- Up-to-date: /home/qianlab/lassie-turtle/dependencies/install/traveler_msgs/include/traveler_msgs/traveler_msgs
[0.510s] -- Up-to-date: /home/qianlab/lassie-turtle/dependencies/install/traveler_msgs/include/traveler_msgs/traveler_msgs/msg
[0.510s] -- Up-to-date: /home/qianlab/lassie-turtle/dependencies/install/traveler_msgs/include/traveler_msgs/traveler_msgs/msg/detail
[0.510s] -- Up-to-date: /home/qianlab/lassie-turtle/dependencies/install/traveler_msgs/include/traveler_msgs/traveler_msgs/msg/detail/set_state__rosidl_typesupport_introspection_cpp.hpp
[0.510s] -- Up-to-date: /home/qianlab/lassie-turtle/dependencies/install/traveler_msgs/include/traveler_msgs/traveler_msgs/msg/detail/set_input_position__rosidl_typesupport_introspection_cpp.hpp
[0.510s] -- Up-to-date: /home/qianlab/lassie-turtle/dependencies/install/traveler_msgs/include/traveler_msgs/traveler_msgs/msg/detail/traveler_config__rosidl_typesupport_introspection_cpp.hpp
[0.510s] -- Up-to-date: /home/qianlab/lassie-turtle/dependencies/install/traveler_msgs/include/traveler_msgs/traveler_msgs/msg/detail/set_input_position__type_support.cpp
[0.510s] -- Up-to-date: /home/qianlab/lassie-turtle/dependencies/install/traveler_msgs/include/traveler_msgs/traveler_msgs/msg/detail/traveler_status__type_support.cpp
[0.510s] -- Up-to-date: /home/qianlab/lassie-turtle/dependencies/install/traveler_msgs/include/traveler_msgs/traveler_msgs/msg/detail/traveler_mode__type_support.cpp
[0.510s] -- Up-to-date: /home/qianlab/lassie-turtle/dependencies/install/traveler_msgs/include/traveler_msgs/traveler_msgs/msg/detail/traveler_mode__rosidl_typesupport_introspection_cpp.hpp
[0.511s] -- Up-to-date: /home/qianlab/lassie-turtle/dependencies/install/traveler_msgs/include/traveler_msgs/traveler_msgs/msg/detail/odrive_status__type_support.cpp
[0.511s] -- Up-to-date: /home/qianlab/lassie-turtle/dependencies/install/traveler_msgs/include/traveler_msgs/traveler_msgs/msg/detail/odrive_status__rosidl_typesupport_introspection_cpp.hpp
[0.511s] -- Up-to-date: /home/qianlab/lassie-turtle/dependencies/install/traveler_msgs/include/traveler_msgs/traveler_msgs/msg/detail/traveler_config__type_support.cpp
[0.511s] -- Up-to-date: /home/qianlab/lassie-turtle/dependencies/install/traveler_msgs/include/traveler_msgs/traveler_msgs/msg/detail/set_state__type_support.cpp
[0.512s] -- Up-to-date: /home/qianlab/lassie-turtle/dependencies/install/traveler_msgs/include/traveler_msgs/traveler_msgs/msg/detail/traveler_status__rosidl_typesupport_introspection_cpp.hpp
[0.513s] -- Installing: /home/qianlab/lassie-turtle/dependencies/install/traveler_msgs/lib/libtraveler_msgs__rosidl_typesupport_introspection_cpp.so
[0.513s] -- Set runtime path of "/home/qianlab/lassie-turtle/dependencies/install/traveler_msgs/lib/libtraveler_msgs__rosidl_typesupport_introspection_cpp.so" to ""
[0.513s] -- Installing: /home/qianlab/lassie-turtle/dependencies/install/traveler_msgs/lib/libtraveler_msgs__rosidl_typesupport_cpp.so
[0.513s] -- Set runtime path of "/home/qianlab/lassie-turtle/dependencies/install/traveler_msgs/lib/libtraveler_msgs__rosidl_typesupport_cpp.so" to ""
[0.513s] -- Installing: /home/qianlab/lassie-turtle/dependencies/install/traveler_msgs/share/traveler_msgs/environment/pythonpath.sh
[0.514s] -- Installing: /home/qianlab/lassie-turtle/dependencies/install/traveler_msgs/share/traveler_msgs/environment/pythonpath.dsv
[0.514s] -- Up-to-date: /home/qianlab/lassie-turtle/dependencies/install/traveler_msgs/local/lib/python3.10/dist-packages/traveler_msgs-0.0.0-py3.10.egg-info
[0.514s] -- Installing: /home/qianlab/lassie-turtle/dependencies/install/traveler_msgs/local/lib/python3.10/dist-packages/traveler_msgs-0.0.0-py3.10.egg-info/PKG-INFO
[0.514s] -- Installing: /home/qianlab/lassie-turtle/dependencies/install/traveler_msgs/local/lib/python3.10/dist-packages/traveler_msgs-0.0.0-py3.10.egg-info/dependency_links.txt
[0.514s] -- Installing: /home/qianlab/lassie-turtle/dependencies/install/traveler_msgs/local/lib/python3.10/dist-packages/traveler_msgs-0.0.0-py3.10.egg-info/SOURCES.txt
[0.515s] -- Installing: /home/qianlab/lassie-turtle/dependencies/install/traveler_msgs/local/lib/python3.10/dist-packages/traveler_msgs-0.0.0-py3.10.egg-info/top_level.txt
[0.515s] -- Up-to-date: /home/qianlab/lassie-turtle/dependencies/install/traveler_msgs/local/lib/python3.10/dist-packages/traveler_msgs
[0.515s] -- Up-to-date: /home/qianlab/lassie-turtle/dependencies/install/traveler_msgs/local/lib/python3.10/dist-packages/traveler_msgs/libtraveler_msgs__rosidl_generator_py.so
[0.515s] -- Up-to-date: /home/qianlab/lassie-turtle/dependencies/install/traveler_msgs/local/lib/python3.10/dist-packages/traveler_msgs/__init__.py
[0.515s] -- Up-to-date: /home/qianlab/lassie-turtle/dependencies/install/traveler_msgs/local/lib/python3.10/dist-packages/traveler_msgs/traveler_msgs_s__rosidl_typesupport_c.cpython-310-x86_64-linux-gnu.so
[0.515s] -- Up-to-date: /home/qianlab/lassie-turtle/dependencies/install/traveler_msgs/local/lib/python3.10/dist-packages/traveler_msgs/msg
[0.515s] -- Up-to-date: /home/qianlab/lassie-turtle/dependencies/install/traveler_msgs/local/lib/python3.10/dist-packages/traveler_msgs/msg/__init__.py
[0.515s] -- Up-to-date: /home/qianlab/lassie-turtle/dependencies/install/traveler_msgs/local/lib/python3.10/dist-packages/traveler_msgs/msg/_traveler_mode.py
[0.515s] -- Up-to-date: /home/qianlab/lassie-turtle/dependencies/install/traveler_msgs/local/lib/python3.10/dist-packages/traveler_msgs/msg/_set_state_s.c
[0.515s] -- Up-to-date: /home/qianlab/lassie-turtle/dependencies/install/traveler_msgs/local/lib/python3.10/dist-packages/traveler_msgs/msg/_odrive_status_s.c
[0.515s] -- Up-to-date: /home/qianlab/lassie-turtle/dependencies/install/traveler_msgs/local/lib/python3.10/dist-packages/traveler_msgs/msg/_odrive_status.py
[0.515s] -- Up-to-date: /home/qianlab/lassie-turtle/dependencies/install/traveler_msgs/local/lib/python3.10/dist-packages/traveler_msgs/msg/_set_input_position.py
[0.515s] -- Up-to-date: /home/qianlab/lassie-turtle/dependencies/install/traveler_msgs/local/lib/python3.10/dist-packages/traveler_msgs/msg/_traveler_config.py
[0.515s] -- Up-to-date: /home/qianlab/lassie-turtle/dependencies/install/traveler_msgs/local/lib/python3.10/dist-packages/traveler_msgs/msg/_traveler_status_s.c
[0.515s] -- Up-to-date: /home/qianlab/lassie-turtle/dependencies/install/traveler_msgs/local/lib/python3.10/dist-packages/traveler_msgs/msg/_set_input_position_s.c
[0.516s] -- Up-to-date: /home/qianlab/lassie-turtle/dependencies/install/traveler_msgs/local/lib/python3.10/dist-packages/traveler_msgs/msg/_traveler_mode_s.c
[0.516s] -- Up-to-date: /home/qianlab/lassie-turtle/dependencies/install/traveler_msgs/local/lib/python3.10/dist-packages/traveler_msgs/msg/_traveler_config_s.c
[0.516s] -- Up-to-date: /home/qianlab/lassie-turtle/dependencies/install/traveler_msgs/local/lib/python3.10/dist-packages/traveler_msgs/msg/_set_state.py
[0.516s] -- Up-to-date: /home/qianlab/lassie-turtle/dependencies/install/traveler_msgs/local/lib/python3.10/dist-packages/traveler_msgs/msg/_traveler_status.py
[0.516s] -- Up-to-date: /home/qianlab/lassie-turtle/dependencies/install/traveler_msgs/local/lib/python3.10/dist-packages/traveler_msgs/traveler_msgs_s__rosidl_typesupport_fastrtps_c.cpython-310-x86_64-linux-gnu.so
[0.516s] -- Up-to-date: /home/qianlab/lassie-turtle/dependencies/install/traveler_msgs/local/lib/python3.10/dist-packages/traveler_msgs/traveler_msgs_s__rosidl_typesupport_introspection_c.cpython-310-x86_64-linux-gnu.so
[0.516s] -- Up-to-date: /home/qianlab/lassie-turtle/dependencies/install/traveler_msgs/local/lib/python3.10/dist-packages/traveler_msgs/_traveler_msgs_s.ep.rosidl_typesupport_c.c
[0.516s] -- Up-to-date: /home/qianlab/lassie-turtle/dependencies/install/traveler_msgs/local/lib/python3.10/dist-packages/traveler_msgs/_traveler_msgs_s.ep.rosidl_typesupport_fastrtps_c.c
[0.516s] -- Up-to-date: /home/qianlab/lassie-turtle/dependencies/install/traveler_msgs/local/lib/python3.10/dist-packages/traveler_msgs/_traveler_msgs_s.ep.rosidl_typesupport_introspection_c.c
[0.542s] Listing '/home/qianlab/lassie-turtle/dependencies/install/traveler_msgs/local/lib/python3.10/dist-packages/traveler_msgs'...
[0.542s] Listing '/home/qianlab/lassie-turtle/dependencies/install/traveler_msgs/local/lib/python3.10/dist-packages/traveler_msgs/msg'...
[0.548s] -- Up-to-date: /home/qianlab/lassie-turtle/dependencies/install/traveler_msgs/local/lib/python3.10/dist-packages/traveler_msgs/traveler_msgs_s__rosidl_typesupport_fastrtps_c.cpython-310-x86_64-linux-gnu.so
[0.548s] -- Up-to-date: /home/qianlab/lassie-turtle/dependencies/install/traveler_msgs/local/lib/python3.10/dist-packages/traveler_msgs/traveler_msgs_s__rosidl_typesupport_introspection_c.cpython-310-x86_64-linux-gnu.so
[0.549s] -- Up-to-date: /home/qianlab/lassie-turtle/dependencies/install/traveler_msgs/local/lib/python3.10/dist-packages/traveler_msgs/traveler_msgs_s__rosidl_typesupport_c.cpython-310-x86_64-linux-gnu.so
[0.550s] -- Up-to-date: /home/qianlab/lassie-turtle/dependencies/install/traveler_msgs/lib/libtraveler_msgs__rosidl_generator_py.so
[0.550s] -- Up-to-date: /home/qianlab/lassie-turtle/dependencies/install/traveler_msgs/share/traveler_msgs/msg/OdriveStatus.idl
[0.551s] -- Up-to-date: /home/qianlab/lassie-turtle/dependencies/install/traveler_msgs/share/traveler_msgs/msg/TravelerConfig.idl
[0.551s] -- Up-to-date: /home/qianlab/lassie-turtle/dependencies/install/traveler_msgs/share/traveler_msgs/msg/TravelerMode.idl
[0.551s] -- Up-to-date: /home/qianlab/lassie-turtle/dependencies/install/traveler_msgs/share/traveler_msgs/msg/TravelerStatus.idl
[0.551s] -- Up-to-date: /home/qianlab/lassie-turtle/dependencies/install/traveler_msgs/share/traveler_msgs/msg/SetState.idl
[0.551s] -- Installing: /home/qianlab/lassie-turtle/dependencies/install/traveler_msgs/share/traveler_msgs/msg/SetInputPosition.idl
[0.552s] -- Up-to-date: /home/qianlab/lassie-turtle/dependencies/install/traveler_msgs/share/traveler_msgs/msg/OdriveStatus.msg
[0.552s] -- Up-to-date: /home/qianlab/lassie-turtle/dependencies/install/traveler_msgs/share/traveler_msgs/msg/TravelerConfig.msg
[0.552s] -- Up-to-date: /home/qianlab/lassie-turtle/dependencies/install/traveler_msgs/share/traveler_msgs/msg/TravelerMode.msg
[0.552s] -- Up-to-date: /home/qianlab/lassie-turtle/dependencies/install/traveler_msgs/share/traveler_msgs/msg/TravelerStatus.msg
[0.552s] -- Up-to-date: /home/qianlab/lassie-turtle/dependencies/install/traveler_msgs/share/traveler_msgs/odrivemsg/SetState.msg
[0.552s] -- Up-to-date: /home/qianlab/lassie-turtle/dependencies/install/traveler_msgs/share/traveler_msgs/odrivemsg/SetInputPosition.msg
[0.552s] -- Up-to-date: /home/qianlab/lassie-turtle/dependencies/install/traveler_msgs/share/ament_index/resource_index/package_run_dependencies/traveler_msgs
[0.553s] -- Installing: /home/qianlab/lassie-turtle/dependencies/install/traveler_msgs/share/ament_index/resource_index/parent_prefix_path/traveler_msgs
[0.553s] -- Up-to-date: /home/qianlab/lassie-turtle/dependencies/install/traveler_msgs/share/traveler_msgs/environment/ament_prefix_path.sh
[0.553s] -- Up-to-date: /home/qianlab/lassie-turtle/dependencies/install/traveler_msgs/share/traveler_msgs/environment/ament_prefix_path.dsv
[0.553s] -- Up-to-date: /home/qianlab/lassie-turtle/dependencies/install/traveler_msgs/share/traveler_msgs/environment/path.sh
[0.553s] -- Up-to-date: /home/qianlab/lassie-turtle/dependencies/install/traveler_msgs/share/traveler_msgs/environment/path.dsv
[0.553s] -- Up-to-date: /home/qianlab/lassie-turtle/dependencies/install/traveler_msgs/share/traveler_msgs/local_setup.bash
[0.554s] -- Installing: /home/qianlab/lassie-turtle/dependencies/install/traveler_msgs/share/traveler_msgs/local_setup.sh
[0.554s] -- Up-to-date: /home/qianlab/lassie-turtle/dependencies/install/traveler_msgs/share/traveler_msgs/local_setup.zsh
[0.554s] -- Up-to-date: /home/qianlab/lassie-turtle/dependencies/install/traveler_msgs/share/traveler_msgs/local_setup.dsv
[0.554s] -- Installing: /home/qianlab/lassie-turtle/dependencies/install/traveler_msgs/share/traveler_msgs/package.dsv
[0.554s] -- Up-to-date: /home/qianlab/lassie-turtle/dependencies/install/traveler_msgs/share/ament_index/resource_index/packages/traveler_msgs
[0.554s] -- Up-to-date: /home/qianlab/lassie-turtle/dependencies/install/traveler_msgs/share/traveler_msgs/cmake/export_traveler_msgs__rosidl_generator_cExport.cmake
[0.554s] -- Up-to-date: /home/qianlab/lassie-turtle/dependencies/install/traveler_msgs/share/traveler_msgs/cmake/export_traveler_msgs__rosidl_generator_cExport-noconfig.cmake
[0.554s] -- Up-to-date: /home/qianlab/lassie-turtle/dependencies/install/traveler_msgs/share/traveler_msgs/cmake/export_traveler_msgs__rosidl_typesupport_fastrtps_cExport.cmake
[0.554s] -- Up-to-date: /home/qianlab/lassie-turtle/dependencies/install/traveler_msgs/share/traveler_msgs/cmake/export_traveler_msgs__rosidl_typesupport_fastrtps_cExport-noconfig.cmake
[0.555s] -- Up-to-date: /home/qianlab/lassie-turtle/dependencies/install/traveler_msgs/share/traveler_msgs/cmake/export_traveler_msgs__rosidl_generator_cppExport.cmake
[0.555s] -- Up-to-date: /home/qianlab/lassie-turtle/dependencies/install/traveler_msgs/share/traveler_msgs/cmake/export_traveler_msgs__rosidl_typesupport_fastrtps_cppExport.cmake
[0.555s] -- Up-to-date: /home/qianlab/lassie-turtle/dependencies/install/traveler_msgs/share/traveler_msgs/cmake/export_traveler_msgs__rosidl_typesupport_fastrtps_cppExport-noconfig.cmake
[0.556s] -- Old export file "/home/qianlab/lassie-turtle/dependencies/install/traveler_msgs/share/traveler_msgs/cmake/traveler_msgs__rosidl_typesupport_introspection_cExport.cmake" will be replaced.  Removing files [/home/qianlab/lassie-turtle/dependencies/install/traveler_msgs/share/traveler_msgs/cmake/traveler_msgs__rosidl_typesupport_introspection_cExport-noconfig.cmake].
[0.556s] -- Installing: /home/qianlab/lassie-turtle/dependencies/install/traveler_msgs/share/traveler_msgs/cmake/traveler_msgs__rosidl_typesupport_introspection_cExport.cmake
[0.556s] -- Installing: /home/qianlab/lassie-turtle/dependencies/install/traveler_msgs/share/traveler_msgs/cmake/traveler_msgs__rosidl_typesupport_introspection_cExport-noconfig.cmake
[0.557s] -- Old export file "/home/qianlab/lassie-turtle/dependencies/install/traveler_msgs/share/traveler_msgs/cmake/traveler_msgs__rosidl_typesupport_cExport.cmake" will be replaced.  Removing files [/home/qianlab/lassie-turtle/dependencies/install/traveler_msgs/share/traveler_msgs/cmake/traveler_msgs__rosidl_typesupport_cExport-noconfig.cmake].
[0.557s] -- Installing: /home/qianlab/lassie-turtle/dependencies/install/traveler_msgs/share/traveler_msgs/cmake/traveler_msgs__rosidl_typesupport_cExport.cmake
[0.557s] -- Installing: /home/qianlab/lassie-turtle/dependencies/install/traveler_msgs/share/traveler_msgs/cmake/traveler_msgs__rosidl_typesupport_cExport-noconfig.cmake
[0.558s] -- Old export file "/home/qianlab/lassie-turtle/dependencies/install/traveler_msgs/share/traveler_msgs/cmake/traveler_msgs__rosidl_typesupport_introspection_cppExport.cmake" will be replaced.  Removing files [/home/qianlab/lassie-turtle/dependencies/install/traveler_msgs/share/traveler_msgs/cmake/traveler_msgs__rosidl_typesupport_introspection_cppExport-noconfig.cmake].
[0.558s] -- Installing: /home/qianlab/lassie-turtle/dependencies/install/traveler_msgs/share/traveler_msgs/cmake/traveler_msgs__rosidl_typesupport_introspection_cppExport.cmake
[0.558s] -- Installing: /home/qianlab/lassie-turtle/dependencies/install/traveler_msgs/share/traveler_msgs/cmake/traveler_msgs__rosidl_typesupport_introspection_cppExport-noconfig.cmake
[0.558s] -- Old export file "/home/qianlab/lassie-turtle/dependencies/install/traveler_msgs/share/traveler_msgs/cmake/traveler_msgs__rosidl_typesupport_cppExport.cmake" will be replaced.  Removing files [/home/qianlab/lassie-turtle/dependencies/install/traveler_msgs/share/traveler_msgs/cmake/traveler_msgs__rosidl_typesupport_cppExport-noconfig.cmake].
[0.558s] -- Installing: /home/qianlab/lassie-turtle/dependencies/install/traveler_msgs/share/traveler_msgs/cmake/traveler_msgs__rosidl_typesupport_cppExport.cmake
[0.559s] -- Installing: /home/qianlab/lassie-turtle/dependencies/install/traveler_msgs/share/traveler_msgs/cmake/traveler_msgs__rosidl_typesupport_cppExport-noconfig.cmake
[0.560s] -- Up-to-date: /home/qianlab/lassie-turtle/dependencies/install/traveler_msgs/share/traveler_msgs/cmake/export_traveler_msgs__rosidl_generator_pyExport.cmake
[0.560s] -- Up-to-date: /home/qianlab/lassie-turtle/dependencies/install/traveler_msgs/share/traveler_msgs/cmake/export_traveler_msgs__rosidl_generator_pyExport-noconfig.cmake
[0.560s] -- Up-to-date: /home/qianlab/lassie-turtle/dependencies/install/traveler_msgs/share/traveler_msgs/cmake/rosidl_cmake-extras.cmake
[0.560s] -- Installing: /home/qianlab/lassie-turtle/dependencies/install/traveler_msgs/share/traveler_msgs/cmake/ament_cmake_export_include_directories-extras.cmake
[0.560s] -- Installing: /home/qianlab/lassie-turtle/dependencies/install/traveler_msgs/share/traveler_msgs/cmake/ament_cmake_export_libraries-extras.cmake
[0.561s] -- Installing: /home/qianlab/lassie-turtle/dependencies/install/traveler_msgs/share/traveler_msgs/cmake/ament_cmake_export_targets-extras.cmake
[0.561s] -- Installing: /home/qianlab/lassie-turtle/dependencies/install/traveler_msgs/share/traveler_msgs/cmake/rosidl_cmake_export_typesupport_targets-extras.cmake
[0.561s] -- Installing: /home/qianlab/lassie-turtle/dependencies/install/traveler_msgs/share/traveler_msgs/cmake/ament_cmake_export_dependencies-extras.cmake
[0.562s] -- Installing: /home/qianlab/lassie-turtle/dependencies/install/traveler_msgs/share/traveler_msgs/cmake/rosidl_cmake_export_typesupport_libraries-extras.cmake
[0.562s] -- Installing: /home/qianlab/lassie-turtle/dependencies/install/traveler_msgs/share/traveler_msgs/cmake/traveler_msgsConfig.cmake
[0.563s] -- Up-to-date: /home/qianlab/lassie-turtle/dependencies/install/traveler_msgs/share/traveler_msgs/cmake/traveler_msgsConfig-version.cmake
[0.563s] -- Up-to-date: /home/qianlab/lassie-turtle/dependencies/install/traveler_msgs/share/traveler_msgs/package.xml
[0.565s] Invoked command in '/home/qianlab/lassie-turtle/dependencies/build/traveler_msgs' returned '0': CMAKE_PREFIX_PATH=/opt/ros/humble /usr/local/bin/cmake --install /home/qianlab/lassie-turtle/dependencies/build/traveler_msgs
